00:51 < Lingo> Hello;)
00:51 < TeaTowel> where do u guys play?
00:52 < TeaTowel> HOY
15:22 < Vierbis5> .
15:24 <@matricks> ,
21:31 < tomew> @matricks: @heinrich5991: @minus: would you release an update when you would get a fix for teeworlds against the possibility to crash every server?
21:31  * matricks dodges
21:31 <@matricks> o//
22:04 < TeaTowel> any news about
22:04 < TeaTowel> Teeworlds
22:04 < TeaTowel> Update?
22:04 < BotoX> yes
22:04 < BotoX> never
22:04 < BotoX> happening
22:04 < TeaTowel> Elaborate
22:06 < TeaTowel> BotoX: 
22:06 < BotoX> pls no
22:06 < BotoX> it was only a joke
22:06 < TeaTowel> I understand
22:06 < TeaTowel> I guess it is a common wuestion regarding your rwaction :d
22:06 < TeaTowel> question*
22:07 <@minus> well, i can just say this much
22:07 <@minus> soon™
22:07 < BotoX> ( ͡° ͜ʖ ͡°)
22:40 < TeaTowel> BotoX: that face looks like filled eith botox
22:40 < TeaTowel> ^^
23:05 < Vierbis5> .
