09:45 < ghost91> good morning
09:58 <@minus> hey ghost91
11:37 < BotoX> WOW https://github.com/django/django/pull/2692 WOW
11:44 <@matricks> wtf
11:45 <@matricks> BotoX: http://www.userfriendly.org/cartoons/archives/03nov/uf006180.gif
11:48 < BotoX> but comrade is offensive, just think about all the people that have lost their comrades in war!
11:48 <@matricks> that cartoon is soooooo old :)
11:48 < BotoX> Also the teeworlds "master" branch should be renamed to "leader"
11:49 <@matricks> heh
11:49 <@matricks> yeah, but it doesn't have any slaves
11:49 < BotoX> I don't get these people, why would one get "hurt" over reading documentation / editing config files which mention master and slave
11:50 <@minus> BotoX: yes, let's rename it from master to führer
12:07 < BotoX> h-hey, what about the master server BLACKlist :-)
12:07 < BotoX> much racism, very offense, wow
12:08 < BotoX> https://github.com/django/django/pull/2692#issuecomment-44232014
12:08 < BotoX> this comment is gold
12:36 <@matricks> this is gold :)
12:36 <@matricks> BotoX: hope you've seen Steve hughes on the subject
12:37 <@matricks> BotoX: 
12:37 <@matricks> BotoX: http://www.youtube.com/watch?v=fHMoDt3nSHs#t=201
12:37 < Nimda3> [YouTube] Title: Comic Database: Steve Hughes... Offended? | Rating: 4.95/5.00 | Views: 340,823
13:17 <@matricks> minus: got he song out of my head :D... now.. fetch me my fihgting trousers!
13:17 <@matricks> *fighting
13:19 <@minus> let me send you a floppy with second reality then :D
13:19 <@matricks> http://www.youtube.com/watch?v=0iRTB-FTMdk
13:19 < Nimda3> [YouTube] Title: Fighting Trousers - Professor Elemental | Rating: 4.92/5.00 | Views: 2,152,195
19:56 < alebrije> hi all
19:56 < alebrije> hmmm... someday Teeworlds will be ported to SDL 2.0 or is not needed?
20:09 < BotoX> There's a SDL2 port for 0.7
20:12 < alebrije> really?
20:19 < Siile> what are you going to do with SDL2 port?
20:20 < Siile> that's the interesting question
20:20 < BotoX> check github
20:20 < Siile> cant you just explain it a bit?
20:21 < Siile> not a bit?
20:21 < Siile> a bit?
20:21 < Siile> a tiny bit?
20:37 < BotoX> https://github.com/teeworlds/teeworlds/pull/1144
20:37 < BotoX> spoonfeeding to the max
22:15 < Siile> ty
22:52 < BotoX> https://www.youtube.com/watch?v=lDhAdMkn9uo
22:52 < Nimda3> [YouTube] Title: Toy Trumpet Virtuoso | Rating: 0.00/5.00 | Views: 898,808
22:52 < BotoX> dis guy
22:52 < BotoX> Darude - Sandstorm on a toy trumpet
