14:48 < WolfAlex> ._.
14:48 < botnik> http://www.urbandictionary.com/define.php?term=._.
14:50 < jxsl13> http://www.urbandictionary.com/define.php?term=botnik
15:59 < jxsl13> does anyone know how to contect sushi tee?
15:59 < jxsl13> contact*
19:00 < JulianAssange> has anybody ever seen this format string?: "%.*k"
19:00 <@matricks> nope
19:02 < JulianAssange> being used in PHP code. strange. tmp_len = spprintf(&tmp_str, 0,"%.*H", PG(serialize_precision), Z_DVAL_PP(struc));
20:36 < Dunedune> I see a .*H there, not a .*k
20:37 < Dunedune> or am I missing something
20:59 < Kottizen> Dunedune: It's variable substitution :)
21:03 < iX__lolo> IP 178.62.229.94:8305 Edit CTF Mod, but he host it with the Gametyp "CTF"
21:03 < iX__lolo> http://img3.fotos-hochladen.net/uploads/screenshot2015vku7aohxtw.png
21:03 < iX__lolo> Good night & bye
21:49 < JulianAssange> Dunedune: there are 3 places w/ that sort of code. one is %.*H, other is K, another one is something else
21:49 < JulianAssange> actually it's just the 2. H and k
22:38 < heinrich5991> https://www.teeworlds.com/forum/viewtopic.php?pid=112949#p112949
22:47 < JulianAssange> he needs to download more gpu
22:48 < JulianAssange> or update his driver
22:48 < JulianAssange> 1 or another
23:22 < heinrich5991> JulianAssange: care to reply in that topic?
23:26 <@matricks> http://kathack.com/
23:26 <@matricks> :D
23:31 < heinrich5991> what's that? :)
23:31 <@matricks> katamari for your webbrowser
23:31 < heinrich5991> dunno what katamri is
23:33 <@matricks> ps2 game
23:33 <@matricks> https://www.youtube.com/watch?v=PVVW41iAu5A#t=152
23:33 < Nimda3> [YouTube] Title: Katamari Damacy Full HD gameplay on PCSX2 | Rating: 4.79/5.00 | Views: 62,758
23:39 < JulianAssange> idk my password heinrich5991 
23:41 < JulianAssange> matricks: how to play
23:41 < JulianAssange> it's playing the music
23:41 <@matricks> follow the instructions
23:42 < JulianAssange> ok i beat the game
23:42 < JulianAssange> what now
23:56 <@matricks> sleep I think
