00:08 <@heinrich5991> test
00:13 <@minus> successful
00:28 <@heinrich5991> test²
00:28 < bridge> [teeworlds] <heinrich5991> test³
00:28 <@minus> oh god
00:28 <@minus> where does this bridge to
00:28 <@minus> please don't say discord
00:28 <@heinrich5991> :P
00:28 <@heinrich5991> yes, discord
00:28 <@heinrich5991> and freenode
00:29 <@heinrich5991> currently
00:29 <@minus> freenode's cool.
00:29 < bridge> [freenode] <heinrich5991> hi from freenode \o/
00:30 < bridge> [freenode] <minus> hi from freenode :D
00:30 < bridge> [freenode] <heinrich5991> ;)
00:34 < bridge> [teeworlds] <heinrich5991> https://discord.gg/vY7PDkH
00:39 < Sajadi> You plan at some point a new Demoscene demo again? :D
00:39 < Sajadi> and hi ;)
00:44 <@minus> Who, matricks?
00:44 < Sajadi> yeah - and Teetow :D
00:45 <@minus> Would be neat
00:45 <@minus> I wonder if I'll ever manage to make one
00:55 <@matricks> heh
00:55 <@matricks> don't think so
00:56 <@matricks> demoscene is pretty far down my list
01:01 < Sajadi> guess you have other things to do ;)
01:01 < Sajadi> but well, never say never :D
13:48 < bridge> [teeworlds] <Mokuz> Can the 10 first get golden nametag?
15:06 < bridge> [teeworlds] <N9mkOik> Zaza
15:33 < bridge> [teeworlds] <ChillerDragon> yo Fruchti
16:01 < bridge> [teeworlds] <Deeper> Hello
16:01 < bridge> [teeworlds] <ChillerDragon> hi c: the server is gaining members very fast o.O
16:26 < bridge> [teeworlds] <Troller> yea thx to  @heinrich5991
16:26 < bridge> [teeworlds] <Troller> @heinrich5991 do you will do roles like on the ddnet discord server ?
16:28 < bridge> [teeworlds] <ChillerDragon> true it is a great server! thx agian from my side @heinrich5991 mvp of the week
16:34 < day> Shoutout to the inferior side channels! how's the weather down there?
