00:04 < Teeworlds> [teeworlds] Dune-jr opened pull request #1696: Server browser adjustments: autoswitch to info tab, fix graying out joinable servers (master...feature-browserimprovements) https://git.io/fpcQv
01:21 <@Dune> rand: any plans for a PR to fix https://github.com/teeworlds/teeworlds/issues/1631#issuecomment-437595208 ?
13:28 < rand> @Dune : I didn't give a look
14:02 < bridge_> [teeworlds] <Dune> Alright
16:13 < Teeworlds> [teeworlds] oy pushed 1 new commit to master: https://git.io/fpC6P
16:13 < Teeworlds> teeworlds/master 4584c16 oy: added the possibility to have silent enter/leave messages. closes #1539
17:02 < Teeworlds> [teeworlds] oy pushed 4 new commits to master: https://git.io/fpCDK
17:02 < Teeworlds> teeworlds/master 5843981 nheir: Disable scoreboard when on menu and hide motd when on menu...
17:02 < Teeworlds> teeworlds/master 40912b8 nheir: Fix: scoreboard on menu when game over
17:02 < Teeworlds> teeworlds/master eb8f1f1 nheir: Remove useless code
17:59 < Teeworlds> [teeworlds] oy pushed 1 new commit to master: https://git.io/fpC7u
17:59 < Teeworlds> teeworlds/master a47f9fa oy: cache the master server list in a file and load it in case the masters are unavailable. #1154
18:00 < Teeworlds> [teeworlds] oy closed pull request #1329: reading server list from server ip cache - first commit (master...issue-1154) https://git.io/he2T
18:04 < Teeworlds> [teeworlds] oy pushed 1 new commit to master: https://git.io/fpC5t
18:04 < Teeworlds> teeworlds/master 6fbe52f oy: increased the token cache size to speed up the server list refresh
18:13 < Teeworlds> [teeworlds] oy pushed 8 new commits to master: https://git.io/fpC5p
18:13 < Teeworlds> teeworlds/master 6338ae9 LordSk: Highlighted line fading background
18:13 < Teeworlds> teeworlds/master 4b8641e LordSk: Show chat when typing, dark background to enhance readability when showing chat.
18:13 < Teeworlds> teeworlds/master 5b28eac LordSk: Icon + box behind category when typing
18:33 < Teeworlds> [teeworlds] oy pushed 1 new commit to master: https://git.io/fpCbL
18:33 < Teeworlds> teeworlds/master dda8b89 oy: try to fetch the token for stored packets again, as the initial request might got lost
18:52 < Teeworlds> [teeworlds] oy pushed 1 new commit to master: https://git.io/fpCAI
18:52 < Teeworlds> teeworlds/master d9b1758 oy: renamed 'sur' gametype to 'lts'. closes #1562
18:55 < Teeworlds> [teeworlds-maps] Sonix- pushed 1 new commit to master: https://git.io/fpCAn
18:55 < Teeworlds> teeworlds-maps/master 72c8ed1 Sonix-: Rename sur1 to lms1
19:16 < Teeworlds> [teeworlds] oy pushed 1 new commit to master: https://git.io/fpCpN
19:16 < Teeworlds> teeworlds/master 5bc1d7c oy: use the lms naming convention for survival maps #1562
20:30 <@Dune> heinrich5991: good luck with work, thanks for still coming by :)
21:35 < rand> Dune: merging spec_feature and sushi tee scoreboard makes my client crash on CSounds::OnRender call
21:35 < rand> this is weird
21:35 < rand> but fun to debug
21:56 < rand> damn, magic numbers
23:00 <@Dune> huh, what lol
23:00 <@Dune> rand: the hell is going on
23:03 < rand> you use 16 instead of MAX_CLIENTS, you fool
23:03 <@Dune> do I?
23:04 < rand> in the sushitee scoreboard PR at least
23:04 <@Dune> I'm merely a script kiddie messing with SushiTee's code
23:04 < rand> :c
23:04 <@Dune> I don't remember seeing that :c
23:27 < rand> also, there are some datasrc/languages changes in this PR, not sure it was intended
23:27 <@Dune> nope :(
