20:27 < FriskGT> hiiiiii
20:28 <@heinrich5991> hi :)
20:28 < FriskGT> hey
20:36 < FriskGT> HI @FriskGT on discord
20:42 < bridge_> [freenode] <ellr> hi
20:42 < FriskGT> HI
20:42 < bridge_> [freenode] <ellr> TAT
20:42 < bridge_> [freenode] <ellr> OOOOOOOO
20:42 < bridge_> [freenode] <ellr> GOTTA GO
20:42 < bridge_> [freenode] <LMAD> HI
20:43 < FriskGT> LMAD
20:43 < bridge_> [freenode] <LMAD> HI Frisk
20:43 < bridge_> [teeworlds] <TsFreddie> freenode vs quakenet
20:43 < bridge_> [freenode] <LMAD> ye
20:44 < FriskGT> yes... but why is he here
20:44 < bridge_> [freenode] <LMAD> i joined duh
20:44 < FriskGT> duh for you toxic man
20:45 < bridge_> [freenode] <LMAD> i AM NOT, TOXIC!
20:45 < FriskGT> YES YOU ARE 
20:45 < bridge_> [freenode] <LMAD> NOOOOOOOOOO
20:46 < FriskGT> YES
20:46 < bridge_> [freenode] <LMAD> NO
20:47 < FriskGT> YESSSSSSSSSSSSSSSSSSSSSSSSSSSSSS
20:47 < bridge_> [freenode] <LMAD> NO
20:53 < FriskGT> YE
23:34 < bridge_> [teeworlds] <jxsl13> https://youtu.be/xuSPX-2oFM0
