10:51 < bridge> [teeworlds] <jxsl13> chillerdraghuhn, you alive in discord?
10:51 < bridge> [teeworlds] <chillerdragon> i dont have discord
10:52 < bridge> [teeworlds] <jxsl13> well, poor lukure wanted to chat with you
10:52 < bridge> [teeworlds] <jxsl13> but he aint got no rights for bridge
11:01 < bridge> [teeworlds] <chillerdragon> chillerdragon@gmail.com @zillyhuhn on wire @chillerdragon on matrix
11:01 < bridge> [teeworlds] <chillerdragon> i barley check irc but im also there somehow
11:03 < minus> is this matrix?
11:03 < minus> hard to tell from irc
11:03 < bridge> [teeworlds] <chillerdragon> im on matrix rn ye
11:04 < minus> matrix is a dumpster fire :3c
11:04 < bridge> [teeworlds] <chillerdragon> i ditched irc for matrix \:D
11:04 < bridge> [teeworlds] <chillerdragon> well i just like bloaty electron clients
11:04 < bridge> [teeworlds] <chillerdragon> and a proper iOS client too \:)
13:37 < bridge> [teeworlds] <chillerdragon> can we get lukure bridge rights? he seems like a chill guy ;D
18:08 < bridge> [teeworlds] <visitOP> I guess he have to ask to dune in dm
18:56 < bridge> [teeworlds] <chillerdragon> wow since when are u here? xd
19:07 < bridge> [teeworlds] <visitOP> idk a 6 months maybe x)
19:07 < bridge> [teeworlds] <visitOP> idk  6 months maybe x)
19:14 < minus> cool feature of irc: you can't edit your messages
19:20 < bridge> [teeworlds] <visitOP> well in matrix you can in a certain way, you have the ""edit" button but when you edit it just delete your message from discord and replace it by ur new one
22:56 < bridge> [teeworlds] <chillerdragon> Discord can edit too. I think what minus is trying to say is\: please do not edit the messages here it’s annoying to get them re send on irc
22:57 < minus> that's true, but i didn't mean to imply that
22:57 < minus> not being able to edit messages is fine too
22:58 < bridge> [teeworlds] <visitOP> oh yeah it send it 2 times on irc i see
22:58 < bridge> [teeworlds] <visitOP> sorry then aha
23:04 < bridge> [teeworlds] <chillerdragon> minus being very passive aggressive haha
23:06 < minus> stop putting words in my mouth
