08:56  * unsafe_int32 slaps ochristi around a bit with a large fishbot
08:57  * unsafe_int32 slaps deen around a bit with a large fishbot
08:57  * unsafe_int32 slaps deen around a bit with a large fishbot
08:57  * unsafe_int32 slaps unsafe_int32 around a bit with a large fishbot
08:57 < unsafe_int32> Ouch
08:59  * unsafe_int32 slaps deen around a bit with a large fishbot
09:38  * unsafe_int32 slaps deen around a bit with a large fishbot
11:12 <@deen> hi unsafe_int32 
11:12 <@deen> don't wake me up by beating me
11:12  * unsafe_int32 slaps deen around a bit with a large fishbot
11:12 < unsafe_int32> :>
11:12 < unsafe_int32> Hello :]
11:12  * unsafe_int32 slaps deen around a bit with a large fishbot
11:13 <@deen> Good morning
11:20 < unsafe_int32> nice email ^^
11:20 < unsafe_int32> deen@ddnet.tw :D
11:26 <@deen> thanks
14:43  * unsafe_int32 slaps deen around a bit with a large fishbot
14:43  * unsafe_int32 slaps shorefire around a bit with a large fishbot
14:43  * unsafe_int32 slaps ochristi around a bit with a large fishbot
14:54  * unsafe_int32 slaps deen around a bit with a large fishbot
14:54  * unsafe_int32 slaps deen around a bit with a large fishbot
15:15  * unsafe_int32 slaps deen around a bit with a large fishbot
15:15  * unsafe_int32 slaps deen around a bit with a large fishbot
15:15  * unsafe_int32 slaps deen around a bit with a large fishbot
15:15  * unsafe_int32 slaps deen around a bit with a large fishbot
16:06 < MaxChal> Hey people.
16:06 < MaxChal> deen: i have a question for you, we spoke vaguely during the brutal tournament.
16:41 <@deen> Oops, too late
17:53  * unsafe_int32 slaps deen around a bit with a large fishbot
18:12 <@deen> unsafe_int32: ...
18:12  * unsafe_int32 slaps deen around a bit with a large fishbot
18:14  * unsafe_int32 slaps deen around a bit with a large fishbot
18:22  * unsafe_int32 slaps deen around a bit with a large fishbot
18:31  * unsafe_int32 slaps deen around a bit with a large fishbot
19:15 <@deen> unsafe_int32: beat shorefire instead
19:16 < shorefire> wot
19:27 <@deen> shorefire: he's been beating me all day
19:28 <@deen> 08:56  * unsafe_int32 slaps ochristi around a bit with a large fishbot
19:28 <@deen> like that
19:28 < shorefire> slap em' back
19:31  * unsafe_int32 slaps shorefire around a bit with a large fishbot
19:31  * unsafe_int32 slaps shorefire around a bit with a large fishbot
19:31  * unsafe_int32 slaps shorefire around a bit with a large fishbot
19:31  * unsafe_int32 slaps shorefire around a bit with a large fishbot
19:33  * unsafe_int32 slaps deen around a bit with a large fishbot
19:36  * unsafe_int32 slaps deen around a bit with a large fishbot
19:36 < unsafe_int32> Hai :>
19:36  * unsafe_int32 slaps CookieAlex around a bit with a large fishbot
19:36  * CookieAlex slaps unsafe_int32 around a bit with a large fishbot
19:36 < CookieAlex> :D
19:36  * unsafe_int32 slaps CookieAlex around a bit with a large fishbot
19:36  * CookieAlex slaps unsafe_int32 around a bit with a large fishbot
19:36  * unsafe_int32 slaps CookieAlex around a bit with a large fishbot
19:36  * CookieAlex slaps unsafe_int32 around a bit with a large fishbot
19:36  * unsafe_int32 slaps CookieAlex around a bit with a large fishbot
19:36  * CookieAlex slaps unsafe_int32 around a bit with a large fishbot
19:36  * unsafe_int32 slaps CookieAlex around a bit with a large fishbot
19:36  * CookieAlex slaps unsafe_int32 around a bit with a large fishbot
19:36  * unsafe_int32 slaps CookieAlex around a bit with a large fishbot
19:36  * CookieAlex slaps shorefire around a bit with a large fishbot
19:36 < unsafe_int32> xD
19:36 < CookieAlex> :D
19:36  * unsafe_int32 slaps shorefire around a bit with a large fishbot
19:36  * CookieAlex slaps shorefire around a bit with a large fishbot
19:36 < unsafe_int32> : >
19:36  * unsafe_int32 slaps deen around a bit with a large fishbot
19:37  * unsafe_int32 slaps deen around a bit with a large fishbot
19:37 < CookieAlex> Lets slap him to death :D
19:37  * unsafe_int32 slaps deen around a bit with a large fishbot
19:37  * unsafe_int32 slaps deen around a bit with a large fishbot
19:37  * unsafe_int32 slaps deen around a bit with a large fishbot
19:37  * CookieAlex slaps deen around a bit with a large fishbot
19:37  * unsafe_int32 slaps deen around a bit with a large fishbot
19:37  * CookieAlex slaps deen around a bit with a large fishbot
19:37  * CookieAlex slaps deen around a bit with a large fishbot
19:37  * CookieAlex slaps deen around a bit with a large fishbot
19:37  * unsafe_int32 slaps deen around a bit with a large fishbot
19:37  * CookieAlex slaps deen around a bit with a large fishbot
19:37  * unsafe_int32 slaps deen around a bit with a large fishbot
19:37  * CookieAlex slaps deen around a bit with a large fishbot
19:37  * unsafe_int32 slaps deen around a bit with a large fishbot
19:37  * CookieAlex slaps deen around a bit with a large fishbot
19:37  * unsafe_int32 slaps deen around a bit with a large fishbot
19:37  * CookieAlex slaps deen around a bit with a large fishbot
19:37  * unsafe_int32 slaps deen around a bit with a large fishbot
19:37  * CookieAlex slaps deen around a bit with a large fishbot
19:37  * unsafe_int32 slaps deen around a bit with a large fishbot
19:37  * unsafe_int32 slaps deen around a bit with a large fishbot
19:37  * unsafe_int32 slaps deen around a bit with a large fishbot
19:37  * unsafe_int32 slaps deen around a bit with a large fishbot
19:37  * CookieAlex slaps deen around a bit with a large fishbot
19:37  * CookieAlex slaps deen around a bit with a large fishbot
19:37  * unsafe_int32 slaps deen around a bit with a large fishbot
19:37  * CookieAlex slaps deen around a bit with a large fishbot
19:37 < shorefire> > unsafe_int3 & CookieAlex get banned by deen
19:37  * unsafe_int32 slaps Q around a bit with a large fishbot
19:37  * unsafe_int32 slaps shorefire around a bit with a large fishbot
19:37  * unsafe_int32 slaps shorefire around a bit with a large fishbot
19:37  * unsafe_int32 slaps shorefire around a bit with a large fishbot
19:37  * unsafe_int32 slaps shorefire around a bit with a large fishbot
19:37  * unsafe_int32 slaps shorefire around a bit with a large fishbot
19:37 < unsafe_int32> Liasr
19:37 < unsafe_int32> Liars *
19:38  * unsafe_int32 slaps shorefire around a bit with a large fishbot
19:41  * CookieAlex slaps shorefire around a bit with a large fishbot
19:50  * unsafe_int32 slaps shorefire around a bit with a large fishbot
19:54 < unsafe_int32> bai
19:54 < unsafe_int32> imma play w/ Alex : >
19:55  * unsafe_int32 slaps CookieAlex around a bit with a large fishbot
19:55  * unsafe_int32 slaps deen around a bit with a large fishbot
19:55  * unsafe_int32 slaps shorefire around a bit with a large fishbot
