00:23 < WolfAlex> deen, are you there to ban a player (blocking with grenade), voting does not help :/
00:23 < WolfAlex> deen, are you there to ban a player (blocking with grenade), voting does not help :/
00:24 <@deen> how do i find you?
00:24 <@deen> how do i find you?
00:24 < WolfAlex> wolf
00:24 < WolfAlex> wolf
00:24 < WolfAlex> look that aero one
00:24 < WolfAlex> look that aero one
00:25 < WolfAlex> thx :)
00:25 < WolfAlex> thx :)
00:25 < eeeee> good ol' rocket noob
00:25 < eeeee> good ol' rocket noob
02:21 < ddnet-commits> [ddnet] eeeee opened pull request #117: Update fifoconsole.cpp (DDRace64...patch-1) http://git.io/SWkNXg
02:21 < ddnet-commits> [ddnet] eeeee opened pull request #117: Update fifoconsole.cpp (DDRace64...patch-1) http://git.io/SWkNXg
04:01 < eeeee> deen: in spoof protection code, why can't we just send mapchange with a random map name?
04:01 < eeeee> deen: in spoof protection code, why can't we just send mapchange with a random map name?
08:16 08:16 < Nimda> DDNet Brazil went down!< Nimda> DDNet Brazil went down!

08:17 08:17 < Nimda> DDNet Brazil went back online!< Nimda> DDNet Brazil went back online!

09:07 09:07 <@EastByte> eeeee: what do you want to achieve with that?<@EastByte> eeeee: what do you want to achieve with that?

09:13 09:13 <@EastByte> should be easy to bypass for an attacker<@EastByte> should be easy to bypass for an attacker

09:13 09:13 <@EastByte> since there would be no interaction which is not predictable<@EastByte> since there would be no interaction which is not predictable

15:38 <@deen> eeeee: I don't understand what you mean
15:38 <@deen> eeeee: I don't understand what you mean
15:47 15:47 < Nimda> The Space Station by Ñı©Ø just released on Solo at 2014-12-22 15:43< Nimda> The Space Station by Ñı©Ø just released on Solo at 2014-12-22 15:43

15:50 15:50 < ddnet-commits> [ddnet] def- closed pull request #117: Update fifoconsole.cpp (DDRace64...patch-1) http://git.io/SWkNXg< ddnet-commits> [ddnet] def- closed pull request #117: Update fifoconsole.cpp (DDRace64...patch-1) http://git.io/SWkNXg

16:12 16:12 < Nicos> hi< Nicos> hi

16:12 16:12 < Nicos> hi deen< Nicos> hi deen

16:12 16:12 < Nicos> ty 4 upload, but< Nicos> ty 4 upload, but

16:12 16:12 < Nicos> there is a little problem< Nicos> there is a little problem

16:13 <@deen> yes?
16:13 <@deen> yes?
16:13 16:13 < Nicos> you uploaded an old version of my map< Nicos> you uploaded an old version of my map

16:13 < Nicos> but it go well
16:13 < Nicos> but it go well
16:13 16:13 < Nicos> in the new one< Nicos> in the new one

16:13 16:13 < Nicos> i just added< Nicos> i just added

16:13 16:13 < Nicos> removed< Nicos> removed

16:13 16:13 < Nicos> some stars from the bg< Nicos> some stars from the bg

16:13 < Nicos> so, don't you worry
16:13 < Nicos> so, don't you worry
16:13 16:13 < Nicos> because the speedruns already played the map< Nicos> because the speedruns already played the map

16:14 <@deen> i replaced it with the new version already, if you go on a new server then it's the new version
16:14 <@deen> i replaced it with the new version already, if you go on a new server then it's the new version
16:14 16:14 < Nicos> ah, kk.< Nicos> ah, kk.

16:14 16:14 < Nicos> i try< Nicos> i try

16:15 16:15 < Nicos> ehm< Nicos> ehm

16:15 16:15 < Nicos> no you didn't< Nicos> no you didn't

16:15 16:15 < Nicos> it is the same< Nicos> it is the same

16:15 16:15 < Nicos> but don't worry lol< Nicos> but don't worry lol

16:15 < Nicos> it is cool,,,
16:15 < Nicos> it is cool,,,
16:17 <@deen> then you sent me wrong version
16:17 <@deen> then you sent me wrong version
16:17 16:17 < Nicos> yeah< Nicos> yeah

16:17 16:17 < Nicos> its my fault< Nicos> its my fault

16:17 16:17 < Nicos> i didn't saved it< Nicos> i didn't saved it

16:18 16:18 < Nicos> and i regave you the old one< Nicos> and i regave you the old one

16:18 16:18 < Nicos> i refix it and i send the version on the topic< Nicos> i refix it and i send the version on the topic

16:18 16:18 < Nicos> LOL< Nicos> LOL

16:22 <@deen> also, don't send me PMs. And try not to make 100 posts in your next topic
16:22 <@deen> also, don't send me PMs. And try not to make 100 posts in your next topic
16:31 16:31 < Nicos> kk sry< Nicos> kk sry

16:31 16:31 < Nicos> now i gonna do post< Nicos> now i gonna do post

16:31 16:31 < Nicos> with my map< Nicos> with my map

16:31 16:31 < Nicos> on the topic THE SPACE STATION< Nicos> on the topic THE SPACE STATION

16:32 16:32 < Nicos> done< Nicos> done

16:32 16:32 < Nicos> can you up it deen?< Nicos> can you up it deen?

16:33 16:33 < Nicos> i see you downloaded it< Nicos> i see you downloaded it

16:33 16:33 < Nicos> ty< Nicos> ty

16:35 16:35 < Nicos> done?< Nicos> done?

16:37 <@deen> yes
16:37 <@deen> yes
16:38 16:38 < Nicos> i see< Nicos> i see

16:38 16:38 < Nicos> ty< Nicos> ty

16:38 < Nicos> :)
16:38 < Nicos> :)
16:38 16:38 < Nicos> omg 103 post on my topic THE SPACE STATION< Nicos> omg 103 post on my topic THE SPACE STATION

16:38 16:38 < Nicos> it is too much...< Nicos> it is too much...

16:38 < Nicos> kk afk, i see my map with other players
16:38 < Nicos> kk afk, i see my map with other players
16:43 <@deen> I'm going to release 6.6 now. Any complaints?
16:43 <@deen> I'm going to release 6.6 now. Any complaints?
16:44 16:44 < ddnet-commits> [ddnet] def- pushed 2 new commits to DDRace64: http://git.io/IhWlzw< ddnet-commits> [ddnet] def- pushed 2 new commits to DDRace64: http://git.io/IhWlzw

16:44 < ddnet-commits> ddnet/DDRace64 9d541da def: Version 6.6
16:44 < ddnet-commits> ddnet/DDRace64 8c43fcd def: Merge branch 'DDRace64' of github.com:def-/ddnet into DDRace64
16:44 < ddnet-commits> ddnet/DDRace64 9d541da def: Version 6.6
16:44 < ddnet-commits> ddnet/DDRace64 8c43fcd def: Merge branch 'DDRace64' of github.com:def-/ddnet into DDRace64
16:50 < Nicos> cool
16:50 < Nicos> cool
16:52 16:52 < Nicos> deen, sorry where i can see my mapper profile in ddnet.tw?< Nicos> deen, sorry where i can see my mapper profile in ddnet.tw?

16:52 <@deen> http://ddnet.tw/mappers
16:52 <@deen> http://ddnet.tw/mappers
16:52 <@deen> Or click on your name next to your map here: http://ddnet.tw/ranks/solo/
16:52 <@deen> Or click on your name next to your map here: http://ddnet.tw/ranks/solo/
16:53 < Nicos> ty
16:53 < Nicos> ty
16:54 <@deen> Nicos: wtf...
16:54 <@deen> Nicos: wtf...
16:54 <@deen> Nicos: you said that Kayumi said I should release
16:54 <@deen> Nicos: you said that Kayumi said I should release
16:55 <@deen> but she said another tester should take a look
16:55 <@deen> but she said another tester should take a look
16:55 < Nicos> what? He said me to relase
16:55 < Nicos> what? He said me to relase
16:55 <@deen> next time, don't lie
16:55 <@deen> next time, don't lie
16:55 <@deen> she*
16:55 <@deen> she*
16:55 < Nicos> i didn't lied
16:55 < Nicos> i didn't lied
16:55 < Nicos> i did the screenshot too
16:55 < Nicos> i did the screenshot too
16:55 <@deen> she says she told you that another tester should take a look
16:55 <@deen> she says she told you that another tester should take a look
16:56 < Nicos> i said him this afternoom, can deen up my map
16:56 < Nicos> i said him this afternoom, can deen up my map
16:56 < Nicos> and he said Yep.
16:56 < Nicos> and he said Yep.
16:56 16:56 < Nicos> i left< Nicos> i left

16:56 <@deen> Kayumi is a girl
16:56 <@deen> Kayumi is a girl
16:56 16:56 < Nicos> later< Nicos> later

16:56 < Nicos> yeah he telt me
16:56 < Nicos> yeah he telt me
16:56 16:56 < Nicos> ...< Nicos> ...

16:56 < Learath2> boy = he girl = her 16:56 
< Learath2> boy = he girl = her 
16:57 < Learath2> she *
16:57 < Learath2> she *
16:57 < Nicos> yeah, but maybe when i left her tell me  another thing
16:57 < Nicos> yeah, but maybe when i left her tell me  another thing
16:57 < Nicos> but i left
16:57 < Nicos> but i left
16:57 <@EastByte> Learath2: ^^
16:57 <@EastByte> Learath2: ^^
16:58 16:58 < Learath2> EastByte: the amount of fail in that :/< Learath2> EastByte: the amount of fail in that :/

16:58 < Nicos> and, hi_leute tested my map 10min later and he didn't show me gameplay bugs
16:58 < Nicos> and, hi_leute tested my map 10min later and he didn't show me gameplay bugs
16:58 <@deen> anyway, please stop spamming so much, Nicos 
16:58 <@deen> anyway, please stop spamming so much, Nicos 
16:58 < Nicos> he said me just to remove some stars
16:58 < Nicos> he said me just to remove some stars
16:58 <@deen> the thread was way too big
16:58 <@deen> the thread was way too big
16:58 < Nicos> yep...
16:58 < Nicos> yep...
17:01 17:01 < Nicos> but the thread = the topic?< Nicos> but the thread = the topic?

17:01 <@deen> yes
17:01 <@deen> yes
17:01 < Nicos> ah
17:01 < Nicos> ah
17:01 17:01 < Nicos> there was a lot of graphical bugs first,< Nicos> there was a lot of graphical bugs first,

17:01 17:01 < Nicos> i kno 11 pages are eccesive< Nicos> i kno 11 pages are eccesive

17:01 17:01 < Nicos> cool we have a new member< Nicos> cool we have a new member

17:02 17:02 < Nicos> i gonna go< Nicos> i gonna go

17:02 < Nicos> bb
17:02 < Nicos> bb
17:11 <@deen> 6.6 released
17:11 <@deen> 6.6 released
17:20 < Savander> deen: [Client] Highlight in console
17:20 < Savander> deen: [Client] Highlight in console
17:20 17:20 < Savander> what it means?< Savander> what it means?

17:20 17:20 <@EastByte> a colorfull console<@EastByte> a colorfull console

17:21 17:21 < Savander> which console?< Savander> which console?

17:21 17:21 < Savander> f1 -> all is white< Savander> f1 -> all is white

17:27 <@deen> write your name in chat
17:27 <@deen> write your name in chat
17:28 <@deen> I didn't highlight anything else because that's what I need
17:28 <@deen> I didn't highlight anything else because that's what I need
17:35 17:35 < Nicos> kk, i uploaded my first map< Nicos> kk, i uploaded my first map

17:35 17:35 < Nicos> there is time after my second map< Nicos> there is time after my second map

17:35 17:35 < Nicos> but deen, omg why do you banned me ...< Nicos> but deen, omg why do you banned me ...

17:36 17:36 < Nicos> this time i didn't do nothing and i didn't lied too, because left the server before Kayumi< Nicos> this time i didn't do nothing and i didn't lied too, because left the server before Kayumi

17:36 < Nicos> so, @deen
17:36 < Nicos> so, @deen
17:36 17:36 < Nicos> deen< Nicos> deen

17:37 17:37 < Nimda> Epix by Cookie & Lealen just released on Novice at 2014-12-22 17:36< Nimda> Epix by Cookie & Lealen just released on Novice at 2014-12-22 17:36

17:38 17:38 < Nicos> YUPPY MY OLD SUGGESTION< Nicos> YUPPY MY OLD SUGGESTION

17:38 17:38 < Nicos> huhuhuhuh< Nicos> huhuhuhuh

17:38 17:38 < Nicos> today i'm luckly< Nicos> today i'm luckly

17:38 <@deen> Nicos: maybe 50% of posts in forum are by you, it's just too much
17:38 <@deen> Nicos: maybe 50% of posts in forum are by you, it's just too much
17:38 <@deen> I can't read topics because half the posts are by you
17:38 <@deen> I can't read topics because half the posts are by you
17:38 17:38 < Nicos> you can't ban me 2 weeks later i did these post< Nicos> you can't ban me 2 weeks later i did these post

17:39 < Nicos> and i reply the post
17:39 < Nicos> and i reply the post
17:39 <@deen> i just saw them today^^
17:39 <@deen> i just saw them today^^
17:39 17:39 < Nicos> ...< Nicos> ...

17:39 < Nicos> today was a movimented day
17:39 < Nicos> today was a movimented day
17:39 17:39 < Nicos> 2 of my maps begin relased (epix my old suggestion)< Nicos> 2 of my maps begin relased (epix my old suggestion)

17:39 17:39 < Nicos> i wrote so much< Nicos> i wrote so much

17:40 17:40 < Nicos> you have to tell me before ban me lol< Nicos> you have to tell me before ban me lol

17:40 17:40 < Nicos> now< Nicos> now

17:40 17:40 < Nicos> i will do a new map in 3 month< Nicos> i will do a new map in 3 month

17:40 17:40 < Nicos> so there is time< Nicos> so there is time

17:41 17:41 < Nicos> and i will never write in this time because i haven't more active post< Nicos> and i will never write in this time because i haven't more active post

17:42 17:42 < Nicos> gonna see EPIX! I'm idle! Answer to me if you want...< Nicos> gonna see EPIX! I'm idle! Answer to me if you want...

18:05 18:05 < Savander> deen: it's possible to highlight broadcast?< Savander> deen: it's possible to highlight broadcast?

18:06 <@deen> Savander: yeah, but should it be done?
18:06 <@deen> Savander: yeah, but should it be done?
18:06 < Savander> ye
18:06 < Savander> ye
18:06 18:06 < Savander> in my opinion, yes< Savander> in my opinion, yes

18:08 18:08 < ddnet-commits> [ddnet] def- pushed 1 new commit to DDRace64: http://git.io/WbhFEQ< ddnet-commits> [ddnet] def- pushed 1 new commit to DDRace64: http://git.io/WbhFEQ

18:08 18:08 < ddnet-commits> ddnet/DDRace64 66a4d5b def: Highlight broadcasts in console as well< ddnet-commits> ddnet/DDRace64 66a4d5b def: Highlight broadcasts in console as well

18:08 18:08 < Savander> because broadcast isn't used really much, but on tournaments (for example) it's really useful to read messages from broadcast< Savander> because broadcast isn't used really much, but on tournaments (for example) it's really useful to read messages from broadcast

18:08 18:08 < Savander> oh ! Nice :)< Savander> oh ! Nice :)

18:08 18:08 < Savander> thanks< Savander> thanks

18:10 < CookieMichal> Hey
18:10 < CookieMichal> Hey
18:11 18:11 < CookieMichal> DDNet client 6.6 is kinda broken xD< CookieMichal> DDNet client 6.6 is kinda broken xD

18:11 < CookieMichal> Everyone is my friend
18:11 < CookieMichal> Everyone is my friend
18:11 <@deen> oh wow
18:11 <@deen> oh wow
18:11 18:11 < Savander> wut ;D< Savander> wut ;D

18:11 <@deen> hm, i can't reproduce
18:11 <@deen> hm, i can't reproduce
18:11 18:11 < CookieMichal> one second< CookieMichal> one second

18:11 18:11 < CookieMichal> http://imgur.com/BHVR339.png< CookieMichal> http://imgur.com/BHVR339.png

18:12 <@deen> ah, because someone has an empty name in your friends list
18:12 <@deen> ah, because someone has an empty name in your friends list
18:12 <@deen> is that an empty name?
18:12 <@deen> is that an empty name?
18:12 18:12 < CookieMichal> Fix it mate :P< CookieMichal> Fix it mate :P

18:12 18:12 < CookieMichal> yep< CookieMichal> yep

18:12 18:12 < CookieMichal> I want to see clan mates< CookieMichal> I want to see clan mates

18:12 <@deen> what does it mean?
18:12 <@deen> what does it mean?
18:12 < CookieMichal> not everyone
18:12 < CookieMichal> not everyone
18:12 18:12 < CookieMichal> What what means?< CookieMichal> What what means?

18:12 <@deen> well, i disabled that you can search for people by clan
18:12 <@deen> well, i disabled that you can search for people by clan
18:13 <@deen> because everyone complained to me about it
18:13 <@deen> because everyone complained to me about it
18:13 18:13 < CookieMichal> ;-;< CookieMichal> ;-;

18:13 <@deen> you can do f1, cl_friends_ignore_clan 0
18:13 <@deen> you can do f1, cl_friends_ignore_clan 0
18:13 < CookieMichal> thanks :3
18:13 < CookieMichal> thanks :3
18:14 18:14 < CookieMichal> See ya! :)< CookieMichal> See ya! :)

18:14 <@deen> bye
18:14 <@deen> bye
18:19 18:19 < ddnet-commits> [ddnet] def- pushed 1 new commit to DDRace64: http://git.io/SkMMRA< ddnet-commits> [ddnet] def- pushed 1 new commit to DDRace64: http://git.io/SkMMRA

18:19 18:19 < ddnet-commits> ddnet/DDRace64 e24de30 def: Still allow to find clan mates when clan is ignored in friends< ddnet-commits> ddnet/DDRace64 e24de30 def: Still allow to find clan mates when clan is ignored in friends

21:53 < Maple> is there a  mapper tutorial for complete beginner on ddnet forums?
21:53 < Maple> is there a  mapper tutorial for complete beginner on ddnet forums?
21:53 <@deen> i don't think so
21:53 <@deen> i don't think so
21:54 <@deen> feel free to write one
21:54 <@deen> feel free to write one
21:54 < Maple> 'murica
21:54 < Maple> 'murica
22:09 < eeeee> i think i saw some kind of tutorial on tw forums
22:09 < eeeee> i think i saw some kind of tutorial on tw forums
