09:28 < ddnet-commits> [ddnet] def- pushed 1 new commit to master: http://git.io/vZHlw
09:28 < ddnet-commits> ddnet/master 336e916 def: Add option not to create sql tables
12:07 < Nimda> run_harder_than_hard by SkizZ & Matze just released on Race at 2015-09-15 12:00
12:07 < Nimda> run_yellow by SkizZ just released on Race at 2015-09-15 12:00
14:31 < devnull> how is it going?
16:12 < Nimda> Verification 3.6 by Silex just released on Solo at 2015-09-15 16:09
20:14 < KinG_> hey
20:15 < Henningstone> Øıµĸ
20:15 < KinG_> deen: hi how u doin, i see a test ddnet persian server on list where did u find it?
20:16 <@deen> KinG_: not mine
20:16 < KinG_> hmm
20:16 <@deen> KinG_: also i can't see it on internet browser
20:16 < KinG_> i see it on internet
20:17 <@deen> then it's iran only maybw
20:17 <@deen> and blocks all other ips
20:17 < KinG_> wth
20:17 < KinG_> but same name that u put on persian servers
20:17 <@deen> what ip?
20:18 < KinG_> DDNet PER - Test #1 [DDraceNetwork] [0/64]
20:18 < KinG_> exact same name as this
20:18 < KinG_> 151.244.89.230 
20:18 < KinG_> this ip
20:19 <@deen> ok, see it
20:19 < KinG_> but i can't ping it 
20:19 <@deen> but i never called a server ddnet per
20:19 < KinG_> who can do such a thing ^^
20:19 <@deen> i would guess it's someone's home server
20:19 <@deen> just for testing maps
20:20 < KinG_> but the name ^^
20:22 < Nimda> Seagulls by fikmesån just released on Novice at 2015-09-15 20:18
