06:23 <+Someone> DEEN GET UR ASS HERE
06:23 <+Someone> ITS MY FUCKING DDNET BIRTHDAY AND I GET BANNED FOR FUCKING LIFE
06:23 <+Someone> BY FUCKING SHOREFIRE
06:23 <+Someone> FOR REASON DICK TOO BIG
06:24 <+Someone> FOR UR INFORMATION MY DICK IS AVERAGE SIZE OF 6 INCHES
06:25 <+Someone> HELLO IS ANYONE HERE!!!!!!!!!!!!!!!!!!!!!!!!!!!!!!!!!!!!!!!!!!!!!!!!!!!!!!!!!!!!!!!!!!!!!!!!!!!!!!!!!!!!!!!!!!!!!!!!!!!!!!!!!!!!
06:25  * Someone slaps deen around a bit with a large fishbot
06:25  * Someone slaps EastByte around a bit with a large fishbot
06:25  * Someone slaps heinrich5991 around a bit with a large fishbot
06:25  * Someone slaps Nimda around a bit with a large fishbot
06:25  * Someone slaps Q around a bit with a large fishbot
06:25  * Someone slaps Henningstone around a bit with a large fishbot
06:25  * Someone slaps minus around a bit with a large fishbot
06:25  * Someone slaps o_be_two around a bit with a large fishbot
06:25  * Someone slaps Ryozuki around a bit with a large fishbot
06:25  * Someone slaps Ryozuki around a bit with a large fishbot
06:25  * Someone slaps Ryozuki around a bit with a large fishbot
06:35 <+Someone> ur gay 
06:38 <+Someone> @deen @EastByte @heinrich5991 @Nimda @Q +Ac1dBeef +ACTom +black-roland +eeeee +fstd_ +Henningstone +laxa +laxadedi +Learath2 +luca +minus +nameless-tee +necropotame +o_be_two +ochristi +Ryozuki +Someone +Teetime +Tobii +WolfAlex d3fault_ XXLTomate_
06:38 <+Someone> @deen @EastByte @heinrich5991 @Nimda @Q +Ac1dBeef +ACTom +black-roland +eeeee +fstd_ +Henningstone +laxa +laxadedi +Learath2 +luca +minus +nameless-tee +necropotame +o_be_two +ochristi +Ryozuki +Someone +Teetime +Tobii +WolfAlex d3fault_ XXLTomate_
06:38 <+Someone> @deen @EastByte @heinrich5991 @Nimda @Q +Ac1dBeef +ACTom +black-roland +eeeee +fstd_ +Henningstone +laxa +laxadedi +Learath2 +luca +minus +nameless-tee +necropotame +o_be_two +ochristi +Ryozuki +Someone +Teetime +Tobii +WolfAlex d3fault_ XXLTomate_
06:38 <+Someone> @deen @EastByte @heinrich5991 @Nimda @Q +Ac1dBeef +ACTom +black-roland +eeeee +fstd_ +Henningstone +laxa +laxadedi +Learath2 +luca +minus +nameless-tee +necropotame +o_be_two +ochristi +Ryozuki +Someone +Teetime +Tobii +WolfAlex d3fault_ XXLTomate_
06:39 <+Someone> @deen @EastByte @heinrich5991 @Nimda @Q +Ac1dBeef +ACTom +black-roland +eeeee +fstd_ +Henningstone +laxa +laxadedi +Learath2 +luca +minus +nameless-tee +necropotame +o_be_two +ochristi +Ryozuki +Someone +Teetime +Tobii +WolfAlex d3fault_ XXLTomate_
06:39 <+Someone> @deen @EastByte @heinrich5991 @Nimda @Q +Ac1dBeef +ACTom +black-roland +eeeee +fstd_ +Henningstone +laxa +laxadedi +Learath2 +luca +minus +nameless-tee +necropotame +o_be_two +ochristi +Ryozuki +Someone +Teetime +Tobii +WolfAlex d3fault_ XXLTomate_
06:41 <+Someone> @deen @EastByte @heinrich5991 @Nimda @Q +Ac1dBeef +ACTom +black-roland +eeeee +fstd_ +Henningstone +laxa +laxadedi +Learath2 +luca +minus +nameless-tee +necropotame +o_be_two +ochristi +Ryozuki +Someone +Teetime +Tobii +WolfAlex d3fault_ XXLTomate_
06:41 <+Someone> @deen @EastByte @heinrich5991 @Nimda @Q +Ac1dBeef +ACTom +black-roland +eeeee +fstd_ +Henningstone +laxa +laxadedi +Learath2 +luca +minus +nameless-tee +necropotame +o_be_two +ochristi +Ryozuki +Someone +Teetime +Tobii +WolfAlex d3fault_ XXLTomate_
06:44 <+Someone> @deen @EastByte @heinrich5991 @Nimda @Q +Ac1dBeef +ACTom +black-roland +eeeee +fstd_ +Henningstone +laxa +laxadedi +Learath2 +luca +minus +nameless-tee +necropotame +o_be_two +ochristi +Ryozuki +Someone +Teetime +Tobii +WolfAlex d3fault_ XXLTomate_
