01:32  * MyStery_Fox slaps deen around a bit with a large fishbot
01:32  * MyStery_Fox slaps laxa around a bit with a large fishbot
01:32  * MyStery_Fox slaps minus around a bit with a large fishbot
01:32  * MyStery_Fox slaps Ryozuki around a bit with a large fishbot
01:32  * MyStery_Fox slaps Teetime around a bit with a large fishbot
01:32  * MyStery_Fox slaps Tobii around a bit with a large fishbot
01:32  * MyStery_Fox slaps eeeee around a bit with a large fishbot
01:33 <+MyStery_Fox> GET SLAPPED :D
01:33 <+MyStery_Fox> >:D
08:33 < ddnet-commits> [ddnet] def- pushed 1 new commit to master: https://git.io/vXCA3
08:33 < ddnet-commits> ddnet/master 40da136 Dennis Felsing: Add traditional_chinese to index
10:57 <+fin> Hi
10:57 <+fin> Hi
11:07 < xo> Hey, what's up?
11:07 <+xo> /notice Nimda I am not a bot
11:10 <+xo> /notice Nimda I am not a bot
11:12 <+lola> HI, i joined :D
11:12 <+xo> Hey...
11:46 <+askermod> deen: hi , deen your ddnet usa footbal get crash 2time check it
11:47 <+askermod> come here 74.91.114.132:8000 i will show you the crash bug
11:51 <@deen> askermod: I'm kind of at work right now and will be afk for the weekend
11:51 <+askermod> ah ok
11:52 <@deen> I'll build a debug server
11:53 <@deen> please crash the server again, askermod 
11:53 <@deen> I'll take a look later
11:53 <+askermod> k
11:53 <@deen> at the coredump
11:53 <@deen> and fix it
11:54 <+askermod> done
13:13 <@deen> askermod: so, how do you do it?
13:14 <@deen> askermod: you have a very big map and make the coordinates overflow?
13:27 < ddnet-commits> [ddnet] def- pushed 2 new commits to master: https://git.io/vXW40
13:27 < ddnet-commits> ddnet/master ab6ed4c Dennis Felsing: Discard invalid snaps
13:27 < ddnet-commits> ddnet/master 3bf925f Dennis Felsing: Version 10.3.4
14:08 <+askermod> deen: i have football map i downloaded it from your servers , as i say i crashed your servers too. first step : i connect 3-4 dummy to server 2 red 2 blue
14:10 <+askermod> then i did goal with red team after respawn the ball i set mouse positon of blue team together i mean player 1 see the player 2 and player 2 see player 1 the i get the ball and pass it to player blue
14:10 <+askermod> the i just wait to player blue after little time pass it to blue player in here server get crash i can show you in server later
14:17 <@deen> fun
14:18 <+askermod> do you understand what i say ?
14:19 <@deen> i think so
14:19 <+askermod> good
14:19 <@deen> but would have to read the source code to figure out why that happens and don't have time :/
14:19 <+askermod> hmm you are busy , job ...
14:20 <@deen> job, life, stuff
14:20 <@deen> you can program?
14:20 <@deen> The crash happens here: https://github.com/GreYFoX/teeworlds/blob/teefoot/src/game/collision.cpp#L226
14:20 <@deen> #2  0x000000000042ef70 in CCollision::isGoal (this=0x14d5c38, x=-2147483648, y=-2147483648, Red=false)
14:20 <@deen>     at src/game/collision.cpp:226
14:20 <@deen> x and y coordinates had an overflow
14:20 <+askermod> no , i can report bugssss :D
14:21 <@deen> i asked a few ddnet admins, maybe they want to fix it
14:21 <+askermod> yes
14:21 <@deen> otherwise I'll take a look next week
14:21 <+askermod> ok nice
14:25 <@deen> and thanks for the report
16:11 <+laxa> !config Lctf enabled
16:11 <@Nimda> Config variable enabled of plugin Lctf for channel #ddnet on quakenet is set to no.
17:28 <+askermod> np
18:43 <@Nimda> Hitode by ☆.Sυsнι♪ just released on Solo at 2016-11-04 18:39
