00:39 <+EryX> Hi
00:40 <@heinrich5991> hi!
00:41 <+EryX> May i ask how old you are heinrich?
00:41 <@heinrich5991> ~20
00:41 <+EryX> And Heinrich is your real Name?
00:41 <@heinrich5991> no
00:45 <+Henningstone> that was a nice conversation :D
02:05 < nmz> you dont know heinrich?
02:06 <+nmz> if you dont know who he is, ill give you a hint, he invented the heinrich maneuver
02:43  * MyStery_Fox slaps deen around a bit with a large fishbot
02:43  * MyStery_Fox slaps laxa around a bit with a large fishbot
02:43 <+MyStery_Fox> whazzup
20:01 <+vali> hello
20:01 <@EastByte> hi vali 
20:04 <+vali> heinrich5991 bist du hier?
20:09 <+vali> i have to tell you important things heinrich5991
20:15 <@heinrich5991> vali: here
20:18 <+vali> a faker walked around on ddnet the last days with the name heinrich5991
20:18 <+vali> ddnet servers*
20:18 <@heinrich5991> not sure if serious, but that was me..
20:19 <+vali> nvm :o
20:19 <@heinrich5991> that's the most fun part, join a server, be accused of being a faker :D
20:19 <+vali> but I know that u love cookies and the "faker" said he dont love cookies
20:19 <@heinrich5991> what
20:19 <@heinrich5991> I said I like cookies. check your logs
20:20 <+vali> kk
20:23 <+vali> logs checked and u have right, sorry, it was my misstake, do you forgive me?
20:24 <@heinrich5991> sure :)
20:24 <+vali> <3
20:42 <@Nimda> Lunar Base by Blue just released on Solo at 2016-08-30 20:41
20:54 <+vali> Can I release my map for DDNET too?
20:57 <+vali> how can I release a map for ddnet?
21:02 <@EastByte> vali: you need to submit it in the forum and wait for the testers
21:12 <+vali> but im the tester and creator of the map, so u must only submit it :3
21:39 <+vali> east, you are really a wild beast D:
