00:38 < ddnet-commits> [ddnet] bors[bot] merged staging into master: https://git.io/vdM28
00:46 < ddnet-commits> [ddnet] H-M-H opened pull request #897: Implemented a threadsafe queue using C++11 (master...cpp11_threading) https://git.io/vdM2P
01:28 <+ddnet-discord> <Savander> Cheatsafe?
01:28 <+ddnet-discord> <Savander> oh, it';s about kill immunity when you pass finish?
01:32 <+ddnet-discord> <heinrich5991> yes
07:58 <+ddnet-discord> <Ryozuki> i'll leave this here: https://hacktoberfest.digitalocean.com
12:38 <@deen> https://forum.ddnet.tw/viewtopic.php?f=20&t=5792
14:36 <+ddnet-discord> <Learath2> I'm guessing its floating point inaccuracy, maybe copying the parts to the exact same position might help
14:37 <@deen> I build releases on Debian 6. What's the easiest way to get a C++11 compatible compiler?
14:38 <+ddnet-discord> <HMH> possibly because floating point calcs around (0,0) are more precise but who knows, I do not see a way to fix this and if we want old maps to keep working fixing this becomes impossible I think
14:45 <+ddnet-discord> <Learath2> deen: I guess now that squeeze-backports doesn't exist you'd have to build gcc
14:52 <+ddnet-discord> <HMH> you might also give linuxbrew a shot: http://linuxbrew.sh/
14:54 <+ddnet-discord> <HMH> they claim you can install modern compiler and libs to your homedirectory, not sure if it indeed does work on Debian 6
15:21 < ddnet-commits> [ddnet] def- pushed 2 new commits to master: https://git.io/vdD8i
15:21 < ddnet-commits> ddnet/master 943decd Dennis Felsing: Update hungarian.txt (by Cellegen)
15:21 < ddnet-commits> ddnet/master 648452c Dennis Felsing: Update hungarian.txt (by Cellegen)
17:14 <+ddnet-discord> <10110101010Hacker101010101101> https://www.youtube.com/watch?v=h19cQW8NeqA  ***HELPPPPPPPPPPPPPP !!!!!!!!!!!***
17:14 <+ddnet-discord> <10110101010Hacker101010101101> https://www.youtube.com/watch?v=h19cQW8NeqA
17:14 <+ddnet-discord> <10110101010Hacker101010101101> oh
17:14 <+ddnet-discord> <10110101010Hacker101010101101> https://www.youtube.com/watch?v=jh9ZNcrrpLs&feature=youtu.be
17:14 <+ddnet-discord> <10110101010Hacker101010101101> Help!
17:15 <+ddnet-discord> <10110101010Hacker101010101101> i ask me write?
17:15 <+ddnet-discord> <10110101010Hacker101010101101> i ask me write pm..
17:26 <+ddnet-discord> <Savander> try to disbale
17:26 <+ddnet-discord> <Savander> downloading maps via HTTP
17:26 <+ddnet-discord> <Savander> on DDNet tap in settings
17:27 <+ddnet-discord> <jao> ```[2017-10-16 17:20:25][datafile]: loading done. datafile='downloadedmaps/ctf5_d92129a0.map'
17:27 <+ddnet-discord> <jao> [2017-10-16 17:20:25][client]: loaded map 'downloadedmaps/ctf5_d92129a0.map'
17:27 <+ddnet-discord> <jao> [2017-10-16 17:20:25][datafile]: loading data index=11 size=2252 uncompressed=129600
17:27 <+ddnet-discord> <jao> [2017-10-16 17:20:25][datafile]: loading data index=9 size=797 uncompressed=119600
17:27 <+ddnet-discord> <jao> [2017-10-16 17:20:25][datafile]: loading data index=10 size=1316 uncompressed=129600
17:27 <+ddnet-discord> <jao> [2017-10-16 17:20:25][datafile]: loading data index=12 size=268 uncompressed=129600
17:27 <+ddnet-discord> <jao> [2017-10-16 17:20:25][datafile]: loading data index=13 size=2715 uncompressed=129600
17:27 <+ddnet-discord> <jao> [2017-10-16 17:20:25][datafile]: loading data index=14 size=2652 uncompressed=129600
17:27 <+ddnet-discord> <jao> [2017-10-16 17:20:25][datafile]: loading data index=0 size=18 uncompressed=10
17:27 <+ddnet-discord> <jao> [2017-10-16 17:20:25][datafile]: loading data index=1 size=18 uncompressed=10
17:27 <+ddnet-discord> <jao> [2017-10-16 17:20:25][datafile]: loading data index=2 size=18 uncompressed=10
17:27 <+ddnet-discord> <jao> [2017-10-16 17:20:25][datafile]: loading data index=3 size=27 uncompressed=19
17:27 <+ddnet-discord> <jao> [2017-10-16 17:20:25][datafile]: loading data index=4 size=22 uncompressed=14
17:28 <+ddnet-discord> <jao> [2017-10-16 17:20:25][datafile]: loading data index=5 size=19 uncompressed=11
17:28 <+ddnet-discord> <jao> [2017-10-16 17:20:26][demo_player]: error during network decompression
17:28 <+ddnet-discord> <jao> [2017-10-16 17:20:26][demo_player]: Stopped playback```
17:28 <+ddnet-discord> <jao> I get this error when playing a cut demo
17:30 <+ddnet-discord> <Savander> you can debuug it? 😄
17:45 <+ddnet-discord> <jao> how? I could send you the demo file
19:14 <+ddnet-discord> <Learath2> why would i instantly timeout?
19:14 <+ddnet-discord> <Learath2> what is the criterion for that?
19:18 < ddnet-commits> [ddnet] Redix opened pull request #899: Handle blockers like collision tiles (master...pr_blockers_fix) https://git.io/vdDFj
20:05 < ddnet-commits> [ddnet] Learath2 opened pull request #900: Reset the username on disconnect (master...dd_pr_authname) https://git.io/vdDjT
22:21 <+ddnet-discord> <Ryozuki> https://www.wired.com/story/krack-wi-fi-wpa2-vulnerability/ care with ur wifi
