01:12 < ddnet-discord> <Rico> Hey, is it possible to programm a switch which when you pass/touch it to let blocks (tiles) appear/disappear?
01:20 < ddnet-discord> <jao> like a door?
01:23 < ddnet-discord> <Rico> Not like a tele (door) i mean there are already existing tiles but after you touch this "switch" there spawns new tiles.
01:28 < ddnet-discord> <Rico> Just like a spwan mechanism. It spawns a already existing construction which is already loaded but not activated.
01:28 < ddnet-discord> <Rico> I can not explain it very well but y...
01:33 < ddnet-discord> <Learath2> would heavily break prediction
01:34 < ddnet-discord> <Rico> damn.... thx for the quick answer
01:40 < ddnet-discord> <Rico> Would you still consider to create such a switch just to see if it would work at all? Or are you sure that it is game breaking in this state of the game?
02:08 < ddnet-discord> <Ama> You can make that work with bonus and penalty tiles
02:08 < ddnet-discord> <Rico> may you show me?
02:15 < ddnet-discord> <Ama> i deleted the video of it
02:15 < ddnet-discord> <Ama> i will try to find the map
02:18 < ddnet-discord> <Rico> k thx
02:18 < ddnet-discord> <Ama> its on another pc but i can tell you how it works
02:19 < Learath2> is the discord bot toast again?
02:20 < ddnet-discord> <Ama> ok it doesnt work with tiles only with freeze sorry for wasting your time 😦
02:22 < ddnet-discord> <Rico> no problem. But since it work with freeze it still smth and i would like to know it
02:22 < ddnet-discord> <Rico> works*
02:23 < ddnet-discord> <Rico> I would be thankful
14:53 < obo> FIX DDNET GER I CANT CONNECT 
14:53 < obo> FIX DDNET GER I CANT CONNECT 
14:53 < obo> FIX DDNET GER I CANT CONNECT 
14:53 < obo> FIX DDNET GER I CANT CONNECT 
14:53 < obo> FIX DDNET GER I CANT CONNECT 
14:53 < obo> FIX DDNET GER I CANT CONNECT 
14:53 < obo> FIX DDNET GER I CANT CONNECT 
14:53 < obo> FIX DDNET GER I CANT CONNECT 
14:53 < obo> FIX DDNET GER I CANT CONNECT 
14:53 < obo> FIX DDNET GER I CANT CONNECT 
14:53 < obo> FIX DDNET GER I CANT CONNECT 
14:53 < obo> FIX DDNET GER I CANT CONNECT 
14:53 <@deen> hi obo 
14:53 < obo> FIX DDNET GER I CANT CONNECT 
14:53 < obo> FIX DDNET GER I CANT CONNECT 
14:53 < obo> FIX DDNET GER I CANT CONNECT 
14:53 < obo> FIX DDNET GER I CANT CONNECT 
14:53 < obo> FIX DDNET GER I CANT CONNECT 
14:53 < obo> FIX DDNET GER I CANT CONNECT 
14:53 < obo> FIX DDNET GER I CANT CONNECT 
14:53 < obo> FIX DDNET GER I CANT CONNECT 
14:53 < obo> FIX DDNET GER I CANT CONNECT 
14:53 < obo> FIX DDNET GER I CANT CONNECT 
14:53 < obo> FIX DDNET GER I CANT CONNECT 
14:53 < obo> FIX DDNET GER I CANT CONNECT 
14:53 < obo> FIX DDNET GER I CANT CONNECT 
14:53 < obo> FIX DDNET GER I CANT CONNECT 
14:53 < obo> FIX DDNET GER I CANT CONNECT 
14:53 < obo> FIX DDNET GER I CANT CONNECT 
14:53 < obo> hi
14:53 < obo>  I LOST A SAVE ON THE FINAL PART OF RUN ANTIBUGUSE WITH 30 MINS
14:56 < obo> @deen @EastByte @heinrich5991 @Q FIX DDNET GER I CANT CONNECT
14:56 < obo> @deen @EastByte @heinrich5991 @Q FIX DDNET GER I CANT CONNECT
14:56 < obo> @deen @EastByte @heinrich5991 @Q FIX DDNET GER I CANT CONNECT
14:56 < obo> @deen @EastByte @heinrich5991 @Q FIX DDNET GER I CANT CONNECT
14:56 < obo> @deen @EastByte @heinrich5991 @Q FIX DDNET GER I CANT CONNECT
14:56 < obo> @deen @EastByte @heinrich5991 @Q FIX DDNET GER I CANT CONNECT
14:56 < obo> @deen @EastByte @heinrich5991 @Q FIX DDNET GER I CANT CONNECT
14:56 < obo> @deen @EastByte @heinrich5991 @Q FIX DDNET GER I CANT CONNECT
14:56 < obo> @deen @EastByte @heinrich5991 @Q FIX DDNET GER I CANT CONNECT
14:56 < obo> @deen @EastByte @heinrich5991 @Q FIX DDNET GER I CANT CONNECT
14:56 < obo> @deen @EastByte @heinrich5991 @Q FIX DDNET GER I CANT CONNECT
14:56 < obo> @deen @EastByte @heinrich5991 @Q FIX DDNET GER I CANT CONNECT
14:57 < obo> @deen @EastByte @heinrich5991 @Q FIX DDNET GER I CANT CONNECT
14:57 < obo> @deen @EastByte @heinrich5991 @Q FIX DDNET GER I CANT CONNECT
14:57 < obo> @deen @EastByte @heinrich5991 @Q FIX DDNET GER I CANT CONNECT
14:57 < obo> @deen @EastByte @heinrich5991 @Q FIX DDNET GER I CANT CONNECT
14:57 < obo> @deen @EastByte @heinrich5991 @Q FIX DDNET GER I CANT CONNECT
14:57 < obo> @deen @EastByte @heinrich5991 @Q FIX DDNET GER I CANT CONNECT
14:57 < obo> @deen @EastByte @heinrich5991 @Q FIX DDNET GER I CANT CONNECT
14:57 < obo> @deen @EastByte @heinrich5991 @Q FIX DDNET GER I CANT CONNECT
14:57 < obo> @deen @EastByte @heinrich5991 @Q FIX DDNET GER I CANT CONNECT
14:57 < obo> @deen @EastByte @heinrich5991 @Q FIX DDNET GER I CANT CONNECT
14:57 < obo> @deen @EastByte @heinrich5991 @Q FIX DDNET GER I CANT CONNECT
14:57 < obo> @deen @EastByte @heinrich5991 @Q FIX DDNET GER I CANT CONNECT
14:57 < obo> @deen @EastByte @heinrich5991 @Q FIX DDNET GER I CANT CONNECT
14:57 < obo> @deen @EastByte @heinrich5991 @Q FIX DDNET GER I CANT CONNECT
14:57 < obo> @deen @EastByte @heinrich5991 @Q FIX DDNET GER I CANT CONNECT
14:57 < obo> @deen @EastByte @heinrich5991 @Q FIX DDNET GER I CANT CONNECT
14:57 < obo> @deen @EastByte @heinrich5991 @Q FIX DDNET GER I CANT CONNECT
14:57 < obo> @deen @EastByte @heinrich5991 @Q FIX DDNET GER I CANT CONNECT@deen @EastByte @heinrich5991 @Q FIX DDNET GER I CANT CONNECT
14:57 < obo> @deen @EastByte @heinrich5991 @Q FIX DDNET GER I CANT CONNECT
14:57 < obo> @deen @EastByte @heinrich5991 @Q FIX DDNET GER I CANT CONNECT
14:57 < obo> @deen @EastByte @heinrich5991 @Q FIX DDNET GER I CANT CONNECT
14:57 < obo> @deen @EastByte @heinrich5991 @Q FIX DDNET GER I CANT CONNECT
14:58 < obo> @deen @EastByte @heinrich5991 @Q FIX DDNET GER I CANT CONNECT
14:58 < obo> @deen @EastByte @heinrich5991 @Q FIX DDNET GER I CANT CONNECT
14:58 < obo> @deen @EastByte @heinrich5991 @Q FIX DDNET GER I CANT CONNECT
14:58 < obo> @deen @EastByte @heinrich5991 @Q FIX DDNET GER I CANT CONNECT
14:58 < obo> @deen @EastByte @heinrich5991 @Q FIX DDNET GER I CANT CONNECT
14:58 < obo> @deen @EastByte @heinrich5991 @Q FIX DDNET GER I CANT CONNECT
14:58 < obo> @deen @EastByte @heinrich5991 @Q FIX DDNET GER I CANT CONNECT
14:58 < obo> @deen @EastByte @heinrich5991 @Q FIX DDNET GER I CANT CONNECT
14:58 < obo> v@deen @EastByte @heinrich5991 @Q FIX DDNET GER I CANT CONNECT
14:58 < obo> @deen @EastByte @heinrich5991 @Q FIX DDNET GER I CANT CONNECT
14:58 < obo> @deen @EastByte @heinrich5991 @Q FIX DDNET GER I CANT CONNECT
14:58 < obo> @deen @EastByte @heinrich5991 @Q FIX DDNET GER I CANT CONNECT
14:58 < obo> @deen @EastByte @heinrich5991 @Q FIX DDNET GER I CANT CONNECT
14:58 < obo> @deen @EastByte @heinrich5991 @Q FIX DDNET GER I CANT CONNECT
14:58 < obo> @deen @EastByte @heinrich5991 @Q FIX DDNET GER I CANT CONNECT
14:58 < obo> @deen @EastByte @heinrich5991 @Q FIX DDNET GER I CANT CONNECT
14:58 < obo> @deen @EastByte @heinrich5991 @Q FIX DDNET GER I CANT CONNECT
14:58 < obo> @deen @EastByte @heinrich5991 @Q FIX DDNET GER I CANT CONNECT
14:58 < obo> @deen @EastByte @heinrich5991 @Q FIX DDNET GER I CANT CONNECT
14:58 < obo> @deen @EastByte @heinrich5991 @Q FIX DDNET GER I CANT CONNECT
14:59 < obo> @deen @EastByte @heinrich5991 @Q FIX DDNET GER I CANT CONNECT
14:59 < obo> @deen @EastByte @heinrich5991 @Q FIX DDNET GER I CANT CONNECT
14:59 < obo> @deen @EastByte @heinrich5991 @Q FIX DDNET GER I CANT CONNECT
14:59 <@deen> obo: try again
14:59 <@deen> obo: and don't spam so much next time. 1 message does the same
14:59 < obo> ger dissapeared
14:59 < obo> you broked it
15:00 <@EastByte> there is/was ddos btw.
15:00 <@EastByte> we have no influence on that
15:02 <@deen> hm, disk on GER overloaded?
15:03 < Ryozuki> god..
15:06 <@EastByte> deen: hm right, didn't looks like ddos
15:07 <@EastByte> *look
15:07 <@deen> just some weak 100 KB/s incoming
15:08 <@EastByte> so, do slow disks still affect the gameservers?
15:08 <@deen> nono, i think that was the DoS
15:08 <@deen> it triggered the filters and then they blocked all legitimate connection attempts
15:08 <@deen> the slow disk affects gameservers, but not ddnet
15:08 <@deen> zcatch etc lag
15:09 <@EastByte> k
