01:10 <+ddnet-discord> <Roco> twitch.tv/nealsontnp
01:10 <+ddnet-discord> <Roco> twitch.tv/nealsontnp
13:40 <+ddnet-discord> <Ryozuki> spain is a dictatorship, #freedomforcatalonia
13:42 <+ddnet-discord> <Ryozuki> https://t.co/46qoUUfrzR
15:12 <+ddnet-discord> <Learath2> No propaganda in #developer
15:24 <+ddnet-discord> <Ryozuki> U think this is propaganda?
15:25 <+ddnet-discord> <jao> Yes
15:34 <+ddnet-discord> <Learath2> Ofc not it just doesnt belong here
15:34 <+ddnet-discord> <Savander> the question is, if it's manipulation
15:34 <+ddnet-discord> <Savander> or if not
15:34 <+ddnet-discord> <Savander> I don't know, and i can't check it so
15:34 <+ddnet-discord> <Savander> 😛
15:35 <+ddnet-discord> <Learath2> #off-topic or maybe #general?
15:35 <+ddnet-discord> <Savander> 😉
15:36 <+ddnet-discord> <jao> Only #off-topic
15:37 <+ddnet-discord> <Laboon> Hey,
15:37 <+ddnet-discord> <Laboon> 
15:37 <+ddnet-discord> <Laboon> is is maybe possible for some testers to test the tournament port?
15:37 <+ddnet-discord> <Laboon> 
15:37 <+ddnet-discord> <Laboon> I've made a few improvements like anti timing, anti groundhooking, auto team, spectating  and a few more... also bug fixxes
15:37 <+ddnet-discord> <Laboon> i've updated the map as well
15:37 <+ddnet-discord> <Laboon> you can find the src at 
15:37 <+ddnet-discord> <Laboon> https://github.com/lschierbach/ddnet
15:37 <+ddnet-discord> <Laboon> the map is here
15:37 <+ddnet-discord> <Laboon> https://drive.google.com/open?id=0B_QRetW5A0qgUml5MDRxNjFJWTg
15:39 <+ddnet-discord> <Savander> what you want to test?
15:40 <+ddnet-discord> <Laboon> overall stabilty
15:40 <+ddnet-discord> <Laboon> and the anti timing, cant really test 3v3 alone
15:40 <+ddnet-discord> <Savander> can you run server on your own ?
15:40 <+ddnet-discord> <Savander> we can try
15:40 <+ddnet-discord> <Laboon> i've got complications with my firewall
15:40 <+ddnet-discord> <Laboon> and cant access my router
15:40 <+ddnet-discord> <Laboon> ,_,
15:41 <+ddnet-discord> <Savander> ,_,
15:41 <+ddnet-discord> <Savander> i will run it  on my vps
15:41 <+ddnet-discord> <Laboon> thank you my friend
16:11 <+ddnet-discord> <Savander> search for
16:11 <+ddnet-discord> <Savander> My Laboon Server
16:12 <+ddnet-discord> <Savander> it's block? ;o
18:40 <+ddnet-discord> <Laboon> I cant find it
18:40 <+ddnet-discord> <Laboon> is it offline?
18:40 <+ddnet-discord> <Laboon> and yes its tournament blcok
18:50 <+ddnet-discord> <Savander> idk
18:50 <+ddnet-discord> <Savander> should be online
18:51 <+ddnet-discord> <Savander> now ?
18:53 <+ddnet-discord> <Laboon> thanks
18:53 <+ddnet-discord> <Laboon> now we only need testers
18:53 <+ddnet-discord> <Laboon> xD
18:56 <+ddnet-discord> <jao> I suggest to name it v2 or so instead of remade
21:51 <+ddnet-discord> <Laboon> hmm yes that would fit better
