00:37 < ddnet-commits> [ddnet] heinrich5991 opened pull request #894: Add a flag `-DDOWNLOAD_GTEST` to automatically download and build GTest (master...pr_ddnet_auto_download_gtest) https://git.io/vd1wT
03:54 <+ddnet-discord> <noby> how do i detect clients older than 0.6.4? i was told that it involves sending a fake map but idk exactly how its done
10:57 <+ddnet-discord> <ChillerDragon> i compiled my ddnet server and debugged it with vs. On crash it showed me the assembly line where it crashed. Does some1 know what assembly language it is?
10:57 <+ddnet-discord> <ChillerDragon> http://puu.sh/xYyFS/54711ee321.png
10:58 <+ddnet-discord> <ChillerDragon> im using win10 64 bit architecture
10:58 <+ddnet-discord> <heinrich5991> can you reproduce the crash?
10:58 <+ddnet-discord> <ChillerDragon> yes
10:58 <+ddnet-discord> <heinrich5991> have you compiled in debug mode?
10:58 <+ddnet-discord> <ChillerDragon> yes
10:58 <+ddnet-discord> <heinrich5991> hm
10:58 <+ddnet-discord> <ChillerDragon> well it wasnt ddnet
10:59 <+ddnet-discord> <ChillerDragon> it was ddnet++
10:59 <+ddnet-discord> <ChillerDragon> i just want to learn the assembly language a bit
10:59 <+ddnet-discord> <ChillerDragon> but im not sure which one it is
10:59 <+ddnet-discord> <heinrich5991> it's x86 assembly
10:59 <+ddnet-discord> <ChillerDragon> MASM ?
10:59 <+ddnet-discord> <heinrich5991> intel syntax
11:00 <+ddnet-discord> <heinrich5991> MASM is a assembler, a program that turns assembly into machine code
11:00 <+ddnet-discord> <heinrich5991> *an
11:00 <+ddnet-discord> <ChillerDragon> like an compiler`?
11:00 <+ddnet-discord> <heinrich5991> yes
11:00 <+ddnet-discord> <ChillerDragon> k
11:00 <+ddnet-discord> <ChillerDragon> does the language has a name?
11:00 <+ddnet-discord> <ChillerDragon> or is it just x64 intel
11:00 <+ddnet-discord> <heinrich5991> you're looking for x86 assembly
11:00 <+ddnet-discord> <heinrich5991> https://en.wikipedia.org/wiki/X86_assembly_language
11:01 <+ddnet-discord> <heinrich5991> and you're seeing the intel syntax, not the at&t syntax
11:01 <+ddnet-discord> <ChillerDragon> je 86 not 64
11:01 <+ddnet-discord> <ChillerDragon> -.-
11:01 <+ddnet-discord> <ChillerDragon> kk alright thanks c:
11:01 <+ddnet-discord> <heinrich5991> the code you screenshotted is not 64bit
11:01 <+ddnet-discord> <ChillerDragon> lol
11:01 <+ddnet-discord> <heinrich5991> it's 32bit assembly
11:02 <+ddnet-discord> <ChillerDragon> i compiled it on my 64bit machine
11:02 <+ddnet-discord> <ChillerDragon> dword
11:02 <+ddnet-discord> <ChillerDragon> double word
11:02 <+ddnet-discord> <ChillerDragon> word = 32 bit
11:02 <+ddnet-discord> <heinrich5991> no
11:02 <+ddnet-discord> <ChillerDragon> double world = 64 bit?
11:02 <+ddnet-discord> <heinrich5991> word = 16 bit
11:02 <+ddnet-discord> <ChillerDragon> ah
11:02 <+ddnet-discord> <heinrich5991> double word = 32 bit
11:02 <+ddnet-discord> <heinrich5991> quad word = 64 bit
11:02 <+ddnet-discord> <ChillerDragon> lel
11:03 <+ddnet-discord> <ChillerDragon> why does my 64bit machine compile 32 bit programms?
11:04 <+ddnet-discord> <heinrich5991> you can compile 64bit and 32bit programs from a 64bit MSVS, 32bit programs run on more machines, so I guess that's the default
11:04 <+ddnet-discord> <heinrich5991> do you compile with bam or cmake?
11:04 <+ddnet-discord> <ChillerDragon> bam
11:04 <+ddnet-discord> <heinrich5991> ah. I'm not even sure if that supports building 64bit on windows tbh
11:04 <+ddnet-discord> <ChillerDragon> hmkay
11:04 <+ddnet-discord> <ChillerDragon> i dont need it anyways
11:04 <+ddnet-discord> <ChillerDragon> win sux hehe
11:06 <+ddnet-discord> <ChillerDragon> "double quadword as 128 bits"
11:06 <+ddnet-discord> <ChillerDragon> xd?
11:06 <+ddnet-discord> <ChillerDragon> 128 bit systems
11:07 <+ddnet-discord> <heinrich5991> 64bit intel processors handle 128bit numbers just fine
11:07 <+ddnet-discord> <ChillerDragon> lol?
11:07 <+ddnet-discord> <ChillerDragon> oke
12:03 <+ddnet-discord> <Ryozuki> get a linux distro and learn assembly using nasm, i found it fun https://www.tutorialspoint.com/assembly_programming/
12:27 <+laxa> SSE registers and instructions
13:03 <+ddnet-discord> <heinrich5991> what about them?
13:46 < ddnet-commits> [ddnet] heinrich5991 opened pull request #895: Add Bors-NG (master...pr_ddnet_bors) https://git.io/vd1pA
13:52 <+ddnet-discord> <Learath2> @heinrich5991 who is boris
13:52 <+ddnet-discord> <Learath2> @heinrich5991 who is boris?
13:52 <+ddnet-discord> <heinrich5991> bors?
13:52 <+ddnet-discord> <heinrich5991> 😛
13:52 <+ddnet-discord> <Learath2> yes 😃
13:53 <+ddnet-discord> <heinrich5991> you can message it and it will merge after the compilation/tests pass
13:53 <+ddnet-discord> <heinrich5991> to prevent me from commiting compilation errors
13:59 <+ddnet-discord> <Learath2> where are you running the bors server?\
13:59 <+ddnet-discord> <heinrich5991> https://bors.tech/
14:01 <+ddnet-discord> <Learath2> @heinrich5991 seems to be stuck?
14:02 <+ddnet-discord> <heinrich5991> yea, will fix
14:02 <+ddnet-discord> <heinrich5991> but currently playing a game offline 😃
14:02 <+ddnet-discord> <Learath2> oic
14:05 < ddnet-commits> [ddnet] bors[bot] merged staging into master: https://git.io/vd1hM
14:06 <+ddnet-discord> <heinrich5991> @Learath2 didn't touch anything, seems to have worked 😄
14:06 <+ddnet-discord> <Learath2> apparently it just takes a while
14:06 <+ddnet-discord> <heinrich5991> still looks like I shoul fix something
14:06 <+ddnet-discord> <heinrich5991> but later
14:48 <+ddnet-discord> <heinrich5991> @Learath2 https://graydon2.dreamwidth.org/1597.html
15:21 < ddnet-commits> [ddnet] heinrich5991 opened pull request #896: Ignore `staging.tmp` for bors (master...pr_ddnet_bors_ignore) https://git.io/vdMve
15:40 < ddnet-commits> [ddnet] bors[bot] merged staging into master: https://git.io/vdMvS
15:41 <+ddnet-discord> <Savander> boris!
15:41 <+ddnet-discord> <heinrich5991> @Learath2 write "bors r+" to merge a pull request, from now on
15:42 <+ddnet-discord> <heinrich5991> https://bors.tech/documentation/
21:56 < ddnet-commits> [ddnet] bors[bot] merged staging into master: https://git.io/vdM85
21:57 <+ddnet-discord> <Savander> borrris
