01:27 <+ddnet-discord> <n000b> Which website do you use to sell your bitcoins?
01:36 <+ddnet-discord> <Learath2> well I generally prefer to shapeshift or trade it on bitfinex to an alt that seems stable
01:36 <+ddnet-discord> <Learath2> if I have to sell I'll use bitstamp or coinbase I guess but horrible fees on coinbase
13:08 <+ddnet-discord> <Shishigami> I'm trying to get ddnet with visual studio working, but it cannot open SDL.h: <https://i.imgur.com/rCbJP5r.png>
13:08 <+ddnet-discord> <Shishigami> anyone know how to fix this? 
13:08 <+ddnet-discord> <Shishigami> fwiw, it still compiles and seems to work fine but it shows this weird icon in the server browser: <https://i.imgur.com/qHW7rYL.png>
14:03 <+ddnet-discord> <Savander> maybe you can include sdl into visual-studio as a standalone lib ?
14:04 <+ddnet-discord> <Savander> https://www.libsdl.org/tmp/SDL/VisualC.html
14:04 <+ddnet-discord> <Savander> i think it works like that
15:45 <+ddnet-discord> <heinrich5991> @Shishigami how did you download the ddnet source code?
15:45 <+ddnet-discord> <heinrich5991> did you follow this tutorial? https://forum.ddnet.tw/viewtopic.php?f=16&t=5765
15:48 <+ddnet-discord> <Savander> but maybe visual studio jsut dont recognize sdl
15:48 <+ddnet-discord> <Savander> he said, that it can be compiled
16:00 <+ddnet-discord> <Shishigami> @heinrich5991 yes
16:01 <+ddnet-discord> <Shishigami> only thing I did differently was I didnt check git for windows because i already had it
16:09 <+ddnet-discord> <heinrich5991> ok
16:10 <+ddnet-discord> <heinrich5991> did you download the source with msvs or with the git that you already had?
16:10 <+ddnet-discord> <heinrich5991> @Shishigami
16:10 <+ddnet-discord> <Shishigami> in team explorer
16:10 <+ddnet-discord> <heinrich5991> ok
17:03 <+ddnet-discord> <Shishigami> I guess thats not the only thing going wrong
17:03 <+ddnet-discord> <Shishigami> https://i.imgur.com/rPypcyG.png
17:06 <+ddnet-discord> <Shishigami> I guess thats not the only thing going wrong
17:06 <+ddnet-discord> <Shishigami> <https://i.imgur.com/rPypcyG.png>
17:28 <+ddnet-discord> <cinaera> you adjust the include directories
17:28 <+ddnet-discord> <cinaera> you need toadjust the include directories
17:28 <+ddnet-discord> <cinaera> you need to adjust the include directories
17:43 <+ddnet-discord> <heinrich5991> @Shishigami how are you building the project?
17:43 <+ddnet-discord> <heinrich5991> did you create a project file?
17:43 <+ddnet-discord> <heinrich5991> which version of msvs are you using?
17:44 <+ddnet-discord> <Savander> @heinrich5991 , for you by default VS autocomplete code from SDL?
17:44 <+ddnet-discord> <heinrich5991> not sure if from SDL
17:44 <+ddnet-discord> <heinrich5991> I could reboot and check
17:44 <+ddnet-discord> <heinrich5991> let me do that in a minute
17:45 <+ddnet-discord> <Savander> np 😉
17:45 <+ddnet-discord> <Savander> Actually, I am making sweeties 😄
17:45 <+ddnet-discord> <Savander> so dont hurry
17:47 <+ddnet-discord> <heinrich5991> wanna share some? 😃
17:47 <+ddnet-discord> <n000b> I am painting, can't share that
17:47 <+ddnet-discord> <n000b> Sorry:o
17:47 <+ddnet-discord> <heinrich5991> huh? that seems surprisingly easy to share, as opposed to sweets 🙂
17:53 <+ddnet-discord> <Shishigami> @heinrich5991 15.5.2, installed it earlier
17:53 <+ddnet-discord> <Shishigami> I selected DDNet.exe where it says Select Startup Item... and just click on the green arrow
17:53 <+ddnet-discord> <Shishigami> its set to debug
17:53 <+ddnet-discord> <heinrich5991> ok
17:53 <+ddnet-discord> <heinrich5991> sounds good
18:03 <+ddnet-discord> <heinrich5991> I'm rebooting into windows. but it seems to see a need to update
18:03 <+ddnet-discord> <heinrich5991> "Your PC will restart several times."
18:27 <+ddnet-discord> <Savander> 😄
18:27 <+ddnet-discord> <Savander> Yea, no problem
18:28 <+ddnet-discord> <heinrich5991> yea, about my windows installation…
18:28 <+ddnet-discord> <Savander> http://lanika.pl/content/images/2015/12/orzeszki-z-kremem-kakaowym.jpg
18:29 <+ddnet-discord> <Savander> nut shells with cream inside
18:29 <+ddnet-discord> <heinrich5991> uhhhh. WANT
18:29 <+ddnet-discord> <heinrich5991> "working on updates 75%"
18:29 <+ddnet-discord> <Savander> 😄
18:29 <+ddnet-discord> <Ram> i love these @Savander
18:29 <+ddnet-discord> <Savander> pretty easy to do!
18:29 <+ddnet-discord> <Ram> no
18:30 <+ddnet-discord> <Savander> you only need that stuff http://ilovebake.pl/wp-content/uploads/2014/12/orzeszki-ciastka-nadziewane-kremem-michalkowym-4.jpg
18:30 <+ddnet-discord> <Ram> im lazy
18:30 <+ddnet-discord> <Savander> that hot pan
18:30 <+ddnet-discord> <Ram> i wont do myself more than bread
18:30 <+ddnet-discord> <Ram> everything else is too much efforr
18:30 <+ddnet-discord> <Ram> everything else is too much effort
18:30 <+ddnet-discord> <Savander> So you need to find a girl, which like to be not respected
18:30 <+ddnet-discord> <Savander> 😄
18:31 <+ddnet-discord> <Ram> wow thats kinda insulting
18:31 <+ddnet-discord> <Savander> reality
18:31 <+ddnet-discord> <Ram> I mean like which women likes to be respected
18:31 <+ddnet-discord> <Ram> pfff
18:32 <+ddnet-discord> <Savander> And it wasn't insult
18:32 <+ddnet-discord> <Savander> it was solution for you
18:32 <+ddnet-discord> <Savander> She will do everything for you
18:32 <+ddnet-discord> <Savander> you can be lazy !
18:32 <+ddnet-discord> <Savander> :)_
18:32 <+ddnet-discord> <Ram> 
18:32 <+ddnet-discord> <Ram> https://cdn.discordapp.com/attachments/293493549758939136/394180561029300234/Screenshot_20171223-183243.png
18:33 <+ddnet-discord> <heinrich5991> mhhhh
18:33 <+ddnet-discord> <Savander> Serious relationship > your picture
18:33 <+ddnet-discord> <heinrich5991> "Working on updates 87%"
18:33 <+ddnet-discord> <Ram> my card is sadly at 5/10 :feelsbadman:
18:33 <+ddnet-discord> <Savander> i don't need to fuck every girl i met
18:33 <+ddnet-discord> <heinrich5991> it's stuck now
18:33 <+ddnet-discord> <Ram> u dont?
18:33 <+ddnet-discord> <heinrich5991> the screen froze
18:33 <+ddnet-discord> <Savander> :PP
18:33 <+ddnet-discord> <Savander> I don't, crazy huh?
18:33 <+ddnet-discord> <Ram> @heinrich5991 welcome to windows
18:33 <+ddnet-discord> <Savander> @heinrich5991  don't worry, it sayts 87% but it's 20%
18:34 <+ddnet-discord> <Savander> fake news
18:34 <+ddnet-discord> <heinrich5991> switch off the computer forcefully and retry?
18:34 <+ddnet-discord> <Savander> noo 😮
18:34 <+ddnet-discord> <Ram> yeah and if you do this often enough
18:34 <+ddnet-discord> <Ram> u wont even be able to boot windows
18:34 <+ddnet-discord> <Savander> it will run check disk
18:34 <+ddnet-discord> <Savander> if you do that :?
18:35 <+ddnet-discord> <heinrich5991> then I'll have to reinstall it? that took quite long last time IIRC :/
18:35 <+ddnet-discord> <Ram> just wait
18:35 <+ddnet-discord> <heinrich5991> but what am I supposed to do?
18:35 <+ddnet-discord> <Savander> not reall
18:35 <+ddnet-discord> <heinrich5991> it froze
18:35 <+ddnet-discord> <Ram> windows just dont like updating numbers
18:35 <+ddnet-discord> <Savander> just put USB with windows, and it will replace
18:35 <+ddnet-discord> <Savander> his files
18:35 <+ddnet-discord> <heinrich5991> like the animation
18:35 <+ddnet-discord> <heinrich5991> the progress animation
18:35 <+ddnet-discord> <heinrich5991> the rotating circles
18:35 <+ddnet-discord> <Ram> like in check disk since windows 7
18:35 <+ddnet-discord> <heinrich5991> don't move anymore
18:35 <+ddnet-discord> <Ram> the numbers stuck
18:35 <+ddnet-discord> <Ram> but it goes on
18:35 <+ddnet-discord> <Savander> how long?
18:35 <+ddnet-discord> <heinrich5991> >1min
18:35 <+ddnet-discord> <Savander> quite normal then
18:35 <+ddnet-discord> <Savander> just leave it for 10 minutes
18:35 <+ddnet-discord> <heinrich5991> but it's the animation
18:35 <+ddnet-discord> <Ram> wait 10 min atleasr
18:36 <+ddnet-discord> <heinrich5991> not just the number
18:36 <+ddnet-discord> <Ram> r
18:36 <+ddnet-discord> <Ram> t
18:36 <+ddnet-discord> <heinrich5991> that's stuck
18:36 <+ddnet-discord> <Shishigami> @Savander holy shit I actually got those from my neighboar today
18:36 <+ddnet-discord> <Savander> I know @heinrich5991, it's really normal on windows
18:36 <+ddnet-discord> <Savander> it stops, and looks like broken
18:36 <+ddnet-discord> <Ram> @Shishigami gimme some :(
18:36 <+ddnet-discord> <Savander> but it isn't
18:36 <+ddnet-discord> <Savander> if it will take more than 10 minutes, restart
18:36 <+ddnet-discord> <Shishigami> @Ram id love to, I dont like them 😄
18:36 <+ddnet-discord> <Ram> :bluekitty:
18:36 <+ddnet-discord> <Savander> You don't liek!? It's so sweeety
18:37 <+ddnet-discord> <Shishigami> yeee i dont like sweet stuff 😄
18:37 <+ddnet-discord> <Savander> and melts in your mouth
18:37 <+ddnet-discord> <Savander> oh, understand.
18:37 <+ddnet-discord> <Savander> I will buy lays for you
18:37 <+ddnet-discord> <Savander> better? 😄
18:37 <+ddnet-discord> <Shishigami> never tried that
18:37 <+ddnet-discord> <Savander> you never tried Lays 
18:37 <+ddnet-discord> <Savander> ?
18:37 <+ddnet-discord> <Shishigami> @Savander https://www.funny-frisch.de/files/theme/produkte/chipsfrisch/ungarisch_packshot.png
18:37 <+ddnet-discord> <Savander> ugh, looks tasty
18:38 <+ddnet-discord> <Savander> it's paprika?
18:38 <+ddnet-discord> <Shishigami> ye
18:39 <+ddnet-discord> <Savander> I really like fromage
18:39 <+ddnet-discord> <heinrich5991> @Shishigami I'm sorry, it seems to take longer than usual to boot windows 😦
18:40 <+ddnet-discord> <Shishigami> sounds normal
18:40 <+ddnet-discord> <Savander> @heinrich5991, on time in my old school
18:40 <+ddnet-discord> <Savander> I have updated windows
18:41 <+ddnet-discord> <Savander> and it took a two days to complete that task
18:41 <+ddnet-discord> <Savander> 😄
18:41 <+ddnet-discord> <Savander> Windows magic
18:46 <+ddnet-discord> <heinrich5991> @Savander @Ram it's still locked up
18:46 <+ddnet-discord> <Savander> try ctrl + alt + dlete
18:47 <+ddnet-discord> <heinrich5991> it's in the update screen
18:47 <+ddnet-discord> <Savander> but try
18:47 <+ddnet-discord> <heinrich5991> doubt that this will work
18:47 <+ddnet-discord> <heinrich5991> doesn't
18:47 <+ddnet-discord> <Savander> if not, then restart
18:47 <+ddnet-discord> <Savander> we can't do much if it stuck
18:47 <+ddnet-discord> <Savander> does harddrive flashes?
18:47 <+ddnet-discord> <Savander> I mean, if you use laptop
18:47 <+ddnet-discord> <heinrich5991> don't see that
18:47 <+ddnet-discord> <Savander> you can check if hardrive works
18:47 <+ddnet-discord> <Savander> working*
18:49 <+ddnet-discord> <heinrich5991> "Restoring your previous version of Windows"
18:49 <+ddnet-discord> <Savander> :/
18:50 <+ddnet-discord> <Savander> Maybe some kind of collision happened
18:50 <+ddnet-discord> <heinrich5991> collision?
18:50 <+ddnet-discord> <Shishigami> 😂
18:50 <+ddnet-discord> <Savander> like some software has specific requirements
18:51 <+ddnet-discord> <Savander> windows is specific, what i can say 🍎
18:51 <+ddnet-discord> <Savander> sometimes, my update fails because of google drive
18:52 <+ddnet-discord> <Savander> but then i try to update windows again, and it works xD.
18:52 <+ddnet-discord> <Savander> Don't ask me why. I don't understand how windows works.
18:52 <+ddnet-discord> <Savander> fortunately, i don't need to update windows very often
18:53 <+ddnet-discord> <heinrich5991> hm. now it seems to work \o/
18:53 <+ddnet-discord> <heinrich5991> heinrich5991 – Welcome …
18:53 <+ddnet-discord> <Savander> hurray
18:54 <+ddnet-discord> <Savander> https://www.youtube.com/watch?v=WaqlmeRfPFE
19:02 <+ddnet-discord> <heinrich5991> @Savander yes, I do get code completion for SDL
19:04 <+ddnet-discord> <heinrich5991> @Shishigami sooo
19:04 <+ddnet-discord> <heinrich5991> you there?
19:04 <+ddnet-discord> <Savander> Hmm, pretty weird.
19:04 <+ddnet-discord> <Shishigami> yup
19:04 <+ddnet-discord> <Savander> @Shishigami  have you run cmake
19:04 <+ddnet-discord> <Savander> ?
19:04 <+ddnet-discord> <heinrich5991> you don't have to, in visual studio
19:04 <+ddnet-discord> <heinrich5991> it runs cmake by itself
19:04 <+ddnet-discord> <Savander> CLion do it for me automatically
19:05 <+ddnet-discord> <heinrich5991> @Shishigami can you click "CMake -> Clean All"?
19:05 <+ddnet-discord> <heinrich5991> in the menu
19:05 <+ddnet-discord> <Shishigami> Clean succeeded.
19:05 <+ddnet-discord> <heinrich5991> and now click on the green arrow
19:06 <+ddnet-discord> <heinrich5991> that says something like "DDNet.exe" in your case
19:06 <+ddnet-discord> <Shishigami> Build failed
19:06 <+ddnet-discord> <Shishigami> https://i.imgur.com/JnBDo21.png
19:06 <+ddnet-discord> <Shishigami> eh https://i.imgur.com/To8pJRS.png
19:06 <+ddnet-discord> <heinrich5991> good
19:07 <+ddnet-discord> <heinrich5991> you downloaded it today?
19:07 <+ddnet-discord> <Shishigami> yes
19:07 <+ddnet-discord> <Shishigami> i forked ddnet/ddnet, but thats not the problem, is it?
19:07 <+ddnet-discord> <heinrich5991> no
19:07 <+ddnet-discord> <Savander> have you ddnet-libs? 😮
19:07 <+ddnet-discord> <Shishigami> i do
19:08 <+ddnet-discord> <Shishigami> all the files are there, it just cant find them or something
19:08 <+ddnet-discord> <Learath2> can you show the result of the cmake configuration?
19:08 <+ddnet-discord> <Shishigami> where do I see that
19:09 <+ddnet-discord> <heinrich5991> mh..
19:09 <+ddnet-discord> <heinrich5991> eating dinner now, back in ~30min? 😦
19:09 <+ddnet-discord> <heinrich5991> @Learath2 could you try to debug this while I'm away?
19:09 <+ddnet-discord> <Learath2> @Shishigami don't really remember but needs to be the first thing after clean all
19:10 <+ddnet-discord> <Learath2> yeah yeah I'll try
19:10 <+ddnet-discord> <Savander> there's no cmakelog or something?
19:10 <+ddnet-discord> <heinrich5991> perhaps the "clean all" doesn't clean cmake
19:10 <+ddnet-discord> <Learath2> cmake clean all should I guess
19:10 <+ddnet-discord> <Savander> http://www.wasz.ovh/img/i5WpuNK4108231
19:10 <+ddnet-discord> <Savander> I got few of them, but idk if it's cmake specific or CLion
19:10 <+ddnet-discord> <Learath2> It feels like you are missing python to me
19:12 <+ddnet-discord> <Savander> check build folder or something, if you have some kind of logs
19:12 <+ddnet-discord> <Shishigami> @Learath2 did you mean this? https://pastebin.com/fCwDvtVs
19:12 <+ddnet-discord> <Shishigami> i should have python
19:13 <+ddnet-discord> <Learath2> pastebin doesn't work in turkey 😦
19:13 <+ddnet-discord> <Shishigami> the hell
19:13 <+ddnet-discord> <Learath2> turkey is a fascist dictatorship
19:13 <+ddnet-discord> <Savander> https://pastebin.mozilla.org/9075138
19:13 <+ddnet-discord> <Shishigami> @Learath2 https://gist.githubusercontent.com/marcelherd/15538a94d93e83cfba88f69c01e47c86/raw/eab046a97aa1510bc04bd31133c965a1f8a5ee1c/log.txt
19:13 <+ddnet-discord> <Savander> :D:D
19:13 <+ddnet-discord> <Learath2> now run a build
19:14 <+ddnet-discord> <Shishigami> cmake build all or build solution?
19:14 <+ddnet-discord> <Learath2> dont you have the green arrow?
19:14 <+ddnet-discord> <Shishigami> i do
19:14 <+ddnet-discord> <Learath2> press green arrow, it should start building
19:14 <+ddnet-discord> <Shishigami> yes that fails
19:15 <+ddnet-discord> <Shishigami> @Learath2 https://gist.githubusercontent.com/marcelherd/1ef950c77d6caf8b30dcd1c1e70455a6/raw/882fad6098b35f63d71d3b5b6c363bb8079716a4/errors.txt
19:15 <+Learath2> https://paste.pr0.tips/Lt you should get sth like this at the top of the output
19:16 <+Learath2> not the visual studio errors thing, just the output
19:16 <+ddnet-discord> <Shishigami> build here
19:16 <+ddnet-discord> <Shishigami> https://gist.githubusercontent.com/marcelherd/63522bd7cc505430a048e0cb1e9f1da8/raw/0e26db8ce401547158815c9806a1887756e9e170/build.txt
19:17 <+Learath2> hmm it's not triggering a cmake build first for some reason
19:19 <+Learath2> can you show me your entire VS screen?
19:19 <+Learath2> I don't have windows to check here
19:20 <+ddnet-discord> <Shishigami> this? 😄 https://i.imgur.com/i1vGyO4.png
19:22 <+ddnet-discord> <Learath2> Instead of error list show output tab pls
19:22 <+ddnet-discord> <Shishigami> https://i.imgur.com/5M3LDhu.png
19:23 <+ddnet-discord> <Savander> im curious, if you can
19:23 <+ddnet-discord> <Learath2> Idk how to trigger a cmake rebuild short of recloning i guess
19:23 <+ddnet-discord> <Savander> just clone project again
19:23 <+ddnet-discord> <Savander> and open that folder as a project
19:23 <+ddnet-discord> <Savander> i visual studio
19:23 <+ddnet-discord> <Savander> it should then run cmake
19:24 <+ddnet-discord> <Savander> and  analyze all the files
19:24 <+ddnet-discord> <Savander> @Learath2  it should automatically
19:24 <+ddnet-discord> <Savander> without pressing anything
19:24 <+ddnet-discord> <Savander> if you change something in cmakelist.txt
19:24 <+ddnet-discord> <Savander> it should call it automatically
19:24 <+ddnet-discord> <Learath2> Follow heinrichs tutorial on the forum
19:25 <+ddnet-discord> <Savander> which version of vs ?
19:25 <+ddnet-discord> <Savander> if 2017 it should work perfecetly
20:15 <+ddnet-discord> <Konsti> How to open console on Android client
20:24 <+ddnet-discord> <heinrich5991> no idea
20:28 <+ddnet-discord> <Konsti> OK i found the way but it doesnt open a keyboard then :feelsbadman:
20:28 <+ddnet-discord> <heinrich5991> @Shishigami I think there's a folder "CMakeBuilds" or sth in your home folder
20:28 <+ddnet-discord> <heinrich5991> in there, there are some folders named like UUIDs IIRC
20:28 <+ddnet-discord> <heinrich5991> so 1234578-134123-13423-5435-134
20:28 <+ddnet-discord> <heinrich5991> or sth
20:28 <+ddnet-discord> <heinrich5991> and in there, we might find the `CMakeCache.txt`
20:29 <+ddnet-discord> <Konsti> U mean savander
20:29 <+ddnet-discord> <Konsti> not shishigami
20:29 <+ddnet-discord> <Shishigami> @heinrich5991 there is
20:29 <+ddnet-discord> <Konsti> Oh nvm
20:29 <+ddnet-discord> <Shishigami> https://pastebin.com/Yb59pSzH
20:31 <+ddnet-discord> <heinrich5991> thanks
20:31 <+ddnet-discord> <heinrich5991> mh
20:31 <+ddnet-discord> <Savander> is ther CMakeFiles folder?
20:31 <+ddnet-discord> <Savander> somwhere
20:32 <+ddnet-discord> <Shishigami> yes
20:32 <+ddnet-discord> <Savander> is there any *.log files?
20:32 <+ddnet-discord> <Savander> are there any *.log files?
20:33 <+ddnet-discord> <Shishigami> https://pastebin.com/kw7PLZC7
20:33 <+ddnet-discord> <Shishigami> https://pastebin.com/1nRJEgGT
20:33 <+ddnet-discord> <Shishigami> output and error
20:36 <+ddnet-discord> <Savander> hmm, can you show me screenshot of that CMakeFiles folder?
20:36 <+ddnet-discord> <Savander> CLion for me generates clion-log as well, it shows cmakes logs
20:36 <+ddnet-discord> <Shishigami> https://i.imgur.com/Ish9SRx.png
20:36 <+ddnet-discord> <Savander> maybe you have something similar
20:38 <+ddnet-discord> <Shishigami> is it different from CmakeOutput.log?
20:39 <+ddnet-discord> <heinrich5991> can you perhaps show the contents of `DDNet.dir`
20:39 <+ddnet-discord> <heinrich5991> ?
20:39 <+ddnet-discord> <Shishigami> https://i.imgur.com/3UZKeD3.png
20:40 <+ddnet-discord> <Savander> @Shishigami  https://gist.github.com/savander/43fc9d945c072a4511c9331e970293ad
20:41 <+ddnet-discord> <Savander> I was curious, if there's a mess here in your project
20:42 <+ddnet-discord> <Shishigami> to me it just seems like vs doesnt know where the includes are
20:42 <+ddnet-discord> <Shishigami> but i have no idea 😄
20:42 <+ddnet-discord> <Savander> it looks like, cmake can really
20:42 <+ddnet-discord> <Savander> make your project
20:43 <+ddnet-discord> <Savander> `CheckIncludeFile.c(1): fatal error C1083: Cannot open include file: 'pthread.h': No such file or directory`
20:43 <+ddnet-discord> <Savander> it's weeeird
20:43 <+ddnet-discord> <Savander> ;D
20:43 < ddnet-commits> [ddnet] def- pushed 1 new commit to master: https://git.io/vbQcH
20:43 < ddnet-commits> ddnet/master 627291c def: /pause <name> always switches to watching name...
23:06 <+ddnet-discord> <heinrich5991> cool
23:07 <+ddnet-discord> <heinrich5991> I was able to reproduce the SDL error locally \o/
23:07 <+ddnet-discord> <heinrich5991> that makes for easier debugging
23:17 <+ddnet-discord> <heinrich5991> @Shishigami can you close MSVS and delete the `CMakeBuilds` folder in your home directory?
23:17 <+ddnet-discord> <heinrich5991> and try again?
23:21 <+ddnet-discord> <Shishigami> @heinrich5991 
23:21 <+ddnet-discord> <Shishigami> MSBUILD : error MSB6003: The specified task executable "cmd.exe" could not be run. The working directory "C:\Users\shish\CMakeBuilds\0f6e4bdf-632d-9639-ad79-366f81bdf509\build\x86-Debug" does not exist.
23:21 <+ddnet-discord> <Shishigami> 
23:21 <+ddnet-discord> <Shishigami> I deleted the folder
23:21 <+ddnet-discord> <Shishigami> should I clean again?
23:21 <+ddnet-discord> <heinrich5991> sec
23:21 <+ddnet-discord> <heinrich5991> I got this as well, clicked some button to make that go away
23:21 <+ddnet-discord> <heinrich5991> I don't remember, let me retry
23:22 <+ddnet-discord> <Shishigami> also, what is the difference between these two?
23:22 <+ddnet-discord> <Shishigami> https://i.imgur.com/Oxa03be.png
23:22 <+ddnet-discord> <heinrich5991> take the first one
23:22 <+ddnet-discord> <abcqwerty> one is a virus
23:22 <+ddnet-discord> <Shishigami> oh no
23:22 <+ddnet-discord> <heinrich5991> the other one has sth to do with how ddnet is packaged
23:23 <+ddnet-discord> <heinrich5991> @Shishigami select a different entry in the menu left to the green arrow
23:23 <+ddnet-discord> <heinrich5991> the build configuration
23:23 <+ddnet-discord> <heinrich5991> I think I did that
23:23 <+ddnet-discord> <Shishigami> oh yeah
23:24 <+ddnet-discord> <Shishigami> its doing the cmake build thing now
23:24 <+ddnet-discord> <Shishigami> that savander linked earlier
23:24 <+ddnet-discord> <heinrich5991> good
23:26 <+ddnet-discord> <Shishigami> ok, I can run from x86-release but its still showing the errors: <https://i.imgur.com/XCHZbyy.png>
23:26 <+ddnet-discord> <Shishigami> x86-debug build configuration is still using the old path 😄
23:26 <+ddnet-discord> <heinrich5991> "the old path"?
23:27 <+ddnet-discord> <Shishigami> this I mean
23:27 <+ddnet-discord> <Shishigami> ```
23:27 <+ddnet-discord> <Shishigami> The specified task executable "cmd.exe" could not be run. The working directory "C:\Users\shish\CMakeBuilds\0f6e4bdf-632d-9639-ad79-366f81bdf509\build\x86-Debug" does not exist.    
23:27 <+ddnet-discord> <Shishigami> 
23:27 <+ddnet-discord> <Shishigami> C:\Program Files (x86)\Microsoft Visual Studio\2017\Community\Common7\IDE\CMakeLists.txt
23:27 <+ddnet-discord> <Shishigami> ```
23:27 <+ddnet-discord> <heinrich5991> when switching back it still errors?
23:28 <+ddnet-discord> <Shishigami> yep
23:28 <+ddnet-discord> <heinrich5991> duh
23:28 <+ddnet-discord> <heinrich5991> cmake->cache->generate?
23:29 <+ddnet-discord> <Shishigami> that worked
23:29 <+ddnet-discord> <heinrich5991> maybe try project -> rescan solution for the in-source errors?
23:30 <+ddnet-discord> <Shishigami> didnt work
23:30 <+ddnet-discord> <Shishigami> didnt work, still shows the errors
23:30 <+ddnet-discord> <heinrich5991> you're talking about the errors in the source view, aren't you?
23:30 <+ddnet-discord> <Shishigami> yes
23:30 <+ddnet-discord> <Shishigami> can't open source file
23:30 <+ddnet-discord> <heinrich5991> maybe re-open MSVS
23:31 <+ddnet-discord> <Shishigami> well, its a bit better now
23:31 <+ddnet-discord> <Shishigami> now it only cant open source file for SDL 😄
23:39 <+ddnet-discord> <heinrich5991> hmmm
23:39 <+ddnet-discord> <heinrich5991> reopen it again? 😛
23:41 <+ddnet-discord> <heinrich5991> @Shishigami new screenshot? 🙂
23:42 <+ddnet-discord> <Shishigami> i reopened it and it made it worse again
23:42 <+ddnet-discord> <Shishigami> https://i.imgur.com/TqC97I7.png
23:49 <+ddnet-discord> <heinrich5991> does compiling `DDNet.exe`maybe help?
23:49 <+ddnet-discord> <Shishigami> compiling works but the errors dont go away
23:52 <+ddnet-discord> <Shishigami> eh, closing and opening the file did the trick
23:52 <+ddnet-discord> <Shishigami> now its back to only missing SDL.h
23:53 <+ddnet-discord> <heinrich5991> why does that file include `SDL.h` anyway? 😦
23:53 <+ddnet-discord> <Shishigami> https://i.imgur.com/gcxDpoq.png
23:53 <+ddnet-discord> <Shishigami> for that
23:58 <+ddnet-discord> <heinrich5991> yea, that should be hidden away in a different file
23:58 <+ddnet-discord> <heinrich5991> it's kinda bad practice
23:59 <+ddnet-discord> <heinrich5991> (in `src/engine/client/backend_sdl.cpp`, most likely)
