09:41 <@deen> Ah damn, old version of clang on my Mac OS X VM as well, how to update that?
09:43 <@deen> Or I try osxcross
11:40 <@deen> no idea how to get carbon/sdk with osxcross
12:12 <@deen> updating llvm on the VM with homebrew also failed
12:14 <+ddnet-discord> <kickeoz> I have problem with demos, when i cut any demo, i cant launch cutted demo, how i can fix it ?
12:16 <@deen> sounds like a bug, describe what you do exactly, and post logs from console
12:16 <+ddnet-discord> <Mokuz> how much free space you have?
12:17 <+ddnet-discord> <kickeoz> 400gb
12:17 <+ddnet-discord> <kickeoz> Im using ddnet 10.8.3
12:17 <+ddnet-discord> <Savander> not enough
12:18 <+ddnet-discord> <Mokuz> Maybe it's just memory thing
12:19 <+ddnet-discord> <Mokuz> What platform?
12:19 <+ddnet-discord> <kickeoz> windows
12:19 <+ddnet-discord> <Mokuz> Hmmmmmm
12:19 <+ddnet-discord> <Savander> hmm weird
12:19 <+ddnet-discord> <Savander> which exactly ?
12:20 <+ddnet-discord> <kickeoz> windows 8.1
12:20 <+ddnet-discord> <Savander> i tested it on w10 pro 64
12:20 <+ddnet-discord> <Savander> and works
12:20 <+ddnet-discord> <Savander> hmm
12:20 <+ddnet-discord> <Mokuz> *womits*
12:20 <+ddnet-discord> <Mokuz> **womits**
12:21 <+ddnet-discord> <Mokuz> ***womits***
12:21 <+ddnet-discord> <Mokuz> ****womits****
12:21 <+ddnet-discord> <Mokuz> (star)womits(star)
12:22 <+ddnet-discord> <Mokuz> I hate discord
12:22 <+ddnet-discord> <Savander> **lol**
12:22 <+ddnet-discord> <Savander> hoh, markdown works
12:23 <+ddnet-discord> <kickeoz> how post logs from console ?
12:24 <+ddnet-discord> <Savander> pastebin.com
12:24 <+ddnet-discord> <Savander> for example
12:25 <+ddnet-discord> <kickeoz> https://pastebin.com/raw/yMPZidXb
12:38 <@deen> this happens with any demo? or just 1 specific map/demo file
12:38 <@deen> Would be nice to provide the demo file so that devs can reproduce and fix
12:42 <+ddnet-discord> <kickeoz> Not it happen not with all demos
12:42 <+ddnet-discord> <kickeoz> Some demos when i try cut just crash my game
12:43 <+sctt_> k
12:49 <+ddnet-discord> <kickeoz> 
12:49 <+ddnet-discord> <kickeoz> https://cdn.discordapp.com/attachments/293493549758939136/375612334586200067/ebatspalislya.demo
18:42 <+ddnet-discord> <NeXus> http://teewebs.net/
18:42 <+ddnet-discord> <NeXus> this is awesome
19:17 <+ddnet-discord> <ChillerDragon> yes lol and super old xd
20:14 <+ddnet-discord> <Learath2> you know what's even awesomer? http://beta.teewebs.net
20:14 <+ddnet-discord> <Learath2> when it decides to work that is
20:14 <+ddnet-discord> <ZimE> wtf
20:16 <+ddnet-discord> <NeXus> whats the different?
20:18 <+ddnet-discord> <NeXus> whats the difference?
21:57 <+ddnet-discord> <m4xk1ng> Did someone figured out why the Server are always lagging? idk but if you want to move than you get bugged back like you ping is bad but you see that the other player are moving?
22:49 <+ddnet-discord> <NeXus> Cant you guys fix the server laggs?
23:03 <+ddnet-discord> <Learath2> can't possibru unddos the servers
