10:19 <@heinrich5991> test1
10:19 <+ddnet-discord> <heinrich5991> test2
10:20 <+ddnet-discord> <heinrich5991> test3
10:20 <+ddnet-discord> <heinrich5991> nemo: here you go
10:23 <@{PROTOCOL}> test
10:24 <@heinrich5991> reliable software…
10:30 <+ddnet-discord> [discord] <heinrich5991> .
12:59 <+ddnet-discord> [discord] <heinrich5991> .
13:00 <+ddnet-discord> [discord] <Savander> .
13:05 <+ddnet-discord> [discord] <heinrich5991> (@Savander just trying out the bridge)
13:05 <+ddnet-discord> [discord] <Savander> 😄 I'm tester!
13:05 <+ddnet-discord> [discord] <heinrich5991> 😉
13:21 <+ddnet-discord> [discord] <worstwish> is it even possible to tag others on discord from irc
13:21 <+ddnet-discord> [discord] <heinrich5991> no, not as far as I know
13:22 <@heinrich5991> @worstwish#6405
13:22 <+ddnet-discord> [discord] <heinrich5991> doesn't look like it
13:23 <+ddnet-discord> [discord] <worstwish> dang
13:23 <+ddnet-discord> [discord] <worstwish> why does it show the irc network lol
13:23 <+ddnet-discord> [discord] <worstwish> bug?
13:24 <+ddnet-discord> [discord] <heinrich5991> no, I added it
13:24 <+ddnet-discord> [discord] <heinrich5991> because of this:
13:24 <+ddnet-discord> [freenode] <heinrich5991> poke
13:24 <+ddnet-discord> [discord] <worstwish> lol
13:25 <+ddnet-discord> [discord] <worstwish> do /query apollojustice and call him a fgt
13:25 <+ddnet-discord> [discord] <heinrich5991> nah
13:30 <+ddnet-discord> [discord] <worstwish> zz
13:41 <+ddnet-discord> [discord] <Savander> wut?f reenode and quakenet?
13:41 <+ddnet-discord> [discord] <heinrich5991> ?
13:42 <+ddnet-discord> [discord] <Savander> i thought we have only quakenet
13:42 <+ddnet-discord> [discord] <heinrich5991> nemo requested to have freenode as well
13:42 <+ddnet-discord> [discord] <Savander> ohm
13:42 <+ddnet-discord> [discord] <heinrich5991> (I already was in that channel anyway)
13:42 <+ddnet-discord> [discord] <Savander> maybe we should list it out
13:42 <+ddnet-discord> [discord] <Savander> on https://ddnet.tw/staff/
14:07 <+ddnet-discord> [discord] <heinrich5991> mhm
14:10 <+ddnet-discord> [discord] <Learath2> hmh
15:13 <+ddnet-discord> [discord] <Ryozuki> freenode channel too?
15:24 <+Ryozuki> test
15:24 <+Ryozuki> it shows weird in discord hah
15:25 <+Ryozuki> im some kind of rainbow text
15:32 <+ddnet-discord> [discord] <Savander> you are what? 😮
15:35 <+Ryozuki> you can't see it from discord :P
15:35 <+ddnet-discord> [discord] <Savander> show me screen
15:35 <+ddnet-discord> [discord] <Savander> 😄
15:36 <+ddnet-discord> [discord] <Ryozuki> 
15:36 <+ddnet-discord> [discord] <Ryozuki> https://cdn.discordapp.com/attachments/293493549758939136/401383985818894347/Screenshot_from_2018-01-12_15-35-57.png
15:38 <+ddnet-discord> [discord] <heinrich5991> what IRC client do you use, @Ryozuki? irssi?
15:38 <+ddnet-discord> [discord] <Ryozuki> weechat
15:38 <+ddnet-discord> [discord] <Ryozuki> i did that with a py script
15:38 <+ddnet-discord> [discord] <Ryozuki> https://weechat.org/scripts/source/prism.py.html/
15:44 <+ddnet-discord> [discord] <Ryozuki> now better, that ubuntu default color was a bit meh
15:44 <+ddnet-discord> [discord] <Ryozuki> https://cdn.discordapp.com/attachments/293493549758939136/401386023852179466/Screenshot_from_2018-01-12_15-44-11.png
15:47 <+ddnet-discord> [discord] <Savander> coool 😮
15:47 <+ddnet-discord> [discord] <Savander> i want it too 😮
15:47 <+ddnet-discord> [discord] <Ryozuki> use discord and linux then
15:47 <+ddnet-discord> [discord] <Ryozuki> i mean irc
15:47 <+ddnet-discord> [discord] <Ryozuki> ...
15:47 <+ddnet-discord> [discord] <Savander> 😄
15:48 <+Ryozuki> i think weechat and all those neat terminal programs use ncurses, and it is not available on windows
16:41 <+ddnet-discord> [freenode] <nemo> so much more intersting in here now
16:42 <+ddnet-discord> [freenode] <nemo> hiya Ryozuki 
16:42 <+ddnet-discord> [discord] <Savander> 😄
16:43 <+ddnet-discord> [discord] <Savander> welcome back
17:02 <+ddnet-discord> [discord] <worstwish> hexchat > weechat
17:36 <+Learath2> nemo: is it just you and heinrich5991 on freenode?
18:26 <+ddnet-discord> [freenode] <Ryozuki> hey nemo
18:48 <+Ryozuki> src, was setting up the bouncer
19:25 < ddnet-commits> [ddnet] def- pushed 1 new commit to master: https://git.io/vNZeu
19:25 < ddnet-commits> ddnet/master 484325f def: Fix nameplates with antiping (fixes #943)
19:48 <+ddnet-discord> [freenode] <Ryozuki> exit
