08:01 <+bridge> [ddnet] <deen> @Rockus.~ If you're checking ping in scoreboard, that's normal. Better look at pred value (cl_showpred 1)
15:17 <+bridge> [ddnet] <heinrich5991> @ChillerDragon
15:17 <+bridge> [ddnet] <heinrich5991> ```
15:17 <+bridge> [ddnet] <heinrich5991> #TODO 0.7: improve nethash creation
15:17 <+bridge> [ddnet] <heinrich5991> if hash == "3dc531e4296de555":
15:17 <+bridge> [ddnet] <heinrich5991>     hash = "626fce9a778df4d4"
15:17 <+bridge> [ddnet] <heinrich5991> ```
15:17 <+bridge> [ddnet] <heinrich5991> change that to `if True:`
15:17 <+bridge> [ddnet] <ChillerDragon> Ty
15:18 <+bridge> [ddnet] <ChillerDragon> @heinrich5991
15:18 <+bridge> [ddnet] <heinrich5991> eh
15:18 <+bridge> [ddnet] <heinrich5991> in `scripts/cmd5.py`
15:52 <@heinrich5991> Learath2: what's up with the gentoo package?
16:35 <+bridge> [ddnet] <Ryozuki> https://www.youtube.com/watch?v=Voy9vVbgSqI i've got this weird screen flickering on linux with ddnet at 144hz, so i wonder if this is a ddnet bug? The flicker doesn't happen on my desktop and also it doesn't happens on the browser (which both of them also run at 144hz). Some info that may help: ``*-display                 
16:35 <+bridge> [ddnet] <Ryozuki>        description: VGA compatible controller
16:35 <+bridge> [ddnet] <Ryozuki>        product: Hawaii PRO [Radeon R9 290/390]
16:35 <+bridge> [ddnet] <Ryozuki>        vendor: Advanced Micro Devices, Inc. [AMD/ATI]
16:35 <+bridge> [ddnet] <Ryozuki>        physical id: 0
16:35 <+bridge> [ddnet] <Ryozuki>        bus info: pci@0000:01:00.0
16:35 <+bridge> [ddnet] <Ryozuki>        version: 80
16:35 <+bridge> [ddnet] <Ryozuki>        width: 64 bits
16:35 <+bridge> [ddnet] <Ryozuki>        clock: 33MHz
16:35 <+bridge> [ddnet] <Ryozuki>        capabilities: pm pciexpress msi vga_controller bus_master cap_list rom
16:35 <+bridge> [ddnet] <Ryozuki>        configuration: driver=radeon latency=0
16:35 <+bridge> [ddnet] <Ryozuki>        resources: irq:31 memory:e0000000-efffffff memory:f0000000-f07fffff ioport:e000(size=256) memory:f7e00000-f7e3ffff memory:c0000-dff```
16:35 <+bridge> [ddnet] <Ryozuki> https://www.youtube.com/watch?v=Voy9vVbgSqI i've got this weird screen flickering on linux with ddnet at 144hz, so i wonder if this is a ddnet bug? The flicker doesn't happen on my desktop and also it doesn't happens on the browser (which both of them also run at 144hz). Some info that may help: ```*-display                 
16:35 <+bridge> [ddnet] <Ryozuki>        description: VGA compatible controller
16:35 <+bridge> [ddnet] <Ryozuki>        product: Hawaii PRO [Radeon R9 290/390]
16:35 <+bridge> [ddnet] <Ryozuki>        vendor: Advanced Micro Devices, Inc. [AMD/ATI]
16:35 <+bridge> [ddnet] <Ryozuki>        physical id: 0
16:35 <+bridge> [ddnet] <Ryozuki>        bus info: pci@0000:01:00.0
16:35 <+bridge> [ddnet] <Ryozuki>        version: 80
16:35 <+bridge> [ddnet] <Ryozuki>        width: 64 bits
16:35 <+bridge> [ddnet] <Ryozuki>        clock: 33MHz
16:35 <+bridge> [ddnet] <Ryozuki>        capabilities: pm pciexpress msi vga_controller bus_master cap_list rom
16:35 <+bridge> [ddnet] <Ryozuki>        configuration: driver=radeon latency=0
16:36 <+bridge> [ddnet] <Ryozuki>        resources: irq:31 memory:e0000000-efffffff memory:f0000000-f07fffff ioport:e000(size=256) memory:f7e00000-f7e3ffff memory:c0000-dff```
16:36 <+bridge> [ddnet] <Ryozuki> https://www.youtube.com/watch?v=Voy9vVbgSqI i've got this weird screen flickering on linux with ddnet at 144hz, so i wonder if this is a ddnet bug? The flicker doesn't happen on my desktop and also it doesn't happens on the browser (which both of them also run at 144hz). Some info that may help: ```*-display                 
16:36 <+bridge> [ddnet] <Ryozuki>        description: VGA compatible controller
16:36 <+bridge> [ddnet] <Ryozuki>        product: Hawaii PRO [Radeon R9 290/390]
16:36 <+bridge> [ddnet] <Ryozuki>        vendor: Advanced Micro Devices, Inc. [AMD/ATI]
16:36 <+bridge> [ddnet] <Ryozuki>        physical id: 0
16:36 <+bridge> [ddnet] <Ryozuki>        bus info: pci@0000:01:00.0
16:36 <+bridge> [ddnet] <Ryozuki>        version: 80
16:36 <+bridge> [ddnet] <Ryozuki>        width: 64 bits
16:36 <+bridge> [ddnet] <Ryozuki>        clock: 33MHz
16:36 <+bridge> [ddnet] <Ryozuki>        capabilities: pm pciexpress msi vga_controller bus_master cap_list rom
16:36 <+bridge> [ddnet] <Ryozuki>        configuration: driver=radeon latency=0
16:36 <+bridge> [ddnet] <Ryozuki>        resources: irq:31 memory:e0000000-efffffff memory:f0000000-f07fffff ioport:e000(size=256) memory:f7e00000-f7e3ffff memory:c0000-dff
16:36 <+bridge> [ddnet] <Ryozuki> 
16:36 <+bridge> [ddnet] <Ryozuki> Linux 4.15.3-041503-generic```
16:49 <+Learath2> heinrich5991: gentoo was also complaining about the bundled libs, can give it another try now
17:53 <+bridge> [ddnet] <deen> @Ryozuki opengl3?
18:27 <+bridge> [ddnet] <Ryozuki> i tested with opengl3 on and off
18:27 <+bridge> [ddnet] <Ryozuki> with off its lot worse
18:27 <+bridge> [ddnet] <Ryozuki> but with on its like the video i sent
18:28 <+bridge> [ddnet] <Ryozuki> ```
18:28 <+bridge> [ddnet] <Ryozuki> glxinfo | grep "OpenGL version"
18:28 <+bridge> [ddnet] <Ryozuki> OpenGL version string: 3.0 Mesa 17.2.8```
18:28 <+bridge> [ddnet] <Ryozuki> this has something to do?
18:29 <+bridge> [ddnet] <Ryozuki> ```➜  ~ glxinfo | grep 'version'
18:29 <+bridge> [ddnet] <Ryozuki> server glx version string: 1.4
18:29 <+bridge> [ddnet] <Ryozuki> client glx version string: 1.4
18:29 <+bridge> [ddnet] <Ryozuki> GLX version: 1.4
18:29 <+bridge> [ddnet] <Ryozuki>     Max core profile version: 4.5
18:29 <+bridge> [ddnet] <Ryozuki>     Max compat profile version: 3.0
18:29 <+bridge> [ddnet] <Ryozuki>     Max GLES1 profile version: 1.1
18:29 <+bridge> [ddnet] <Ryozuki>     Max GLES[23] profile version: 3.1
18:29 <+bridge> [ddnet] <Ryozuki> OpenGL core profile version string: 4.5 (Core Profile) Mesa 17.2.8
18:29 <+bridge> [ddnet] <Ryozuki> OpenGL core profile shading language version string: 4.50
18:29 <+bridge> [ddnet] <Ryozuki> OpenGL version string: 3.0 Mesa 17.2.8
18:29 <+bridge> [ddnet] <Ryozuki> OpenGL shading language version string: 1.30
18:29 <+bridge> [ddnet] <Ryozuki> OpenGL ES profile version string: OpenGL ES 3.1 Mesa 17.2.8
18:29 <+bridge> [ddnet] <Ryozuki> OpenGL ES profile shading language version string: OpenGL ES GLSL ES 3.10```
18:36 <+bridge> [ddnet] <deen> asyncrender off? ddnet 9?
18:36 <+bridge> [ddnet] <deen> other opengl applications?
18:38 <+bridge> [ddnet] <Ryozuki> last ddnet version
18:39 <+bridge> [ddnet] <deen> i mean try those
18:39 <+bridge> [ddnet] <Ryozuki> glxgears doesnt show this glitch (if that is a opengl application)
18:39 <+bridge> [ddnet] <deen> yes it is
18:39 <+bridge> [ddnet] <Ryozuki> "asyncrender off?" how to disable/enable this?
18:40 <+bridge> [ddnet] <deen> f1, gfx_asynrender_old 0
18:41 <+bridge> [ddnet] <Ryozuki> nothing changes with 1 and 0
18:43 <+bridge> [ddnet] <sen pa'> I understand
18:43 <+bridge> [ddnet] <Ryozuki> mmm ddnet 9 starts on my non 144hz screen and mouse is really buggy
18:45 <+bridge> [ddnet] <Ryozuki> i just noticed i can notice the flicker a bit sometimes in the terminal too so it might not be ddnet related 😢
18:45 <+bridge> [ddnet] <deen> disable compositing? use other DE/WM?
18:46 <+bridge> [ddnet] <Ryozuki> im using KDE
18:46 <+bridge> [ddnet] <Ryozuki> i also had this with gnome
18:47 <+bridge> [ddnet] <deen> I also noticed that my display has artificats with some specific patterns showing on screen, also annoying
18:48 <+bridge> [ddnet] <Ryozuki> you got 144hz? i always thought it may be some bad support for 144hz
18:49 <+bridge> [ddnet] <deen> no, 3840x2160@60Hz
18:49 <+bridge> [ddnet] <Ryozuki> and since i dont have this problem on windows, i bet it has relation to drivers?
18:49 <+bridge> [ddnet] <deen> I guess I should disable framebuffer compression
18:49 <+bridge> [ddnet] <deen> well, driver is split up in linux
18:49 <+bridge> [ddnet] <deen> so good luck finding out which part 😉
18:49 <+bridge> [ddnet] <Ryozuki> :saddo:
18:49 <+bridge> [ddnet] <Ryozuki> well i know it uses a open source driver "radeon"
18:50 <+bridge> [ddnet] <deen> also, amd is trying to share as much code on win/linux as possible
18:50 <+bridge> [ddnet] <deen> try newer driver/kernel/mesa/etc
18:50 <+bridge> [ddnet] <deen> and search for bug reports
18:50 <+bridge> [ddnet] <Ryozuki> i got literally latest kernel
18:50 <+bridge> [ddnet] <deen> no problem with 120hz, 60hz?
18:50 <+bridge> [ddnet] <Ryozuki> i noticed it also on 120hz
18:50 <+bridge> [ddnet] <Ryozuki> gonna try 60
18:51 <+bridge> [ddnet] <deen> My trick is to use intel gpus only because amd and nvidia always gave me trouble on linux
18:51 <+bridge> [ddnet] <Ryozuki> but that sucks for me :( i spent 350€ on a good gpu
18:52 <+bridge> [ddnet] <deen> write an email to amd support?
18:52 <+bridge> [ddnet] <Ryozuki> i guess
18:52 <+bridge> [ddnet] <Ryozuki> i never had hope in those things tho
18:53 <+bridge> [ddnet] <deen> https://www.google.com/search?q=amd+radeon+linux+120hz+flickering
18:54 <+bridge> [ddnet] <Ryozuki> no flickering with 60hz
18:54 <+bridge> [ddnet] <Ryozuki> with 99 there are too
18:55 <+bridge> [ddnet] <Ryozuki> this is the closest bug report i could find https://bugs.freedesktop.org/show_bug.cgi?id=93826 but they say its fixed in 4.12 but i got 4.15 and i still have the problem
19:21 <+bridge> [ddnet] <Learath2> @Ryozuki did you try the new amdgpu drivers?
19:22 <+bridge> [ddnet] <Ryozuki> i tried using amdgpu instead of radeon, it works worse since it doesnt event detect that i can have 144hz
19:22 <+bridge> [ddnet] <Ryozuki> if u talk about amdgpu-pro
19:22 <+bridge> [ddnet] <Ryozuki> i havent got it to work
19:22 <+bridge> [ddnet] <Learath2> I used to have a r9 290x and it was much better
19:22 <+bridge> [ddnet] <Learath2> I used amdgpu not the pro one
19:23 <+bridge> [ddnet] <Ryozuki> amdgpu doesnt detect my 144hz and even flickers at 60hz for me
19:23 <+bridge> [ddnet] <Learath2> So weird
19:23 <+bridge> [ddnet] <Ryozuki> yes
19:23 <+bridge> [ddnet] <Learath2> Kernel version?
19:24 <+bridge> [ddnet] <Ryozuki> last, `4.15.3-041503-generic`
19:24 <+bridge> [ddnet] <Ryozuki> i had 4.13 but no luck
19:24 <+bridge> [ddnet] <Ryozuki> decided to try last
19:24 <+bridge> [ddnet] <Ryozuki> and no luck
19:24 <+bridge> [ddnet] <Ryozuki> im doomed
19:25 <+bridge> [ddnet] <Learath2> You sure the driver loaded properly
19:25 <+bridge> [ddnet] <Ryozuki> well, tell me how to make sure of it if u can
19:25 < ddnet-commits> [ddnet] def- pushed 1 new commit to master: https://git.io/vAni9
19:25 < ddnet-commits> ddnet/master e840206 def: Fix bundled pnglite
19:26 <+bridge> [ddnet] <Learath2> You used to need an option to include the ucode for hawaii cards
19:26 <+bridge> [ddnet] <Learath2> Check your dmesg I guess
19:26 <+bridge> [ddnet] <Ryozuki> i had to put GRUB_CMDLINE_LINUX="radeon.si_support=0 radeon.cik_support=0 amdgpu.si_support=1 amdgpu.cik_support=1" on etc/default/grub to use amdgpu instead of radeon driver
19:26 <+bridge> [ddnet] <Ryozuki> and it worked
19:26 <+bridge> [ddnet] <Ryozuki> but as i said amdgpu worked worse
19:27 <+bridge> [ddnet] <Ryozuki> what does dmesg?
19:27 <+bridge> [ddnet] <Ryozuki> i see some logs
19:28 <+bridge> [ddnet] <Learath2> Dmesg is the kernel logs
19:28 <+bridge> [ddnet] <Ryozuki> ACPI: If an ACPI driver is available for this device, you should use it instead of the native driver
19:28 <+bridge> [ddnet] <Ryozuki> :o
19:28 <+bridge> [ddnet] <Ryozuki> i see some `radeon_dp_aux_transfer_native: 74 callbacks suppressed`
19:28 <+bridge> [ddnet] <Ryozuki> but idk if thats good or bad
19:29 <+bridge> [ddnet] <Ryozuki> radeon 0000:01:00.0: Invalid PCI ROM header signature: expecting 0xaa55, got 0xffff
19:29 <+bridge> [ddnet] <Ryozuki> but this is a common warning from what i seen in forums
19:30 < ddnet-commits> [ddnet] def- pushed 1 new commit to master: https://git.io/vAnPZ
19:30 < ddnet-commits> ddnet/master 0d9265b def: Fix bundled wavpack when system wavpack is available
19:32 <@deen> huh, no pnglite on archlinux
19:32 <+bridge> [ddnet] <Ryozuki> ```[    2.566814] [drm] Initialized radeon 2.50.0 20080528 for 0000:01:00.0 on minor 0
19:32 <+bridge> [ddnet] <Ryozuki> [    2.589764] [drm] amdgpu kernel modesetting enabled.``` @Learath2 u know if this has relation?
19:32 <@deen> that smells normal
19:32 <+Learath2> that's a good thing
19:32 <+Learath2> not really sure if it should happen with radeon tho
19:33 <+Learath2> but wouldn't cause your flickers anyways
19:35 <+bridge> [ddnet] <Ryozuki> this all looks ok
19:35 <+bridge> [ddnet] <Ryozuki> https://cdn.discordapp.com/attachments/293493549758939136/413765167655157760/unknown.png
19:35 <+bridge> [ddnet] <Ryozuki> idk i dont find any error
21:10 <+bridge> [ddnet] <Rockus.~> @deen thanks
21:52 <+bridge> [ddnet] <heinrich5991> @deen I tried all that. what was wrong with pnglite and wavpack?
21:56 <+bridge> [ddnet] <heinrich5991> @deen i.e. set(PNGLITE_LIBRARIES) should be the same as yours
21:59 <+bridge> [ddnet] <heinrich5991> @deen and I also tried bundled wavpack. the previous check allowed the user to plug in whatever version they have, including the bundled one
22:20 <+bridge> [ddnet] <ReiTW | Blizzard Team> @Vanilla
22:20 <+bridge> [ddnet] <ReiTW | Blizzard Team> wuips sry
22:20 <+bridge> [ddnet] <ReiTW | Blizzard Team> @heinrich5991 do you know what those "626" data are related to?
22:21 <+bridge> [ddnet] <ReiTW | Blizzard Team> don't have example right now
22:21 <+bridge> [ddnet] <ReiTW | Blizzard Team> but when you get that packet, with 626....... something after
