06:48 <+bridge> [ddnet] <sorgaxD> https://cdn.discordapp.com/attachments/459490527461769217/524462469775622145/unknown.png
06:48 <+bridge> [ddnet] <sorgaxD> ddnet chile :'c
06:48 <+bridge> [ddnet] <Deëivid!> F
06:48 <+bridge> [ddnet] <Deëivid!> HELP
12:01 <+bridge> [ddnet] <Syltoox> 
12:01 <+bridge> [ddnet] <Syltoox> https://cdn.discordapp.com/attachments/293493549758939136/524541725130096650/unknown.png
12:01 <+bridge> [ddnet] <Syltoox> can someone help me? why cant i choose ddnet.exe there
12:04 <+bridge> [ddnet] <Syltoox> ok i guess i got it, opened it manual
12:10 <+bridge> [ddnet] <Syltoox> no
12:10 <+bridge> [ddnet] <Syltoox> still help
12:31 <+bridge> [ddnet] <Syltoox> 
12:31 <+bridge> [ddnet] <Syltoox> https://cdn.discordapp.com/attachments/293493549758939136/524549242338017281/unknown.png
12:31 <+bridge> [ddnet] <Syltoox> how to compile
12:31 <+bridge> [ddnet] <Syltoox> pls help
12:31 <+bridge> [ddnet] <onby> botter
12:31 <+bridge> [ddnet] <onby> :troll:
12:32 <+bridge> [ddnet] <Syltoox> 
12:32 <+bridge> [ddnet] <Syltoox> https://cdn.discordapp.com/attachments/293493549758939136/524549408897892352/unknown.png
12:32 <+bridge> [ddnet] <onby> xxxxxd
12:34 <+bridge> [ddnet] <Syltoox> 
12:34 <+bridge> [ddnet] <Syltoox> https://cdn.discordapp.com/attachments/293493549758939136/524550067634438144/unknown.png
12:34 <+bridge> [ddnet] <Syltoox> how can i compile?
12:35 <+bridge> [ddnet] <heinrich5991> can you show the cmake output in msvs
12:35 <+bridge> [ddnet] <heinrich5991> ?
12:35 <+bridge> [ddnet] <Syltoox> what
12:35 <+bridge> [ddnet] <Syltoox> lol
12:36 <+bridge> [ddnet] <heinrich5991> how did you load the project in msvs?
12:36 <+bridge> [ddnet] <Syltoox> what is msvs
12:36 <+bridge> [ddnet] <heinrich5991> microsoft visual studio ^^
12:36 <+bridge> [ddnet] <Syltoox> xd
12:36 <+bridge> [ddnet] <Syltoox> ehm
12:36 <+bridge> [ddnet] <Syltoox> cloned
12:36 <+bridge> [ddnet] <Syltoox> https://media.discordapp.net/attachments/316687527970996225/524540125787717634/unknown.png?width=821&height=439
12:37 <+bridge> [ddnet] <Syltoox> it looked like this first
12:37 <+bridge> [ddnet] <Syltoox> right
12:37 <+bridge> [ddnet] <Syltoox> then i just did put all files of ddnet folder there
12:37 <+bridge> [ddnet] <Syltoox> cause i couldnt find exes
12:37 <+bridge> [ddnet] <Syltoox> lol
12:37 <+bridge> [ddnet] <Syltoox> idk
12:37 <+bridge> [ddnet] <heinrich5991> how did you open it? ^^
12:37 <+bridge> [ddnet] <Syltoox> ddnet?
12:37 <+bridge> [ddnet] <heinrich5991> yes
12:37 <+bridge> [ddnet] <heinrich5991> not the client, the project
12:37 <+bridge> [ddnet] <Syltoox> eh
12:38 <+bridge> [ddnet] <heinrich5991> what (important) buttons did you press to end up there?
12:38 <+bridge> [ddnet] <Syltoox> ?
12:38 <+bridge> [ddnet] <Syltoox> idk i just followed tutorial
12:38 <+bridge> [ddnet] <Syltoox> https://forum.ddnet.tw/viewtopic.php?f=16&t=5765
12:38 <+bridge> [ddnet] <heinrich5991> ah
12:39 <+bridge> [ddnet] <heinrich5991> see, that's some useful information, you should ideally volunteer that without me asking 5 questions ^^
12:39 <+bridge> [ddnet] <heinrich5991> so in step 24, it didn't look like it should?
12:39 <+bridge> [ddnet] <Syltoox> it did
12:39 <+bridge> [ddnet] <Syltoox> step 25 didnt
12:40 <+bridge> [ddnet] <Syltoox> so i added
12:40 <+bridge> [ddnet] <Syltoox> https://cdn.discordapp.com/attachments/293493549758939136/524551477289549834/unknown.png
12:40 <+bridge> [ddnet] <Syltoox> all these
12:40 <+bridge> [ddnet] <Syltoox> xd
12:40 <+bridge> [ddnet] <Syltoox> idk
12:40 <+bridge> [ddnet] <Syltoox> still didnt work
12:40 <+bridge> [ddnet] <Syltoox> but now i can open ddnet.exe
12:40 <+bridge> [ddnet] <Syltoox> wait
12:42 <+bridge> [ddnet] <Syltoox> i will just start again
12:42 <+bridge> [ddnet] <heinrich5991> where?
12:42 <+bridge> [ddnet] <Syltoox> 
12:42 <+bridge> [ddnet] <Syltoox> https://cdn.discordapp.com/attachments/293493549758939136/524552104627666944/unknown.png
12:42 <+bridge> [ddnet] <Syltoox> cant do this step
12:42 <+bridge> [ddnet] <heinrich5991> yes
12:42 <+bridge> [ddnet] <Syltoox> idk why
12:43 <+bridge> [ddnet] <heinrich5991> watch out for cmake output after step 23
12:43 <+bridge> [ddnet] <heinrich5991> it should be somewhere in the console window
12:45 <+bridge> [ddnet] <Syltoox> eh
12:45 <+bridge> [ddnet] <Syltoox> 
12:45 <+bridge> [ddnet] <Syltoox> https://cdn.discordapp.com/attachments/293493549758939136/524552782074740745/unknown.png
12:45 <+bridge> [ddnet] <Syltoox> ?
12:45 <+bridge> [ddnet] <Syltoox> what do  u mean
12:45 <+bridge> [ddnet] <heinrich5991> ausgabe anzeigen für …
12:45 <+bridge> [ddnet] <heinrich5991> maybe you can select cmake there?
12:45 <+bridge> [ddnet] <Syltoox> no
12:45 <+bridge> [ddnet] <Syltoox> xd
12:46 <+bridge> [ddnet] <Syltoox> 
12:46 <+bridge> [ddnet] <Syltoox> https://cdn.discordapp.com/attachments/293493549758939136/524552993996275722/unknown.png
12:46 <+bridge> [ddnet] <heinrich5991> hmmm
12:47 <+bridge> [ddnet] <Syltoox> so..
12:52 <+bridge> [ddnet] <heinrich5991> hmmm
12:54 <+bridge> [ddnet] <heinrich5991> which version of msvs do you have?
12:56 <+bridge> [ddnet] <Syltoox> community 2017
12:57 <+bridge> [ddnet] <Syltoox> only
12:57 <+bridge> [ddnet] <Syltoox> just followed the tutorial
12:57 <+bridge> [ddnet] <heinrich5991> good 🙂
12:57 <+bridge> [ddnet] <heinrich5991> I wonder why it doesn't pick up on that cmake stuff 😦
12:59 <+bridge> [ddnet] <Syltoox> idk
13:00 <+bridge> [ddnet] <heinrich5991> maybe we can do a teamviewer session or sth this evening?
13:01 <+bridge> [ddnet] <Syltoox> depends on what time 😄
13:15 <+bridge> [ddnet] <Faulty> @Syltoox I know that same problem was fixed, but btw can u show me .gitignore file in root dir
13:20 <+bridge> [ddnet] <Learath2> @Syltoox what do you mean you cant do that step?
13:20 <+bridge> [ddnet] <Learath2> Is there nothing there?
13:20 <+bridge> [ddnet] <Syltoox> nothing there,yes
13:21 <+bridge> [ddnet] <Learath2> do you have cmake installed?
13:21 <+bridge> [ddnet] <Syltoox> ?
13:21 <+bridge> [ddnet] <Syltoox> how
13:22 <+bridge> [ddnet] <Learath2> Hmm @heinrich5991 says you don't need to install it separately
14:01 <+bridge> [ddnet] <Syltoox> so what now 😄
14:01 <+bridge> [ddnet] <ChillerDragon> stop building hax clients @Syltoox
14:05 <+bridge> [ddnet] <Syltoox> why would i
14:06 <+bridge> [ddnet] <Syltoox> @Faulty just normal one of websit
14:06 <+bridge> [ddnet] <Syltoox> of github
15:19 <+bridge> [ddnet] <Jupstar ✪> download git, make new directory, rightclick "open git bash here"
15:19 <+bridge> [ddnet] <Jupstar ✪> type 
15:19 <+bridge> [ddnet] <Jupstar ✪> git clone --recursive https://github.com/ddnet/ddnet
15:19 <+bridge> [ddnet] <Jupstar ✪> download cmake
15:19 <+bridge> [ddnet] <Jupstar ✪> open cmake gui
15:19 <+bridge> [ddnet] <Jupstar ✪> source directory must be the directory that was created by the git command, output directory can be the directory/build
15:19 <+bridge> [ddnet] <Jupstar ✪> 
15:19 <+bridge> [ddnet] <Jupstar ✪> click configure -> Visual studio 2017 64
15:19 <+bridge> [ddnet] <Jupstar ✪> click generate
15:19 <+bridge> [ddnet] <Jupstar ✪> 
15:19 <+bridge> [ddnet] <Jupstar ✪> go into the "build"  directory: 
15:19 <+bridge> [ddnet] <Jupstar ✪> there is a DDNet.sln, open, be happy
17:02 <+bridge> [ddnet] <fokkonaut> Does someone know how to make a A* in tw?
17:04 <+bridge> [ddnet] <Im 'corneum> copy from allthehaxx
17:26 <+bridge> [ddnet] <ChillerDragon> lol ath has all the haxx xd
21:29 <+bridge> [ddnet] <NeXus> 
21:29 <+bridge> [ddnet] <NeXus> https://cdn.discordapp.com/attachments/293493549758939136/524684540728573983/unknown.png
21:29 <+bridge> [ddnet] <NeXus> How Do I start the server?
21:29 <+bridge> [ddnet] <NeXus> How do I start the server?
21:36 <+bridge> [ddnet] <NeXus> Oh I had to chmod +x DDnet-Server
21:37 <+Ryozuki> ...
21:44 <+bridge> [ddnet] <NeXus> How do I correctly bind this:
21:44 <+bridge> [ddnet] <NeXus> ```bind z "toggle rcon explosion_strength 24 6"```
21:44 <+bridge> [ddnet] <NeXus> above doesnt work
21:46 <+bridge> [ddnet] <Tezcan> +toggle
21:46 <+bridge> [ddnet] <♪♫> without the toggle i think
21:47 <@heinrich5991> explosion strength is a tune, right?
21:47 <+bridge> [ddnet] <NeXus> yes
21:47 <@heinrich5991> that won't work, unfortunately
21:47 <+bridge> [ddnet] <NeXus> oh you are right lol
21:47 <@heinrich5991> you need two binds
21:51 <+bridge> [ddnet] <deen> two binds or the old config file execution hack that overwrites the last bind
21:53 <+bridge> [ddnet] <NeXus> 
21:53 <+bridge> [ddnet] <NeXus> https://cdn.discordapp.com/attachments/293493549758939136/524690709295398913/unknown.png
21:53 <+bridge> [ddnet] <NeXus> If you mean this, that doesnt work
21:55 <+bridge> [ddnet] <NeXus> I'll just do it with 2 binds, its for test purposes anyway
21:55 <@heinrich5991> that should work. check the rcon for status messages
21:55 <@heinrich5991> eh
21:55 <+bridge> [ddnet] <NeXus> k wait
21:55 <@heinrich5991> yea, that doesn't work
21:55 <@heinrich5991> that is overwriting the first bind with the second
21:55 <@heinrich5991> I didn't see that you were binding the same key twice
21:55 <+bridge> [ddnet] <NeXus> changes it to 6 always
21:56 <+bridge> [ddnet] <NeXus> yeah I want to toggle, since I dont have any keys left empty lol
21:57 <+bridge> [ddnet] <NeXus> how do you bind ö, ä, ü tho? Find it out once
21:58 <@heinrich5991> bind it in the menus and remember the key name
22:00 <+bridge> [ddnet] <NeXus> One more question: Default explosion_strength is 6, does that mean a perfect quad rocket jump has a explosion_strength of 24?
22:00 <+bridge> [ddnet] <NeXus> bcs it does feel a bit weak but idk
22:04 <+bridge> [ddnet] <NeXus> nvm should be ok
