03:39 <+bridge> [ddnet] <Learath2> Threads in tw are like threads anywhere
11:32 <+bridge> [ddnet] <ChillerDragon> oke
14:34 <+bridge> [ddnet] <daverck> /cookie me
15:26 <@heinrich5991> jxsl13: by a teehistorian file that doesn't end with the END message
15:27 <+bridge> [ddnet] <heinrich5991> @ChillerDragon arrays!
15:27 <+bridge> [ddnet] <ChillerDragon> ?
15:27 <+bridge> [ddnet] <ChillerDragon> ah ye
15:27 <+bridge> [ddnet] <ChillerDragon> i didnt know arrays bakck then
15:28 <+bridge> [ddnet] <ChillerDragon> and i didnt know char either
15:28 <+bridge> [ddnet] <ChillerDragon> so i used if and strings to create a char array xd
15:40 <+bridge> [ddnet] <onby> o__o wtf
18:46 <+bridge> [ddnet] <n000b> @noby onby tactics
23:00 <+bridge> [ddnet] <ChillerDragon> how can i allocate a copy of the current instance of a object?
23:01 <+bridge> [ddnet] <ChillerDragon> like 
23:01 <+bridge> [ddnet] <ChillerDragon> ```pThis = new(this)```
23:01 <+bridge> [ddnet] <ChillerDragon> like 
23:01 <+bridge> [ddnet] <ChillerDragon> ```CPlayer pThis = new(this);```
23:02 <+bridge> [ddnet] <ChillerDragon> like 
23:02 <+bridge> [ddnet] <ChillerDragon> ```CPlayer *pThis = new(this);```
23:08 <+bridge> [ddnet] <daverck> with a copy constructor
