12:12 <+bridge> [ddnet] <timakro> My keyboard works again after pouring water over it and drying it, yay!
12:12 <+bridge> [ddnet] <timakro> https://cdn.discordapp.com/attachments/293493549758939136/574538882968715265/JPEG_20190505_121147.jpg
12:35 <+bridge> [ddnet] <Learath2> \o/
12:40 <+Ryozuki> \o/
12:49 <+bridge> [ddnet] <Im 'corneum> why would you pour water over it to repair it
12:49 <+bridge> [ddnet] <fokkonaut> I also took my keyboard apart 3 days ago xd
12:49 <+bridge> [ddnet] <timakro> idk if this is a joke xD
12:49 <+bridge> [ddnet] <timakro> but i poured water over it by accident -.-
12:50 <+bridge> [ddnet] <ChillerDragon> @Im 'corneum :troll:
12:51 <+bridge> [ddnet] <fokkonaut> :monkaS:
13:01 <+bridge> [ddnet] <Im 'corneum> :troll:
18:26 <+bridge> [ddnet] <Learath2> really cool to see someone working on prediction again
18:36 <+bridge> [ddnet] <deen> @timakro wait, i have the same keyboard
18:47 <+bridge> [ddnet] <timakro> @deen what type of switches you have? i have brown
18:49 <+bridge> [ddnet] <timakro> i think the mx board is one of the cheapest cherry has, and it's relatively thin in comparison to other keyboards
19:17 <+bridge> [ddnet] <ChillerDragon> send help!
19:17 <+bridge> [ddnet] <ChillerDragon> ``gdb ./tw_srv_d "logfile foo.log"`` doesnt create a foo.log file -.-
19:17 <+bridge> [ddnet] <ChillerDragon> 
19:17 <+bridge> [ddnet] <ChillerDragon> but 
19:17 <+bridge> [ddnet] <ChillerDragon> ``./tw_srv_d "logfile foo.log"`` works
19:17 <+bridge> [ddnet] <fokkonaut> bors failed :(
19:17 <+bridge> [ddnet] <fokkonaut> @nuborn
19:20 <+bridge> [ddnet] <fokkonaut> @nuborn i think that super prediction doesnt work for my Server because i have 256p support, therefore team_super is 256, not 64
19:21 <+bridge> [ddnet] <nuborn> strange, I thought it already passed the tests
19:21 <+bridge> [ddnet] <nuborn> but the error message from bors is "Could not resolve host: github.com", maybe the problem is something else @deen?
19:24 <+bridge> [ddnet] <Arseniy Zarche> hello, guys
19:24 <+bridge> [ddnet] <Arseniy Zarche> i'm some stupid noob in Teeworlds, but i wanna compile Teeworlds 0.7.3.1
19:24 <+bridge> [ddnet] <Arseniy Zarche> I use x32 bam and x32 Native Tools by MSVC 2017 (Community)
19:24 <+bridge> [ddnet] <Arseniy Zarche> When i do function compile, bam says that somewhere must have freetype.dll, but this directory doesn't exists (as says bam)
19:24 <+bridge> [ddnet] <Arseniy Zarche> What i must to do? Where i can download freetype.dll?
19:24 <+bridge> [ddnet] <Arseniy Zarche> https://cdn.discordapp.com/attachments/293493549758939136/574647688566538398/unknown.png
19:25 <+bridge> [ddnet] <Arseniy Zarche> hello, guys
19:25 <+bridge> [ddnet] <Arseniy Zarche> i'm some stupid noob in Teeworlds, but i wanna compile Teeworlds 0.7.3.1
19:25 <+bridge> [ddnet] <Arseniy Zarche> I use x32 bam and x86 Native Tools by MSVC 2017 (Community)
19:25 <+bridge> [ddnet] <Arseniy Zarche> When i do function compile, bam says that somewhere must have freetype.dll, but this directory doesn't exists (as says bam)
19:25 <+bridge> [ddnet] <Arseniy Zarche> What i must to do? Where i can download freetype.dll?
19:25 <+bridge> [ddnet] <Arseniy Zarche> https://cdn.discordapp.com/attachments/293493549758939136/574647688566538398/unknown.png
19:25 <+bridge> [ddnet] <Arseniy Zarche> hello, guys
19:25 <+bridge> [ddnet] <Arseniy Zarche> i'm some stupid noob in Teeworlds, but i wanna compile Teeworlds 0.7.3.1
19:25 <+bridge> [ddnet] <Arseniy Zarche> I use x32 bam and x86 Native Tools by MSVC 2017 (Community)
19:25 <+bridge> [ddnet] <Arseniy Zarche> When i do function compile, bam says that somewhere must have freetype.dll, but this directory doesn't exists (as says bam)
19:25 <+bridge> [ddnet] <Arseniy Zarche> What i must to do? Where i can download freetype.dll?
19:25 <+bridge> [ddnet] <Arseniy Zarche> 
19:25 <+bridge> [ddnet] <Arseniy Zarche> P.S.
19:25 <+bridge> [ddnet] <Arseniy Zarche> My system is x64
19:25 <+bridge> [ddnet] <Arseniy Zarche> https://cdn.discordapp.com/attachments/293493549758939136/574647688566538398/unknown.png
19:26 <+bridge> [ddnet] <ChillerDragon> 0.7 uses cmake nowerdays @Arseniy Zarche
19:26 <+bridge> [ddnet] <Arseniy Zarche> https://www.teeworlds.com/?page=docs&wiki=compiling_everything_windows
19:26 <+bridge> [ddnet] <Arseniy Zarche> What about this?
19:26 <+bridge> [ddnet] <ChillerDragon> ```
19:26 <+bridge> [ddnet] <ChillerDragon> mkdir build
19:26 <+bridge> [ddnet] <ChillerDragon> cd build
19:26 <+bridge> [ddnet] <ChillerDragon> cmake ..
19:26 <+bridge> [ddnet] <ChillerDragon> make
19:26 <+bridge> [ddnet] <ChillerDragon> ```
19:26 <+bridge> [ddnet] <ChillerDragon> do that
19:26 <+bridge> [ddnet] <Arseniy Zarche> where?
19:26 <+bridge> [ddnet] <ChillerDragon> in the source root
19:27 <+bridge> [ddnet] <Arseniy Zarche> wow
19:27 <+bridge> [ddnet] <Arseniy Zarche> thanks you very much 😅
19:28 <+bridge> [ddnet] <Arseniy Zarche> so, i have this
19:28 <+bridge> [ddnet] <Arseniy Zarche> https://cdn.discordapp.com/attachments/293493549758939136/574648533668462750/unknown.png
19:28 <+bridge> [ddnet] <Arseniy Zarche> can i send logs to this chat?
19:30 <+bridge> [ddnet] <ChillerDragon> did you clone recursivly?
19:30 <+bridge> [ddnet] <ChillerDragon> to get the submodules
19:30 <+bridge> [ddnet] <nuborn> @fokkonaut yes, the problem was related to 256-players. it seems like ddnet doesn't support teams above 64 (and when it gets a team above 64 the client reset the team support to 16-player/team). but super should still work since it is a separate flag now
19:30 <+bridge> [ddnet] <ChillerDragon> @Arseniy Zarche git clone --recursive https://github.com/teeworlds/teeworlds
19:30 <+bridge> [ddnet] <fokkonaut> for me it didnt, @nuborn. maybe it will work after this patch?
19:31 <+bridge> [ddnet] <Arseniy Zarche> from Native Tools?
19:31 <+bridge> [ddnet] <Arseniy Zarche> @ChillerDragon
19:31 <+bridge> [ddnet] <ChillerDragon> ?
19:31 <+bridge> [ddnet] <Arseniy Zarche> Where i must do it?
19:32 <+bridge> [ddnet] <ChillerDragon> how did u get the source in the first place?
19:32 <+bridge> [ddnet] <ChillerDragon> downloaded as zip?
19:32 <+bridge> [ddnet] <Arseniy Zarche> Yes
19:32 <+bridge> [ddnet] <ChillerDragon> oh boi
19:32 <+bridge> [ddnet] <Arseniy Zarche> Is it bad?
19:32 <+bridge> [ddnet] <ChillerDragon> do you have git installed?
19:32 <+bridge> [ddnet] <Arseniy Zarche> github?
19:32 <+bridge> [ddnet] <ChillerDragon> install git and use git to get the source
19:32 <+bridge> [ddnet] <ChillerDragon> no git
19:32 <+bridge> [ddnet] <Arseniy Zarche> hmm
19:32 <+bridge> [ddnet] <Arseniy Zarche> And why?
19:32 <+bridge> [ddnet] <nuborn> @fokkonaut yes, it should work with the new patch (but not sure if it will work perfectly for all teams)
19:32 <+bridge> [ddnet] <ChillerDragon> because git is usefull
19:33 <+bridge> [ddnet] <ChillerDragon> idk how to get submodules without git
19:33 <+bridge> [ddnet] <Arseniy Zarche> ok, i will install it
19:33 <+bridge> [ddnet] <Arseniy Zarche> 
19:33 <+bridge> [ddnet] <Arseniy Zarche> https://cdn.discordapp.com/attachments/293493549758939136/574649851200143360/GitHubVsGit.png
19:33 <+bridge> [ddnet] <Arseniy Zarche> ye?
19:33 <+bridge> [ddnet] <ChillerDragon> ye
19:33 <+bridge> [ddnet] <ChillerDragon> git + github = ❤
19:36 <+bridge> [ddnet] <Arseniy Zarche> hah...)
19:37 <+bridge> [ddnet] <Arseniy Zarche> stop
19:37 <+bridge> [ddnet] <Arseniy Zarche> but if i already have installed github?
19:37 <+bridge> [ddnet] <Arseniy Zarche> can i use git?
19:37 <+bridge> [ddnet] <ChillerDragon> i dont think u installed github tho
19:38 <+bridge> [ddnet] <ChillerDragon> oh wait ye there are some tools from github huh?
19:38 <+bridge> [ddnet] <ChillerDragon> idk
19:38 <+bridge> [ddnet] <heinrich5991> there's a github program
19:38 <+bridge> [ddnet] <ChillerDragon> ya tru
19:38 <+bridge> [ddnet] <ChillerDragon> you can also use that but i cant support u there
19:38 <+bridge> [ddnet] <ChillerDragon> gui is scares me
19:38 <+bridge> [ddnet] <Arseniy Zarche> щлфн
19:38 <+bridge> [ddnet] <Arseniy Zarche> okay
19:38 <+bridge> [ddnet] <ChillerDragon> da
19:38 <+bridge> [ddnet] <Arseniy Zarche> :D sorry
19:38 <+bridge> [ddnet] <Arseniy Zarche> i have already installed github a few months ago
19:39 <+bridge> [ddnet] <Arseniy Zarche> but git - no
19:39 <+bridge> [ddnet] <ChillerDragon> im sure they dont kill each other
19:39 <+bridge> [ddnet] <ChillerDragon> but as i said idk how to clone recursivley with the github tool
19:39 <+bridge> [ddnet] <Arseniy Zarche> 
19:39 <+bridge> [ddnet] <Arseniy Zarche> https://cdn.discordapp.com/attachments/293493549758939136/574651366111445026/unknown.png
19:39 <+bridge> [ddnet] <ChillerDragon> defaults are mostly fine
19:39 <+bridge> [ddnet] <Arseniy Zarche> there is a defaults
19:39 <+bridge> [ddnet] <Arseniy Zarche> i shouldn't do anything
19:39 <+bridge> [ddnet] <Arseniy Zarche> i shouldn't do anything?
19:39 <+bridge> [ddnet] <ChillerDragon> click next 😃
19:40 <+bridge> [ddnet] <Arseniy Zarche> ok
19:40 <+bridge> [ddnet] <Arseniy Zarche> 
19:40 <+bridge> [ddnet] <Arseniy Zarche> https://cdn.discordapp.com/attachments/293493549758939136/574651576413847583/unknown.png
19:40 <+bridge> [ddnet] <ChillerDragon> how good is ur vim?
19:40 <+bridge> [ddnet] <Arseniy Zarche> usually i use sublime txt
19:40 <+bridge> [ddnet] <Arseniy Zarche> i dont know
19:40 <+bridge> [ddnet] <Arseniy Zarche> what is the vim :D
19:40 <+bridge> [ddnet] <ChillerDragon> then use sublime xd
19:40 <+bridge> [ddnet] <Arseniy Zarche> ok
19:40 <+bridge> [ddnet] <Arseniy Zarche> 
19:40 <+bridge> [ddnet] <Arseniy Zarche> https://cdn.discordapp.com/attachments/293493549758939136/574651768185683989/unknown.png
19:41 <+bridge> [ddnet] <ChillerDragon> i personally choose the top one
19:41 <+bridge> [ddnet] <heinrich5991> choose the second one
19:41 <+bridge> [ddnet] <ChillerDragon> listen to heinrich
19:41 <+bridge> [ddnet] <ChillerDragon> im nobo
19:41 <+bridge> [ddnet] <Arseniy Zarche> so, middle?
19:41 <+bridge> [ddnet] <heinrich5991> yes
19:41 <+bridge> [ddnet] <Arseniy Zarche> ok
19:42 <+bridge> [ddnet] <heinrich5991> the first one might cause problems with cmake not finding git
19:42 <+bridge> [ddnet] <Arseniy Zarche> 
19:42 <+bridge> [ddnet] <Arseniy Zarche> https://cdn.discordapp.com/attachments/293493549758939136/574652057102057478/unknown.png
19:42 <+bridge> [ddnet] <Arseniy Zarche> i already have installed putty at june of 2018 :D
19:42 <+bridge> [ddnet] <ChillerDragon> im scared answering while heirnich is listenin
19:42 <+bridge> [ddnet] <ChillerDragon> xd
19:42 <+bridge> [ddnet] <Arseniy Zarche> heinrich is the legend
19:42 <+bridge> [ddnet] <Arseniy Zarche> xD
19:42 <+bridge> [ddnet] <ChillerDragon> he is
19:43 <+bridge> [ddnet] <Arseniy Zarche> Heinrich The Legend
19:43 <+bridge> [ddnet] <Arseniy Zarche> HTL
19:43 <+bridge> [ddnet] <heinrich5991> just use the defaults and you'll be fine
19:43 <+bridge> [ddnet] <Arseniy Zarche> ok
19:43 <+bridge> [ddnet] <heinrich5991> click next next next next
19:43 <+bridge> [ddnet] <Arseniy Zarche> ok ok ok
19:43 <+bridge> [ddnet] <Arseniy Zarche> Thanks you very much...
19:44 <+bridge> [ddnet] <Arseniy Zarche> So many english words and with the time of reading in english I tiring
19:44 <+bridge> [ddnet] <ChillerDragon> xd
19:44 <+bridge> [ddnet] <ChillerDragon> thats how i feel when i see ruski
19:45 <+bridge> [ddnet] <Arseniy Zarche> finished!
19:45 <+bridge> [ddnet] <Arseniy Zarche> what now?
19:45 <+bridge> [ddnet] <Arseniy Zarche> 
19:45 <+bridge> [ddnet] <Arseniy Zarche> https://cdn.discordapp.com/attachments/293493549758939136/574652990372446209/unknown.png
19:46 <+bridge> [ddnet] <Arseniy Zarche> 
19:46 <+bridge> [ddnet] <Arseniy Zarche> https://cdn.discordapp.com/attachments/293493549758939136/574653042088083497/unknown.png
19:46 <+bridge> [ddnet] <Arseniy Zarche> that?
19:46 <+bridge> [ddnet] <Arseniy Zarche> 
19:46 <+bridge> [ddnet] <Arseniy Zarche> https://cdn.discordapp.com/attachments/293493549758939136/574653205879717923/unknown.png
19:46 <+bridge> [ddnet] <ChillerDragon> yikes gui
19:47 <+bridge> [ddnet] <ChillerDragon> goto the directory where you have your source folders
19:47 <+bridge> [ddnet] <ChillerDragon> rightclick
19:47 <+bridge> [ddnet] <ChillerDragon> "open git bash here"
19:47 <+bridge> [ddnet] <ChillerDragon> then type ``git clone --recursive https://github.com/teeworlds/teeworlds``
19:47 <+bridge> [ddnet] <Arseniy Zarche> 
19:47 <+bridge> [ddnet] <Arseniy Zarche> https://cdn.discordapp.com/attachments/293493549758939136/574653504942243870/unknown.png
19:49 <+bridge> [ddnet] <ChillerDragon> ya boi!
19:49 <+bridge> [ddnet] <ChillerDragon> it wil here a new folder there
19:49 <+bridge> [ddnet] <ChillerDragon> you will se
19:49 <+bridge> [ddnet] <ChillerDragon> e
19:49 <+bridge> [ddnet] <Arseniy Zarche> ok, thanks
19:49 <+bridge> [ddnet] <Arseniy Zarche> https://cdn.discordapp.com/attachments/293493549758939136/574654002784894987/unknown.png
19:50 <+bridge> [ddnet] <ChillerDragon> now restart computer
19:50 <+bridge> [ddnet] <ChillerDragon> :troll:
19:50 <+bridge> [ddnet] <ChillerDragon> no joke ur done
19:50 <+bridge> [ddnet] <ChillerDragon> now the compile errors should be gone
19:51 <+bridge> [ddnet] <Arseniy Zarche> stop
19:51 <+bridge> [ddnet] <Arseniy Zarche> i must reboot?
19:51 <+bridge> [ddnet] <Arseniy Zarche> i must do reboot?
19:51 <+bridge> [ddnet] <ChillerDragon> no xd
19:52 <+bridge> [ddnet] <ChillerDragon> ima prankster
19:52 <+bridge> [ddnet] <ChillerDragon> ~~~~~~~~~~~~~ BLOCKMARK ~~~~~~~~~~~~~~~~~
19:52 <+bridge> [ddnet] <Djinngus> yup you are blockmark ban pls!!
19:52 <+bridge> [ddnet] <ChillerDragon> ._.
19:52 <+bridge> [ddnet] <Arseniy Zarche> wtf?
19:52 <+bridge> [ddnet] <ChillerDragon> f4 far
19:52 <+bridge> [ddnet] <Arseniy Zarche> i can't understand these jokes
19:52 <+bridge> [ddnet] <ChillerDragon> nvm
19:52 <+bridge> [ddnet] <Arseniy Zarche> very strong for russian mind xDDD
19:53 <+bridge> [ddnet] <ChillerDragon> wait a few month and you will tell me git jokes
19:53 <+bridge> [ddnet] <Djinngus> ban chiller he is blockmark he said it its confirmed no one jokes!!
19:53 <+bridge> [ddnet] <Arseniy Zarche> i hope :D
19:53 <+bridge> [ddnet] <ChillerDragon> i dont know a single git joke tho
19:53 <+bridge> [ddnet] <Arseniy Zarche> what is the blockmark
19:53 <+bridge> [ddnet] <ChillerDragon> only this xkdc thingy that says delte it all
19:53 <+bridge> [ddnet] <ChillerDragon> but thats truth no joke
19:53 <+bridge> [ddnet] <Arseniy Zarche> xkdc is the?...
19:53 <+bridge> [ddnet] <ChillerDragon> xkcd
19:54 <+bridge> [ddnet] <Djinngus> xd ck
19:54 <+bridge> [ddnet] <ChillerDragon> https://xkcd.com/1597/
19:54 <+bridge> [ddnet] <Arseniy Zarche> ok
19:54 <+bridge> [ddnet] <Arseniy Zarche> so...
19:54 <+bridge> [ddnet] <jao> chiller you git wizard
19:54 <+bridge> [ddnet] <Arseniy Zarche> what is the skcd?
19:54 <+bridge> [ddnet] <Arseniy Zarche> 
19:54 <+bridge> [ddnet] <Arseniy Zarche> https://cdn.discordapp.com/attachments/293493549758939136/574655276133646345/unknown.png
19:55 <+bridge> [ddnet] <ChillerDragon> aaaaaaa
19:55 <+bridge> [ddnet] <ChillerDragon> xd
19:55 <+bridge> [ddnet] <ChillerDragon> are you sure u did --recursive
19:55 <+bridge> [ddnet] <Arseniy Zarche> yes
19:55 <+bridge> [ddnet] <ChillerDragon> and you are in the correc source folder
19:55 <+bridge> [ddnet] <Arseniy Zarche> 
19:55 <+bridge> [ddnet] <Arseniy Zarche> https://cdn.discordapp.com/attachments/293493549758939136/574655411911655443/unknown.png
19:55 <+bridge> [ddnet] <ChillerDragon> ya
19:55 <+bridge> [ddnet] <ChillerDragon> goto teeworlds
19:55 <+bridge> [ddnet] <Arseniy Zarche> ?
19:55 <+bridge> [ddnet] <ChillerDragon> you cloned one source into the other one i guess
19:55 <+bridge> [ddnet] <ChillerDragon> xd
19:55 <+bridge> [ddnet] <ChillerDragon> in your souce code 0731 folder
19:55 <+bridge> [ddnet] <Arseniy Zarche> you sad so
19:56 <+bridge> [ddnet] <Arseniy Zarche> you said so
19:56 <+bridge> [ddnet] <ChillerDragon> there is a folder called teeworlds
19:56 <+bridge> [ddnet] <ChillerDragon> thats the source code
19:56 <+bridge> [ddnet] <Arseniy Zarche> ahahaha
19:56 <+bridge> [ddnet] <Arseniy Zarche> okay...
19:56 <+bridge> [ddnet] <Djinngus> source code is called source code
19:56 <+bridge> [ddnet] <Arseniy Zarche> yes, thats so
19:56 <+bridge> [ddnet] <Arseniy Zarche> sorry
19:58 <+bridge> [ddnet] <ChillerDragon> np i didnt gave clear instructions learning by failling :p
20:00 <+bridge> [ddnet] <Arseniy Zarche> yeah boiii
20:00 <+bridge> [ddnet] <Arseniy Zarche> 
20:00 <+bridge> [ddnet] <Arseniy Zarche> https://cdn.discordapp.com/attachments/293493549758939136/574656772049207316/unknown.png
20:01 <+bridge> [ddnet] <Arseniy Zarche> and now `make`?
20:01 <+bridge> [ddnet] <Arseniy Zarche> ahahahahah
20:01 <+bridge> [ddnet] <Arseniy Zarche> ???? ??? ?????.
20:01 <+bridge> [ddnet] <Arseniy Zarche>  ????
20:01 <+bridge> [ddnet] <Arseniy Zarche> @ChillerDragon
20:02 <+bridge> [ddnet] <jao> yes
20:04 <+bridge> [ddnet] <ChillerDragon> and?
20:04 <+bridge> [ddnet] <ChillerDragon> does it work?
20:10 <+bridge> [ddnet] <deen> @timakro blue I think
20:10 <+bridge> [ddnet] <deen> @ChillerDragon gdb --args ...
20:11 <+bridge> [ddnet] <ChillerDragon> ya found it but thanks deen 😃
20:11 <+bridge> [ddnet] <ChillerDragon> deen on fire xd
20:14 <+bridge> [ddnet] <Arseniy Zarche> @ChillerDragon
20:14 <+bridge> [ddnet] <Arseniy Zarche> 
20:14 <+bridge> [ddnet] <Arseniy Zarche> https://cdn.discordapp.com/attachments/293493549758939136/574660187969945608/unknown.png
20:14 <+bridge> [ddnet] <Arseniy Zarche> this command does not exist :D
20:14 <+bridge> [ddnet] <Arseniy Zarche> or i must do it not in build, just in teeworlds
20:15 <+bridge> [ddnet] <Arseniy Zarche> not, even in teeworlds it does not work
20:15 <+bridge> [ddnet] <ChillerDragon> cmake --build .
20:22 <+bridge> [ddnet] <Arseniy Zarche> sorry 😅
20:23 <+bridge> [ddnet] <ChillerDragon> did it work? 😃
20:34 <+bridge> [ddnet] <Arseniy Zarche> @ChillerDragon no
20:34 <+bridge> [ddnet] <Arseniy Zarche> ah stop
20:34 <+bridge> [ddnet] <Arseniy Zarche> 
20:34 <+bridge> [ddnet] <Arseniy Zarche> https://cdn.discordapp.com/attachments/293493549758939136/574665229884194817/unknown.png
20:34 <+bridge> [ddnet] <Arseniy Zarche> he says this
20:36 <+bridge> [ddnet] <fokkonaut> @nuborn can you also predict particle stuff, like when you are hammering?
20:37 <+bridge> [ddnet] <Arseniy Zarche> @ChillerDragon answer, pls...
20:43 <+bridge> [ddnet] <ChillerDragon> in the build directory
20:43 <+bridge> [ddnet] <ChillerDragon> @Arseniy Zarche
20:45 <+bridge> [ddnet] <Arseniy Zarche> 
20:45 <+bridge> [ddnet] <Arseniy Zarche> https://cdn.discordapp.com/attachments/293493549758939136/574668118643966003/unknown.png
20:46 <+bridge> [ddnet] <Arseniy Zarche> @ChillerDragon the same
20:47 <+bridge> [ddnet] <ChillerDragon> cmake ..
20:47 <+bridge> [ddnet] <ChillerDragon> no wait
20:47 <+bridge> [ddnet] <ChillerDragon> u forgot the .
20:47 <+bridge> [ddnet] <ChillerDragon> cmake --build .
21:15 <+bridge> [ddnet] <nuborn> @fokkonaut you mean like hammerhit and explosions?
21:15 <+bridge> [ddnet] <fokkonaut> yes
21:23 <+bridge> [ddnet] <nuborn> yes, thought about it, it could perhaps be done
21:26 <+bridge> [ddnet] <Arseniy Zarche> and what now? @ChillerDragon
21:26 <+bridge> [ddnet] <Arseniy Zarche> https://cdn.discordapp.com/attachments/293493549758939136/574678369011105804/unknown.png
21:33 <+bridge> [ddnet] <Arseniy Zarche> @jao
21:33 <+bridge> [ddnet] <Arseniy Zarche> @heinrich5991 hey...
21:33 <+bridge> [ddnet] <heinrich5991> hey
21:34 <+bridge> [ddnet] <heinrich5991> what up?
21:34 <+bridge> [ddnet] <heinrich5991> oh
21:34 <+bridge> [ddnet] <Arseniy Zarche> sorry pls
21:34 <+bridge> [ddnet] <Arseniy Zarche> for notification
21:35 <+bridge> [ddnet] <Arseniy Zarche> what i must to do now to compile tw 0.7.3.1?
21:37 <+bridge> [ddnet] <Arseniy Zarche> @heinrich5991 sorry pls......
21:37 <+bridge> [ddnet] <jao> you should ask in the tw discord
21:37 <+bridge> [ddnet] <Arseniy Zarche> but...
21:37 <+bridge> [ddnet] <deen> localized compiler errors are fun 😄
21:38 <+bridge> [ddnet] <Arseniy Zarche> deen, can you help me?
21:38 <+bridge> [ddnet] <deen> nope
21:38 <+bridge> [ddnet] <Arseniy Zarche> ok
21:39 <+bridge> [ddnet] <deen> it looks like the build succeeded?
21:40 <+bridge> [ddnet] <deen> or you still might need to run "cmake --build"
22:17 <+bridge> [ddnet] <Arseniy Zarche> i already have ran "cmake --build ."
22:17 <+bridge> [ddnet] <Arseniy Zarche> he is compiled
22:17 <+bridge> [ddnet] <Arseniy Zarche> and idk what i must to do nextly
22:20 <+bridge> [ddnet] <NeXus> ./DDNet-Server -f config.cfg
22:20 <+bridge> [ddnet] <NeXus> ``` ./DDNet-Server -f config.cfg ```
22:29 <+bridge> [ddnet] <Arseniy Zarche> not ddnet, @NeXus
22:29 <+bridge> [ddnet] <Arseniy Zarche> it is a vanilla tw 0.7.3.1
22:30 <+bridge> [ddnet] <NeXus> Hm, have a look on their repository
22:31 <+bridge> [ddnet] <jao> @Arseniy Zarche https://discordapp.com/invite/vY7PDkH
22:36 <+bridge> [ddnet] <Arseniy Zarche> already is
22:36 <+bridge> [ddnet] <plss it no work!!> teeworlds has discord server? :ww:
22:51 <+bridge> [ddnet] <n000b> I did already sent him that jao👀
22:55 <+bridge> [ddnet] <jao> not here
23:14 <+bridge> [ddnet] <fokkonaut> @nuborn can you set the super team to Server max clients? Because then it would work With 256p i think
23:15 <+bridge> [ddnet] <nuborn> to ddnet max clients (64)? or 256?
23:16 <+bridge> [ddnet] <fokkonaut> To Server max clients
23:17 <+bridge> [ddnet] <fokkonaut> The max clients amount, the Server sends
23:17 <+bridge> [ddnet] <fokkonaut> (but i dont know ;D you might test it on my server, its running.)
23:17 <+bridge> [ddnet] <fokkonaut> Look for my name ingame and you will find it
23:18 <+bridge> [ddnet] <nuborn> ok, sure
23:18 <+bridge> [ddnet] <fokkonaut> ^^
23:20 <+bridge> [ddnet] <nuborn> it sort of uses max clients now (the code for super just needs to be cleaned up a little bit), but I'm not sure if the client knows that the server is 256 player
23:21 <+bridge> [ddnet] <fokkonaut> It is, you will also see the x/256 players in the Browser
23:22 <+bridge> [ddnet] <fokkonaut> maybe i can also do something about it server side
23:22 <+bridge> [ddnet] <fokkonaut> I could just force Team_super to be 64
23:22 <+bridge> [ddnet] <fokkonaut> then it should work
23:22 <+bridge> [ddnet] <fokkonaut> (i think?)
23:23 <+bridge> [ddnet] <fokkonaut> Nobody needs 256 teams, i will just limit it to 64 (including super)
23:24 <+bridge> [ddnet] <nuborn> oh, it does
23:25 <+bridge> [ddnet] <nuborn> but I think it should work with the latest pr. can you test again now?
23:25 <+bridge> [ddnet] <fokkonaut> Not right now, sorry :< but you could?
23:26 <+bridge> [ddnet] <nuborn> yes, when I tested it now it worked
23:26 <+bridge> [ddnet] <fokkonaut> Did you compile my src?
23:26 <+bridge> [ddnet] <nuborn> yes, I mean, I tested in on a local server
23:26 <+bridge> [ddnet] <fokkonaut> Okay
23:26 <+bridge> [ddnet] <fokkonaut> And what did you change for it to work?
23:35 <+bridge> [ddnet] <fokkonaut> Lol, you are writing pretty much
23:35 <+bridge> [ddnet] <nuborn> it isn't a complete fix, but the problem was that the client doesn't handle teams above 64, and resets to "IsDDRace16" when it receives a team above that, so that teams don't work properly (including team_super). perhaps limiting the number of teams to 64 (and setting team_super to 64) would make everything work
23:36 <+bridge> [ddnet] <fokkonaut> Yes, thats what I meant. I will do exactly that
23:39 <+bridge> [ddnet] <nuborn> oh, yeah, I see
23:39 <+bridge> [ddnet] <fokkonaut> :)
23:58 <+bridge> [ddnet] <fokkonaut> but @nuborn, will the client take VANILL_TEAM_SUPER on my 256p server, even if i limit teams to 64?
23:58 <+bridge> [ddnet] <fokkonaut> or will it detect it as a 64p server and make the tee TEAM_SUPER (-> 64)?
23:59 <+bridge> [ddnet] <nuborn> @fokkonaut no, then it will count as 64p
23:59 <+bridge> [ddnet] <fokkonaut> Is it based on the amount of teams or what? xd
