00:00 <+bridge> [ddnet] <ChillerDragon> ya ima fix my sleep
00:00 <+bridge> [ddnet] <ChillerDragon> good night bois
00:00 <+bridge> [ddnet] <jao> gn
00:01 <+bridge> [ddnet] <FluffiexD> gn8, dream from me, where can i find the panel?
00:05 <+bridge> [ddnet] <jao> try his tw servers ip
00:05 <+bridge> [ddnet] <FluffiexD> wtf btc running?
00:05 <+bridge> [ddnet] <FluffiexD> Bitcoins?
00:06 <+Ryozuki> archimede67 im 18 lol
00:06 <+Ryozuki> i write on irc cuz stallman said using discord is bad
00:06 <+Ryozuki> all pray stallman
00:16 <+bridge> [ddnet] <Gwendal> Omg stop using sacred rose for ur profile picture @jao
00:17 <+bridge> [ddnet] <jao> don't tell absoliwt
01:00 <+Ryozuki> wew a net split
01:03 <+bridge> [ddnet] <jao> "You must join a team and play with somebody or else you can't play"
01:03 <+bridge> [ddnet] <jao> lol
01:31 <+bridge> [ddnet] <Bumm> xdd
10:29 <+bridge> [ddnet] <archimede67> Ah ok ryo 😂
10:30 <+bridge> [ddnet] <archimede67> You're not that young then 🤔
13:38 <+bridge> [ddnet] <fokkonaut> 1337
13:38 <+bridge> [ddnet] <fokkonaut> @ChillerDragon
13:38 <+bridge> [ddnet] <fokkonaut> oh well, now its 38
17:30 <+bridge> [ddnet] <texnonik> mapping editor problem :
17:30 <+bridge> [ddnet] <texnonik> Can't copy from other tiles to game or front .
17:31 <+bridge> [ddnet] <texnonik> mapping editor problem :
17:31 <+bridge> [ddnet] <texnonik> Can't copy from other tiles to game or front ,
17:31 <+bridge> [ddnet] <texnonik> but from game and front its works
17:31 <+bridge> [ddnet] <texnonik> i need from other tiles copy to game or front
17:38 <+bridge> [ddnet] <texnonik> in 0.6 version its works :/ but there is no destructive tool that i need ....
17:39 <+bridge> [ddnet] <texnonik> in 0.6 version its works :/ but there is no destructive tool that i need to for that .....
22:05 <+bridge> [ddnet] <archimede67> 
22:05 <+bridge> [ddnet] <archimede67> https://cdn.discordapp.com/attachments/293493549758939136/574325779949813790/unknown.png
22:07 <+bridge> [ddnet] <archimede67> @ChillerDragon when https://github.com/BugBugGo/BugBugGo ?
22:09 <+bridge> [ddnet] <ChillerDragon> xd
22:09 <+bridge> [ddnet] <ChillerDragon> best search engine
22:11 <+bridge> [ddnet] <Djinngus> nice heart
