14:02 <+bridge> [ddnet] <Noe> guys
14:02 <+bridge> [ddnet] <Noe> Is there a way to change f1 commands/binds priority?
14:04 <+bridge> [ddnet] <Noe> e.g bind key "+fire; +nextweapon" and "+nextweapon; +fire"
14:04 <+bridge> [ddnet] <Noe> Makes the same thing
14:04 <+bridge> [ddnet] <Noe> It changes weapon and then fires*
14:06 <+bridge> [ddnet] <Noe> But e.g when i do bind key "+weapon1; +fire", it fires first and then changes to certain weapon
14:09 <+bridge> [ddnet] <Noe> I mean that +fire is always before +weapon and +nextweapon is always before +fire and +weapon
14:10 <+bridge> [ddnet] <Noe> And e.g i want to +weapon execute before +nextweapon
14:10 <+bridge> [ddnet] <Noe> Is it possible?
14:10 <+bridge> [ddnet] <Noe> Also "delay (sec)" or "wait (sec)" as f1 commands would be useful
16:13 <+bridge> [ddnet] <ChillerDragon> @Noe A delay is not planned. Aso a delay would allow to script a bot. I think @Learath2 looked into some await to at least allow for some correct ordering but i think he abandoned that project because its complicated.
16:15 <+bridge> [ddnet] <ChillerDragon> But what you can try is the exec command. I think there are some hacks that even improve weapon shoting delay after change by using ``exec shotgun.cfg`` for example. It might help fixing the order of nextweapon and fire.
16:21 <+bridge> [ddnet] <Noe> I wanted to make a bind to hammer with gun tho
16:22 <+bridge> [ddnet] <Noe> If commands would be executed from left to right, bind should look "+weapon1; +fire; +weapon2"
16:23 <+bridge> [ddnet] <Noe> I got inspired to try to do that by a player with broken mouse and unable to switch weapons xd
16:23 <+bridge> [ddnet] <Noe> Also it looks cool
16:24 <+bridge> [ddnet] <Noe> But command "+weapon1; +fire; +weapon2" executes +fire first and then +weapon commands
16:25 <+bridge> [ddnet] <Noe> I also tried "+nextweapon; +fire; +prevweapon" but this time +next/prevweapon executes before +fire
16:25 <+bridge> [ddnet] <Noe> So the weapon doesn't change
16:32 <+bridge> [ddnet] <ChillerDragon> Did you try splitting it up in multiple configs and use the ``exec`` command? Just an idea idk if it actually works.
16:33 <+bridge> [ddnet] <Noe> I was thinking about that but idk how to do it xd
16:34 <+bridge> [ddnet] <Noe> I also tried using toggle and +toggle
16:35 <+bridge> [ddnet] <Noe> I tried to use toggle to switch to certain weapon when you hold tbe button, and switch to the previous weapon when you stop holding the button
16:36 <+bridge> [ddnet] <Noe> But I think that's impossible without exec command
16:37 <+bridge> [ddnet] <Noe> Because there isn't command to switch weapon that uses values
16:38 <+bridge> [ddnet] <Noe> But if i understand how exec command works, it maybe is possible to make +weapon that uses values 0 and 1
16:38 <+bridge> [ddnet] <ChillerDragon> there is +weapon1 +weapon2 etc tho
16:38 <+bridge> [ddnet] <Noe> I know
16:38 <+bridge> [ddnet] <ChillerDragon> yea but not togglable
16:38 <+bridge> [ddnet] <Noe> But i mean values like cl_dyncam 0 or 1
16:38 <+bridge> [ddnet] <ChillerDragon> yy
16:39 <+bridge> [ddnet] <Noe> weapon1 is hammer and weapon2 is gun
16:45 <+bridge> [ddnet] <Noe> Btw @ChillerDragon can exec command use .txt files?
16:46 <+bridge> [ddnet] <Noe> Maybe it's possible to use exec as togglable +weapon command
18:34 <+bridge> [ddnet] <fokkonaut> ofc it can use txt files
18:34 <+bridge> [ddnet] <fokkonaut> but better use cfg, follows the style
18:35 <+bridge> [ddnet] <Noe> oh okay
21:20 <+Ryozuki> hi
21:21 <+bridge> [ddnet] <archimede67> hei
21:22 <+Ryozuki> how u doing
21:22 <+bridge> [ddnet] <archimede67> bad
21:23 <+Ryozuki> why
21:23 <+bridge> [ddnet] <archimede67> my internet is kaput on TW
21:24 <+bridge> [ddnet] <archimede67> so i can't finish my own map
21:24 <+Ryozuki> xd
21:24 <+bridge> [ddnet] <archimede67> how to fix
21:24 <+Ryozuki> you already know what i will say to you
21:25 <+bridge> [ddnet] <archimede67> 😦
21:25 <+Ryozuki> use linux
21:25 <+Ryozuki> d:
21:25 <+bridge> [ddnet] <archimede67> i dont use linux to play games
21:25 <+Ryozuki> lol
21:25 <+Ryozuki> ddnet plays better on linux
21:26 <+Ryozuki> dota too
21:26 <+Ryozuki> drop winshit
21:26 <+Ryozuki> gnu/linux * ups
21:59 < Apaex> Hey need help .. :D where is the vb.net project file @ downloaded source 
22:00 <+Apaex> Hey need help .. :D where is the vb.net project file @ downloaded source 
22:03 <+Apaex> Hey need help .. :D where is the vb.net project file @ downloaded source 
22:03 <+Apaex> Hey need help .. :D where is the vb.net project file @ downloaded source 
22:03 <+Apaex> Hey need help .. :D where is the vb.net project file @ downloaded source 
22:03 <+Apaex> Hey need help .. :D where is the vb.net project file @ downloaded source 
22:05 <+Apaex> Hey need help .. :D where is the vb.net project file @ downloaded source 
22:05 <+Apaex> Hey need help .. :D where is the vb.net project file @ downloaded source 
22:05 <+Apaex> Hey need help .. :D where is the vb.net project file @ downloaded source 
22:05 <+Apaex> Hey need help .. :D where is the vb.net project file @ downloaded source 
22:05 <+Apaex> Hey need help .. :D where is the vb.net project file @ downloaded source 
22:05 <+bridge> [ddnet] <archimede67> omg stop
22:10 <+bridge> [ddnet] <Apaex> sry didnt recieve my messages on IRC 😄
22:10 <+bridge> [ddnet] <archimede67> ...
22:10 <+bridge> [ddnet] <Apaex> ..
22:10 <+bridge> [ddnet] <archimede67> its not even vb.net wtf
22:11 <+bridge> [ddnet] <Apaex> i mean visual studio .. idiot ? whats wrong with you .. didnt have a rank then shut up
22:11 <+bridge> [ddnet] <archimede67> lmao who is this guy
22:11 <+bridge> [ddnet] <Apaex> your nightmare
22:11 <+bridge> [ddnet] <archimede67> cool
22:11 <+bridge> [ddnet] <archimede67> hi my nightmare
22:12 <+bridge> [ddnet] <Apaex> wanna have your hole
22:12 <+bridge> [ddnet] <archimede67> so i'm "idiot" because u were wrong and u spammed shit?
22:12 <+bridge> [ddnet] <Apaex> kiddy talk
22:12 <+bridge> [ddnet] <archimede67> :greenthing:
22:13 <+bridge> [ddnet] <archimede67> now u delete ur messages 🤔
22:13 <+bridge> [ddnet] <LeL> http://prntscr.com/p9j0vc
22:13 <+bridge> [ddnet] <LeL> lel
22:14 <+bridge> [ddnet] <archimede67> 
22:14 <+bridge> [ddnet] <archimede67> https://cdn.discordapp.com/attachments/293493549758939136/625424624569810954/unknown.png
22:14 <+bridge> [ddnet] <archimede67> Lel
22:14 <+bridge> [ddnet] <archimede67> anyway
22:14 <+bridge> [ddnet] <LeL> won
22:14 <+bridge> [ddnet] <archimede67> can u leave me alone
22:14 <+bridge> [ddnet] <LeL> xDD
23:15 <+bridge> [ddnet] <ChillerDragon> wtf?
23:44 <+bridge> [ddnet] <n000b> @Noe just exec in your last line a new cfgfile with the commandd after  the first one? Dunno if that works tho
