00:02 <+bridge> [ddnet] <jao> @Cellegen what bug are you talking about?
07:35 <+bridge> [ddnet] <Cellegen> that invisible like you were talking about earlier
07:35 <+bridge> [ddnet] <Cellegen> that invisible line you were talking about earlier
07:40 <+bridge> [ddnet] <archimede67> Invisible like ?
07:40 <+bridge> [ddnet] <archimede67> Ah line :troll:
07:55 <+bridge> [ddnet] <Cellegen> i should buy a new keyboard soon :v
08:50 <+bridge> [ddnet] <NeXus> if it`s invisible, how can you see it tho 🤔
09:00 <+bridge> [ddnet] <archimede67> It gets logged
11:10 <+bridge> [ddnet] <jao> that’s not a font problem
14:01 <+bridge> [ddnet] <fokkonaut> Is `CStorage::ListDirectory()` threaded?
14:02 <@heinrich5991> no
14:20 <+bridge> [ddnet] <heinrich5991> https://github.com/ixy-languages/ixy-languages
17:56 <+bridge> [ddnet] <ChillerDragon> Are there any best practices for loggigng/printing debug/normal information?
17:56 <+bridge> [ddnet] <ChillerDragon> 
17:56 <+bridge> [ddnet] <ChillerDragon> I thought it is always best to log after it is done. So if it is a message for the user for example he knows that it already happend.
17:56 <+bridge> [ddnet] <ChillerDragon> 
17:56 <+bridge> [ddnet] <ChillerDragon> For example a chat message when a player left the game. Should only appear when the player is already gone.
17:56 <+bridge> [ddnet] <ChillerDragon> 
17:56 <+bridge> [ddnet] <ChillerDragon> 
17:56 <+bridge> [ddnet] <ChillerDragon> 
17:56 <+bridge> [ddnet] <ChillerDragon> 
17:56 <+bridge> [ddnet] <ChillerDragon> buut.. i was just thinking for debugging purposes it might be more interesting to see what was initilizied and not finished in case of a crash. So you know that the disconnect caused the crash if you look at the logs.
17:57 <+bridge> [ddnet] <ChillerDragon> 
17:57 <+bridge> [ddnet] <ChillerDragon> Any thoughts or related ideas?
20:59 <+bridge> [ddnet] <FluffiexD> brainlogging
21:01 <+bridge> [ddnet] <fokkonaut> @HMH Are you active again?
22:22 <+bridge> [ddnet] <HMH> I'm afraid most likely not. But I still like to at least keep up with what's going on here.
22:26 <+bridge> [ddnet] <archimede67> jooooooooooooooooo
22:26 <+bridge> [ddnet] <archimede67> never saw u online till now 😮
22:40 <+bridge> [ddnet] <Im 'corneum> @HMH  do you remember when yu showed me that debug console years ago? but not lik ethe normal ctrl+shift+d.
22:40 <+bridge> [ddnet] <Im 'corneum> do you still know how to open that?
22:47 <+bridge> [ddnet] <Ryozuki> hi hmh
22:54 <+bridge> [ddnet] <HMH> Maybe `dbg_tuning 1` or ctrl+shift+g after ctrl+shift+d ?
22:54 <+bridge> [ddnet] <Im 'corneum> ye it was dbg tuning... thx 🙂
22:56 <+bridge> [ddnet] <n000b> Hehe
