09:51 <+bridge> [ddnet] <deen> @Jupstar ✪ FYI https://forum.ddnet.tw/viewtopic.php?f=45&t=6771
17:55 <+bridge> [ddnet] <ScReeNy> Im not sure if somebody mentioned it yet, but i think we need more ddnet ger ddrace servers. Im happy to say this but each evening there are no empty servers left
18:03 <+bridge> [ddnet] <ᶰ°Konͧsti> And each night every server is empty
18:55 <+bridge> [ddnet] <worstwish> @deen how do i get access to the skins database
18:56 <+bridge> [ddnet] <ᶰ°Konͧsti> :GWpingSock:
19:05 <+bridge> [ddnet] <snail> donate 50€
19:05 <+bridge> [ddnet] <snail> then u get access
19:29 <+bridge> [ddnet] <eNJi> how about i donate my heart to u
20:54 <+bridge> [ddnet] <ᶰ°Konͧsti> @snail i did more when access
20:56 <+bridge> [ddnet] <snail> i meant to ddnet
20:56 <+bridge> [ddnet] <snail> not to iran admins
20:57 <+bridge> [ddnet] <ᶰ°Konͧsti> ????
20:57 <+bridge> [ddnet] <ᶰ°Konͧsti> Iran didnt got money from me
20:58 <+bridge> [ddnet] <jao> you got unban for your donation already
20:58 <+bridge> [ddnet] <ᶰ°Konͧsti> :troll:
20:58 <+bridge> [ddnet] <jao> so you need to donate another 50€
20:58 <+bridge> [ddnet] <ᶰ°Konͧsti> no u
20:58 <+bridge> [ddnet] <jao> you got unbanned for your donation already
20:58 <+bridge> [ddnet] <ᶰ°Konͧsti> Is the skin added
20:58 <+bridge> [ddnet] <eNJi> he got you there jao
20:58 <+bridge> [ddnet] <jao> ye
20:58 <+bridge> [ddnet] <eNJi> now you have to donate 50€
20:59 <+bridge> [ddnet] <ᶰ°Konͧsti> :feelsgoodman: :feelsgoodman: :feelsgoodman: :feelsgoodman: :feelsgoodman:
22:56 <+bridge> [ddnet] <Ryozuki> http://madebyevan.com/webgl-water/
