07:48 <+bridge> [ddnet] <Learath2> I'm not sure I like this :/ https://github.com/ChillerDragon/ddnet/compare/AutobanKnownBots...Learath2:tokenize
08:18 <+bridge> [ddnet] <ChillerDragon> Ur commit messages xd
08:20 <+bridge> [ddnet] <ChillerDragon> 
08:20 <+bridge> [ddnet] <ChillerDragon> https://cdn.discordapp.com/attachments/293493549758939136/542967811048341504/image0.png
08:20 <+bridge> [ddnet] <ChillerDragon> Indendation looks weird
08:20 <@heinrich5991> Learath2: pState seems to be uninitialized but accessed in str_tokenize_nd
08:20 <@heinrich5991> I mean `*pState`
08:21 <@heinrich5991> ah nvm
08:24 <@heinrich5991> Learath2: char **rest and const char *str seem redundant
08:25 <+Learath2> heinrich5991: ? str points to the string we are tokenizing, rest points to beginning of the next token
08:26 <+Learath2> I guess you could offload keeping track of that to the user
08:26 <+Learath2> but not sure how that'd be usability wise
08:26 <@heinrich5991> also, str_in_list allocates, we usually don't do that :P
08:28 <+Learath2> Could let the user pass in a scratch buffer but is that really common?
08:29 <+bridge> [ddnet] <ChillerDragon> b[bufsz ? 0 : -1] = '\0';
08:29 <+bridge> [ddnet] <ChillerDragon> What is this?
08:30 <+bridge> [ddnet] <ChillerDragon> Negative index?
08:30 <@heinrich5991> it's a pointer into the buffer
08:30 <+bridge> [ddnet] <Brokecdx-> Are there any playercounts charts by mod?
08:30 <@heinrich5991> so it's pointer to one before that
08:31 <+bridge> [ddnet] <ChillerDragon> lol
08:31 <+bridge> [ddnet] <ChillerDragon> And what Pointer is it?
08:31 <+bridge> [ddnet] <ChillerDragon> Sounds like a random memory address to me
08:31 <+bridge> [ddnet] <heinrich5991> @Brokecdx- https://status.tw/?p=charts
08:31 <+bridge> [ddnet] <Learath2> @ChillerDragon buf moves right as you write into it
08:32 <+bridge> [ddnet] <Learath2> if you run out of space e.g. `bufsz == 0` then you null terminate one before
08:32 <+bridge> [ddnet] <Brokecdx-> thanks
08:32 <+bridge> [ddnet] <Learath2> if you still have space you null terminate after
08:32 <+bridge> [ddnet] <ChillerDragon> That’s weird imo
08:32 <+bridge> [ddnet] <Learath2> It's weird to null terminate buffers? :P\
08:32 <+bridge> [ddnet] <ChillerDragon> So it is written into the b Array?
08:33 <+bridge> [ddnet] <Learath2> yeah the token is written into b
08:33 <+bridge> [ddnet] <ChillerDragon> At index -1?
08:33 <+bridge> [ddnet] <ChillerDragon> Which gets shifted to 0 while writing ?
08:33 <+bridge> [ddnet] <Learath2> b is a pointer, you move the pointer right
08:33 <+bridge> [ddnet] <Learath2> accessing -1 means one before the pointer
08:33 <+bridge> [ddnet] <ChillerDragon> So writing to 0 writes the second position?
08:33 <+bridge> [ddnet] <Learath2> it's *(b - 1)
08:34 <+bridge> [ddnet] <Learath2> @heinrich5991 how would you do in_list?
08:34 <+bridge> [ddnet] <ChillerDragon> If (b[0] == '\0')
08:34 <+bridge> [ddnet] <ChillerDragon> What would that give then?
08:35 <+bridge> [ddnet] <Learath2> @ChillerDragon when? if you ran out of buffer space then that's unspecified, it's one past the array
08:35 <+bridge> [ddnet] <Learath2> if you didn't run out of buffer space it's true
08:35 <+bridge> [ddnet] <ChillerDragon> Hmkay
08:35 <+bridge> [ddnet] <ChillerDragon> Still weird but thanks
08:36 <+bridge> [ddnet] <ChillerDragon> And how did u ensure threadsafety?
08:36 <+bridge> [ddnet] <heinrich5991> not accessing globals
08:36 <+bridge> [ddnet] <Learath2> Nothing thread local or static
08:36 <+bridge> [ddnet] <heinrich5991> thread locals aren't thread-unsafe
08:36 <+bridge> [ddnet] <ChillerDragon> Ah because I used the config variables in there I see
08:37 <+bridge> [ddnet] <Learath2> No it's because you used strtok
08:37 <+bridge> [ddnet] <ChillerDragon> Oh
08:37 <+bridge> [ddnet] <Learath2> strtok has a static variable to store it's state
08:37 <+bridge> [ddnet] <Learath2> (so it knows how to continue tokenizing when you pass NULL)
08:38 <+bridge> [ddnet] <ChillerDragon> K
08:38 <+bridge> [ddnet] <ChillerDragon> Btw thanks for writing this functions
08:38 <+bridge> [ddnet] <Learath2> Anyways, I don't think I like the way it turned out 😛
08:39 <+bridge> [ddnet] <Learath2> the allocation in str_in_list annoys me particularly
17:27 <+bridge> [ddnet] <ChillerDragon> :c
17:27 <+bridge> [ddnet] <ChillerDragon> what happend to mystery?
17:28 <+bridge> [ddnet] <Learath2> inactive
17:31 <+bridge> [ddnet] <ChillerDragon> :c
17:31 <+bridge> [ddnet] <ChillerDragon> 
17:31 <+bridge> [ddnet] <ChillerDragon> https://cdn.discordapp.com/attachments/293493549758939136/543106483282378766/unknown.png
17:31 <+bridge> [ddnet] <ChillerDragon> pro o.O
17:31 <+bridge> [ddnet] <ChillerDragon> how did u get that xd
17:47 <+bridge> [ddnet] <TcTc> hi  , how can i broadcast to all server ports in same time ?
17:50 <+bridge> [ddnet] <Learath2> @TcTc we use fifo for it
17:50 <+bridge> [ddnet] <Ryozuki> @TcTc fifo + cssh
17:50 <+bridge> [ddnet] <Learath2> @ChillerDragon it's part of github education pack, pretty cool stuff in it
17:50 <+bridge> [ddnet] <Ryozuki> cssh if u got more than 1 physical sv
17:50 <+bridge> [ddnet] <Ryozuki> oh
17:50 <+bridge> [ddnet] <Ryozuki> i should get the education pac
17:50 <+bridge> [ddnet] <Ryozuki> i got a .edu mail xD
17:51 <+bridge> [ddnet] <Learath2> It has a metric fuck ton of things in it, including free digitalocean credit 😄
17:51 <+bridge> [ddnet] <Ryozuki> wow
17:56 <+bridge> [ddnet] <Ryozuki> ez
17:56 <+bridge> [ddnet] <Ryozuki> https://cdn.discordapp.com/attachments/293493549758939136/543112876445925417/unknown.png
18:22 <+bridge> [ddnet] <archimede67> yay
18:22 <+bridge> [ddnet] <archimede67> free 50$ on digitalocean
18:30 <+bridge> [ddnet] <ReiTW | Blizzard> @Ryozuki my mail (etu.univ-grenoble-alpes.fr) is automatically detected
18:30 <+bridge> [ddnet] <Ryozuki> ok? idc
18:30 <+bridge> [ddnet] <Ryozuki> mine was detected too
18:30 <+bridge> [ddnet] <Ryozuki> i just didnt use it on github
18:41 <+bridge> [ddnet] <ChillerDragon> pack cost something and do you learn github there or actual interesting stuff?
18:41 <+bridge> [ddnet] <ChillerDragon> i had some github educational challanges thingy in a web dev bootcamp with offical github employees lol and it was pure trash
20:38 <+bridge> [ddnet] <archimede67> ahaha grenobles @ReiTW | Blizzard 😄
20:39 <+bridge> [ddnet] <ReiTW | Blizzard> @archimede67 yey
20:39 <+bridge> [ddnet] <ReiTW | Blizzard> uga > all
20:39 <+bridge> [ddnet] <archimede67> lol
