00:00 <+bridge> [ddnet] <jao> and there is a missing comma
00:00 <+bridge> [ddnet] <Learath2> @jao what kinda color is that?
00:00 <+bridge> [ddnet] <Learath2> a UI color?
00:00 <+bridge> [ddnet] <jao> ye
00:01 <+bridge> [ddnet] <Learath2> which one?
00:01 <+bridge> [ddnet] <jao> cl_authed_player_color
00:01 <+bridge> [ddnet] <Learath2> That color doesn't really use an alpha
00:01 <+bridge> [ddnet] <jao> shouldn't it be 100 then
00:01 <+bridge> [ddnet] <Learath2> I forgot to patch it to show a 100
00:02 <+bridge> [ddnet] <Learath2> the thing is 5898183 doesn't actually have alpha of 100
00:02 <+bridge> [ddnet] <Learath2> try it with ui_color
00:03 <+bridge> [ddnet] <Learath2> you'll see that when it has a high alpha it's negative
00:03 <+bridge> [ddnet] <jao> this is confusing
00:03 <+bridge> [ddnet] <Learath2> is it? :/
00:03 <+bridge> [ddnet] <fokkonaut> yes
00:03 <+bridge> [ddnet] <jao> well it says the color is invisble while it isn't
00:03 <+bridge> [ddnet] <Learath2> the hope was that you'd never interact with that number ever
00:03 <+bridge> [ddnet] <jao> just remove the A: %d from the output if it has no effect?
00:04 <+bridge> [ddnet] <Learath2> it's just the way we store the color, it doesn't really mean much
00:04 <+bridge> [ddnet] <Learath2> @jao I will, I just forgot
00:04 <+bridge> [ddnet] <jao> idk
00:05 <+bridge> [ddnet] <jao> and I would use ° and % signs for the values
00:14 <+bridge> [ddnet] <jao> why spelled out?
00:14 <+bridge> [ddnet] <Learath2> @jao does feel better like this
00:14 <+bridge> [ddnet] <Learath2> Alpha?
00:14 <+bridge> [ddnet] <jao> y
00:15 <+bridge> [ddnet] <Learath2> idk "A: " felt too little for an entire line
00:15 <+bridge> [ddnet] <jao> um
00:15 <+bridge> [ddnet] <Learath2> I can make it an "A: " too, I'm not too good at figuring out what looks good 😛
00:16 <+bridge> [ddnet] <jao> I think just A looks better with the other abbreviations
00:17 <+Learath2> done
00:17 <+bridge> [ddnet] <Learath2> I guess I'll check the debug thing getting stuck aswell while at it
00:18 <+bridge> [ddnet] <jao> could also add hex value maybe xd
00:18 <+bridge> [ddnet] <Learath2> hex rgb is already there, I guess you mean hex hsl?
00:18 <+bridge> [ddnet] <Learath2> or you mean to the printout?
00:19 <+bridge> [ddnet] <jao> hex as in hex
00:19 <+bridge> [ddnet] <jao> #fffffff
00:20 <+bridge> [ddnet] <Learath2> 2 questions
00:20 <+bridge> [ddnet] <Learath2> you want it in the printout or you want it while setting colors?
00:21 <+bridge> [ddnet] <Learath2> do you want #RRGGBB or #HHSSLL
00:21 <+bridge> [ddnet] <jao> first is more useful or no
00:21 <+bridge> [ddnet] <Learath2> while setting colors you can already use #RRGGBB
00:21 <+bridge> [ddnet] <jao> printout
00:21 <+bridge> [ddnet] <Learath2> as $RRGGBB or $RGB
00:22 <+bridge> [ddnet] <Learath2> okay I'll add the rgb one to the printout
00:33 <+bridge> [ddnet] <Learath2> added hex
00:36 <+bridge> [ddnet] <jao> good
00:36 <+bridge> [ddnet] <jao> looks fine to me
00:37 <+bridge> [ddnet] <jao> how do you enter hsl values?
00:39 <+bridge> [ddnet] <jao> or rgb
00:42 <+bridge> [ddnet] <Learath2> you can enter rgb values as hex
00:42 <+bridge> [ddnet] <Learath2> $RRGGBB or $RGB
00:42 <+bridge> [ddnet] <Learath2> hsl I haven't decided how to input yet
00:43 <+bridge> [ddnet] <jao> rgb(r, g, b) and hsl(h, s, l) ?
00:43 <+bridge> [ddnet] <Learath2> what do you think about `rgb(rrr, ggg, bbb)` and `hsl(hhh, sss, lll)`?
00:43 <+bridge> [ddnet] <jao> yea
00:43 <+bridge> [ddnet] <jao> most obvious one
00:44 <+bridge> [ddnet] <jao> what are you supposed to see on that guys screen
00:45 <+Learath2> I'm guessing the menu color
00:46 <+bridge> [ddnet] <jao> eh
00:48 <+bridge> [ddnet] <Learath2> @Schulzer that should fix your issue
00:48 <+bridge> [ddnet] <Learath2> and the one deen merged earlier should fix @fokkonaut's issue
01:00 <+bridge> [ddnet] <jao> @Learath2 it crashes in text.cpp L1734
01:03 <+bridge> [ddnet] <Learath2> @jao what crashes, when?
01:04 <+bridge> [ddnet] <jao> #1718
01:04 <+bridge> [ddnet] <jao> SlotSize is 1636950175 for 5% size
01:05 <+bridge> [ddnet] <Learath2> eeeh, I'm horrible with the text code, I think @Jupstar ✪ is the one that touched it the last
01:05 <+bridge> [ddnet] <Learath2> but I'll take a look aswell
01:05 <+bridge> [ddnet] <Learath2> @jao is there a way to get it to crash?
01:05 <+bridge> [ddnet] <jao> isn't that from cl_text_entities_size pr
01:05 <+bridge> [ddnet] <jao> set cl_text_entities-size to 5
01:05 <+bridge> [ddnet] <jao> set cl_text_entities_size to 5
01:05 <+bridge> [ddnet] <Learath2> it doesn't crash for me as I said in that issue
01:05 <+bridge> [ddnet] <jao> crashes consistently for me
01:06 <+bridge> [ddnet] <Learath2> resolution?
01:06 <+bridge> [ddnet] <Learath2> also do you have opengl enabled?
01:06 <+bridge> [ddnet] <jao> 1920x180
01:06 <+bridge> [ddnet] <jao> 1920x1080
01:06 <+bridge> [ddnet] <jao> yes
01:06 <+bridge> [ddnet] <Learath2> is it on a debug build or release build?
01:07 <+bridge> [ddnet] <Learath2> well i mean if you figured out the line  number i'm guessing debug
01:07 <+bridge> [ddnet] <jao> ``FT_Set_Pixel_Sizes(pFont->m_FtFace, 0, FontSize-1);``
01:08 <+bridge> [ddnet] <jao> FontSize-1 is negative
01:08 <+bridge> [ddnet] <jao> I guess that's the issue
01:08 <+bridge> [ddnet] <Learath2> first of all yes, it is from the cl_text_entities_size pr, interestingly
01:08 <+bridge> [ddnet] <Jupstar ✪> it could be either negative or just zero
01:08 <+bridge> [ddnet] <Learath2> second I wonder why it doesn't crash for me at all
01:09 <+bridge> [ddnet] <Learath2> I get a whole lot of `[2019-05-11 03:09:01][pFont]: error loading glyph 54` though
01:10 <+bridge> [ddnet] <jao> what's glyph 54
01:10 <+bridge> [ddnet] <Learath2> I get it for all glyphs, so 54 isn't special :p
01:10 <+bridge> [ddnet] <Learath2> Anyways the negative fontsize does sound off
01:11 <+bridge> [ddnet] <Learath2> should probably clamp the result from the bottom
01:12 <+bridge> [ddnet] <nuborn> @fokkonaut I tested the map, but the problem I got was that the server didn't send the entities, because SnapNewItem failed. I didnt completely debug it, but I think the problems was too many entities created by the map
01:13 <+bridge> [ddnet] <fokkonaut> lol
01:13 <+bridge> [ddnet] <fokkonaut> But it worked before/ also works on another server with the same map
01:13 <+bridge> [ddnet] <fokkonaut> maybe i fucked something up with my mod, but on ddnet and on another mod it seems to work
01:13 <+bridge> [ddnet] <Learath2> @jao is the crash fixed if you clamp it above 0?
01:13 <+bridge> [ddnet] <jao> let me try
01:15 <+bridge> [ddnet] <jao> yes
01:15 <+bridge> [ddnet] <fokkonaut> @nuborn do i fix it serverside or is it a clientside problem?
01:16 <+bridge> [ddnet] <Learath2> @jao I guess you can commit that, I'm not sure about the whole thing though, it seems to have more issues then I thought
01:17 <+bridge> [ddnet] <nuborn> @fokkonaut I'm not sure, I didnt test if it was also a problem with normal ddnet. maybe it will work if you increase the maximum number of items but Im not sure how the snapshot/guuid system works
01:17 <+bridge> [ddnet] <fokkonaut> but the map itself isnt sending too many entities
01:17 <+bridge> [ddnet] <fokkonaut> I think that cant be the problem
01:18 <+bridge> [ddnet] <jao> @Learath2 how does it end up negative anyways
01:18 <+bridge> [ddnet] <jao> that should be fixed
01:19 <+bridge> [ddnet] <fokkonaut> @nuborn can you test with a normal ddnet server and BlmapChill? If it does work, then can you debug server? I dont know how that should ever happen
01:19 <+bridge> [ddnet] <jao> ``virtual int AdjustFontSize(const char *pText, int TextLength, int MaxSize = -1)``
01:19 <+bridge> [ddnet] <jao> this takes MaxSize
01:19 <+bridge> [ddnet] <jao> so why isn't it clamped here already
01:25 <+bridge> [ddnet] <jao> this is what entity size 1 looks like lol
01:25 <+bridge> [ddnet] <jao> https://cdn.discordapp.com/attachments/293493549758939136/576550481145626644/unknown.png
01:26 <+bridge> [ddnet] <Learath2> entity size 1?
01:26 <+bridge> [ddnet] <jao> text size
01:26 <+bridge> [ddnet] <jao> anything below 20% isn't even readable
01:26 <+bridge> [ddnet] <Learath2> I think we should redo that feature
01:27 <+bridge> [ddnet] <Learath2> with a reasonable clamp
01:27 <+bridge> [ddnet] <jao> 50% is probably the smallest useful one
01:27 <+bridge> [ddnet] <jao> anything below is not readable at all
01:27 <+bridge> [ddnet] <Learath2> 60 looks the best, 70 is more readable, 100 is for people zoomed way out
01:28 <+bridge> [ddnet] <Learath2> maybe the text size should vary with the zoom level until it reaches max size which fills the entire entity?
01:28 <+bridge> [ddnet] <Learath2> entire tile *
01:28 <+bridge> [ddnet] <jao> nah that sounds weird
01:28 <+bridge> [ddnet] <jao> it's just taste
01:29 <+bridge> [ddnet] <jao> but anything below 50% is not useable
01:41 <+bridge> [ddnet] <Learath2> then we should probably remap the current 50 to 100 -> 0 to 100 again
01:47 <+bridge> [ddnet] <Learath2> i think this is enough for today
01:47 <+bridge> [ddnet] <Learath2> I'll go get some sleep
01:48 <+bridge> [ddnet] <jao> good night
01:56 <+bridge> [ddnet] <Learath2> btw sorry @fokkonaut, couldn't get your timer thing in
03:21 <+bridge> [ddnet] <nuborn> @fokkonaut it doesn't happen with ddnet server, but it doesnt seem related to the client (still happens with an older client). I also managed to get the same problem on your server by just placing lots of weapon pickups in a map
03:26 <+bridge> [ddnet] <nuborn> but ddnet-server also gets problems when you create enough entites, so I think the map is reaching some kind of limit. but I dont know how snapshots/snap-id's work, so I dont know where to look. if you want to debug you could perhaps look at SnapNewItem in projectile.cpp
06:44 <+bridge> [ddnet] <fokkonaut> Wow, thats good to know. Can anyone help at this point?
06:45 <+bridge> [ddnet] <fokkonaut> @Learath2 ok ^^ :c
09:51 <+bridge> [ddnet] <Ryozuki> @Learath2 why would freetype crash for not being able to load a glyph
09:53 <+bridge> [ddnet] <Ryozuki> @jao rip no dark theme for git just this shit https://github.com/features/package-registry
09:55 <+bridge> [ddnet] <Ryozuki> do u actually load text glyphs everytime instead of loading all them once on startup?
11:07 <+bridge> [ddnet] <archimede67> hmmm
11:07 <+bridge> [ddnet] <archimede67> 
11:07 <+bridge> [ddnet] <archimede67> https://cdn.discordapp.com/attachments/293493549758939136/576696899726475264/unknown.png
11:07 <+bridge> [ddnet] <archimede67> xd
11:07 <+bridge> [ddnet] <ChillerDragon> xd
11:09 <+bridge> [ddnet] <archimede67> how can I read a demo file?
11:29 <+bridge> [ddnet] <Ryozuki> @archimede67 wdym by read
11:29 <+bridge> [ddnet] <Ryozuki> fopen("x.demo", "r")
11:29 <+bridge> [ddnet] <Ryozuki> parsing is another story
11:29 <+bridge> [ddnet] <archimede67> yea parsing
11:29 <+bridge> [ddnet] <archimede67> reading ik how
11:29 <+bridge> [ddnet] <Ryozuki> good luck
11:29 <+bridge> [ddnet] <ChillerDragon> uff
11:29 <+bridge> [ddnet] <archimede67> but how dies it works?
11:29 <+bridge> [ddnet] <archimede67> does*
11:29 <+bridge> [ddnet] <ChillerDragon> ya and if u figured that out pls fix my broken demos 😃
11:29 <+bridge> [ddnet] <Ryozuki> u have to look at source code
11:29 <+bridge> [ddnet] <Ryozuki> map format is a bit mehh
11:30 <+bridge> [ddnet] <Ryozuki> i never looked into demo format
11:30 <+bridge> [ddnet] <archimede67> i looked
11:30 <+bridge> [ddnet] <archimede67> but i could not understand anything xd
11:30 <+bridge> [ddnet] <ChillerDragon> same xd
11:30 <+bridge> [ddnet] <Ryozuki> then give up xd
11:30 <+bridge> [ddnet] <archimede67> no 😦
11:30 <+bridge> [ddnet] <ChillerDragon> dont
11:31 <+bridge> [ddnet] <archimede67> if i know how the data is stored
11:31 <+bridge> [ddnet] <Ryozuki> <https://www.youtube.com/watch?v=dQw4w9WgXcQ>
11:31 <+bridge> [ddnet] <archimede67> 😦
11:31 <+bridge> [ddnet] <jao> what do you needs this for
11:31 <+bridge> [ddnet] <archimede67> making a tool
11:31 <+bridge> [ddnet] <jao> what tool
11:32 <+bridge> [ddnet] <ChillerDragon> @jao if u cut demos and have the map in folder already the files get currpted so if someone could build a tool that updates the demos to use the correct map agian this would save me 4years of demo collecting 😃
11:32 <+bridge> [ddnet] <archimede67> a demo montage tool
11:32 <+bridge> [ddnet] <ChillerDragon> pls fix jao
11:32 <+bridge> [ddnet] <archimede67> and it would allow you to export a demo to another video format
11:32 <+bridge> [ddnet] <jao> not that easy
11:33 <+bridge> [ddnet] <Ryozuki> xd
11:33 <+bridge> [ddnet] <archimede67> but i need to know how you play the actual demo
11:33 <+bridge> [ddnet] <ChillerDragon> how can i combine optional arguments with infinte arguments? -.-
11:33 <+bridge> [ddnet] <Ryozuki> playing involves rendering
11:33 <+bridge> [ddnet] <archimede67> yea
11:33 <+bridge> [ddnet] <archimede67> but rendering involves data
11:33 <+bridge> [ddnet] <ChillerDragon> http://puu.sh/DqLPZ/8c0bd31285.png
11:33 <+bridge> [ddnet] <ChillerDragon> send brain xd
11:33 <+bridge> [ddnet] <Ryozuki> ?
11:34 <+bridge> [ddnet] <ChillerDragon> i want optional clientid followed by ...
11:34 <+bridge> [ddnet] <ChillerDragon> does that even work?
11:34 <+bridge> [ddnet] <jao> demos don’t look for sha256 downloaded maps
11:34 <+bridge> [ddnet] <jao> that’s so annoying
11:35 <+bridge> [ddnet] <Ryozuki> i think to get demo first u need to parse map
11:35 <+bridge> [ddnet] <jao> @archimede67 start by looking at hmhs pr
11:35 <+bridge> [ddnet] <Ryozuki> i once started smth i should finish it but im to lazy https://github.com/Ryozuki/teelib/blob/master/teelib/map/loader.py
11:36 <+bridge> [ddnet] <archimede67> does it work already?
11:36 <+bridge> [ddnet] <Ryozuki> no
11:36 <+bridge> [ddnet] <archimede67> oh
11:38 <+bridge> [ddnet] <archimede67> @jao he used the demo player which is already in ddnet no?
11:38 <+bridge> [ddnet] <jao> yes
11:39 <+bridge> [ddnet] <jao> you could make it in the client too
11:39 <+bridge> [ddnet] <jao> less work for you
11:39 <+bridge> [ddnet] <archimede67> yea
11:41 <+bridge> [ddnet] <archimede67> but
11:41 <+bridge> [ddnet] <archimede67> its pretty old
11:43 <+bridge> [ddnet] <archimede67> 
11:43 <+bridge> [ddnet] <archimede67> https://cdn.discordapp.com/attachments/293493549758939136/576705864753479700/unknown.png
11:43 <+bridge> [ddnet] <jao> demo stuff hasn’t changed much
11:43 <+bridge> [ddnet] <ChillerDragon> it only got worse since then :p
11:44 <+bridge> [ddnet] <Ryozuki> chiller got worse
11:44 <+bridge> [ddnet] <Ryozuki> :ww:
11:44 <+bridge> [ddnet] <ChillerDragon> its a fact that ddnet demos became pretty buggy
11:44 <+bridge> [ddnet] <jao> chiller you broke mute
11:44 <+bridge> [ddnet] <jao> so fokko up
11:44 <+bridge> [ddnet] <Ryozuki> fix it
11:44 <+bridge> [ddnet] <ChillerDragon> doent mean i can rant other bugs
11:44 <+bridge> [ddnet] <Ryozuki> everybody rants bout bugs
11:46 <+bridge> [ddnet] <ChillerDragon> http://puu.sh/DqM0m/17ebd1d392.png
11:46 <+bridge> [ddnet] <ChillerDragon> MACRO POLO
11:46 <+bridge> [ddnet] <ChillerDragon> xd
11:47 <+bridge> [ddnet] <archimede67> lul
11:53 <+bridge> [ddnet] <archimede67> this https://ddnet.tw/maps/?map=Skyventure is somehow parsing maps right?
11:53 <+bridge> [ddnet] <Ryozuki> y but its not perfect and it doesnt have animations
11:55 <+bridge> [ddnet] <archimede67> hmm
13:43 <+bridge> [ddnet] <archimede67> I have headaches working with GUIs
13:56 <+bridge> [ddnet] <archimede67> hooow does `HSplitBottom` and `HSplitTop` works xd
13:56 <+bridge> [ddnet] <archimede67> https://cdn.discordapp.com/attachments/293493549758939136/576739436839174144/unknown.png
14:58 <+bridge> [ddnet] <Im 'corneum> entities size 1 crashed my client
15:07 <+bridge> [ddnet] <archimede67> already reported i think
16:09 <+bridge> [ddnet] <archimede67> Omg i finally understood how the Split things works xd
16:34 <+bridge> [ddnet] <BannZay> @Im 'corneum https://github.com/ddnet/ddnet/issues/1718
16:36 <+bridge> [ddnet] <BannZay> @Im 'corneum can you maybe provide any information where crash happened to you in code ?
16:42 <+bridge> [ddnet] <jao> @BannZay you need to clamp FontSize to 1
16:42 <+bridge> [ddnet] <jao> in AdjustFontSize
16:43 <+bridge> [ddnet] <BannZay> @jao did you tried out this? I cant check it 😦
16:43 <+bridge> [ddnet] <jao> yes I tested it
16:43 <+bridge> [ddnet] <BannZay> @jao okay, thank you
16:45 <+bridge> [ddnet] <jao> and while you're at it you can rename WidthOfText to TextWidth
16:46 <+bridge> [ddnet] <BannZay> makes sense
16:51 <+bridge> [ddnet] <jao> the thing has more issues btw
16:51 <+bridge> [ddnet] <onby> tw needs monospace font (option)
16:52 <+bridge> [ddnet] <archimede67> or at least monospace font for that 😮
16:54 <+bridge> [ddnet] <BannZay> @jao I would gladly like to know about those issues
16:55 <+bridge> [ddnet] <jao> numbers aren't fit to the tile
16:55 <+bridge> [ddnet] <jao> aren't positioned well
16:55 <+bridge> [ddnet] <jao> and anything below 40-50% is unusable
16:56 <+bridge> [ddnet] <BannZay> numbers aren`t fit to the tile since DDNet exist I believe
16:56 <+bridge> [ddnet] <BannZay> positions needs to be discussed, If you know better way we can discuss it
16:56 <+bridge> [ddnet] <archimede67> @jao In fact my project was to have a demo tool as a webapp as teeweb is a thing, but the only problem is that demo file format
16:57 <+bridge> [ddnet] <jao> I believe before your change they were fitting
16:57 <+bridge> [ddnet] <BannZay> resolution below 800x600 also unused but it doesnt mean we should disallow it
16:57 <+bridge> [ddnet] <jao> and even if they weren't, they should
16:57 <+bridge> [ddnet] <BannZay> resolution below 800x600 also unusable but it doesnt mean we should disallow it
16:57 <+bridge> [ddnet] <jao> we can tho
16:58 <+bridge> [ddnet] <jao> what's the point in allowing it
16:58 <+bridge> [ddnet] <FluffiexD> @jao  can i report a mod?
16:58 <+bridge> [ddnet] <jao> yes
16:59 <+bridge> [ddnet] <BannZay> @jao because it might be usable for some reason that you dont know. Anyway, I dont see it as a problem
16:59 <+bridge> [ddnet] <jao> for what reason would a non readable number be useable
16:59 <+bridge> [ddnet] <jao> it's contradicting
16:59 <+bridge> [ddnet] <BannZay> @jao you changed the concepts
16:59 <+bridge> [ddnet] <jao> @archimede67 why as web tool?
17:00 <+bridge> [ddnet] <jao> @BannZay concept of what?
17:01 <+bridge> [ddnet] <BannZay> it depends on what teewolrds run. If you have plasma on whole wall will you be able to read that text?
17:01 <+bridge> [ddnet] <BannZay> anyway lets not discuss it there
17:01 <+bridge> [ddnet] <jao> if you are playing on such a resolution you will be zoomed out far and then the numbers become unreadable as well
17:02 <+bridge> [ddnet] <BannZay> @jao can you provide your solution of this "problem" maybe ?
17:02 <+bridge> [ddnet] <jao> remap the percentage scale to something more reasonable
17:02 <+bridge> [ddnet] <jao> like 40-100
17:02 <+bridge> [ddnet] <BannZay> @jao and how it is better ?
17:02 <+bridge> [ddnet] <archimede67> @jao because i know much more web languages such as Javascript than C++ xd
17:03 <+bridge> [ddnet] <jao> @BannZay you prevent unusable settings
17:03 <+bridge> [ddnet] <archimede67> and also because i you just jump into ddnet's code, you take a very long time to understand what is what and what is doing what etc
17:04 <+bridge> [ddnet] <archimede67> and i dont even know how to add a lib such as ffmpeg and how to use it to record the demo with c++ xd
17:04 <+bridge> [ddnet] <archimede67> or at least with all the ddnet's code
17:04 <+bridge> [ddnet] <Ryozuki> monospaced fonts > any other fonts
17:05 <+bridge> [ddnet] <jao> this is 50% size and for me that's the smallest acceptable size
17:05 <+bridge> [ddnet] <jao> https://cdn.discordapp.com/attachments/293493549758939136/576786918155616256/unknown.png
17:05 <+bridge> [ddnet] <archimede67> yde
17:05 <+bridge> [ddnet] <archimede67> ye*
17:05 <+bridge> [ddnet] <jao> this is 10%
17:05 <+bridge> [ddnet] <jao> https://cdn.discordapp.com/attachments/293493549758939136/576786979858022461/unknown.png
17:05 <+bridge> [ddnet] <BannZay> what is accepatable?
17:05 <+bridge> [ddnet] <jao> lol
17:05 <+bridge> [ddnet] <BannZay> 30% for me is very acceptable
17:05 <+bridge> [ddnet] <BannZay> Im gonna use it
17:06 <+bridge> [ddnet] <jao> show screen pls
17:06 <+bridge> [ddnet] <BannZay> dont use your own vision as a truth please
17:06 <+bridge> [ddnet] <BannZay> screen?
17:06 <+bridge> [ddnet] <BannZay> you want me to take a photo?
17:06 <+bridge> [ddnet] <Ryozuki> @jao number is wrongly positioned right
17:06 <+bridge> [ddnet] <jao> of how 30% looks for you
17:06 <+bridge> [ddnet] <jao> @Ryozuki that too
17:06 <+bridge> [ddnet] <archimede67> "a photo" just take a screenshot lol
17:06 <+bridge> [ddnet] <BannZay> omfg
17:07 <+bridge> [ddnet] <BannZay> you will se it on your own monitor
17:07 <+bridge> [ddnet] <BannZay> whats the point of it?
17:07 <+bridge> [ddnet] <jao> 30% is so small in relation to the tile
17:07 <+bridge> [ddnet] <jao> I can't believe anyone would use that
17:07 <+bridge> [ddnet] <BannZay> I will
17:07 <+bridge> [ddnet] <Ryozuki> @jao omg jao dont tell ur opinion or i get angry, if i say 30% it will be 30%
17:08 <+bridge> [ddnet] <jao> it's even smaller than the tile label
17:08 <+bridge> [ddnet] <BannZay> who said it should not be ?
17:08 <+bridge> [ddnet] <Ryozuki> is it adjustable?
17:08 <+bridge> [ddnet] <jao> good luck reading this lol
17:08 <+bridge> [ddnet] <jao> https://cdn.discordapp.com/attachments/293493549758939136/576787800607948820/unknown.png
17:08 <+bridge> [ddnet] <BannZay> 
17:08 <+bridge> [ddnet] <BannZay> https://cdn.discordapp.com/attachments/293493549758939136/576787818790125569/unknown.png
17:08 <+bridge> [ddnet] <Ryozuki> are u taking into account ppl with some eyesigh dificulties
17:08 <+bridge> [ddnet] <jao> this is zoomed in
17:08 <+bridge> [ddnet] <Ryozuki> eyesight
17:09 <+bridge> [ddnet] <BannZay> does it helped?
17:09 <+bridge> [ddnet] <Ryozuki> that shit is too small
17:09 <+bridge> [ddnet] <onby> it doesnt look zoozed in and he might also have gfx_high_dpi 1 (?)
17:09 <+bridge> [ddnet] <jao> that settings doesn't exist
17:10 <+bridge> [ddnet] <onby> highdpi
17:10 <+bridge> [ddnet] <onby> **
17:10 <+bridge> [ddnet] <jao> doesn't exist either
17:10 <+bridge> [ddnet] <onby> gfx_highdpi doe
17:10 <+bridge> [ddnet] <onby> gfx_highdpi does
17:10 <+bridge> [ddnet] <jao> 
17:10 <+bridge> [ddnet] <jao> https://cdn.discordapp.com/attachments/293493549758939136/576788263453327366/unknown.png
17:10 <+bridge> [ddnet] <archimede67> xd
17:10 <+bridge> [ddnet] <onby> 
17:10 <+bridge> [ddnet] <onby> https://cdn.discordapp.com/attachments/293493549758939136/576788329270345738/Screen_Shot_2019-05-11_at_10.10.47_AM.png
17:11 <+bridge> [ddnet] <jao> what client are you on
17:11 <+bridge> [ddnet] <onby> ddnet 10.6.2
17:11 <+bridge> [ddnet] <jao> doesn't exist in latest
17:11 <+bridge> [ddnet] <onby> oh
17:11 <+bridge> [ddnet] <archimede67> you don't want to be up to date or is the latest versions buggy for you?
17:12 <+bridge> [ddnet] <onby> mostly buggy/lower fps
17:12 <+bridge> [ddnet] <onby> i havent tried every single version since then but ive tried several
17:12 <+bridge> [ddnet] <jao> @BannZay look at speeder text with 30% size, you can't tell me that's readable for you
17:13 <+bridge> [ddnet] <jao> at default zoom
17:13 <+bridge> [ddnet] <Ryozuki> why we even changing it
17:13 <+bridge> [ddnet] <Ryozuki> it was all fine
17:13 <+bridge> [ddnet] <archimede67> oh ok ^^
17:14 <+bridge> [ddnet] <BannZay> @jao allright you win, I changed it to 40%
17:14 <+bridge> [ddnet] <Ryozuki> @archimede67 they complain they get worse perfomance or shit so they dont update, b ut they dont report what is the problem
17:14 <+bridge> [ddnet] <BannZay> but I see no reaseon to disallow it
17:14 <+bridge> [ddnet] <Ryozuki> @archimede67 it can also be a senseless hate like konsti saying  he dislikes sdl2
17:14 <+bridge> [ddnet] <Ryozuki> and that sdl1 is better
17:15 <+bridge> [ddnet] <onby> @archimede67 the version after 10.6.2 introduced some weird settings bug on osx where resolution doubled every time u restart, and by the time they had fixed this bug there seems to be a new thing that causes unstable fps for me lol
17:15 <+bridge> [ddnet] <archimede67> who plays on osx
17:15 <+bridge> [ddnet] <onby> i
17:15 <+bridge> [ddnet] <Ryozuki> nobos
17:15 <+bridge> [ddnet] <onby> u
17:15 <+bridge> [ddnet] <archimede67> 😂
17:15 <+bridge> [ddnet] <Ryozuki> @archimede67 r u on linux
17:16 <+bridge> [ddnet] <archimede67> rn no but mostly of the time yes
17:16 <+bridge> [ddnet] <Ryozuki> :tee_thinking:
17:16 <+bridge> [ddnet] <archimede67> and u
17:16 <+bridge> [ddnet] <Ryozuki> im on my debian master race distro
17:16 <+bridge> [ddnet] <archimede67> master race
17:16 <+bridge> [ddnet] <Ryozuki> 
17:16 <+bridge> [ddnet] <Ryozuki> https://cdn.discordapp.com/attachments/293493549758939136/576789845200994329/unknown.png
17:17 <+bridge> [ddnet] <archimede67> xd
17:22 <+bridge> [ddnet] <archimede67> How to make the button "Ok" actually exports the demo as mp4 file?
17:22 <+bridge> [ddnet] <archimede67> https://cdn.discordapp.com/attachments/293493549758939136/576791264343621632/unknown.png
17:22 <+bridge> [ddnet] <Ryozuki> lol u cant
17:23 <+bridge> [ddnet] <Ryozuki> it exports another demo
17:23 <+bridge> [ddnet] <archimede67> no becoz i did this
17:23 <+bridge> [ddnet] <archimede67> but the only thing missing
17:24 <+bridge> [ddnet] <archimede67> is the code here
17:24 <+bridge> [ddnet] <archimede67> 
17:24 <+bridge> [ddnet] <archimede67> https://cdn.discordapp.com/attachments/293493549758939136/576791668578058260/unknown.png
17:24 <+bridge> [ddnet] <jao> put your code in there
17:24 <+bridge> [ddnet] <jao> if you press ok or enter it will execute
17:25 <+bridge> [ddnet] <archimede67> i know that 😂
17:25 <+bridge> [ddnet] <archimede67> what i don't know is what code to put in
17:25 <+bridge> [ddnet] <Ryozuki> what u trying to ask then
17:25 <+bridge> [ddnet] <archimede67> 😄
17:25 <+bridge> [ddnet] <Ryozuki> demo to mp4 is not done
17:25 <+bridge> [ddnet] <Ryozuki> u have to do it urself
17:25 <+bridge> [ddnet] <Ryozuki> use ffmpg library
17:25 <+bridge> [ddnet] <archimede67> ik 😦
17:25 <+bridge> [ddnet] <archimede67> ye but
17:25 <+bridge> [ddnet] <Ryozuki> u want us to do it for u?
17:25 <+bridge> [ddnet] <archimede67> yes
17:25 <+bridge> [ddnet] <Ryozuki> font be fokko 2.0
17:25 <+bridge> [ddnet] <Ryozuki> dont*
17:26 <+bridge> [ddnet] <archimede67> 😄
17:26 <+bridge> [ddnet] <jao> fokko the shit up
17:26 <+bridge> [ddnet] <Ryozuki> xd
17:26 <+bridge> [ddnet] <archimede67> no actually, i don't have any idea how i should do that
17:26 <+bridge> [ddnet] <Brokecdx-> why is my ghost just a gun
17:26 <+bridge> [ddnet] <jao> lol
17:26 <+bridge> [ddnet] <BannZay> maybe game guess you are nothing
17:26 <+bridge> [ddnet] <Ryozuki> it requires work, and u must use https://ffmpeg.org/
17:27 <+bridge> [ddnet] <archimede67> I looked at H-Client
17:27 <+bridge> [ddnet] <archimede67> They didn't add that much to make a demo to mp4
17:27 <+bridge> [ddnet] <Ryozuki> does it add sound and fps option
17:28 <+bridge> [ddnet] <Ryozuki> and quaility and shit
17:28 <+bridge> [ddnet] <BannZay> demo to mp4 sounds like a great thing
17:28 <+bridge> [ddnet] <archimede67> i think there's an FPS option
17:29 <+bridge> [ddnet] <archimede67> There's the size of the video
17:30 <+bridge> [ddnet] <archimede67> The speed
17:46 <+bridge> [ddnet] <Brokecdx-> ?
17:46 <+bridge> [ddnet] <Brokecdx-> https://cdn.discordapp.com/attachments/293493549758939136/576797344012697610/screenshot_2019-05-11_17-45-42.png
17:50 <+bridge> [ddnet] <archimede67> 
17:50 <+bridge> [ddnet] <archimede67> https://cdn.discordapp.com/attachments/293493549758939136/576798251060297738/unknown.png
17:50 <+bridge> [ddnet] <archimede67> what's ur value?
17:52 <+bridge> [ddnet] <Brokecdx-> ty fixed
17:53 <+bridge> [ddnet] <archimede67> np
17:56 <+bridge> [ddnet] <n000b> Guys i was wondering if it is possible go teleport people by name instead of id. My name is always the same so i can bind tele n000b n000b. But i cant do i with id because i can't choose which one i get.
17:57 <+bridge> [ddnet] <Ryozuki> we should add a $0 and $1 fomr binds
17:57 <+bridge> [ddnet] <Ryozuki> for binds
17:57 <+bridge> [ddnet] <Ryozuki> $0 is main id $1 dummy id
17:57 <+bridge> [ddnet] <Ryozuki> @jao do it
17:57 <+bridge> [ddnet] <texnonik> just open other client better xD
17:57 <+bridge> [ddnet] <jao> you can do tele without any arguments @n000b, it will do exactly that
17:57 <+bridge> [ddnet] <texnonik> just open other client better xD then
17:58 <+bridge> [ddnet] <Ryozuki> just shut up
17:58 <+bridge> [ddnet] <jao> tele you to yourself
17:58 <+bridge> [ddnet] <jao> bind x rcon tele
17:58 <+bridge> [ddnet] <Ryozuki> my suggestion is still gud
17:59 <+bridge> [ddnet] <Ryozuki> $0:name $0:id $0:flag $:clan
17:59 <+bridge> [ddnet] <jao> $ is already used for hex values
17:59 <+bridge> [ddnet] <Ryozuki> any other token is ok
18:01 <+bridge> [ddnet] <n000b> @jao only works if you got id 0
18:01 <+bridge> [ddnet] <archimede67> \@
18:01 <+bridge> [ddnet] <jao> @n000b works for any id
18:03 <+bridge> [ddnet] <n000b> @jao well not on the trashmap servers
18:03 <+bridge> [ddnet] <jao> on ddnet it does
18:03 <+bridge> [ddnet] <n000b> But ddnet is trashmap or?
18:03 <+bridge> [ddnet] <jao> no
18:03 <+bridge> [ddnet] <n000b> Hmm lwt me try on ddnet servers then
18:05 <+bridge> [ddnet] <n000b> I just tryed on the test servers and i couldn't do it there
18:05 <+bridge> [ddnet] <jao> I do this every day
18:05 <+bridge> [ddnet] <n000b> You always id 0
18:06 <+bridge> [ddnet] <jao> no
18:06 <+bridge> [ddnet] <jao> it works for my dummy as well
18:06 <+bridge> [ddnet] <n000b> Bind 1 rcon tele only works for me if i am id 0
18:07 <+bridge> [ddnet] <jao> are you on an up-to-date ddnet server?
18:07 <+bridge> [ddnet] <n000b> 12.3.1
18:07 <+bridge> [ddnet] <ChillerDragon> bois send help
18:07 <+bridge> [ddnet] <ChillerDragon> i might be a lill drunk
18:08 <+bridge> [ddnet] <ChillerDragon> but how does vim work? xd
18:08 <+bridge> [ddnet] <jao> 12.4.1 is latest
18:08 <+bridge> [ddnet] <ChillerDragon> 
18:08 <+bridge> [ddnet] <ChillerDragon> https://cdn.discordapp.com/attachments/293493549758939136/576802805378056192/unknown.png
18:08 <+bridge> [ddnet] <n000b> Hmm cant be the problem
18:08 <+bridge> [ddnet] <ChillerDragon> shouldnt it open an editor?
18:08 <+bridge> [ddnet] <jao> maybe your bind has a typo
18:08 <+bridge> [ddnet] <jao> ``bind x rcon tele``
18:10 <+bridge> [ddnet] <ChillerDragon> dfq @Ryozuki is this some debian10 magic is ur vim still working=
18:11 <+bridge> [ddnet] <n000b> Well seems like it is no typo
18:11 <+bridge> [ddnet] <Ryozuki> y my vim works it is ur problem
18:11 <+bridge> [ddnet] <n000b> But i dont have a clue
18:11 <+bridge> [ddnet] <jao> @n000b f1 -> ``dump_binds x``
18:11 <+bridge> [ddnet] <jao> what does it say
18:12 <+bridge> [ddnet] <ChillerDragon> if i type vim i return to shell
18:12 <+bridge> [ddnet] <ChillerDragon> 
18:12 <+bridge> [ddnet] <ChillerDragon> https://cdn.discordapp.com/attachments/293493549758939136/576803802192019486/unknown.png
18:12 <+bridge> [ddnet] <ChillerDragon> i didnt do :q or aynthing
18:12 <+bridge> [ddnet] <ChillerDragon> 
18:12 <+bridge> [ddnet] <ChillerDragon> https://cdn.discordapp.com/attachments/293493549758939136/576803939278782484/unknown.png
18:12 <+bridge> [ddnet] <n000b> Binds 1 (30) = rcon tele
18:13 <+bridge> [ddnet] <ChillerDragon> dont get a error code either
18:13 <+bridge> [ddnet] <jao> @n000b do you have access to the tele command
18:13 <+bridge> [ddnet] <ChillerDragon> nvm
18:13 <+bridge> [ddnet] <ChillerDragon> i had crap in my vimrc sorri xxxxxxxxD
18:14 <+bridge> [ddnet] <ChillerDragon> doesnt it throw an error msg if vimrc is meesed up
18:14 <+bridge> [ddnet] <ChillerDragon> i even restarted my laptop xxxxxxD
18:14 <+bridge> [ddnet] <n000b> @jao it works if i am id 0 so yes
18:15 <+bridge> [ddnet] <jao> works perfectly fine for me on whatever id I am so this is you doing something wrong
18:16 <+bridge> [ddnet] <n000b> Lol, i gonna investigate this lol. I am definitely not doing something wrong here.
18:17 <+bridge> [ddnet] <jao> it's serverside, it wouldn't work for me either if it was a bug with the command
18:26 <+bridge> [ddnet] <n000b> Hmm i dont understand it anymore. Now i can't teleport on trashmap with that bind, but i can on ddnet test servers
18:27 <+bridge> [ddnet] <n000b> My settings are buggy i guess
18:28 <+bridge> [ddnet] <ChillerDragon> I have no idea how to create settings that work on trashmap but not on ddnet test
18:29 <+bridge> [ddnet] <jao> trashmap doesn‘t have the patch that accepts tele without arguments
18:30 <+bridge> [ddnet] <ChillerDragon> ahk so trashmap is not latest
18:43 <+bridge> [ddnet] <archimede67> Do you think it actually worked?
18:43 <+bridge> [ddnet] <archimede67> 
18:43 <+bridge> [ddnet] <archimede67> https://cdn.discordapp.com/attachments/293493549758939136/576811631229534209/unknown.png
18:51 <+bridge> [ddnet] <fokkonaut> @Ryozuki fokko 2.0?
19:00 <+bridge> [ddnet] <archimede67> :S
19:15 <+bridge> [ddnet] <archimede67> how
19:16 <+bridge> [ddnet] <archimede67> can i run a system command without having the cmd opening?
19:22 <+bridge> [ddnet] <jao> @fokkonaut
19:22 <+bridge> [ddnet] <jao> https://cdn.discordapp.com/attachments/293493549758939136/576821454134312990/tumblr_pr7d2q1R1Z1xcjqdlo1_500.png
19:36 <+bridge> [ddnet] <Ryozuki> https://xkcd.com/481/
20:05 <+bridge> [ddnet] <fokkonaut> @jao u
20:55 <+Ryozuki> \
20:55 <+Ryozuki> <@97739437772902400> test
20:56 <+bridge> [ddnet] <Ryozuki> lmao
20:56 <+bridge> [ddnet] <Ryozuki> ez ping from irc
20:56 <+Ryozuki> <@!293493549758939136>
20:56 <+bridge> [ddnet] <jao> how
20:56 <+Ryozuki> being smart
20:56 <+Ryozuki> like me
20:56 <+Ryozuki> thats how
20:56 <+Ryozuki> joke just do
20:57 <+bridge> [ddnet] <jao> <@userid> ?
20:57 <+Ryozuki> <@977394377729024 00> test
20:57 <+bridge> [ddnet] <jao> nice xd
20:57 <+bridge> [ddnet] <Ryozuki> i forgot channel formatting
20:58 <+bridge> [ddnet] <jao> <#channelid>
20:58 <+Ryozuki> <#293493549758939136>
20:58 <+Ryozuki> #developer
20:59 <+Ryozuki> good
21:17 <+bridge> [ddnet] <Learath2> o/
21:18 <+bridge> [ddnet] <Learath2> Anything else that needs fixing? I have 2 hours before I pass out
21:19 <+bridge> [ddnet] <Gwendal> accout system :GWqlabsFeelsLULMan:
21:20 <+bridge> [ddnet] <Learath2> ah yes, the perfect two hour project
21:20 <+bridge> [ddnet] <Gwendal> sure
21:21 <+bridge> [ddnet] <Gwendal> u may do it in hour so u can fix the ddos then
21:21 <+bridge> [ddnet] <Gwendal> u may do it in  onehour so u can fix the ddos then
21:21 <+bridge> [ddnet] <Gwendal> u may do it in one hour so u can fix the ddos then
21:23 <+bridge> [ddnet] <archimede67> @jao where can i find all the libraries that hmh used for his work?
21:23 <+bridge> [ddnet] <jao> in his pr
21:27 <+bridge> [ddnet] <archimede67> i'm using his `video_rebase2` branch
21:27 <+bridge> [ddnet] <archimede67> i'm using his `video_rebased2` branch
21:33 <+bridge> [ddnet] <archimede67> he didn't add the libs on that branch or?
21:45 <+bridge> [ddnet] <darkstar> why am I not able to update to 12.4.1? It says 'update failed! check log...' First time this problem occured to me
21:48 <+bridge> [ddnet] <Ryozuki> @archimede67 dont do it based off hmh work
21:48 <+bridge> [ddnet] <Ryozuki> its ancient it uses bam
21:48 <+bridge> [ddnet] <Ryozuki> u need to add a cmake module to find ffmpeg
21:48 <+bridge> [ddnet] <Ryozuki> then add it to cmakelists.txt
21:48 <+bridge> [ddnet] <archimede67> he did that
21:49 <+bridge> [ddnet] <Ryozuki> if ur on windows rip
21:49 <+bridge> [ddnet] <Ryozuki> its so muhc hassle to setup libs there
21:49 <+bridge> [ddnet] <archimede67> ye
21:49 <+bridge> [ddnet] <archimede67> windows is shit
21:49 <+bridge> [ddnet] <archimede67> idk
21:50 <+bridge> [ddnet] <archimede67> its too much pain
22:03 <+bridge> [ddnet] <archimede67> i'm doing dis
22:03 <+bridge> [ddnet] <archimede67> 
22:03 <+bridge> [ddnet] <archimede67> https://cdn.discordapp.com/attachments/293493549758939136/576861954342256650/unknown.png
22:06 <+bridge> [ddnet] <archimede67> but the problem is that it creates a cmd that pops on top of the game 😦
22:10 <+bridge> [ddnet] <jao> dont post code as screen mate
22:11 <+bridge> [ddnet] <archimede67> whats better?
22:11 <+bridge> [ddnet] <archimede67> ik screen are shit but idk what u prefer
22:12 <+bridge> [ddnet] <jao> idk hastebin or smth
22:13 <+bridge> [ddnet] <archimede67> hm k
22:15 <+bridge> [ddnet] <archimede67> there you go xd
22:15 <+bridge> [ddnet] <archimede67> https://hastebin.com/avulevinen.cpp
22:36 <+bridge> [ddnet] <Ryozuki> lmao
22:36 <+bridge> [ddnet] <Ryozuki> what u doing
22:36 <+bridge> [ddnet] <Ryozuki> use the ffmpeg lib
22:36 <+bridge> [ddnet] <Ryozuki> not the cli
22:37 <+bridge> [ddnet] <archimede67> i'm trying
22:37 <+bridge> [ddnet] <archimede67> things
23:22 <+bridge> [ddnet] <Shyzo | Alex> Does someone know what the command inp_grab does? For me it does not change anything mouserelated. Im on ddnet 10.6.1
23:37 <+bridge> [ddnet] <archimede67> wtf is this doc
23:37 <+bridge> [ddnet] <archimede67> 
23:37 <+bridge> [ddnet] <archimede67> https://cdn.discordapp.com/attachments/293493549758939136/576885578746953729/unknown.png
23:37 <+bridge> [ddnet] <Ryozuki> u r looking at the wrong place
23:37 <+bridge> [ddnet] <Ryozuki> look at ffmpeg doxygen
23:39 <+bridge> [ddnet] <archimede67> oohh thanks xd
23:40 <+bridge> [ddnet] <deen> @Shyzo | Alex I don't think it does anything? We removed it some time ago
23:50 <+bridge> [ddnet] <Alexander> https://i-am.naru.to/Jup1iBW1Aw9M.png
23:50 <+bridge> [ddnet] <Alexander> i believe that this is either a bug or a glitch
23:51 <+bridge> [ddnet] <Alexander> idk why did it ping me
23:51 <+bridge> [ddnet] <Shyzo | Alex> @deen okay. Yea i dont think either. But what was it supposed to be for?
