14:16 <+bridge> [ddnet] <Ryozuki> @fokkonaut be quiet
14:23 <+bridge> [ddnet] <fokkonaut> deen is disrespectful
14:38 <+bridge> [ddnet] <Ryozuki> @fokkonaut actually you are
14:38 <+bridge> [ddnet] <fokkonaut> u
22:04 <+bridge> [ddnet] <archimede67> @Learath2 wym "how is it performance wise"?
22:06 <+bridge> [ddnet] <Learath2> I mean is there a noticable drop in performance
22:06 <+bridge> [ddnet] <archimede67> I never said it was an improvement to something 😄
22:07 <+bridge> [ddnet] <Learath2> I know, but most features have a performance cost ehich needs to be evaluated aswell
22:08 <+bridge> [ddnet] <Ryozuki> pls make it disabled by def if it is ever added
22:08 <+bridge> [ddnet] <archimede67> it is
22:08 <+bridge> [ddnet] <archimede67> its just i thought it would be a great feature
22:08 <+bridge> [ddnet] <Learath2> @Ryozuki if it doesnt hurt performance much why do you care? :P
22:08 <+bridge> [ddnet] <archimede67> its like an autodemo recorder
22:09 <+bridge> [ddnet] <Ryozuki> i have demos disabled
22:09 <+bridge> [ddnet] <Ryozuki> @Learath2 check my pr :D
22:09 <+bridge> [ddnet] <archimede67> the only thing that u can notice is when u save a replay after a long time of recording then u experience a small freeze
22:09 <+bridge> [ddnet] <Ryozuki> @Learath2 cmake magician
22:09 <+bridge> [ddnet] <Ryozuki> i became today
22:10 <+bridge> [ddnet] <Ryozuki> yea i dont want any demo recorded anyway
22:10 <+bridge> [ddnet] <archimede67> but other than that i dont really see any performance issue, not more than regular demo recorders
22:10 <+bridge> [ddnet] <Learath2> Cool pr
22:10 <+bridge> [ddnet] <Learath2> Both of yours, should merge both
22:10 <+bridge> [ddnet] <Ryozuki> https://cdn.discordapp.com/attachments/314776480880132097/581107586443771904/JPEG_20190523_151359.jpg
22:11 <+bridge> [ddnet] <Ryozuki> :poggers:
22:12 <+bridge> [ddnet] <Learath2> what kind of savage doesnt theme their rofi 😛
22:12 <+bridge> [ddnet] <Ryozuki> me myself and i
22:12 <+bridge> [ddnet] <Ryozuki> xd
22:12 <+bridge> [ddnet] <Ryozuki> if i dont run ddnet from rofi on a empty window and i tab, ddnet resizes to a shit res
22:12 <+bridge> [ddnet] <Ryozuki> so i needed this so much
22:13 <+bridge> [ddnet] <Learath2> a dropdown terminal helps for these things
22:13 <+bridge> [ddnet] <Ryozuki> boo
22:13 <+bridge> [ddnet] <Ryozuki> termite ftw
22:13 <+bridge> [ddnet] <Ryozuki> https://github.com/thestinger/termite
22:13 <+bridge> [ddnet] <Ryozuki> :poggers:
