02:15 <+bridge> [ddnet] <heinrich5991> @Ama it's tied to game time, not race time
06:45 <+bridge> [ddnet] <coany> @Jesus Christ There are surprisingly many new players on 0.7 ddrace tw
06:46 <+bridge> [ddnet] <coany> I think because of steam
08:21 <+bridge> [ddnet] <Ama> @heinrich5991 is there a possibility to tie it to race time as it was possible some years ago dont know the last time i mapped
19:54 <+bridge> [ddnet] <ScReeNy> There is one eye emote doing a "+" and i belive its never used, or is it somewhere?
19:56 <+bridge> [ddnet] <ChillerDragon> you mean the x not the + ?
19:56 <+bridge> [ddnet] <ChillerDragon> its pain
19:56 <+bridge> [ddnet] <ChillerDragon> when you get damage
19:56 <+bridge> [ddnet] <ChillerDragon> or in ddnet when you are deep frozen
19:56 <+bridge> [ddnet] <ChillerDragon> more like ><
19:56 <+bridge> [ddnet] <onby> no
19:57 <+bridge> [ddnet] <ChillerDragon> an actual + ?
19:57 <+bridge> [ddnet] <ChillerDragon> https://raw.githubusercontent.com/TeeworldsDB/skins/master/06/default.png
19:57 <+bridge> [ddnet] <ChillerDragon> ah i see
19:57 <+bridge> [ddnet] <ChillerDragon> ther eactually is
19:58 <+bridge> [ddnet] <ScReeNy> yea that
19:58 <+bridge> [ddnet] <ChillerDragon> looks dead
19:58 <+bridge> [ddnet] <ScReeNy> havent seen it basic game either
19:58 <+bridge> [ddnet] <ChillerDragon> maybe its a split second thing
19:59 <+bridge> [ddnet] <ScReeNy> whats that
19:59 <+bridge> [ddnet] <ChillerDragon> https://cdn.discordapp.com/attachments/293493549758939136/666355650233761795/unknown.png
19:59 <+bridge> [ddnet] <ChillerDragon> probably emote_blink
19:59 <+bridge> [ddnet] <ScReeNy> blink is chinese
20:00 <+bridge> [ddnet] <ScReeNy> oh well chinese isnt in default.jpg
20:01 <+bridge> [ddnet] <ScReeNy> or is that a compressed normal eye, idk
20:07 <@deen> yeah, the normal image is just squashed
20:39 <+bridge> [ddnet] <Cha> weird
