01:13 <+bridge> [ddnet] <Marmare> does anyone know if there is anything special about the front layer since every other layer seems to be loaded correctly in tml, but the front layer only has 0 as tile indices
02:23 <+bridge> [ddnet] <Mikan> i need the database with all files by using only one map x'D?
07:08 <+bridge> [ddnet] <TearlessAbyss46> https://cdn.discordapp.com/attachments/293493549758939136/728839681705508894/Screenshot_2020-07-04-07-07-49.jpeg
07:08 <+bridge> [ddnet] <TearlessAbyss46> Nice release date :o
09:01 <+bridge> [ddnet] <ᶰ°Konͧsti> Is it possible to make super not resetting switches? Would Make testing really easier
09:05 <+bridge> [ddnet] <ᶰ°Konͧsti> @noby why trol
09:05 <+bridge> [ddnet] <noby> cus u
09:05 <+bridge> [ddnet] <ᶰ°Konͧsti> Im serious, its super annoying when u dont know if the part works cuz switches doing shit
09:10 <+bridge> [ddnet] <jao> :justatest:
09:13 <+bridge> [ddnet] <abcqwerty> just make super in solo server not suck
12:21 <+bridge> [ddnet] <fokkonaut> @Learath2 do you have problems with registering on 0.7 master after you logged in to rcon?
12:22 <+bridge> [ddnet] <Learath2> I dont think so, we can grep for it
12:38 <+bridge> [ddnet] <Trafalgar Law> @Learath2 did you found a fix for the votes?
12:44 <+bridge> [ddnet] <Learath2> Yes, but I couldnt test it
12:44 <+bridge> [ddnet] <Learath2> So not merged
12:45 <+bridge> [ddnet] <Learath2> #2433
12:45 <+bridge> [ddnet] <DDNet> https://github.com/ddnet/ddnet/pull/2433
12:47 <+bridge> [ddnet] <Trafalgar Law> I can test it if you want
12:55 <+bridge> [ddnet] <Trafalgar Law> @Learath2 Works 👌
12:57 <+bridge> [ddnet] <Ryozuki> golang will add generics :o https://go.googlesource.com/proposal/+/refs/heads/master/design/go2draft-type-parameters.md
12:57 <+bridge> [ddnet] <Ryozuki> https://blog.golang.org/generics-next-step
13:37 <+bridge> [ddnet] <Learath2> @Marius how well did u test tho? I did change a couple things
13:39 <+bridge> [ddnet] <Learath2> Like did you test the abort on leave? Did you check that all 3 kinds of vote can be started? Do you get any double messages in 0.7? Do you get the correct messages for each type of vote and result?
13:50 <+bridge> [ddnet] <Trafalgar Law> I checked all 3 votes, I got no double message and the result was also correct. I have just not tested if the vote stop if I leave
13:52 <+bridge> [ddnet] <Trafalgar Law> Gonna check the last thing
13:57 <+bridge> [ddnet] <Trafalgar Law> @Learath2 Should the vote stop if the vote caller leave?
13:57 <+bridge> [ddnet] <Learath2> Yes
13:57 <+bridge> [ddnet] <Trafalgar Law> Ok that is not working
13:57 <+bridge> [ddnet] <Learath2> Ah actually only for kickvotes
13:57 <+bridge> [ddnet] <Trafalgar Law> And I got double msgs I think I was on 0.6 client
13:57 <+bridge> [ddnet] <Trafalgar Law> Mb :P
13:58 <+bridge> [ddnet] <Learath2> If you are kicking someone, if they leave the vote should end
13:58 <+bridge> [ddnet] <Trafalgar Law> Nope just the f3 is going away
13:58 <+bridge> [ddnet] <Learath2> I dont think 0.6 should ever be getting doubles, but if it is please leave an issuecomment and I'll take a look at night
13:58 <+bridge> [ddnet] <Learath2> Has to be a kick vote @Marius not a ban vote btw
13:59 <+bridge> [ddnet] <Trafalgar Law> There are kick, spec and map changes
13:59 <+bridge> [ddnet] <Trafalgar Law> We tryed with kick
13:59 <+bridge> [ddnet] <Learath2> There is a config option that turns kick into ban
14:00 <+bridge> [ddnet] <Learath2> I'd check but I'm on my phone
14:00 <+bridge> [ddnet] <Trafalgar Law> Ah so it works only if its a kick vote
14:00 <+bridge> [ddnet] <Trafalgar Law> Nope both don't work
14:01 <+bridge> [ddnet] <Trafalgar Law> Looks like that:
14:01 <+bridge> [ddnet] <Trafalgar Law> https://i.imgur.com/NuG8MOw.png
14:01 <+bridge> [ddnet] <Learath2> One more thing if you dont mind, check if forces give the correct message
14:01 <+bridge> [ddnet] <Learath2> I should fix the double , kick kick
14:01 <+bridge> [ddnet] <Trafalgar Law> And look at that
14:01 <+bridge> [ddnet] <Trafalgar Law> https://i.imgur.com/Jgi8fW1.png
14:01 <+bridge> [ddnet] <Trafalgar Law> xD
14:02 <+bridge> [ddnet] <Trafalgar Law> But the force msges looks good
14:02 <+bridge> [ddnet] <Trafalgar Law> https://i.imgur.com/jnBGT7l.png
14:03 <+bridge> [ddnet] <Trafalgar Law> Ok maybe just do authorized player forced vote no
14:03 <+bridge> [ddnet] <Trafalgar Law> xd
14:03 <+bridge> [ddnet] <Learath2> Too many messages, I should stop sending chat messages as 0.7 handles that clientside
14:04 <+bridge> [ddnet] <Trafalgar Law> So the main problem is maybe the double msges
14:31 <+bridge> [ddnet] <ExP> can somebody explain this bug?
14:31 <+bridge> [ddnet] <ExP> https://cdn.discordapp.com/attachments/293493549758939136/728951036139536485/Stronghold_2.demo.mp4
14:31 <+bridge> [ddnet] <ExP> https://cdn.discordapp.com/attachments/293493549758939136/728951054430896148/Stronghold2.demo.mp4
14:32 <+bridge> [ddnet] <ExP> Sometimes guys hide from the edge of the screen
14:34 <+bridge> [ddnet] <ExP> latest ddnet version, zoom is default, dyn cam off however max distance is changed (like dyn cam effect)
14:35 <+bridge> [ddnet] <ExP> latest ddnet version, zoom is default, dyn cam off however max distance is changed (like dyn cam effect), there were more than 16 ppl online btw
14:36 <+bridge> [ddnet] <ExP> latest ddnet version, zoom is default, dyn cam off however max distance is changed (like dyn cam effect), there were more than 16 ppl online btw (it could matter because when I used another old client I had the same problem if >16 ppl)
14:37 <+bridge> [ddnet] <noby> do /showall
14:37 <+bridge> [ddnet] <ExP> lol wtf
14:37 <+bridge> [ddnet] <ExP> is it new?
14:37 <+bridge> [ddnet] <ExP> and I did not see all by default?
14:38 <+bridge> [ddnet] <noby> its only a feature on ddnet type servers, yes disabled by default to save bandwidth
14:38 <+bridge> [ddnet] <noby> dont think its new
14:39 <+bridge> [ddnet] <jao> well it shouldnt make tees invisable that are close to u
14:39 <+bridge> [ddnet] <jao> looks more like a bug
14:39 <+bridge> [ddnet] <jao> well it shouldnt make tees invisible that are close to u
14:41 <+bridge> [ddnet] <ᶰ°Konͧsti> @ExP REEEEEEE PLS CHANGE UR CHATSOUNDS
14:41 <+bridge> [ddnet] <ExP> I can only emphasize that the one who was hiding was outside the field that you see without using the dyncam effect
14:44 <+bridge> [ddnet] <ExP> Also I don't hear hook sound from the same guy per session sometimes. It's like there's always one guy on server whose hooks I can't hear
15:09 <+bridge> [ddnet] <Ryozuki> Looks like a bug
15:10 <+bridge> [ddnet] <Ryozuki> There was a change made to send  tees within ur zoom level to not have to use showall
15:16 <+bridge> [ddnet] <TortiLeq> /points hi @ExP
16:47 <+bridge> [ddnet] <[GL1TCH]Am44n> Hey can someone hlp me it says "ERROR:  Configure your firewall/nat to let through upd on port 8303
16:58 <+bridge> [ddnet] <Soreu> @[GL1TCH]Am44n it's self explaining :f
17:00 <+bridge> [ddnet] <heinrich5991> https://portforward.com/ udp port 8303
17:00 <+bridge> [ddnet] <heinrich5991> make sure to not accidentally buy their software
17:01 <+bridge> [ddnet] <!gerdoe> :D
18:23 <+bridge> [ddnet] <Ryozuki> https://twitter.com/hackerfantastic/status/1279133091089481729
18:23 <+bridge> [ddnet] <Ryozuki> 5Head
18:31 <+bridge> [ddnet] <!gerdoe> found something
18:31 <+bridge> [ddnet] <!gerdoe> no ddnet's icon "pulsing while mentioning in editor
18:31 <+bridge> [ddnet] <!gerdoe> found something
18:31 <+bridge> [ddnet] <!gerdoe> no ddnet's icon "pulsing" while mentioning in editor
18:32 <+bridge> [ddnet] <!gerdoe> found something
18:32 <+bridge> [ddnet] <!gerdoe> no ddnet's icon "pulsing" while you are mentioned in editor
18:33 <+bridge> [ddnet] <!gerdoe> but i think there is issue in gihub xd
18:35 <+bridge> [ddnet] <!gerdoe> found something
18:35 <+bridge> [ddnet] <!gerdoe> no ddnet's icon "pulsing" if you are mentioned while map editing
18:36 <+bridge> [ddnet] <!gerdoe> no
19:30 <+bridge> [ddnet] <Learath2> @Ryozuki 11/10 exploit
20:56 <+bridge> [ddnet] <Mikan> ddnet
21:23 <+bridge> [ddnet] <heinrich5991> @jao can we please enforce mapper's licenses going forward?
21:25 <+bridge> [ddnet] <ᶰ°Konͧsti> F4
21:26 <+bridge> [ddnet] <heinrich5991> @ᶰ°Konͧsti any particular reason?
21:27 <+bridge> [ddnet] <noby> what are mappers licences
21:27 <+bridge> [ddnet] <!     ZombieToad> the part that no one fills out
21:27 <+bridge> [ddnet] <heinrich5991> that we require mappers to release their maps under a license that we're allowed to redistribute them
21:27 <+bridge> [ddnet] <ᶰ°Konͧsti> i dont give license i gift my maps to DDNet for any use
21:27 <+bridge> [ddnet] <heinrich5991> @ᶰ°Konͧsti that's fine, that's called CC0
21:27 <+bridge> [ddnet] <Learath2> You can use CC0
21:27 <+bridge> [ddnet] <ᶰ°Konͧsti> U
21:27 <+bridge> [ddnet] <noby> how does one pick which license their maps are released under
21:27 <+bridge> [ddnet] <ᶰ°Konͧsti> i want it to be automatically
21:28 <+bridge> [ddnet] <!     ZombieToad> https://cdn.discordapp.com/attachments/293493549758939136/729056128146735284/unknown.png
21:28 <+bridge> [ddnet] <noby> :O
21:29 <+bridge> [ddnet] <noby> how do u get to that page
21:29 <+bridge> [ddnet] <!     ZombieToad> when ur saving a map in the editor
21:29 <+bridge> [ddnet] <heinrich5991> @ZombieToad we don't need to require mappers to go through that
21:29 <+bridge> [ddnet] <noby> rly?
21:29 <+bridge> [ddnet] <heinrich5991> we can also just ask them which license they want to use and we can set the field
21:29 <+bridge> [ddnet] <noby> i never saw it before (during the maybe 1 time i tried messing with edior)
21:29 <+bridge> [ddnet] <jao> @heinrich5991 no thanks
21:30 <+bridge> [ddnet] <heinrich5991> @jao why not?
21:30 <+bridge> [ddnet] <jao> not necessary
21:30 <+bridge> [ddnet] <heinrich5991> come on
21:30 <+bridge> [ddnet] <heinrich5991> it would be better for us, let's say for me
21:30 <+bridge> [ddnet] <jao> dont agree
21:30 <+bridge> [ddnet] <heinrich5991> maybe it's not better for you
21:30 <+bridge> [ddnet] <heinrich5991> but for me
21:30 <+bridge> [ddnet] <jao> so?
21:30 <+bridge> [ddnet] <jao> i dont tell u what to do with github stuff either
21:31 <+bridge> [ddnet] <heinrich5991> but I would like to improve ddnet's legal protections around maps
21:31 <+bridge> [ddnet] <jao> map testing is my stuff so respect my opinion
21:31 <+bridge> [ddnet] <jao> ty
21:32 <+bridge> [ddnet] <noby> aggressive jao
21:33 <+bridge> [ddnet] <Greeen> dictator
21:34 <+bridge> [ddnet] <abcqwerty> license isnt for map testing wtf
21:34 <+bridge> [ddnet] <!     ZombieToad> yall are gonna get banned
21:35 <+bridge> [ddnet] <abcqwerty> :justatest:
21:40 <+bridge> [ddnet] <Ryozuki> @jao wtf jao
21:41 <+bridge> [ddnet] <Ryozuki> we should enforce cc by sa
21:43 <+bridge> [ddnet] <!     ZombieToad> respect his opinion or get banned
21:44 <+bridge> [ddnet] <Greeen> what about respect but dont agree?
21:44 <+bridge> [ddnet] <cyberFighter> ban
21:44 <+bridge> [ddnet] <!     ZombieToad> thats also illegal
21:44 <+bridge> [ddnet] <cyberFighter> zombietodo
21:49 <+bridge> [ddnet] <Ryozuki> @jao ur providing no input on why u dont want it, also map testing has nothing to do with a map license
21:50 <+bridge> [ddnet] <Ryozuki> you will not be a gatekeeper of this
21:50 <+bridge> [ddnet] <Ryozuki> just because ur angry with heinrich
21:51 <+bridge> [ddnet] <Ryozuki> @heinrich5991 how are the map releases done nowadays?, we can just edit the map there with the enforced license, then put a big announcement where you send the map about this
21:52 <+bridge> [ddnet] <Ryozuki> we can ignore his map testing stuff
21:52 <+bridge> [ddnet] <Ryozuki> its our github stuff after all
21:52 <+bridge> [ddnet] <Ryozuki> what nonsense he is spitting out
21:52 <+bridge> [ddnet] <Ryozuki> god
21:53 <+bridge> [ddnet] <abcqwerty> :monkaS:
21:53 <+bridge> [ddnet] <snail> stfu
21:54 <+bridge> [ddnet] <Ryozuki> ah
21:54 <+bridge> [ddnet] <Ryozuki> i guess i shouldnt have called you for this
21:54 <+bridge> [ddnet] <snail> wrong chat
21:54 <+bridge> [ddnet] <Ryozuki> lmao
21:54 <+bridge> [ddnet] <Ryozuki> XD
21:55 <+bridge> [ddnet] <noby> snail is a big troll
21:57 <+bridge> [ddnet] <ᶰ°Konͧsti> lmaooo
21:57 <+bridge> [ddnet] <ᶰ°Konͧsti> jao biggest Ehrenmann
21:58 <+bridge> [ddnet] <Mikan> lol denglish c:
22:01 <+bridge> [ddnet] <abcqwerty> snail huge troll
22:24 <+bridge> [ddnet] <tux> hi, sorry if it doesn't belong here but I just noticed that the cursor sometimes moves away very fast when tabbing out. also a friend and I had a problem where it dissapeared completely so there was no way to get it expect restarting the game (win64/ddnet14.1).
22:24 <+bridge> [ddnet] <tux> https://cdn.discordapp.com/attachments/293493549758939136/729070079286706306/2020-07-04_22-11-52.mp4
22:43 <+bridge> [ddnet] <tux> hi, sorry if it doesn't belong here but I just noticed that the cursor sometimes moves away very fast when tabbing out. also a friend and I had a problem where it dissapeared completely so there was no way to get it except restarting the game (win64/ddnet14.1).
22:43 <+bridge> [ddnet] <tux> https://cdn.discordapp.com/attachments/293493549758939136/729070079286706306/2020-07-04_22-11-52.mp4
22:47 <+bridge> [ddnet] <NeXus> is ddnet persian by ddnet?
22:47 <+bridge> [ddnet] <louis> no
22:48 <+bridge> [ddnet] <NeXus> yeah the website looks not serious and you can purchase mod pw lol
22:49 <+bridge> [ddnet] <NeXus> some op shit at least
22:49 <+bridge> [ddnet] <Learath2> It's pretty sad
22:49 <+bridge> [ddnet] <Learath2> We'd run a persian server if iranians had any interest in selling servers to foreigners 😄
23:09 <+bridge> [ddnet] <!gerdoe> troll  v
23:09 <+bridge> [ddnet] <ᶰ°Konͧsti> @Learath2 @heinrich5991 i officially give DDNet cc0 for any of my maps
23:09 <+bridge> [ddnet] <Learath2> I took a screenshot
23:09 <+bridge> [ddnet] <Learath2> It's official
23:10 <+bridge> [ddnet] <ᶰ°Konͧsti> And all of my coming maps
23:10 <+bridge> [ddnet] <Learath2> Next time I'm in germany I can print it and we can both sign it over a pint
23:10 <+bridge> [ddnet] <ᶰ°Konͧsti> xd
23:10 <+bridge> [ddnet] <Learath2> that'd be even more official
23:10 <+bridge> [ddnet] <ᶰ°Konͧsti> Next time :justatest:
23:11 <+bridge> [ddnet] <Learath2> If they ever let us third world ppl back into EU 😦
23:11 <+bridge> [ddnet] <ᶰ°Konͧsti> U even brave enough to come east of germany
23:11 <+bridge> [ddnet] <ᶰ°Konͧsti> :konstitroll:
23:12 <+bridge> [ddnet] <Learath2> Am from turkey, will be fine
23:14 <+bridge> [ddnet] <ᶰ°Konͧsti> Depends on skin color
23:14 <+bridge> [ddnet] <ᶰ°Konͧsti> xd
23:15 <+bridge> [ddnet] <Learath2> Konsti big racist, remove
23:18 <+bridge> [ddnet] <ᶰ°Konͧsti> its just a fact here
23:18 <+bridge> [ddnet] <ᶰ°Konͧsti> lol
23:19 <+bridge> [ddnet] <noby> adolf konstler
23:26 <+bridge> [ddnet] <!gerdoe> venetto konstilini
