01:47 <+bridge> [ddnet] <n000b> @Lady Saavik /spec doesn't work on kog servers. If u use it in ddnet it is no problem and i think you can even see where people are who are in spec. Not sure tho.
11:32 <+bridge> [ddnet] <deen> @Lady Saavik fixed ^
11:46 <+bridge> [ddnet] <Learath2> @deen with CSaveTee, I think we might need to get a little more conservative with the rescue points
12:40 <+bridge> [ddnet] <Dezarion> after spam changing maps, the master server is not responding anymore and it'll try reconnect although without any success. is there a way to make it so it'll wait longer for the master server response instead of trying to switch master servers? For some reason the master servers just randomly start to decide when they dont want to respond anymore. i literally switched the maps around for 15-20 times for this to happen
12:40 <+bridge> [ddnet] <Dezarion> https://cdn.discordapp.com/attachments/293493549758939136/716964492923371603/unknown.png
13:00 <+bridge> [ddnet] <ᶰ°Konͧsti> theres some bug for decades with solomaptiles, the tile that is supposed to doesnt let u shoot other tees doesnt let u wallshot urself too. Should be fixed even though we have solomap settings
17:12 <+bridge> [ddnet] <ᶰ°Konͧsti> switch_open x doesnt work for unfreeze bullets
17:16 <+bridge> [ddnet] <ᶰ°Konͧsti> Im wrong switched unfreeze bullets cannot be deactivated with switches somehow
17:17 <+bridge> [ddnet] <Zabenom> how good idea is add new camera type in game?
17:17 <+bridge> [ddnet] <Zabenom> safe any zoom cam
17:17 <+bridge> [ddnet] <Zabenom> https://cdn.discordapp.com/attachments/293493549758939136/717034130205966336/safe_any_zoom_cam.png
17:27 < ***> Buffer Playback...
17:27 <+bridge> [17:27:15] [ddnet] <heinrich5991> I think that should be suggested on the vanilla discord
17:27 <+bridge> [17:27:22] [ddnet] <heinrich5991> ddnet doesn't have a problem with zoom
17:27 < ***> Playback Complete.
17:31 <+bridge> [ddnet] <Zabenom> how i can write MapRule script with loop? for example i want do NewRun 5 times ...
19:23 <+bridge> [ddnet] <deen> @Zabenom what's maprule?
19:33 <+bridge> [ddnet] <Zabenom> https://cdn.discordapp.com/attachments/293493549758939136/717068337732911144/RUles.png
20:18 <+bridge> [ddnet] <Zabenom> i want repeat it 10 times
20:18 <+bridge> [ddnet] <Zabenom> [GROW]
20:18 <+bridge> [ddnet] <Zabenom> 
20:18 <+bridge> [ddnet] <Zabenom> Index 16
20:18 <+bridge> [ddnet] <Zabenom> Pos 0 0 EMPTY
20:18 <+bridge> [ddnet] <Zabenom> Pos 0 -1 INDEX 16
20:18 <+bridge> [ddnet] <Zabenom> 
20:18 <+bridge> [ddnet] <Zabenom> Index 16
20:18 <+bridge> [ddnet] <Zabenom> Pos 0 0 EMPTY
20:18 <+bridge> [ddnet] <Zabenom> Pos 1 0 INDEX 16
20:18 <+bridge> [ddnet] <Zabenom> 
20:18 <+bridge> [ddnet] <Zabenom> Index 16
20:18 <+bridge> [ddnet] <Zabenom> Pos 0 0 EMPTY
20:18 <+bridge> [ddnet] <Zabenom> Pos 0 1 INDEX 16
20:18 <+bridge> [ddnet] <Zabenom> 
20:18 <+bridge> [ddnet] <Zabenom> Index 16
20:18 <+bridge> [ddnet] <Zabenom> Pos 0 0 EMPTY
20:18 <+bridge> [ddnet] <Zabenom> Pos -1 0 INDEX 16
