01:04 <+bridge> [ddnet] <lynn> duplicate
07:08 <+bridge> [ddnet] <Ts懒散> https://cdn.discordapp.com/attachments/293493549758939136/877781134954627102/unknown.png
07:09 <+bridge> [ddnet] <Ts懒散> is forum down? i can't open https://ddnet.tw/rules
07:49 <+bridge> [ddnet] <deen> I'll check
07:49 <+bridge> [ddnet] <deen> works again
08:19 <+bridge> [ddnet] <gerdoe> no no no no no no no...
09:42 <+bridge> [ddnet] <Ryozuki> yay prediction pr
09:43 <+bridge> [ddnet] <uwu> :justatest:
11:04 <+bridge> [ddnet] <chillerdragon> are u fakin kidding me SDL2 bug is gone in all versions now
11:04 <+bridge> [ddnet] <chillerdragon> probably some combo bug of SDL2 plus some other software
11:04 <+bridge> [ddnet] <chillerdragon> 🥳
11:05 <+bridge> [ddnet] <chillerdragon> oh nvm i forgot to turn on fullscreen ahahahah pls kill me i need coffe
11:05 <+bridge> [ddnet] <chillerdragon> how did i even get used to borderless oh no
12:14 <+bridge> [ddnet] <LordRon_XD> За что?
12:14 <+bridge> [ddnet] <LordRon_XD> https://cdn.discordapp.com/attachments/293493549758939136/877858051942666260/unknown.png
12:14 <+bridge> [ddnet] <LordRon_XD> Ник LordRon_XD
12:20 <+bridge> [ddnet] <LordRon_XD> For what ? Here is my nickname LordRon_XD
12:27 <+bridge> [ddnet] <chillerdragon> lul im doing deb11 update rn
12:27 <+bridge> [ddnet] <chillerdragon> get out of my head deen
12:28 <+bridge> [ddnet] <deen> Python2 was removed, now I have to upgrade all my scripts :/
12:28 <+bridge> [ddnet] <Ryozuki> :monkalaugh:
12:28 <+bridge> [ddnet] <chillerdragon> oh lol didnt know
12:28 <+bridge> [ddnet] <chillerdragon> https://github.com/ddnet/ddnet-scripts/pull/16
12:28 <+bridge> [ddnet] <chillerdragon> aaiaiiaiaiai
12:29 <+bridge> [ddnet] <chillerdragon> deen when make this github repo the source of truth?
12:29 <+bridge> [ddnet] <deen> When I have time
12:29 <+bridge> [ddnet] <chillerdragon> i would really love to contribute more there but current state is useless for contributors \:(
12:30 <+bridge> [ddnet] <chillerdragon> can i help somehow?
12:30 <+bridge> [ddnet] <deen> I know, but any changes there are dangerous since nothing is tested and lots of stuff can break
12:30 <+bridge> [ddnet] <deen> it's a bunch of brittle scripts
12:30 <+bridge> [ddnet] <chillerdragon> yas i would like to add tests too!
12:38 <+ChillerDragon> is there still a mouse raw mode or something? I can barley move my mouse on my deb11 laptop ._.
12:40 <+bridge> [ddnet] <chillerdragon> is the irc bridge down @heinrich5991 ?
12:41 <+bridge> [ddnet] <chillerdragon> ah nvm its just suuuuuper slow
14:06 <+bridge> [ddnet] <chillerdragon> Is it hard to record traffic from a tw server and save it to later on slap it at the client again and reproduce the whole expirience?
14:48 <+bridge> [ddnet] <Patiga> uhm help?
14:48 <+bridge> [ddnet] <Patiga> ```[2021-08-19 14:47:29][client]: starting...
14:48 <+bridge> [ddnet] <Patiga> [2021-08-19 14:47:29][sdl]: SDL version 2.0.16 (compiled = 2.0.14)
14:48 <+bridge> [ddnet] <Patiga> [2021-08-19 14:47:29][gfx]: Created OpenGL 3.3 context.
14:48 <+bridge> [ddnet] <Patiga> X Error of failed request:  BadRRCrtc (invalid Crtc parameter)
14:48 <+bridge> [ddnet] <Patiga>   Major opcode of failed request:  140 (RANDR)
14:48 <+bridge> [ddnet] <Patiga>   Minor opcode of failed request:  20 (RRGetCrtcInfo)
14:48 <+bridge> [ddnet] <Patiga>   Crtc id in failed request: 0x0
14:48 <+bridge> [ddnet] <Patiga>   Serial number of failed request:  291
14:48 <+bridge> [ddnet] <Patiga>   Current serial number in output stream:  291```
14:48 <+bridge> [ddnet] <Patiga> already tried restarting 2 times, nuking the `settings_ddnet.cfg`
14:49 <+bridge> [ddnet] <Patiga> it removes my monitor, I have to add it with xrandr/arandr again
14:50 <+bridge> [ddnet] <Jupstar ✪> you are not the first with SDL .16 problems
14:50 <+bridge> [ddnet] <Jupstar ✪> find the broken commit and report it https://github.com/libsdl-org/SDL/issues
14:52 <+bridge> [ddnet] <Patiga> so I would need to downgrade sdl as a dirty fix?
14:52 <+bridge> [ddnet] <Patiga> I think I would need some hand-holding to bisect sdl
14:52 <+bridge> [ddnet] <Jupstar ✪> yes or try the master branch
14:52 <+bridge> [ddnet] <Jupstar ✪> maybe its fixed already 😄
14:55 <+bridge> [ddnet] <Patiga> my sdl version seems to be 1.2.15-14
14:55 <+bridge> [ddnet] <Jupstar ✪> sdl2
14:56 <+bridge> [ddnet] <Patiga> oho
14:56 <+bridge> [ddnet] <Patiga> yup, 2.0.16-2
14:57 <+bridge> [ddnet] <Patiga> okay, downgrading worked for me, not sure how I would install nightly/master
16:02 <+bridge> [ddnet] <chillerdragon> lul @Patiga  u too?
16:02 <+bridge> [ddnet] <chillerdragon> who dafaq it breaking all SDL
16:03 <+bridge> [ddnet] <chillerdragon> Are there any projects as rvm or nvm to manage versions for librarys?
16:03 <+bridge> [ddnet] <chillerdragon> i didnt find anything im currently creating sdlvm my self to quickly install and switch between SDL2 versions
16:24 <+bridge> [ddnet] <Ryozuki> chilledragon i saw ur new repo
16:24 <+bridge> [ddnet] <Ryozuki> imho its wasted time
16:25 <+bridge> [ddnet] <Ryozuki> this doesnt happen usually
16:25 <+bridge> [ddnet] <Ryozuki> and its what you get for using arch linux
16:25 <+bridge> [ddnet] <Ryozuki> you may get a new version of a software that has problems
16:25 <+bridge> [ddnet] <Ryozuki> its ur problem to find how to solve it
16:25 <+bridge> [ddnet] <Ryozuki> otherwise u can use debian
16:26 <+bridge> [ddnet] <Patiga> chillerdragon didnt see your message, if you are on arch linux you could use the aur package 'downgrade'
16:26 <+bridge> [ddnet] <Ryozuki> btw instead of engineering a tool to manage sdl versions u can just install a old version till its fixed
16:26 <+bridge> [ddnet] <Ryozuki> pacman keeps atleast 3 versions
16:26 <+bridge> [ddnet] <Ryozuki> and u can pin the version u want
16:27 <+bridge> [ddnet] <Ryozuki> https://cdn.discordapp.com/attachments/293493549758939136/877921838079049758/unknown.png
16:28 <+bridge> [ddnet] <Ryozuki> btw fd > find
16:28 <+bridge> [ddnet] <Ryozuki> <https://github.com/sharkdp/fd>
16:29 <+bridge> [ddnet] <Ryozuki> there is aur/sdl2-git
16:29 <+bridge> [ddnet] <Ryozuki> to use sdl2 master
16:58 <+bridge> [ddnet] <Jupstar ✪> any reason editor cursor moves so weird, or can i fix that
16:59 <+bridge> [ddnet] <chillerdragon> Took me 1 sec to add an alias to my bashrc that fixes my SDL version
17:00 <+bridge> [ddnet] <chillerdragon> I started sdlvm after I already triaged the bug and downgraded my version. Because i think its convienient. Also I have no good expirience with -git aur packages i feel like they never update
17:02 <+bridge> [ddnet] <chillerdragon> @Ryozuki\: why you use fd instead of find? what are the advantages you need? I find my self using fzf instead of find most of the time. Also fd is an alias to combine fzf with cd on my system
17:02 <+bridge> [ddnet] <chillerdragon> i also have fim to fuzzy open a file with vim \:D
17:02 <+bridge> [ddnet] <chillerdragon> i like fzf a lot my ssh manager and password manager use it too
17:26 <+bridge> [ddnet] <Ryozuki> chillerdragonb
17:26 <+bridge> [ddnet] <Ryozuki> ppl configure fzf to use fd to find files
17:26 <+bridge> [ddnet] <Ryozuki> fd has better defaults and works better with git etc
17:26 <+bridge> [ddnet] <chillerdragon> hm
17:28 <+bridge> [ddnet] <Ryozuki> export FZF_DEFAULT_COMMAND='fd --type f'
17:42 <+bridge> [ddnet] <Ryozuki> chilledragon
17:42 <+bridge> [ddnet] <Ryozuki> https://cdn.discordapp.com/attachments/293493549758939136/877940589071597638/unknown.png
17:43 <+bridge> [ddnet] <chillerdragon> im not bought
17:43 <+bridge> [ddnet] <Ryozuki> its also way faster
17:43 <+bridge> [ddnet] <chillerdragon> thats a selling point actually
17:44 <+bridge> [ddnet] <chillerdragon> but when im on a system where i depend on the speed of find it probably takes as long to install fd as it takes for the command to finish
17:44 <+bridge> [ddnet] <Ryozuki> ?
17:44 <+bridge> [ddnet] <Ryozuki> sometimes ur rly stupid
17:44 <+bridge> [ddnet] <Ryozuki> xd
17:44 <+bridge> [ddnet] <chillerdragon> i barley search files in big dirs on my main systems
17:45 <+bridge> [ddnet] <chillerdragon> more in enviroments where my tool suites are not installed
17:45 <+bridge> [ddnet] <Ryozuki> i wonder if fzf uses find by default
17:45 <+bridge> [ddnet] <Ryozuki> making fzf use fd makes it way faster
17:45 <+bridge> [ddnet] <Ryozuki> https://cdn.discordapp.com/attachments/293493549758939136/877941425977827428/unknown.png
17:45 <+bridge> [ddnet] <Ryozuki> yep fzf uses find by default
17:51 <+bridge> [ddnet] <chillerdragon> image.png
17:51 <+bridge> [ddnet] <chillerdragon> https://cdn.discordapp.com/attachments/293493549758939136/877942810085564466/image.png
17:51 <+bridge> [ddnet] <chillerdragon> haha wtf
17:51 <+bridge> [ddnet] <chillerdragon> why not a simple grep -o ?
17:52 <+bridge> [ddnet] <chillerdragon> yo @Ryozuki im currently trying to understand what gets run when i type ddnet in my gnome search and enter? Is there some .desktop file? Where is it located? Who provides the icon?
17:53 <+bridge> [ddnet] <Ryozuki> idk bro
17:53 <+bridge> [ddnet] <Ryozuki> i dont use gnome
17:53 <+bridge> [ddnet] <Ryozuki> search urself
17:53 <+bridge> [ddnet] <chillerdragon> xd
17:53 <+bridge> [ddnet] <chillerdragon> arent u package maintainer?
17:53 <+bridge> [ddnet] <chillerdragon> do you have a icon for your ddnet in i3?
17:53 <+bridge> [ddnet] <chillerdragon> is it done by ninja install?
17:54 <+bridge> [ddnet] <Ryozuki> no i dont have icons
17:54 <+bridge> [ddnet] <chillerdragon> oh wow
17:54 <+bridge> [ddnet] <Ryozuki> no icon is installed by pkgbuild
17:54 <+bridge> [ddnet] <chillerdragon> poor u
17:54 <+bridge> [ddnet] <Ryozuki> i dont need icons
17:54 <+bridge> [ddnet] <Ryozuki> i use rofi
17:54 <+bridge> [ddnet] <chillerdragon> wats dat
17:54 <+bridge> [ddnet] <Ryozuki> search it
17:54 <+bridge> [ddnet] <chillerdragon> oh not i3 naymore?
17:55 <+bridge> [ddnet] <chillerdragon> ah wait
17:55 <+bridge> [ddnet] <chillerdragon> thats not an i3 replac,emt
17:55 <+bridge> [ddnet] <chillerdragon> looks like rofi could display icons tho
17:55 <+bridge> [ddnet] <chillerdragon> https://raw.githubusercontent.com/davatorium/rofi/next/releasenotes/1.6.0/icons.png
18:00 <+bridge> [ddnet] <chillerdragon> found it /usr/share/applications/ddnet.desktop
18:03 <+bridge> [ddnet] <Ryozuki> i didnt do the version thing in pkgver
18:04 <+bridge> [ddnet] <chillerdragon> i didnt say that
18:04 <+bridge> [ddnet] <chillerdragon> i just yeeted it in this public space
18:06 <+bridge> [ddnet] <chillerdragon> omagawd i dont get those magic .desktop files tha bitch is not picking up my LD\_LIBRARY\_PATH env var
18:07 <+bridge> [ddnet] <chillerdragon> probably because its not sourcing my .bashrc
18:07 <+bridge> [ddnet] <chillerdragon> rude
20:09 <+bridge> [ddnet] <chillerdragon> @Patiga\: since you also have SDL2 issues. If you plan to bisect I can recommend https://github.com/ChillerDragon/sdlvm i am using it right now it works like a charm
20:09 <+bridge> [ddnet] <chillerdragon> take commit hash git bisect gives you and run```
20:09 <+bridge> [ddnet] <chillerdragon> sdlvm install <commit>
20:09 <+bridge> [ddnet] <chillerdragon> ```open new terminal and run `DDNet`
20:10 <+bridge> [ddnet] <chillerdragon> maybe step 0 would be todo `sdlvm install latest && cd ~/.sdlvm/src && git bisect start && git bisect bad HEAD && git bisect good <good commit>`
20:26 <+bridge> [ddnet] <chillerdragon> @Jupstar ✪\: ez found it btw only took a few days
20:35 <+bridge> [ddnet] <Jupstar ✪> NICE
20:35 <+bridge> [ddnet] <Ryozuki> whyats the commit
20:37 <+bridge> [ddnet] <Ryozuki> https://github.com/NvChad/NvChad
20:37 <+bridge> [ddnet] <Ryozuki> looks so pretty
20:47 <+bridge> [ddnet] <chillerdragon> @Ryozuki\: why do you care about the commit? Do you want to submit a SDL2 patch? Anyways here are my finindings if u care or wanna like/share/subscribe https://github.com/libsdl-org/SDL/issues/4674
20:48 <+bridge> [ddnet] <Ryozuki> Curiosity
20:49 <+bridge> [ddnet] <chillerdragon> go fix
20:54 <+bridge> [ddnet] <Ryozuki> Im outside
20:55 <+bridge> [ddnet] <Ryozuki> :greenthing:
20:57 <+bridge> [ddnet] <chillerdragon> thanks for the like fan \:)
20:57 <+bridge> [ddnet] <chillerdragon> wew i feel so good now it took so long at during some lows i thought it would never be fixed or i would also never find the commit due to xserver crashes
20:58 <+bridge> [ddnet] <murpi> how do I use grep to match lines that contain two different strings? I tried `grep 'string1\|string2' *log*` but this matches lines that contain either string1 or string2 👀
21:02 <+bridge> [ddnet] <murpi> sorry, I meant words, not strings :justatest:
21:02 <+bridge> [ddnet] <chillerdragon> use two greps
21:02 <+bridge> [ddnet] <chillerdragon> `grep string1 | grep string2 *log*`
21:03 <+bridge> [ddnet] <chillerdragon> ?
21:03 <+bridge> [ddnet] <chillerdragon> whats the difference
21:03 <+bridge> [ddnet] <chillerdragon> do you need them to be word delimitered by spaces and commas or what?
21:10 <+bridge> [ddnet] <deen> chillerdragon: should be `grep string1 *log* | grep string2`
21:13 <+bridge> [ddnet] <chillerdragon> ah ye
21:13 <+bridge> [ddnet] <chillerdragon> sure
21:14 <+bridge> [ddnet] <murpi> thanks 😄
22:03 <+bridge> [ddnet] <murpi> What is the External IP range used for when trying to port foward?
22:03 <+bridge> [ddnet] <murpi> this field can't be ignored and I have no clue what to enter
22:03 <+bridge> [ddnet] <lynn> i think it's just the same port
22:05 <+bridge> [ddnet] <murpi> it needs to be a IP, not port
22:05 <+bridge> [ddnet] <lynn> o wat
22:05 <+bridge> [ddnet] <lynn> it wants you to guess how NAT will define your public IP
22:05 <+bridge> [ddnet] <lynn> :monkaS:
22:06 <+bridge> [ddnet] <lynn> what happens when you put 0.0.0.0 255.255.255.255
22:06 <+bridge> [ddnet] <lynn> :troll:
