02:45 <+bridge> [ddnet] <Fän> Quite a lot, yes.
05:23 <+bridge> [ddnet] <Fän> Well, the complexity with all of this is that there's 3 protocols which we'll have to support
05:23 <+bridge> [ddnet] <Fän> We can support 0.7 and the current protocol ddnet uses
05:23 <+bridge> [ddnet] <Fän> but 0.6 doesn't really have challenges
06:40 <+bridge> [ddnet] <perrodecerro> @ᶰ°Konͧsti why
08:42  * mamad_ slaps XXLTomate around a bit with a large fishbot
08:46 <+mamad_> msg
08:46 <+mamad_> ow
08:46 <+mamad_> t:D
09:08 <+bridge> [ddnet] <chillerdragon> pure 0.6 is also not really in use its mostly ddnet clients that did not update to 0.7 yet
09:44 <+bridge> [ddnet] <heinrich5991> @Fän are there on-demand filter that only apply during a detected attack or is everything always on?
09:45 <+bridge> [ddnet] <Fän> We provide seperate IP addresses ("protected IP") which are limited to the game port, with always-on filters.
09:46 <+bridge> [ddnet] <Fän> Our US locations currently support Teamspeak 3, Rust, RageMP, FIveM & gmod.
09:46 <+bridge> [ddnet] <Fän> Germany as of right now only supports FiveM & ddnet (partially as mentioned) due to limited gear
09:46 <+bridge> [ddnet] <Fän> I'm hoping I can get rid of all this headache with the gear once we figure out all the vendor trouble we're currently facing
10:20 <+bridge> [ddnet] <ᶰ°Konͧsti> Chot illegal
10:46 <+bridge> [ddnet] <Learath2> Q: Do you say q-emu or qe-mu?
10:51 <+bridge> [ddnet] <Ryozuki> qe-mu
10:52 <+bridge> [ddnet] <Fän> q-emu
10:52 <+bridge> [ddnet] <heinrich5991> q-emu
10:56 <+bridge> [ddnet] <heinrich5991> https://en.wikipedia.org/w/index.php?title=Talk:QEMU&oldid=1046809231#How_do_you_pronounce_it?
10:56 <+bridge> [ddnet] <heinrich5991> can't find a source on how to "properly" pronounce it
10:57 <+bridge> [ddnet] <uwu> el cubo
10:57 <+bridge> [ddnet] <heinrich5991> I guess one could look at how their developers pronounce it in talks
11:00 <+bridge> [ddnet] <Ryozuki> qemu as qe-mu soudns natural in spanish
11:00 <+bridge> [ddnet] <Ryozuki> xd
11:00 <+bridge> [ddnet] <Ryozuki> sounds*
11:40 <+bridge> [ddnet] <chillerdragon> Anyone using vscode here and fixed the warning that it can not find the #include \<generated/protocol.h\> ?
11:42 <@deen> python missing?
11:47 <+bridge> [ddnet] <chillerdragon> no i got python its also not a compile error just my editor showing a warning
11:47 <+bridge> [ddnet] <Learath2> chillerdragon doing a quick compile helps
11:47 <+bridge> [ddnet] <chillerdragon> i dont compile using vscode
11:48 <+bridge> [ddnet] <chillerdragon> maybe we cann add some .vscode/settings.json telling it to look in build/src for includes
11:48 <+bridge> [ddnet] <Learath2> Uhm, I'm not sure how to fix your weird setup. I also don't compile in vscode but I let it pretend it's handling that stuff
11:49 <+bridge> [ddnet] <Learath2> so I export a compile commands json thing, and I compile in the build folder
11:49 <+bridge> [ddnet] <chillerdragon> how is my setup weird lemme help make it unweird
13:22 <+bridge> [ddnet] <Ryozuki> u just need compile commands json
13:56 <+bridge> [ddnet] <Knuski> is there a particular reason that clan tags have 4 characters less than the name tags? would be nice if the character limit for the clans would be lifted up a bit but i dont know if its there for a reason or if it will create problems
14:14 <+bridge> [ddnet] <murpi> scoreboard display limitation
14:16 <+bridge> [ddnet] <murpi> probably
14:21 <+bridge> [ddnet] <Knuski> :c
14:35 <+bridge> [ddnet] <Learath2> Also a protocol limitation, it'd be very hard to change that cap
14:36 <+bridge> [ddnet] <n000b> @Knuski doesn't have effect on you since you will never be accepted by a clan anyway
14:38 <+bridge> [ddnet] <Knuski> :GWvertiPeepoSadMan:
15:19 <+bridge> [ddnet] <Ryozuki> just use a clan tag
15:19 <+bridge> [ddnet] <Ryozuki> which usually consists of uppercase and 4 letters
15:19 <+bridge> [ddnet] <Ryozuki> xd
15:19 <+bridge> [ddnet] <Ryozuki> The noby fakers = TNF
15:19 <+bridge> [ddnet] <Fän> Figured out another bug, dang it lazy coding skills!
15:19 <+bridge> [ddnet] <Ryozuki> :poggers:
15:19 <+bridge> [ddnet] <Fän> *fried brain*
15:20 <+bridge> [ddnet] <Knuski> great idea
15:20 <+bridge> [ddnet] <Ryozuki> u should get a clan tag and never mention its meaning
15:20 <+bridge> [ddnet] <Ryozuki> gB
15:21 <+bridge> [ddnet] <Ryozuki> mB
15:21 <+bridge> [ddnet] <Ryozuki> :monkalaugh:
15:23 <+bridge> [ddnet] <Knuski> :justatest:
16:12 <+bridge> [ddnet] <HappyFray> psyc
16:48 <+bridge> [ddnet] <gerdoe> el rectangulo
17:44 <+bridge> [ddnet] <Ryozuki> el triangulo
18:01 <+bridge> [ddnet] <`xii69> Hello, i installed DDNet on linux ( ubuntu 20.04 ), but screen is freezed
18:12 <+bridge> [ddnet] <Cipy29> how did you install it? steam/apt/github?
18:13 <+bridge> [ddnet] <Cipy29> oWo
18:14 <+bridge> [ddnet] <`xii69> i can't install steam its broken for me on my ubuntu
18:14 <+bridge> [ddnet] <`xii69> but you can install steam in ubuntu software
18:14 <+bridge> [ddnet] <Cipy29> so u can install steam?
18:14 <+bridge> [ddnet] <Ryozuki> did u download it from ddnet.tw?
18:15 <+bridge> [ddnet] <Ryozuki> sudo apt install build-essential cmake git libcurl4-openssl-dev libssl-dev libfreetype6-dev libglew-dev libnotify-dev libogg-dev libopus-dev libopusfile-dev libpnglite-dev libsdl2-dev libsqlite3-dev libwavpack-dev python
18:16 <+bridge> [ddnet] <heinrich5991> no
18:16 <+bridge> [ddnet] <heinrich5991> that's just for compiling
18:16 <+bridge> [ddnet] <Ryozuki> it works for running it
18:16 <+bridge> [ddnet] <`xii69> no, gives me some f** error
18:16 <+bridge> [ddnet] <Ryozuki> and im 2 lazy to search the non lib deps
18:16 <+bridge> [ddnet] <Cipy29> do sudo apt install ddnet
18:16 <+bridge> [ddnet] <Cipy29> actually i think old version with apt
18:16 <+bridge> [ddnet] <Ryozuki> its outdated
18:16 <+bridge> [ddnet] <heinrich5991> @Ryozuki you shouldn't need to install dependencies if you download the stuff from ddnet.tw on a typical desktop
18:17 <+bridge> [ddnet] <heinrich5991> also, black screen doesn't scream "missing dependency" for me
18:17 <+bridge> [ddnet] <Ryozuki> u often need for ddnet
18:17 <+bridge> [ddnet] <Ryozuki> to install the deps
18:17 <+bridge> [ddnet] <heinrich5991> have you had to on a desktop?
18:17 <+bridge> [ddnet] <Ryozuki> lot of ppl come here and tell me this, i tell them that line and they say it works
18:17 <+bridge> [ddnet] <Cipy29> so the error  is with steam?
18:18 <+bridge> [ddnet] <`xii69> yea in Ubuntu Sofware at installing steam
18:18 <+bridge> [ddnet] <`xii69> i tryed to install steam from the official website, steam is installed but i can't launch it
18:18 <+bridge> [ddnet] <`xii69> i did it, still screen is freezed
18:18 <+bridge> [ddnet] <heinrich5991> can you try starting steam from the command line prompt?
18:19 <+bridge> [ddnet] <heinrich5991> enter `steam` or `steam.sh` in there
18:20 <+bridge> [ddnet] <`xii69> gave me an error and saved a crash report
18:20 <+bridge> [ddnet] <Cipy29> what error
18:20 <+bridge> [ddnet] <Ryozuki> ur probs missing some 32bit libs
18:20 <+bridge> [ddnet] <`xii69> https://cdn.discordapp.com/attachments/293493549758939136/893895225112690708/unknown.png
18:20 <+bridge> [ddnet] <Cipy29> write steam
18:20 <+bridge> [ddnet] <`xii69> yea it was this error at last installation of steam
18:20 <+bridge> [ddnet] <Ryozuki> https://linuxhint.com/install-steamos-on-ubuntu/
18:20 <+bridge> [ddnet] <Cipy29> in ur terminal
18:20 <+bridge> [ddnet] <Ryozuki> did u follow this
18:21 <+bridge> [ddnet] <`xii69> https://cdn.discordapp.com/attachments/293493549758939136/893895395577569380/STEAM.CRASH.txt
18:21 <+bridge> [ddnet] <Ryozuki> ur gtk theme is broken
18:21 <+bridge> [ddnet] <heinrich5991> @`xii69 have you tried rebooting your computer? this usually helped me when I got "An X Error occured"
18:21 <+bridge> [ddnet] <`xii69> yes several times
18:22 <+bridge> [ddnet] <`xii69> umm lemme uninstall it
18:22 <+bridge> [ddnet] <heinrich5991> the gtk think doesn't sound critical
18:23 <+bridge> [ddnet] <Cipy29> try
18:23 <+bridge> [ddnet] <Cipy29> sudo apt remove steam
18:23 <+bridge> [ddnet] <Cipy29> sudo add-apt-repository multiverse
18:23 <+bridge> [ddnet] <Cipy29> sudo apt update
18:23 <+bridge> [ddnet] <Cipy29> sudo apt install steam
18:23 <+bridge> [ddnet] <Cipy29> maybe it works idk xd
18:23 <+bridge> [ddnet] <heinrich5991> https://askubuntu.com/questions/1161090/steam-is-not-working-steamupdateui-an-x-error-occurred
18:24 <+bridge> [ddnet] <`xii69> ok lemem do this
18:24 <+bridge> [ddnet] <heinrich5991> sounds like the driver might be bad?
18:24 <+bridge> [ddnet] <`xii69> ok lemme do this
18:25 <+bridge> [ddnet] <Cipy29> what heinrich linked sounds like what you have i think
18:25 <+bridge> [ddnet] <heinrich5991> can you play other games?
18:25 <+bridge> [ddnet] <heinrich5991> https://github.com/ValveSoftware/steam-for-linux/issues/4417#issuecomment-504802770
18:25 <+bridge> [ddnet] <heinrich5991> > Sorry for this, @kisak-valve it was a misversioned package installed.
18:25 <+bridge> [ddnet] <heinrich5991> > 
18:25 <+bridge> [ddnet] <heinrich5991> > Apologies.
18:25 <+bridge> [ddnet] <heinrich5991> > 
18:25 <+bridge> [ddnet] <heinrich5991> > Note to anyone coming across this: Make sure all your driver packages are the same version. Been running into silent crashes for a day now trying to fix this, and it was a dependency which didn't update.
18:26 <+bridge> [ddnet] <`xii69> yes, minecraft xd
18:26 <+bridge> [ddnet] <heinrich5991> hm okay, interesting
18:35 <+bridge> [ddnet] <`xii69> https://cdn.discordapp.com/attachments/293493549758939136/893898918352527431/unknown.png
18:35 <+bridge> [ddnet] <`xii69> @Cipy29 @heinrich5991
18:35 <+bridge> [ddnet] <`xii69> in Ubuntu Software
18:35 <+bridge> [ddnet] <Cipy29> did u try it in terminal
18:36 <+bridge> [ddnet] <`xii69> umm no
18:36 <+bridge> [ddnet] <`xii69> i try it now
18:36 <+bridge> [ddnet] <`xii69> wait
18:37 <+bridge> [ddnet] <`xii69> https://cdn.discordapp.com/attachments/293493549758939136/893899562903797780/unknown.png
18:38 <+bridge> [ddnet] <Cipy29> and what does sudo apt install steam do
18:38 <+bridge> [ddnet] <`xii69> downloaded and now its installing
18:40 <+bridge> [ddnet] <`xii69> installed, but i can't open it
18:40 <+bridge> [ddnet] <`xii69> can you come to #👤 General 1 ?
18:40 <+bridge> [ddnet] <Cipy29> no mic
18:40 <+bridge> [ddnet] <Cipy29> how are you trying to open it
18:41 <+bridge> [ddnet] <`xii69> np, i want to share my screen
18:41 <+bridge> [ddnet] <Cipy29> type steam in terminal
18:41 <+bridge> [ddnet] <`xii69> steam in terminal and in software menu
18:41 <+bridge> [ddnet] <`xii69> https://cdn.discordapp.com/attachments/293493549758939136/893900590197927986/xii69.txt
18:42 <+bridge> [ddnet] <Cipy29> try what heinrich said
18:42 <+bridge> [ddnet] <Cipy29> https://askubuntu.com/questions/1161090/steam-is-not-working-steamupdateui-an-x-error-occurred
18:42 <+bridge> [ddnet] <`xii69> aa ok
19:00 <+bridge> [ddnet] <phlimy> Hello, I'm almost done adding a feature to highlight kill messages that involve yourself. I'd like to know\: how can I get the current player's id?
19:00 <+bridge> [ddnet] <phlimy> I have access to m\_pClient which I thought would have it somewhere but I can't find it
19:03 <+bridge> [ddnet] <uwu> `m_pClient->m_Snap.m_pLocalInfo->m_ClientID`
19:05 <+bridge> [ddnet] <phlimy> Aah awesome, tyvm
19:18 <+bridge> [ddnet] <`xii69> @Cipy29 @heinrich5991 thanks very very very much, fixed
19:18 <+bridge> [ddnet] <`xii69> i just removed the default nvidia drivers with `apt autoremove && y` and then installed nvidia drvier v390
19:19 <+bridge> [ddnet] <Cipy29> nice
19:48 <+bridge> [ddnet] <phlimy> I want to add options to the hud settings but the interface is pretty crammed, what should I do ?
19:48 <+bridge> [ddnet] <phlimy> image.png
19:48 <+bridge> [ddnet] <phlimy> https://cdn.discordapp.com/attachments/293493549758939136/893917279224467486/image.png
19:50 <+bridge> [ddnet] <phlimy> I guess I could try to make it scrollable but maybe there's a better option
19:59 <+bridge> [ddnet] <gerdoe> add second list of HUD section
20:02 <+bridge> [ddnet] <uwu> like this i guess
20:02 <+bridge> [ddnet] <uwu> https://cdn.discordapp.com/attachments/293493549758939136/893920944949698640/unknown.png
20:02 <+bridge> [ddnet] <uwu> like in assets
20:05 <+bridge> [ddnet] <gerdoe> yep
20:14 <+bridge> [ddnet] <phlimy> Oh good idea! I'll try
20:27 <+bridge> [ddnet] <heinrich5991> please create an issue with the new config UI you want to create
20:40 <+bridge> [ddnet] <phlimy> Sure!
