00:31 <+bridge> [ddnet] <RafaelFF> Server bra1 down?
00:31 <+bridge> [ddnet] <RafaelFF> I can't see its instances.
01:11 <+Davide_> Hello
01:12 <+Davide_> I have a question, if I start a server with a different port than normal range (for example 25000 or 27000) the server will be seen in the list?
01:13 <+bridge> [ddnet] <fokkonaut> yes
01:13 <+bridge> [ddnet] <fokkonaut> But not on LAN
01:13 <+Davide_> Perfect
01:17 <+Davide_> What ports are needed for the heartbeats ?
01:21 <+Davide_> And, how I can select a specific IP from the config file? The config option sv_ip or sv_address exists?
01:25 <+bridge> [ddnet] <heinrich5991> `bindaddr <ip address>`
01:26 <+bridge> [ddnet] <heinrich5991> you just need to allow UDP communication on your chosen port
01:29 <+Davide_> The heartbeats uses the same port of the server?
01:39 <+Davide_> I see that the port where I receive the reponse of the heartbeats is the port 3000, why?
01:40 <+Davide_> And, there is a way to change it?
01:41 <+Davide_> Ok no, nvm, I just forgot to change it in the config
01:48 <+Davide_> (There is a way to see the connection statistics in the ddnet client?)
04:25 <+bridge> [ddnet] <louis> is it intended that u can skip a finish tile
04:27 <+bridge> [ddnet] <louis> on some map u can skip finish tile by falling into it (there is kill right under it)
09:28 <+bridge> [ddnet] <Lionheart> I didn't all understand, the man who maintain DHCPCD will stop ?
09:29 <+bridge> [ddnet] <Ryozuki> @Lionheart them maintainer of dhcpd will most probably die of cancer
09:29 <+bridge> [ddnet] <Ryozuki> @Lionheart the maintainer of dhcpd will most probably die of cancer
09:29 <+bridge> [ddnet] <Lionheart> Oh .. sad 😦
09:30 <+bridge> [ddnet] <Ryozuki> https://xkcd.com/2347/
09:31 <+bridge> [ddnet] <Lionheart> Yeah i remember this, a friend's DevOps showed me that some day
11:20 <+SnowFox> Hm. Anyone have any ideas why I can't connect to the Singapore servers? ddnet.tw/status says they are alive. Other players have confirmed they can reach them. These are the lowest ping servers (~110ms) for Australian players.
11:21 <+SnowFox> Next best being ~250 Canada servers
11:34 <+SnowFox> Huh. I can connect directly by address sgp2.ddnet.tw. IP changed? 
11:34 <+SnowFox> Yes...
11:53 <+SnowFox> Ah my firewall settings preventing it from updating. Blocking TCP.
11:54 <+SnowFox> Fixed by getting the ddnet info manually :)
11:54 <+bridge> [ddnet] <jao> 🙂
11:54 <+SnowFox> Didn't know it was broken because the ddnet client caches the set of servers.
12:56 <+bridge> [ddnet] <deen> fixed
13:51 <+bridge> [ddnet] <Lwai> regarding the controversy with /top3 and /top commands
13:51 <+bridge> [ddnet] <Lwai> can we not just add a menu option that opens a window with relevant information about the map, including global ranks and such? 
13:51 <+bridge> [ddnet] <Lwai> i dont know anything about teeworlds /ddnet code so i dont know if thats impossible, but i imagine something like this:
13:51 <+bridge> [ddnet] <Lwai> https://cdn.discordapp.com/attachments/293493549758939136/821002623598460958/unknown.png
14:16 <+bridge> [ddnet] <Lionheart> It's ugly.
14:18 <+bridge> [ddnet] <louis> its possible
14:18 <+bridge> [ddnet] <louis> maybe when u type /top or whatever it opens a box on the right side of the screen with the info, kinda like the motd whenever u a join a server
14:31 <+bridge> [ddnet] <deen> @Lwai yes, i suggested something like that in scoreboard second page too
14:31 <+bridge> [ddnet] <deen> https://github.com/ddnet/ddnet/issues/3698
14:52 <+bridge> [ddnet] <Zodiac> I applied the suggestion made by @NeXus and previous comments around the formatting of /rank. I hope this addresses the biggest issues with the feature. There is a more permanent solution in the works - linked by @deen
15:31 <+bridge> [ddnet] <louis> bump
16:18 <+Davide_> @deen There is a way to see the connection statistics in the ddnet client?
16:20 <+bridge> [ddnet] <NeXus> I think its more of a general tiles problem. You can fall through teleport and kill tiles too. Ninja through finish tiles probably also work
16:26 <+bridge> [ddnet] <louis> u can skip finish w ninja but u cant skip teleport with speed
16:26 <+bridge> [ddnet] <louis> tp only skippable with ninja, kill only with speed or smth
16:26 <+bridge> [ddnet] <louis> i find it weird that u can hit finish but not get it
16:26 <+bridge> [ddnet] <louis> cuz u cant skip start tiles
16:29 <+bridge> [ddnet] <NeXus> I dont think you actually touch the finish tile than. But yeah thats weird all these tiles have different behavior.
16:29 <+bridge> [ddnet] <NeXus> I dont think you actually touch the finish tile than. But yeah thats weird all these tiles have different behaviors.
17:38 <+bridge> [ddnet] <deen> @Jupstar ✪ btw, phoronix benchmark should support higher fps now: https://openbenchmarking.org/test/pts/ddnet-1.1.0
17:41 <+bridge> [ddnet] <deen> Example
17:41 <+bridge> [ddnet] <deen> https://cdn.discordapp.com/attachments/293493549758939136/821060495301673041/screenshot-20210315174106.png
17:41 <+bridge> [ddnet] <deen> The 2080 super result is weird though
18:29 <+fokkonaut> Hey heinrich
19:41 <+bridge> [ddnet] <fokkonaut> Hey, I am facing a problem with F-Client which prevents me from releasing the next update since 3-4 months. The problem is, that sometimes it saves garbage values to the config file. I dont know how or why it happens, all I know is that it started to happen after https://github.com/fokkonaut/F-Client/pull/10 OR https://github.com/fokkonaut/F-Client/pull/11.
19:41 <+bridge> [ddnet] <fokkonaut> I personally was not able to reproduce that bug, only @TsFreddie  got it twice or so and @Souly got it too iirc.
19:41 <+bridge> [ddnet] <fokkonaut> Freddie sadly wasnt online since then anymore, so I am asking for help here now, because I got lost...
19:42 <+bridge> [ddnet] <fokkonaut> Here is a screenshot from Freddie:
19:42 <+bridge> [ddnet] <fokkonaut> https://cdn.discordapp.com/attachments/293493549758939136/821090895536979968/unknown.png
19:50 <+bridge> [ddnet] <deen> you could try asan to see if something is overflowing
20:16 <+bridge> [ddnet] <fokkonaut> but i cant reproduce it
20:22 <+bridge> [ddnet] <deen> could still find something
21:13 <+bridge> [ddnet] <Learath2> ubsan and asan can spot these as they can detect issues even if things don't go completely wrong
21:20 <+bridge> [ddnet] <fokkonaut> can I do that on windows?
21:43 <+bridge> [ddnet] <heinrich5991> @Learath2 can you deploy the new version of teehistorian2demo on the servers? I think murpi was hit by the sha256 bug
21:49 <+bridge> [ddnet] <SPYRES> can we get more ger2 servers? ger1 not playable, hooks dont register and cant find an empty ger2 server to play with my mate
21:49 <+bridge> [ddnet] <SPYRES> nvm found one, thx!
22:01 <+bridge> [ddnet] <fokkonaut> ger1 is laggy indeed
22:01 <+bridge> [ddnet] <fokkonaut> At least when I played a few days ago
22:35 <+bridge> [ddnet] <SPYRES> nah only affected me from today on wards
23:07 <+bridge> [ddnet] <Dziken> SIEMA KURWY SIEMA KURWY SIEMA KURWY SIEMA KURWY SIEMA KURWY SIEMA KURWY SIEMA KURWY SIEMA KURWY SIEMA KURWY SIEMA KURWY SIEMA KURWY SIEMA KURWY SIEMA KURWY SIEMA KURWY SIEMA KURWY SIEMA KURWY SIEMWY SIEMA KURWY SIEMA KURWY SIEMA KURWY SIEMA KURWY SIEMA KURWY SIEMA KURWY SIEMA KURWY SIEMA KURWY SIEMA KURWY SIEMA KURWY SIEMA KURWY SIEMA KURWY SIEMA KURWY SIEMA KURWY SIEMA KURWY SIEMA KURWY SIEMA KURWY SIEMA KURWY SIEMA KURWY SIEMA KURWY SIEMA 
23:08 <+bridge> [ddnet] <Dziken> SIEMA KURWY SIEMA KURWY SIEMA KURWY SIEMA KURWY SIEMA KURWY SIEMA KURWY SIEMA KURWY SIEMA KURWY SIEMA KURWY SIEMA KURWY SIEMA KURWY SIEMA KURWY SIEMA KURWY SIEMA KURWY SIEMA KURWY SIEMA KURWY SIEMWY SIEMA KURWY SIEMA KURWY SIEMA KURWY SIEMA KURWY SIEMA KURWY SIEMA KURWY SIEMA KURWY SIEMA KURWY SIEMA KURWY SIEMA KURWY SIEMA KURWY SIEMA KURWY SIEMA KURWY SIEMA KURWY SIEMA KURWY SIEMA KURWY SIEMA KURWY SIEMA KURWY SIEMA KURWY SIEMA KURWY SIEMA 
23:08 <+bridge> [ddnet] <Dziken> SIEMA KURWY SIEMA KURWY SIEMA KURWY SIEMA KURWY SIEMA KURWY SIEMA KURWY SIEMA KURWY SIEMA KURWY SIEMA KURWY SIEMA KURWY SIEMA KURWY SIEMA KURWY SIEMA KURWY SIEMA KURWY SIEMA KURWY SIEMA KURWY SIEMWY SIEMA KURWY SIEMA KURWY SIEMA KURWY SIEMA KURWY SIEMA KURWY SIEMA KURWY SIEMA KURWY SIEMA KURWY SIEMA KURWY SIEMA KURWY SIEMA KURWY SIEMA KURWY SIEMA KURWY SIEMA KURWY SIEMA KURWY SIEMA KURWY SIEMA KURWY SIEMA KURWY SIEMA KURWY SIEMA KURWY SIEMA 
23:08 <+bridge> [ddnet] <Dziken> SIEMA KURWY SIEMA KURWY SIEMA KURWY SIEMA KURWY SIEMA KURWY SIEMA KURWY SIEMA KURWY SIEMA KURWY SIEMA KURWY SIEMA KURWY SIEMA KURWY SIEMA KURWY SIEMA KURWY SIEMA KURWY SIEMA KURWY SIEMA KURWY SIEMWY SIEMA KURWY SIEMA KURWY SIEMA KURWY SIEMA KURWY SIEMA KURWY SIEMA KURWY SIEMA KURWY SIEMA KURWY SIEMA KURWY SIEMA KURWY SIEMA KURWY SIEMA KURWY SIEMA KURWY SIEMA KURWY SIEMA KURWY SIEMA KURWY SIEMA KURWY SIEMA KURWY SIEMA KURWY SIEMA KURWY SIEMA 
23:09 <+bridge> [ddnet] <Dziken> SIEMA KURWY SIEMA KURWY SIEMA KURWY SIEMA KURWY SIEMA KURWY SIEMA KURWY SIEMA KURWY SIEMA KURWY SIEMA KURWY SIEMA KURWY SIEMA KURWY SIEMA KURWY SIEMA KURWY SIEMA KURWY SIEMA KURWY SIEMA KURWY SIEMWY SIEMA KURWY SIEMA KURWY SIEMA KURWY SIEMA KURWY SIEMA KURWY SIEMA KURWY SIEMA KURWY SIEMA KURWY SIEMA KURWY SIEMA KURWY SIEMA KURWY SIEMA KURWY SIEMA KURWY SIEMA KURWY SIEMA KURWY SIEMA KURWY SIEMA KURWY SIEMA KURWY SIEMA KURWY SIEMA KURWY SIEMA 
23:09 <+bridge> [ddnet] <Dziken> SIEMA KURWY SIEMA KURWY SIEMA KURWY SIEMA KURWY SIEMA KURWY SIEMA KURWY SIEMA KURWY SIEMA KURWY SIEMA KURWY SIEMA KURWY SIEMA KURWY SIEMA KURWY SIEMA KURWY SIEMA KURWY SIEMA KURWY SIEMA KURWY SIEMWY SIEMA KURWY SIEMA KURWY SIEMA KURWY SIEMA KURWY SIEMA KURWY SIEMA KURWY SIEMA KURWY SIEMA KURWY SIEMA KURWY SIEMA KURWY SIEMA KURWY SIEMA KURWY SIEMA KURWY SIEMA KURWY SIEMA KURWY SIEMA KURWY SIEMA KURWY SIEMA KURWY SIEMA KURWY SIEMA KURWY SIEMA 
23:09 <+bridge> [ddnet] <Dziken> SIEMA KURWY SIEMA KURWY SIEMA KURWY SIEMA KURWY SIEMA KURWY SIEMA KURWY SIEMA KURWY SIEMA KURWY SIEMA KURWY SIEMA KURWY SIEMA KURWY SIEMA KURWY SIEMA KURWY SIEMA KURWY SIEMA KURWY SIEMA KURWY SIEMWY SIEMA KURWY SIEMA KURWY SIEMA KURWY SIEMA KURWY SIEMA KURWY SIEMA KURWY SIEMA KURWY SIEMA KURWY SIEMA KURWY SIEMA KURWY SIEMA KURWY SIEMA KURWY SIEMA KURWY SIEMA KURWY SIEMA KURWY SIEMA KURWY SIEMA KURWY SIEMA KURWY SIEMA KURWY SIEMA KURWY SIEMA 
23:10 <+bridge> [ddnet] <Dziken> SIEMA KURWY SIEMA KURWY SIEMA KURWY SIEMA KURWY SIEMA KURWY SIEMA KURWY SIEMA KURWY SIEMA KURWY SIEMA KURWY SIEMA KURWY SIEMA KURWY SIEMA KURWY SIEMA KURWY SIEMA KURWY SIEMA KURWY SIEMA KURWY SIEMWY SIEMA KURWY SIEMA KURWY SIEMA KURWY SIEMA KURWY SIEMA KURWY SIEMA KURWY SIEMA KURWY SIEMA KURWY SIEMA KURWY SIEMA KURWY SIEMA KURWY SIEMA KURWY SIEMA KURWY SIEMA KURWY SIEMA KURWY SIEMA KURWY SIEMA KURWY SIEMA KURWY SIEMA KURWY SIEMA KURWY SIEMA 
