22:31 <+bridge> [ddnet] <NeXus> Since when is lowercase "L" and uppercase "i" considered the same character?
22:33 <+bridge> [ddnet] <heinrich5991> for a couple of years
22:33 <+bridge> [ddnet] <NeXus> very weird, someone is called "smile" with normal L
22:33 <+bridge> [ddnet] <NeXus> even when I rename myself smiie
22:33 <+bridge> [ddnet] <NeXus> its considered duplicate name
22:36 <+bridge> [ddnet] <NeXus> https://cdn.discordapp.com/attachments/293493549758939136/814611891560120320/unknown.png
22:38 <+bridge> [ddnet] <Souly> server wants you to stop smiling
22:38 <+bridge> [ddnet] <NeXus> Probably
22:39 <+bridge> [ddnet] <NeXus> I think there are way too many combinations and possibilities where this system is just bad
22:39 <+bridge> [ddnet] <jao> lol
22:40 <+bridge> [ddnet] <NeXus> maybe case sensitive would help?
22:42 <+bridge> [ddnet] <heinrich5991> since 2018 @NeXus
22:43 <+bridge> [ddnet] <NeXus> Never noticed this
22:43 <+bridge> [ddnet] <NeXus> You never encountered any problems?
22:43 <+bridge> [ddnet] <NeXus> What If I just want to name myself smiie
22:43 <+bridge> [ddnet] <Ama> Its still wrong to make i and l the same
22:44 <+bridge> [ddnet] <Ama> I understand for l and I
22:44 <+bridge> [ddnet] <Ama> But not for i and l
22:45 <+bridge> [ddnet] <jao> y
22:45 <+bridge> [ddnet] <jao> make github isue
22:47 <+bridge> [ddnet] <NeXus> how about changing the font? This would make the whole fakename detection system obsolete
22:51 <+bridge> [ddnet] <NeXus> Looks like fonts with serifs are distinguishable
22:52 <+bridge> [ddnet] <NeXus> https://cdn.discordapp.com/attachments/293493549758939136/814615774010277958/unknown.png
22:55 <+bridge> [ddnet] <louis> serif fonts dont fit teeworlds
22:55 <+bridge> [ddnet] <louis> maybe smth with only I with the top and bottom ones
22:56 <+bridge> [ddnet] <Patiga> @NeXus changing the font doesn't solve the issue the system is trying to fix
22:56 <+bridge> [ddnet] <Patiga> in unicode there are many, many more indistinguishable characters. the system has a list of the similar ones and groups them together
22:57 <+bridge> [ddnet] <Patiga> if i had to guess, i'd say that unicode probably includes at least 100 very similar I characters
22:58 <+bridge> [ddnet] <Patiga> ^ though that number is rly just a guess
22:59 <+bridge> [ddnet] <deen> We use this confusable table for DDNet: https://util.unicode.org/UnicodeJsps/confusables.jsp
23:00 <+bridge> [ddnet] <deen> but based on that i and l should not be confusable
23:01 <+bridge> [ddnet] <NeXus> Thats a very interesting problem
23:15 <+bridge> [ddnet] <plsplsplslol> serif font would fit teeworlds it changed
23:26 <+bridge> [ddnet] <plsplsplslol> https://cdn.discordapp.com/attachments/293493549758939136/814624484543037500/screenshot_2021-02-25_14-26-29.png
23:27 <+bridge> [ddnet] <louis> 🤮
23:27 <+bridge> [ddnet] <plsplsplslol> nah its not bad
23:28 <+bridge> [ddnet] <louis> i guess its not terrible for UI but i couldnt stand that in chat
23:29 <+bridge> [ddnet] <plsplsplslol> its not bad in chat either
23:29 <+bridge> [ddnet] <plsplsplslol> https://cdn.discordapp.com/attachments/293493549758939136/814625198966964244/screenshot_2021-02-25_14-29-22.png
23:30 <+bridge> [ddnet] <Learath2> looks like one of those janky MMORPGs of the last decade
23:31 <+bridge> [ddnet] <louis> acqwerty u are tripping that chat looks like its from the 19th century
23:31 <+bridge> [ddnet] <plsplsplslol> yeah i just downloaded a random one
23:35 <+bridge> [ddnet] <Ryozuki> some serif fonts fit some games
23:35 <+bridge> [ddnet] <Ryozuki> https://cdn.discordapp.com/attachments/293493549758939136/814626742387343410/unknown.png
23:36 <+bridge> [ddnet] <plsplsplslol> i think the font is too small in teeworlds for serif
23:54 <+bridge> [ddnet] <alien1344> Hi guys, sorry to bother you but based on my stuff in #questions can anyone explain the following graphics settings:
23:54 <+bridge> [ddnet] <alien1344> FSAA samples?
23:54 <+bridge> [ddnet] <alien1344> OpenGL 3.3 opposed to not checked?
23:54 <+bridge> [ddnet] <alien1344> Preinit VBO?
23:54 <+bridge> [ddnet] <alien1344> Multiple texture units?
23:54 <+bridge> [ddnet] <alien1344> Use high DPI?
23:54 <+bridge> [ddnet] <alien1344> Hi guys, sorry to bother you but based on my stuff in #questions can anyone explain the following graphics settings:
23:54 <+bridge> [ddnet] <alien1344> FSAA samples?
23:54 <+bridge> [ddnet] <alien1344> checking OpenGL 3.3 as opposed to not checked?
23:54 <+bridge> [ddnet] <alien1344> Preinit VBO?
23:54 <+bridge> [ddnet] <alien1344> Multiple texture units?
23:54 <+bridge> [ddnet] <alien1344> Use high DPI?
23:54 <+bridge> [ddnet] <alien1344> Hi guys, sorry to bother you but based on my stuff in #questions can anyone explain the following graphics settings:
23:54 <+bridge> [ddnet] <alien1344> FSAA samples?
23:54 <+bridge> [ddnet] <alien1344> ticking the OpenGL 3.3 checkbox as opposed to not checked?
23:54 <+bridge> [ddnet] <alien1344> Preinit VBO?
23:54 <+bridge> [ddnet] <alien1344> Multiple texture units?
23:54 <+bridge> [ddnet] <alien1344> Use high DPI?
23:55 <+bridge> [ddnet] <alien1344> Hi guys, sorry to bother you but based on my stuff in #questions can anyone explain the following graphics settings:
23:55 <+bridge> [ddnet] <alien1344> FSAA samples?
23:55 <+bridge> [ddnet] <alien1344> ticking the OpenGL 3.3 checkbox as opposed to not checked?
23:55 <+bridge> [ddnet] <alien1344> Preinit VBO?
23:55 <+bridge> [ddnet] <alien1344> Multiple texture units?
23:56 <+bridge> [ddnet] <heinrich5991> https://en.wikipedia.org/wiki/Spatial_anti-aliasing#Super_sampling_/_full-scene_anti-aliasing
23:56 <+bridge> [ddnet] <heinrich5991> FSAA means you render n times the size and then downscale
23:56 <+bridge> [ddnet] <heinrich5991> opengl3.3 is a newer version of opengl which allows more efficient use of the graphics card than the old renderer
23:56 <+bridge> [ddnet] <alien1344> Higher FSAA means more computation then?
23:56 <+bridge> [ddnet] <heinrich5991> yes
23:56 <+bridge> [ddnet] <heinrich5991> idk about VBO or multiple texture units
23:56 <+bridge> [ddnet] <alien1344> I'll bang that on max then
23:57 <+bridge> [ddnet] <heinrich5991> if you like heating your room 😉
23:57 <+bridge> [ddnet] <alien1344> Oh so TW is using OpenGL just not V3.3
23:57 <+bridge> [ddnet] <heinrich5991> yes, some older version, don't know which one
23:58 <+bridge> [ddnet] <alien1344> Got it 👍
23:58 <+bridge> [ddnet] <alien1344> Haha, I think my PC can handle it 🙂
23:58 <+bridge> [ddnet] <heinrich5991> I didn't doubt that, but I doubt that your graphics card is the most efficient way to heat your room 😉
23:59 <+bridge> [ddnet] <heinrich5991> (i.e. I don't think this setting does much beyond 2 or maybe 3)
23:59 <+bridge> [ddnet] <alien1344> Haha 😉 I'll set it to 3 then
23:59 <+bridge> [ddnet] <alien1344> None of the settings fixes my issue unfortunately 😦
