00:17 <+bridge> [ddnet] <chillerdragon> ima\_77ac66e.jpeg
00:17 <+bridge> [ddnet] <chillerdragon> https://cdn.discordapp.com/attachments/293493549758939136/886374797276233768/ima_77ac66e.jpeg
00:17 <+bridge> [ddnet] <chillerdragon> after only using a non rooted iphone so far it feels so odd to use pacman on the phone and compile a tw client \:D
01:13 <+bridge> [ddnet] <chillerdragon> meh
01:13 <+bridge> [ddnet] <chillerdragon> [2021-09-12 01\:12\:48][gfx]\: unable to create OpenGL context\: Could not create EGL context (call to eglCreateContext failed, reporting an error of EGL\_BAD\_MATCH)
02:14 <+bridge> [ddnet] <fokkonaut> @Learath2 zoomed cursor commit is applied btw
03:48 <+bridge> [ddnet] <fokkonaut> thats enough btw
09:21 <+bridge> [ddnet] <Ryozuki> https://www.bryanbraun.com/checkboxland/
11:57 <+bridge> [ddnet] <HamidReza> When I try to compile with anti bot I get an error in vs which says cannot open debug\antibot.lib
12:16 <+bridge> [ddnet] <fokkonaut> Which version of ddnet?
12:16 <+bridge> [ddnet] <HamidReza> latest
12:16 <+bridge> [ddnet] <HamidReza> cloned from github
12:17 <+bridge> [ddnet] <fokkonaut> You need to delete ur cache
12:17 <+bridge> [ddnet] <fokkonaut> and regenerate it
12:21 <+bridge> [ddnet] <HamidReza> I completely reconfigured & regenerated in cmake and built it and still same
12:21 <+bridge> [ddnet] <fokkonaut> cant
12:21 <+bridge> [ddnet] <HamidReza> ?
12:21 <+bridge> [ddnet] <fokkonaut> Then idk sry
12:22 <+bridge> [ddnet] <fokkonaut> u dont have antibot anyways xd
12:22 <+bridge> [ddnet] <HamidReza> I know lol
12:24 <+bridge> [ddnet] <HamidReza> I think it doesn't even generate a .lib file for anti bot
12:28 <+bridge> [ddnet] <BloodWod-513> chat.cpp
12:28 <+bridge> [ddnet] <BloodWod-513> is it possible to make a key bind instead of a key tab?
12:28 <+bridge> [ddnet] <BloodWod-513> https://cdn.discordapp.com/attachments/293493549758939136/886558977893220382/unknown.png
12:30 <+bridge> [ddnet] <fokkonaut> Yes
14:30 <+bridge> [ddnet] <heinrich5991> unsure, might need special handling because most binds are disabled in chat input
14:39 <+bridge> [ddnet] <BloodWod-513> Yes, that's what I'm talking about. Also, for reverse, you need to press shift, but in the steam shift+tab it is default menu
14:40 <+bridge> [ddnet] <heinrich5991> you cna do ctrl-shift-tab in steam, I think
14:40 <+bridge> [ddnet] <BloodWod-513> Yes, I can, but most players can't
14:41 <+bridge> [ddnet] <heinrich5991> hm? why can't most players?
14:41 <+bridge> [ddnet] <heinrich5991> do you mean it's not discoverable?
14:42 <+bridge> [ddnet] <BloodWod-513> Few people know about the reverse tab, and many are too lazy to either understand or do not want to change shift+tab in steam
14:45 <+bridge> [ddnet] <heinrich5991> you don't need to change shift-tab in steam
14:45 <+bridge> [ddnet] <heinrich5991> you can press ctrl-shift-tab in teeworlds to go back one name
14:49 <+bridge> [ddnet] <BloodWod-513> Omg rly sry
15:04 <+bridge> [ddnet] <HamidReza> .
15:05 <+bridge> [ddnet] <Jupstar ✪> antibot isnt open source
15:05 <+bridge> [ddnet] <Jupstar ✪> so either compile your own, or dont compile with that feature
15:06 <+bridge> [ddnet] <heinrich5991> it should still compile when turning the feature on
15:06 <+bridge> [ddnet] <heinrich5991> we provide an antibot stub
15:06 <+bridge> [ddnet] <heinrich5991> ah wait, weren't you a bot programmer? maybe I shouldn't be helping you…
15:07 <+bridge> [ddnet] <Learath2> Are we maybe missing dllexports or did we add them?
15:07 <+bridge> [ddnet] <heinrich5991> I think we added them, but forgot an include (according to fokkonaut)
15:07 <+bridge> [ddnet] <heinrich5991> in src/antibot/antibot_null.cpp
15:08 <+bridge> [ddnet] <heinrich5991> ah yea, should #include "antibot_interface.h" instead of "antibot_data.h" there
15:12 <+bridge> [ddnet] <Jupstar ✪> so does msvc just not build anything, if no symbols are exported?
15:12 <+bridge> [ddnet] <Jupstar ✪> or why does he get the error in cmake
15:13 <+bridge> [ddnet] <HamidReza> Well you already said that in another place and they really thought I am . . . (Stop this |:)
15:13 <+bridge> [ddnet] <heinrich5991> I'll take this to dm
15:21 <+bridge> [ddnet] <heinrich5991> it seems I might be misremembering the name, I take back my claim that HamidReza is a cheat author, I can't find the proof for that
15:21 <+bridge> [ddnet] <HamidReza> Thanks.
15:22 <+bridge> [ddnet] <HamidReza> Fixed the problem btw
15:44 <+bridge> [ddnet] <chillerdragon> https://github.com/ddnet/ddnet/commit/9956242b4eee89cbf1c2a0109ba4fe03acd4c319#diff-798ce4f6d94e4de40f8d2fa0f314d31b8543e921ae65961f58f8792d4d28e061
15:44 <+bridge> [ddnet] <chillerdragon> 
15:44 <+bridge> [ddnet] <chillerdragon> why remove cl\_load\_country\_flags .-.
15:44 <+bridge> [ddnet] <fokkonaut> mad chillerdragon incoming in 3.. 2... 1..
15:44 <+bridge> [ddnet] <fokkonaut> fuck i was too late
15:44 <+bridge> [ddnet] <chillerdragon> axaxaxax
15:44 <+bridge> [ddnet] <Jupstar ✪> remove useless stuff
15:45 <+bridge> [ddnet] <fokkonaut> fix useless graphs :feelsamazingman:
15:45 <+bridge> [ddnet] <fokkonaut> joke
15:45 <+bridge> [ddnet] <chillerdragon> hrhrhr
15:45 <+bridge> [ddnet] <fokkonaut> :troll:
15:45 <+bridge> [ddnet] <chillerdragon> fokko and i were looking at some client profilers
15:45 <+bridge> [ddnet] <chillerdragon> image.png
15:45 <+bridge> [ddnet] <chillerdragon> https://cdn.discordapp.com/attachments/293493549758939136/886608581359726672/image.png
15:46 <+bridge> [ddnet] <Jupstar ✪> when i fix them, chiller is mad bcs upstream will differ again xD
15:46 <+bridge> [ddnet] <chillerdragon> and i thought that cool config could boost my fps
15:46 <+bridge> [ddnet] <chillerdragon> yas!
15:46 <+bridge> [ddnet] <chillerdragon> u gotta pr fix to upstream too
15:47 <+bridge> [ddnet] <chillerdragon> yo btw @Jupstar ✪  do you know how i debug the client not launching on my phone? \:D
15:47 <+bridge> [ddnet] <Jupstar ✪> yes
15:47 <+bridge> [ddnet] <Jupstar ✪> check what GL versions your phone supports
15:47 <+bridge> [ddnet] <Jupstar ✪> ddnet atleast also has a GLES driver
15:47 <+bridge> [ddnet] <Jupstar ✪> might help
15:47 <+bridge> [ddnet] <chillerdragon> how
15:48 <+bridge> [ddnet] <Jupstar ✪> glxinfo | grep string
15:49 <+bridge> [ddnet] <chillerdragon> meh command not found
15:49 <+bridge> [ddnet] <Jupstar ✪> do you not use mesa drivers?
15:49 <+bridge> [ddnet] <chillerdragon> which package is that in on arch?
15:49 <+bridge> [ddnet] <Jupstar ✪> i dunno, maybe its mesa-utils or smth
15:49 <+bridge> [ddnet] <chillerdragon> idk man
15:49 <+bridge> [ddnet] <chillerdragon> its a fakin phone
15:49 <+bridge> [ddnet] <chillerdragon> nah
15:49 <+bridge> [ddnet] <Jupstar ✪> https://archlinux.org/packages/extra/x86_64/mesa/
15:50 <+bridge> [ddnet] <Jupstar ✪> says google
15:50 <+bridge> [ddnet] <chillerdragon> is installed
15:50 <+bridge> [ddnet] <chillerdragon> image.png
15:50 <+bridge> [ddnet] <chillerdragon> https://cdn.discordapp.com/attachments/293493549758939136/886609681387249704/image.png
15:50 <+bridge> [ddnet] <Jupstar ✪> mesa-demos
15:50 <+bridge> [ddnet] <Jupstar ✪> apparently they moved it
15:51 <+bridge> [ddnet] <chillerdragon> ah right i cant read
15:51 <+bridge> [ddnet] <chillerdragon> thanks
15:51 <+bridge> [ddnet] <chillerdragon> aaa unable to open display
15:51 <+bridge> [ddnet] <chillerdragon> on debian and arch my display is always \:\:1
15:51 <+bridge> [ddnet] <chillerdragon> but idk on my phoen \:D
15:51 <+bridge> [ddnet] <Jupstar ✪> cant u call it from a desktop environment?
15:52 <+bridge> [ddnet] <Jupstar ✪> or is that a terminal only os xd
15:52 <+bridge> [ddnet] <chillerdragon> terminal os phone \:D
15:52 <+bridge> [ddnet] <chillerdragon> nah joke
15:52 <+bridge> [ddnet] <chillerdragon> the phone is so bad i hate to use its touch
15:52 <+bridge> [ddnet] <chillerdragon> so i do almost all over ssh
15:52 <+bridge> [ddnet] <Jupstar ✪> what is the phone btw?
15:52 <+bridge> [ddnet] <CL - Agente Pinguim> dont touch it so 🕺
15:53 <+bridge> [ddnet] <chillerdragon> pinephone
15:53 <+bridge> [ddnet] <Jupstar ✪> plasma-mobile looks promissing, but i dont want such bad hardware xD
15:53 <+bridge> [ddnet] <chillerdragon> fuck i accidentally started firefox
15:53 <+bridge> [ddnet] <chillerdragon> lets wait 5mins
15:53 <+bridge> [ddnet] <gerdoe> xd
15:53 <+bridge> [ddnet] <chillerdragon> ok ez
15:53 <+bridge> [ddnet] <chillerdragon> used tmux
15:53 <+bridge> [ddnet] <chillerdragon> to get display over ssh
15:53 <+bridge> [ddnet] <chillerdragon> what do i grep now juppeyy?
15:54 <+bridge> [ddnet] <Jupstar ✪> glxinfo | grep string
15:54 <+bridge> [ddnet] <chillerdragon> literally string?
15:54 <+bridge> [ddnet] <Jupstar ✪> there will be info about GLES and OGL
15:54 <+bridge> [ddnet] <Jupstar ✪> yes
15:54 <+bridge> [ddnet] <Jupstar ✪> litterally xd
15:54 <+bridge> [ddnet] <chillerdragon> thats not a placerholder
15:54 <+bridge> [ddnet] <chillerdragon> axaxax
15:54 <+bridge> [ddnet] <Jupstar ✪> yeah
15:54 <+bridge> [ddnet] <Jupstar ✪> its the version strings xD
15:54 <+bridge> [ddnet] <chillerdragon> ```
15:54 <+bridge> [ddnet] <chillerdragon> server glx vendor string: SGI
15:54 <+bridge> [ddnet] <chillerdragon> server glx version string: 1.4
15:54 <+bridge> [ddnet] <chillerdragon> client glx vendor string: Mesa Project and SGI
15:54 <+bridge> [ddnet] <chillerdragon> client glx version string: 1.4
15:54 <+bridge> [ddnet] <chillerdragon> OpenGL vendor string: lima
15:54 <+bridge> [ddnet] <chillerdragon> OpenGL renderer string: Mali400
15:54 <+bridge> [ddnet] <chillerdragon> OpenGL version string: 2.1 Mesa 21.2.1
15:54 <+bridge> [ddnet] <chillerdragon> OpenGL shading language version string: 1.20
15:54 <+bridge> [ddnet] <chillerdragon> OpenGL ES profile version string: OpenGL ES 2.0 Mesa 21.2.1
15:54 <+bridge> [ddnet] <chillerdragon> OpenGL ES profile shading language version string: OpenGL ES GLSL ES 1.0.16
15:54 <+bridge> [ddnet] <chillerdragon> 
15:54 <+bridge> [ddnet] <chillerdragon> ```
15:54 <+bridge> [ddnet] <Jupstar ✪> ufff
15:55 <+bridge> [ddnet] <chillerdragon> dont roast my phone pls
15:55 <+bridge> [ddnet] <chillerdragon> i bought it for teeworlds gaming
15:55 <+bridge> [ddnet] <Jupstar ✪> i assume you use a vanilla client?
15:55 <+bridge> [ddnet] <chillerdragon> client?
15:55 <+bridge> [ddnet] <chillerdragon> tw client?
15:55 <+bridge> [ddnet] <Jupstar ✪> yes, is it based on vanilla rendering?
15:55 <+bridge> [ddnet] <chillerdragon> i use chillerbot-ux because i need aimbots to play
15:55 <+bridge> [ddnet] <chillerdragon> @heinrich this was a joke
15:55 <+bridge> [ddnet] <gerdoe> :justatest:
15:55 <+bridge> [ddnet] <chillerdragon> \:D
15:55 <+bridge> [ddnet] <chillerdragon> no based on ddnet
15:56 <+bridge> [ddnet] <Jupstar ✪> mhh
15:56 <+bridge> [ddnet] <Jupstar ✪> but it already dies in EGL
15:56 <+bridge> [ddnet] <chillerdragon> want me to try vanilla ?
15:56 <+bridge> [ddnet] <Jupstar ✪> can you start from terminal?
15:56 <+bridge> [ddnet] <chillerdragon> wdym
15:56 <+bridge> [ddnet] <chillerdragon> headless?
15:56 <+bridge> [ddnet] <chillerdragon> yes wonderful
15:56 <+bridge> [ddnet] <Jupstar ✪> xd
15:57 <+bridge> [ddnet] <chillerdragon> u mean -DHEADLESS\_CLIENT ?
15:57 <+bridge> [ddnet] <Jupstar ✪> no i mean, ./DDNet
15:57 <+bridge> [ddnet] <chillerdragon> xd
15:57 <+bridge> [ddnet] <Jupstar ✪> ./DDNet "gfx_opengl_major 1" 
15:57 <+bridge> [ddnet] <Jupstar ✪> for example
15:57 <+bridge> [ddnet] <chillerdragon> thats what i did
15:57 <+bridge> [ddnet] <chillerdragon> ah ye
15:57 <+bridge> [ddnet] <Jupstar ✪> but tbh i think thats not a OpenGL related error, maybe it cant detect the screen or smth
15:57 <+bridge> [ddnet] <Jupstar ✪> or SDL2 doesnt work correctly
15:57 <+bridge> [ddnet] <chillerdragon> OMG
15:58 <+bridge> [ddnet] <chillerdragon> its loading!
15:58 <+bridge> [ddnet] <gerdoe> yay
15:58 <+bridge> [ddnet] <chillerdragon> aaaaaaaaaaahahahah
15:58 <+bridge> [ddnet] <Jupstar ✪> btw
15:58 <+bridge> [ddnet] <Jupstar ✪> why does it even use EGL
15:58 <+bridge> [ddnet] <chillerdragon> it works
15:58 <+bridge> [ddnet] <Jupstar ✪> when you have GLX
15:58 <+bridge> [ddnet] <chillerdragon> idk if my touchscreen is not working
15:58 <+bridge> [ddnet] <chillerdragon> or if i cant click shit
15:58 <+bridge> [ddnet] <chillerdragon> ah no its still loading?
15:58 <+bridge> [ddnet] <Jupstar ✪> yeah its slow with GL 1.x xd
15:58 <+bridge> [ddnet] <chillerdragon> omg i cant click "ok" on language selection
15:59 <+bridge> [ddnet] <chillerdragon> NVM
15:59 <+bridge> [ddnet] <chillerdragon> i got it
15:59 <+bridge> [ddnet] <chillerdragon> it works
15:59 <+bridge> [ddnet] <Jupstar ✪> can u press f1
15:59 <+bridge> [ddnet] <chillerdragon> wow ddnet client runs fine on mobile
15:59 <+bridge> [ddnet] <Jupstar ✪> and show screenshot xd
15:59 <+bridge> [ddnet] <chillerdragon> its phone
15:59 <+bridge> [ddnet] <chillerdragon> there is no f1
15:59 <+bridge> [ddnet] <chillerdragon> xd
15:59 <+bridge> [ddnet] <fokkonaut> u can bind it
15:59 <+bridge> [ddnet] <fokkonaut> enter sdl settings on startup
15:59 <+bridge> [ddnet] <chillerdragon> omg it works so fluent
16:00 <+bridge> [ddnet] <chillerdragon> bind f1 to touch?
16:00 <+bridge> [ddnet] <chillerdragon> xd
16:00 <+bridge> [ddnet] <gerdoe> its linux phone
16:00 <+bridge> [ddnet] <chillerdragon> meh it does not open virtual keyboard on textfields
16:00 <+bridge> [ddnet] <chillerdragon> i cant search for servers
16:00 <+bridge> [ddnet] <Jupstar ✪> actually never mind anyway, i just wonder why it uses EGL
16:00 <+bridge> [ddnet] <fokkonaut> xD
16:00 <+bridge> [ddnet] <gerdoe> F
16:00 <+bridge> [ddnet] <chillerdragon> tim on kobra!
16:00 <+bridge> [ddnet] <chillerdragon> hahahahah
16:00 <+bridge> [ddnet] <chillerdragon> i can only aim and shoot tho...
16:01 <+bridge> [ddnet] <chillerdragon> and there is no way to leave the server hahahaha
16:01 <+bridge> [ddnet] <gerdoe> no chat kekw
16:01 <+bridge> [ddnet] <chillerdragon> this is hilarious
16:01 <+bridge> [ddnet] <Jupstar ✪> rebind console and write cl_showfps 1
16:01 <+bridge> [ddnet] <chillerdragon> i gotta join with ./chillerbot-ux "connect..."
16:01 <+bridge> [ddnet] <fokkonaut> Press back key from phone
16:01 <+bridge> [ddnet] <fokkonaut> that opens menu
16:01 <+bridge> [ddnet] <chillerdragon> there is no back key
16:01 <+bridge> [ddnet] <Jupstar ✪> ./chillerbot-ux "cl_showfps1; connect..."
16:01 <+bridge> [ddnet] <chillerdragon> whats that
16:01 <+bridge> [ddnet] <chillerdragon> im apple boi
16:01 <+bridge> [ddnet] <fokkonaut> ofc
16:01 <+bridge> [ddnet] <Jupstar ✪> ./chillerbot-ux "cl_showfps 1; connect..."
16:01 <+bridge> [ddnet] <chillerdragon> idk how non ios phones work
16:01 <+bridge> [ddnet] <fokkonaut> swipe from right to left
16:01 <+bridge> [ddnet] <fokkonaut> to bring up that menh
16:01 <+bridge> [ddnet] <fokkonaut> menu
16:02 <+bridge> [ddnet] <fokkonaut> for back home etc
16:02 <+bridge> [ddnet] <chillerdragon> i cant swipe nowhere
16:02 <+bridge> [ddnet] <chillerdragon> i cant exit tw
16:02 <+bridge> [ddnet] <chillerdragon> hahaha
16:02 <+bridge> [ddnet] <fokkonaut> noob
16:02 <+bridge> [ddnet] <chillerdragon> gotta reboot phone
16:02 <+bridge> [ddnet] <fokkonaut> no xd
16:02 <+bridge> [ddnet] <chillerdragon> this phone is useless without ssh \:D
16:02 <+bridge> [ddnet] <Jupstar ✪> there must be a way xD
16:02 <+bridge> [ddnet] <gerdoe> chiller can you just photo your pinephone
16:02 <+bridge> [ddnet] <chillerdragon> yea sec
16:02 <+bridge> [ddnet] <Jupstar ✪> just plugin a keyboard and mouse
16:02 <+bridge> [ddnet] <gerdoe> with tw on it xd
16:02 <+bridge> [ddnet] <Jupstar ✪> its linux
16:03 <+bridge> [ddnet] <chillerdragon> yea keyboard works
16:03 <+bridge> [ddnet] <chillerdragon> but im to lazy to get one rn
16:03 <+bridge> [ddnet] <Jupstar ✪> alt f4
16:03 <+bridge> [ddnet] <chillerdragon> fix it picking the wrong opengl setting
16:03 <+bridge> [ddnet] <chillerdragon> it should launch by default shouldnt it?
16:04 <+bridge> [ddnet] <Jupstar ✪> it doest save the config, if you didnt close it properly
16:04 <+bridge> [ddnet] <chillerdragon> no it saved all good
16:04 <+bridge> [ddnet] <chillerdragon> but i mean for future users with this cursed gl context
16:05 <+bridge> [ddnet] <Jupstar ✪> but i think in this case its weird
16:05 <+bridge> [ddnet] <Jupstar ✪> e.g. ddnet with EGL must use the GLEW-EGL package to work
16:07 <+bridge> [ddnet] <chillerdragon> SOUND IS SOO LOUD
16:07 <+bridge> [ddnet] <chillerdragon> help
16:07 <+bridge> [ddnet] <gerdoe> painphone then
16:07 <+bridge> [ddnet] <chillerdragon> ima\_f48abe1.jpeg
16:07 <+bridge> [ddnet] <chillerdragon> https://cdn.discordapp.com/attachments/293493549758939136/886613958994325534/ima_f48abe1.jpeg
16:07 <+bridge> [ddnet] <Jupstar ✪> 33 fps
16:07 <+bridge> [ddnet] <Jupstar ✪> plss
16:07 <+bridge> [ddnet] <chillerdragon> ez fluent 33 fps
16:07 <+bridge> [ddnet] <chillerdragon> its smooth af
16:07 <+bridge> [ddnet] <chillerdragon> just loud
16:07 <+bridge> [ddnet] <Jupstar ✪> my 5 years old android gets almost 300fps in entities xd
16:08 <+bridge> [ddnet] <chillerdragon> this phone takes 5 sek to unlock
16:08 <+bridge> [ddnet] <chillerdragon> its the worst hardware u can get
16:08 <+bridge> [ddnet] <Jupstar ✪> sounds cancer xD
16:08 <+bridge> [ddnet] <chillerdragon> paired with the most immature os out there
16:08 <+bridge> [ddnet] <chillerdragon> i can recommend
16:08 <+bridge> [ddnet] <Jupstar ✪> most ppl only browse and chat anyway
16:09 <+bridge> [ddnet] <chillerdragon> i wont suggest browsing tho
16:09 <+bridge> [ddnet] <chillerdragon> also typing with this crappy touch is kinda pain
16:09 <+bridge> [ddnet] <chillerdragon> keyboard has like 1 fps
16:10 <+bridge> [ddnet] <chillerdragon> its no fun to change tw from portait to landscape mode \:D
16:10 <+bridge> [ddnet] <gerdoe> xddd
16:10 <+bridge> [ddnet] <gerdoe> is pinephone "modular"?
16:10 <+bridge> [ddnet] <Jupstar ✪> u have to use gfx_resizable
16:11 <+bridge> [ddnet] <gerdoe> can you just somehow upgrade it idk xd
16:11 <+bridge> [ddnet] <chillerdragon> wdym by modular
16:11 <+bridge> [ddnet] <Jupstar ✪> atleast on android that makes it work
16:11 <+bridge> [ddnet] <chillerdragon> i doubt u can switch the cpu
16:11 <+bridge> [ddnet] <chillerdragon> it works
16:11 <+bridge> [ddnet] <chillerdragon> its just pain
16:11 <+bridge> [ddnet] <gerdoe> ok
16:11 <+bridge> [ddnet] <chillerdragon> i need some onscreen buttons
16:11 <+bridge> [ddnet] <gerdoe> :kek:
16:11 <+bridge> [ddnet] <chillerdragon> and a way to get a keyboard
16:11 <+bridge> [ddnet] <chillerdragon> then its fully features client
16:11 <+bridge> [ddnet] <Jupstar ✪> we need a "spectator mode" in ddnet
16:12 <+bridge> [ddnet] <chillerdragon> when make ddnet touch friendly
16:12 <+bridge> [ddnet] <chillerdragon> i get my mouse and do some gaming sec
16:12 <+bridge> [ddnet] <Jupstar ✪> thats what i mean
16:12 <+bridge> [ddnet] <Jupstar ✪> we need spectator mode, that is only meant for chatting
16:13 <+bridge> [ddnet] <chillerdragon> i wonder why it doesnt open a keyboard in textfields
16:13 <+bridge> [ddnet] <chillerdragon> maybe some missing sdl feature
16:13 <+bridge> [ddnet] <chillerdragon> time to annoy sdl ppl again
16:16 <+bridge> [ddnet] <Jupstar ✪> android potato
16:16 <+bridge> [ddnet] <Jupstar ✪> https://cdn.discordapp.com/attachments/293493549758939136/886616201797697536/unknown.png
16:16 <+bridge> [ddnet] <Jupstar ✪> but text fields arent really correct implemented anyway
16:16 <+bridge> [ddnet] <Jupstar ✪> they should only popup when chatting, text fields and the consoles
16:19 <+bridge> [ddnet] <chillerdragon> with mouse and keyboard
16:19 <+bridge> [ddnet] <chillerdragon> its like desktop haha
16:19 <+bridge> [ddnet] <chillerdragon> its fully useable and playable with fps peaks to 80
16:19 <+bridge> [ddnet] <Jupstar ✪> turn on entities
16:19 <+bridge> [ddnet] <Jupstar ✪> gotta get some fps
16:21 <+bridge> [ddnet] <chillerdragon> liek 2
16:21 <+bridge> [ddnet] <chillerdragon> xd
16:21 <+bridge> [ddnet] <chillerdragon> this is awesome \:D
16:27 <+bridge> [ddnet] <Jupstar ✪> chillerdragon: how much with entities?
16:27 <+bridge> [ddnet] <Jupstar ✪> i wonder if the gpu driver is even better than the mesa software renderer xD
16:28 <+bridge> [ddnet] <Jupstar ✪> bcs i bet it would get around 100fps in entities
16:28 <+bridge> [ddnet] <Boti.> its time to buy a gamer telephone to play ddnet
16:33 <+bridge> [ddnet] <chillerdragon> i told u 2 fps better in entities
16:34 <+bridge> [ddnet] <chillerdragon> its not like this map is full of doodads
16:34 <+bridge> [ddnet] <gerdoe> > 00:22 < Yensu> thanks a lot, this helped <3 you should make a forum for DDnet. I know you have trac, but that's not something I'm familiar with.
16:34 <+bridge> [ddnet] <gerdoe> > 00:22 < Yensu> also, you should have a list of server commands ;)
16:34 <+bridge> [ddnet] <gerdoe> > 00:23 <@deen> Hm
16:34 <+bridge> [ddnet] <gerdoe> > 00:23 <@deen> There are about 10000 teeworlds forums, don't want another one
16:34 <+bridge> [ddnet] <gerdoe> > 00:24 < Yensu> lol
16:34 <+bridge> [ddnet] <gerdoe> wtf discord anyway pinged deen
16:34 <+bridge> [ddnet] <gerdoe> im sorry
17:51  * HamidReza slaps HamidReza around a bit with a large fishbot
17:56 <+bridge> [ddnet] <Jupstar ✪> chillerdragon:
17:56 <+bridge> [ddnet] <Jupstar ✪> `LIBGL_ALWAYS_SOFTWARE=1 ./chiller-ux "gfx_opengl_major 3;gfx_opengl_minor 3;cl_showfps 1; connect ..."`
18:44 <+bridge> [ddnet] <gerdoe> Q: why teeuniverse integration wasn't accepted?
19:57 <+bridge> [ddnet] <Kytomaro> Hi, I have a little problem with the performance of the game. Some time ago I changed my pc hardware from an intel processor to a newer and more powerful amd. After doing so, I formatted my hard drive to install the corresponding drivers. When I had everything finished I downloaded the ddnet, but this one did not have the usual fps, it was anchored at 26 fps always (occasionally a little less, but never beyond), I tried to do things like, 
19:57 <+bridge> [ddnet] <Kytomaro> -set the gfx_opengl_major to 1
19:57 <+bridge> [ddnet] <Kytomaro> -set the gfx_opengl_minor to 3
19:57 <+bridge> [ddnet] <Kytomaro> -reset settings_ddnet.cfg to default
19:57 <+bridge> [ddnet] <Kytomaro> -disable xbox game bar
19:57 <+bridge> [ddnet] <Kytomaro> None of that helped us, I don't know if someone here could try to help me):
19:57 <+bridge> [ddnet] <Kytomaro> (a small note this problem is repeated with games like osu and move or die. and it does not happen with games like overcooked, league of legends or brawlhalla)
20:01 <+bridge> [ddnet] <Jupstar ✪> " to a newer and more powerful amd."
20:01 <+bridge> [ddnet] <Jupstar ✪> "nvidia control panel"
20:01 <+bridge> [ddnet] <Jupstar ✪> either your GPU is AMD or nvidia but not both
20:03 <+bridge> [ddnet] <murpi> hes using a gtx 750 ti
20:03 <+bridge> [ddnet] <Jupstar ✪> ok, then download from nvidia.com directly
20:04 <+bridge> [ddnet] <murpi> he upgraded his cpu from an old intel xeon e5-2620 to a ryzen 5 3500 6-core
20:04 <+bridge> [ddnet] <Kytomaro> what?, you mean the drivers?
20:04 <+bridge> [ddnet] <Jupstar ✪> https://www.nvidia.com/Download/driverResults.aspx/180225/en-us
20:05 <+bridge> [ddnet] <Kytomaro> OK intento
20:05 <+bridge> [ddnet] <Kytomaro> ok i try
20:21 <+bridge> [ddnet] <Kytomaro> TT had downloaded the drivers from there before, no idea what changed, but it works for me: D THANKSS
20:24 <+bridge> [ddnet] <Chairn> if you also upgraded integrated graphics after nvidia's one, then it resets some stuff
20:24 <+bridge> [ddnet] <Chairn> so you should upgrade GPU after integrated graphics
20:40 <+bridge> [ddnet] <heinrich5991> https://www.seebs.net/faqs/c-iaq.html
20:57 <+bridge> [ddnet] <HamidReza> How can I check if the player is freeze from the server?
20:58 <+bridge> [ddnet] <HamidReza> game\server\player.cpp
20:59 <+bridge> [ddnet] <Learath2> get the character and check it
21:04 <+bridge> [ddnet] <HamidReza> Ok got it
21:18 <+bridge> [ddnet] <gerdoe> @fokkonaut tried to fix this moment in demo but demo also doesn't change cursor position on texting and moving camera
21:19 <+bridge> [ddnet] <gerdoe> like tees only render at circle
21:19 <+bridge> [ddnet] <gerdoe> and when tee leaves bounds
21:19 <+bridge> [ddnet] <gerdoe> it disappears
21:21 <+bridge> [ddnet] <fokkonaut> ah, thats what you mean. Well, that is not a problem in spectatormode tho
21:21 <+bridge> [ddnet] <fokkonaut> only chat
21:21 <+bridge> [ddnet] <fokkonaut> ah well nvm
21:21 <+bridge> [ddnet] <fokkonaut> i know wym now
21:24 <+bridge> [ddnet] <BloodWod-513> Can someone tell me why the merge commits are not visible during the rebase?
22:28 <+bridge> [ddnet] <uwu> @Jupstar ✪ successfully stolen:troll:
22:28 <+bridge> [ddnet] <uwu> https://cdn.discordapp.com/attachments/293493549758939136/886709921129832478/unknown.png
22:31 <+bridge> [ddnet] <uwu> btw big troll
22:31 <+bridge> [ddnet] <uwu> branch
22:31 <+bridge> [ddnet] <uwu> https://cdn.discordapp.com/attachments/293493549758939136/886710603115278376/unknown.png
22:31 <+bridge> [ddnet] <uwu> actual thing
22:31 <+bridge> [ddnet] <uwu> https://cdn.discordapp.com/attachments/293493549758939136/886710652587085844/unknown.png
22:31 <+bridge> [ddnet] <uwu> i thought flybot-prototype:monkalaugh:
22:32 <+bridge> [ddnet] <BloodWod-513> lmao
22:40 <+bridge> [ddnet] <Jupstar ✪> the best
22:41 <+bridge> [ddnet] <BloodWod-513> why wouldn't it add to the DDNet? it looks cool
22:42 <+bridge> [ddnet] <uwu> some parts are broken like texture isnt copied all over team name
22:42 <+bridge> [ddnet] <uwu> somewhy
22:42 <+bridge> [ddnet] <uwu> and those little thingies are a bit below needed
22:42 <+bridge> [ddnet] <uwu> its easy to fix but idk why it happened
22:42 <+bridge> [ddnet] <uwu> :feelsbadman:
22:43 <+bridge> [ddnet] <Jupstar ✪> bcs i added special texture modes so it works 😄
22:43 <+bridge> [ddnet] <Jupstar ✪> bcs tw community is like the most anti progress community ever xD
22:43 <+bridge> [ddnet] <Jupstar ✪> especially old players
22:44 <+bridge> [ddnet] <BloodWod-513> it is sad
22:45 <+bridge> [ddnet] <uwu> ok i missed some if statements
22:45 <+bridge> [ddnet] <uwu> now its good
22:45 <+bridge> [ddnet] <Jupstar ✪> nice 😄
22:46 <+bridge> [ddnet] <fokkonaut> can u send me a link
22:48 <+bridge> [ddnet] <uwu> ye ofc
22:48 <+bridge> [ddnet] <uwu> https://github.com/Jupeyy/ddnet/tree/flybot-prot
22:48 <+bridge> [ddnet] <uwu> :monkalaugh:
22:48 <+bridge> [ddnet] <uwu> https://cdn.discordapp.com/attachments/293493549758939136/886714966923698206/unknown.png
22:49 <+bridge> [ddnet] <Jupstar ✪> lol, my fork is a grave xD
22:49 <+bridge> [ddnet] <uwu> https://cdn.discordapp.com/attachments/293493549758939136/886715101418229760/unknown.png
22:49 <+bridge> [ddnet] <uwu> :greenthing:
22:52 <+bridge> [ddnet] <fokkonaut> lul
22:52 <+bridge> [ddnet] <fokkonaut> yes xd
