00:05 <+bridge> [ddnet] <Nouaa TW> uwu Matrix look really cool \:D
01:19 <+bridge> [ddnet] <gerdoe> real matrixx spam
01:47 <+bridge> [ddnet] <poland> @Ravie can this be added to skin database
01:47 <+bridge> [ddnet] <poland> https://cdn.discordapp.com/attachments/293493549758939136/872264388936097822/unknown.png
01:49 <+bridge> [ddnet] <poland> https://cdn.discordapp.com/attachments/293493549758939136/872264933356752926/flaky.png
01:50 <+bridge> [ddnet] <Ravie> wrong channel but I don't think so, it's missing some parts and looks pixelly
09:26 <+bridge> [ddnet] <Learath2> https://www.reddit.com/r/linux/comments/oxbd9j/systemd_arrives_to_openbsd_world_systemd_fork atleast the guy to port it had some sense not to port the most insane parts
10:33 <+bridge> [ddnet] <chillerdragon> @deen\:  you sure the ERROR\: enforcement can be accomplished with clang format?
10:34 <+bridge> [ddnet] <deen> No, only with clang-tidy
10:35 <+bridge> [ddnet] <deen> and you'd have to write a check in C++ and then build your own clang-tidy version that everyone else in DDNet has to use
10:35 <+bridge> [ddnet] <deen> so maybe not the most realistic suggestion
10:35 <+bridge> [ddnet] <chillerdragon> wow that sounds overkill and like annoying overhead
10:36 <+bridge> [ddnet] <uwu> :greenthing:
11:49 <+bridge> [ddnet] <ZombieToad> @ChillerDragon.*\: looks weird because the scale lines dont change
11:49 <+bridge> [ddnet] <ZombieToad> [chillerdragon](https://matrix.to/#/@chillerdragon:matrix.org)\: \*
15:29 <+bridge> [ddnet] <Jupstar ✪> chillerdragon: you changed enter game behavior
15:29 <+bridge> [ddnet] <Jupstar ✪> Hussain wrote
15:30 <+bridge> [ddnet] <Jupstar ✪> :last update+ beta 
15:30 <+bridge> [ddnet] <Jupstar ✪> my dummy stuck ( this second time)
15:30 <+bridge> [ddnet] <Jupstar ✪> disconnect and connect again useless still stuck
15:30 <+bridge> [ddnet] <Jupstar ✪> and disconnect server too
15:30 <+bridge> [ddnet] <Jupstar ✪> have to restart the game
15:30 <+bridge> [ddnet] <Jupstar ✪> 
15:30 <+bridge> [ddnet] <Jupstar ✪> 
15:30 <+bridge> [ddnet] <Jupstar ✪> Can you check if something broke?
16:16 <+bridge> [ddnet] <chillerdragon> oh which pr do you have in mind @Jupstar ✪  ?
16:16 <+bridge> [ddnet] <chillerdragon> image.png
16:16 <+bridge> [ddnet] <chillerdragon> https://cdn.discordapp.com/attachments/293493549758939136/872483157335744512/image.png
16:16 <+bridge> [ddnet] <chillerdragon> @deen\:
16:17 <+bridge> [ddnet] <Jupstar ✪> One that got merged yesterday
16:17 <+bridge> [ddnet] <chillerdragon> hm k ill check
16:17 <+bridge> [ddnet] <chillerdragon> currently busy breaking more stuff 🔥
16:22 <+bridge> [ddnet] <deen> chillerdragon: thanks, fixed
16:22 <+bridge> [ddnet] <chillerdragon> wow fast
16:22 <+bridge> [ddnet] <noby> deen pro
16:40 <+bridge> [ddnet] <Ts懒散> fastest fixer alive
16:54 <+bridge> [ddnet] <chillerdragon> Can not reproduce any issues with reconnecting dummy on debian with latest version. @hussainx3 do you have some more info?
16:56 <+bridge> [ddnet] <hussainx3> what?
16:57 <+bridge> [ddnet] <chillerdragon> Can you constantly reproduce the issue with the dummy being stuck @hussainx3  ?
16:58 <+bridge> [ddnet] <hussainx3> yes it's happen again
16:58 <+bridge> [ddnet] <hussainx3> ti tryied 3 times in 3 servers
16:58 <+bridge> [ddnet] <hussainx3> now
16:59 <+bridge> [ddnet] <chillerdragon> 3 out of 3?
17:00 <+bridge> [ddnet] <hussainx3> 1/3
17:01 <+bridge> [ddnet] <hussainx3> again 1/3
17:02 <+bridge> [ddnet] <hussainx3> 1/5
17:02 <+bridge> [ddnet] <hussainx3> anyway it's hapepn  a lots
17:03 <+bridge> [ddnet] <chillerdragon> ah ye got it
17:29 <+bridge> [ddnet] <WAV> i don't know if this issue is mentioned, but can someone solve the problem when you disconnect from lets say GER server while you have a ping spike, the GER servers are now listed way below in the server list, even below china servers
17:30 <+bridge> [ddnet] <WAV> i thought for a while that there were no ger servers anymore
17:30 <+bridge> [ddnet] <WAV> until i realized and had to connect to it for it to show normal on the server list again
18:04 <+bridge> [ddnet] <hussainx3> check maximum ping it's 999?
20:06 <+bridge> [ddnet] <texnonik> @Ravie can this be added to skin database
20:06 <+bridge> [ddnet] <texnonik> https://cdn.discordapp.com/attachments/293493549758939136/872540924687810580/jao4k.png
20:11 <+bridge> [ddnet] <uwu> https://cdn.discordapp.com/attachments/293493549758939136/872542193468964905/Sexgame.png
20:19 <+bridge> [ddnet] <Cum tee> https://tenor.com/view/pointing-laughing-you-lol-youre-funny-gif-7517608
20:19 <+bridge> [ddnet] <Cum tee> gotta love skin shitposting
