07:22 <+bridge> [ddnet] <ReD> that puzzle was a difficulty increase
08:06 <+bridge> [ddnet] <heinrich5991> yup
08:06 <+bridge> [ddnet] <heinrich5991> I made it to the global leaderboard for part 1 today 🙂
08:06 <+bridge> [ddnet] <heinrich5991> first time this year
08:11 <+bridge> [ddnet] <ReD> nice :o
09:26 <+bridge> [ddnet] <Dragere> Was there some smart way of doing part 2? My code is just a bunch of checks to deduce the segments, so it took forever to code
10:43 <+bridge> [ddnet] <trml> nice! part2 was kind of brute force for me
12:41 <+bridge> [ddnet] <deen> Me 😄 I haven't met anyone from DDNet/TW
12:45 <+bridge> [ddnet] <fokkonaut> Did you explicitly not want that? :D
13:14 <+bridge> [ddnet] <Cellegen | HU> :fakenews:
13:50 <+bridge> [ddnet] <deen> I guess just because I didn't go to any of the interesting meetups, like CCC
14:31 <+bridge> [ddnet] <Learath2> I haven't met heinrich either
19:50 <+bridge> [ddnet] <chillerdragon> Ye after Covid is fixed we all meet at teecon
19:53 <+bridge> [ddnet] <heinrich5991> I think I only met chillerdragon, and it was on his initiative
19:54 <+bridge> [ddnet] <Im 'corneum> sounds like he intimidated you 😦
19:54 <+bridge> [ddnet] <chillerdragon> I actually don’t remember who I met already I have bad memory \:D but it’s something like 5+
19:54 <+bridge> [ddnet] <Ryozuki> :monkaS:
19:54 <+bridge> [ddnet] <deen> chillerdragon is the center of the TW universe 😄
19:55 <+bridge> [ddnet] <Im 'corneum> i only met netherman but he lives in the same town
19:55 <+bridge> [ddnet] <chillerdragon> Counts
19:55 <+bridge> [ddnet] <chillerdragon> Also got one local on my list
19:56 <+bridge> [ddnet] <Cellegen | HU> And im one of the underdogs in here :pepekek:
19:59 <+bridge> [ddnet] <chillerdragon> Heinrich don’t wanna leak stuff here but I think you did meet someone else too
20:01 <+bridge> [ddnet] <heinrich5991> I don't wanna leak anything, "but"
20:01 <+bridge> [ddnet] <heinrich5991> you're doing great
20:02 <+bridge> [ddnet] <Ryozuki> 🤡
20:05 <+bridge> [ddnet] <chillerdragon> Do you still have wire Heinrich?
20:06 <+bridge> [ddnet] <heinrich5991> yes
20:08 <+bridge> [ddnet] <chillerdragon> Stop ghost me there -.-
20:20 <+bridge> [ddnet] <Index> ```Bash
20:20 <+bridge> [ddnet] <Index> #!/bin/bash
20:20 <+bridge> [ddnet] <Index> # Advent of Code 8p1
20:20 <+bridge> [ddnet] <Index> shopt -s lastpipe
20:20 <+bridge> [ddnet] <Index> t=(2 4 3 7)
20:20 <+bridge> [ddnet] <Index> cut -d'|' -f2 "$1" | tr '\n' ' ' | xargs | tr ' ' '\n' | while read -r l; do
20:20 <+bridge> [ddnet] <Index>     [[ " ${t[*]} " =~ " ${#l} " ]] && i=$((i+1))
20:20 <+bridge> [ddnet] <Index> done
20:20 <+bridge> [ddnet] <Index> echo Part 1: $i
20:20 <+bridge> [ddnet] <Index> ```
20:20 <+bridge> [ddnet] <Index> wowo, didn't expect that to work after reading the problem for 4324hours .__.
20:24 <+bridge> [ddnet] <chillerdragon> Do you golf index?
20:30 <+bridge> [ddnet] <deen> Nice, Index
20:43 <+bridge> [ddnet] <heinrich5991> https://lkml.org/lkml/2021/12/6/461
21:02 <+bridge> [ddnet] <Ryozuki> :poggers:
21:17 <+bridge> [ddnet] <Ryozuki> https://www.nature.com/articles/d41586-021-03620-1
21:17 <+bridge> [ddnet] <Ryozuki> 22 december mark it
21:17 <+bridge> [ddnet] <Ryozuki> the most complex satellite to be deployed fully
21:17 <+bridge> [ddnet] <Ryozuki> (30 days)
21:17 <+bridge> [ddnet] <Ryozuki> <https://www.youtube.com/watch?v=RzGLKQ7_KZQ>
21:28 <+bridge> [ddnet] <ZombieToad> its gonna fail
