13:02 <+bridge_> [ddnet] <chillerdragon> Thanks to @Patiga s awesome twmap library i was able to hack down a proof of concept multi user collab web editor in a few hourshttps://zillyhuhn.com/OpenTube/video.php?t=teeworlds-web-editor.mp4&u=chiller
13:02 <+bridge_> [ddnet] <chillerdragon> Thanks to @Patiga s awesome twmap library i was able to hack down a proof of concept multi user collab web editor in a few hourshttps://zillyhuhn.com/OpenTube/videos/users/chiller/teeworlds-web-editor.mp4
13:06 <+bridge_> [ddnet] <texnonik> finnaly ! can we get it now for test !
13:06 <+bridge_> [ddnet] <chillerdragon> Its not ready for usage. Its the firs draft.
13:09 <+bridge_> [ddnet] <HappyFray> possible to use on phone? :poggers:
13:10 <+bridge_> [ddnet] <chillerdragon> sure its a webapp
13:10 <+bridge_> [ddnet] <chillerdragon> runs on your smart fridge too
13:11 <+bridge_> [ddnet] <HappyFray> thing is how good i will work
13:11 <+bridge_> [ddnet] <chillerdragon> currently very bad
13:14 <+bridge_> [ddnet] <HappyFray> thing is how good it will work
16:15 <+bridge_> [ddnet] <Ryozuki> @Not Keks
16:15 <+bridge_> [ddnet] <Ryozuki> https://cdn.discordapp.com/attachments/293493549758939136/947149791148773396/unknown.png
16:37 <+bridge_> [ddnet] <Jupstar ✪> i use glslangValidator to compile clang
20:48 <+Konsti> i love heinrich5991 hes the best coder and did so much things for teeworlds
20:52 <+bridge_> [ddnet] <Jupstar ✪> tf ravie is coder now
20:52 <+bridge_> [ddnet] <Jupstar ✪> what comes next, ryo says c++ \> rust or what
20:52 <+bridge_> [ddnet] <Ryozuki> never
21:07 <+bridge_> [ddnet] <chillerdragon> Wait is that THE Ravie? The designer?
21:10 <+Konsti> its RABIES
21:10  * Konsti slaps Ryozuki- around a bit with a large fishbot
21:12 <+Konsti> wait what, i can read the last 8 years of developer conversation here, thats crazy
21:15 <+bridge_> [ddnet] <Ryozuki> :monkalaugh: irclogs
21:15 <+bridge_> [ddnet] <Ravie> other me
21:20 <+bridge_> [ddnet] <Ryozuki> https://github.com/advisories?query=ddnet
21:20 <+bridge_> [ddnet] <Ryozuki> :PepeA:
21:20 <+bridge_> [ddnet] <Ryozuki> 0 advisories nice
21:26 <+Konsti> Ryozoozki when code something usefull again
21:26 <+Konsti> its been a long time
21:38 <+bridge_> [ddnet] <Ryozuki> its time for a new generation of devs
21:38 <+bridge_> [ddnet] <Ryozuki> ☕
21:38 <+bridge_> [ddnet] <Ryozuki> ill be honest, when u start working, specially if u code in ur job, coding in ur free time becomes a little less appealing
21:39 <+bridge_> [ddnet] <Ryozuki> so im less motivated rn
21:39 <+bridge_> [ddnet] <Ryozuki> i prefer to enjoy my free time playing
21:39 <+bridge_> [ddnet] <Souly> hi ryozoozki
21:43 <+bridge_> [ddnet] <Wszechstronny Mistrz Boski Smok> Coding is for neeeeerds
21:53 <+bridge_> [ddnet] <Jupstar ✪> coding has to suck, else you don't enjoy the results
22:04 <+bridge_> [ddnet] <Ryozuki> @Wszechstronny Mistrz Boski Smok seeing ur overall msgs in this discord u must be in ur edgy phase
22:29 <+bridge_> [ddnet] <Wszechstronny Mistrz Boski Smok> Yes i love blood send me gore!!!
