00:01 <+bridge> [ddnet] <perrodecerro> @plsplsplslol
00:02 <+bridge> [ddnet] <plsplsplslol> u
00:39 <+bridge> [ddnet] <Yuzu> suggestion: when spectating tee with /practice on, remove time in HUD
01:19 <+bridge> [ddnet] <deen> Lots of HTTP 3 usage already, interesting
01:19 <+bridge> [ddnet] <deen> https://cdn.discordapp.com/attachments/293493549758939136/927355388985229403/Screenshot_2022-01-03_at_01.18.49.png
01:24 <+bridge> [ddnet] <deen> I now activated HTTP 3 on ddnet.tw too (the graph before is from my blog), tell me if there are some problems
09:22 <+bridge> [ddnet] <Ryozuki> https://lwn.net/ml/linux-kernel/YdIfz+LMewetSaEB@gmail.com/
09:23 <+bridge> [ddnet] <Ryozuki> https://news.ycombinator.com/item?id=29777048
14:32 <+bridge> [ddnet] <fokkonaut> https://cdn.discordapp.com/attachments/617615162261897217/927555018423410688/unknown.png
14:32 <+bridge> [ddnet] <fokkonaut> @heinrich5991 :)
14:33 <+bridge> [ddnet] <fokkonaut> Once it reacher Maxclients-1 it will start filling up the servers to 64/64, so that most of the time it looks like they are not full :)
17:03 <+bridge> [ddnet] <fokkonaut> Sometimes there are damage indicators just on one position, is it somehow possible to force this behaviour?
17:47 <+bridge> [ddnet] <Learath2> Wym? As in one position relative to the tee?
17:48 <+bridge> [ddnet] <n000b> Yeah there is
17:52 <+bridge> [ddnet] <n000b> https://cdn.discordapp.com/attachments/293493549758939136/927605364424327168/Screenshot_2022-01-03-17-52-14-817_com.discord.jpg
17:53 <+bridge> [ddnet] <n000b> I think louis or murpi posted it dev channel how to reproduce
17:54 <+bridge> [ddnet] <fokkonaut> But not on purpose right?
17:54 <+bridge> [ddnet] <n000b> Here
17:54 <+bridge> [ddnet] <n000b> No the stars are not on purpose
17:54 <+bridge> [ddnet] <n000b> Bug since last update
17:55 <+bridge> [ddnet] <n000b> Lmao i didn't launch the client for months and i know all of this:pepeH:
17:56 <+bridge> [ddnet] <fokkonaut> I mean
17:56 <+bridge> [ddnet] <fokkonaut> I want this as a feature xd
17:56 <+bridge> [ddnet] <fokkonaut> But yea i think its not possible
17:56 <+bridge> [ddnet] <fokkonaut> not without further edits
17:57 <+bridge> [ddnet] <n000b> Ah i was thinking you were talking about thia bug:pepeH:
17:58 <+bridge> [ddnet] <n000b> You probably know gores has this feature
17:59 <+bridge> [ddnet] <fokkonaut> Ah true
17:59 <+bridge> [ddnet] <fokkonaut> uk how they do it?
17:59 <+bridge> [ddnet] <n000b> No sorry, i am not a dev guy:pepeH:
17:59 <+bridge> [ddnet] <fokkonaut> xd
