08:10 < bridge> <fokkonaut> It's friday
08:39 < bridge> <Jupstar ✪> FFR
08:44 < bridge> <fokkonaut> @jupeyy_keks
08:50 < bridge> <ryozuki> gym then rust
09:43 < bridge> <teero777> Gm
10:59 < bridge> <matodor> https://cdn.discordapp.com/attachments/293493549758939136/1164850257822236693/1697702574763.png?ex=6544b657&is=65324157&hm=6162856e18b5594909a29b513c11fa16e2b8c02c5541793b6ab95487021f1ce6&
11:05 < bridge> <Jupstar ✪> https://www.reddit.com/media?url=https%3A%2F%2Fi.redd.it%2Fnaminganewprogramminglanguage-v0-q5dnnbf4d7vb1.jpg%3Fs%3D191109dca1a1b9a4143396f670aff80358bbec4e
12:48 < bridge> <teero777> https://cdn.discordapp.com/attachments/293493549758939136/1164877805637619792/naminganewprogramminglanguage-v0-q5dnnbf4d7vb1.jpg?ex=6544cfff&is=65325aff&hm=5225593af12cc1d642af4e56d310e0aca001286b50302f291716a3fa5da891c2&
12:50 < bridge> <Jupstar ✪> Thanks xd
13:06 < bridge> <ryozuki> apparently neofetch is outdated by 2 years
13:06 < bridge> <ryozuki> fastfetch is the new kid in town
13:07 < bridge> <ryozuki> https://cdn.discordapp.com/attachments/293493549758939136/1164882466683760770/image.png?ex=6544d456&is=65325f56&hm=9991e8b5aeaac9751dae2f2170d7d7f1b3093467590b8087adaf1a964ed4c25e&
13:12 < bridge> <Ewan> nice
13:12 < bridge> <Ewan> neofetch was always weirdly slow
13:15 < bridge> <Jupstar ✪> Lmao
13:15 < bridge> <Jupstar ✪> Not hipster enough anymore
13:15 < bridge> <learath2> What does it even mean for a system spec display thing to go out of date? 😄
13:24 < bridge> <Ewan> i bet new one is rust
13:25 < bridge> <ryozuki> its in c
13:25 < bridge> <ryozuki> hmm maybe not using the best methods to recognize hardware
13:25 < bridge> <ryozuki> this one shows way more detailed
13:36 < bridge> <Jupstar ✪> @ryozuki FFR what is your question today?
13:37 < bridge> <ryozuki> ur the one asking lol
13:37 < bridge> <ryozuki> xd
13:37 < bridge> <Jupstar ✪> Now it's the opposite hehe
14:11 < ws-client> <ChillerDragon> friday is 0.7 day
14:11 < ws-client> <ChillerDragon> https://zillyhuhn.com/cs/.1697803839.png
14:47 < ChillerDragon> the transparent chat is a feature right? Not a bug in my branch
14:49 < bridge> <heinrich5991> sounds like a bug
14:56 < ChillerDragon> hmm seems like there is a bug on master then :c
15:42 < bridge> <ryozuki> why do we support 0.7 on ddnet
15:48 < bridge> <Jupstar ✪> 😬
15:50 < bridge> <teero777> bcs its cool!
15:54 < bridge> <ryozuki> https://en.wikipedia.org/wiki/Birthday_problem
15:54 < bridge> <ryozuki> we should easily find ppl with same birthday in this discord
15:55 < bridge> <heinrich5991> we are >366 people, there are guaranteed to be people with the same birthday 🙂
15:56 < bridge> <cyberFighter> ok whats ur birthday
15:56 < bridge> <ryozuki> 29 may
15:57 < bridge> <heinrich5991> you're the only one in my birthday list for may 29
15:57 < bridge> <ryozuki> my sister is also 29 may
15:57 < bridge> <ryozuki> now u got 2
15:57 < bridge> <ryozuki> :poggers2:
15:58 < bridge> <heinrich5991> twins or different years?
15:58 < bridge> <ryozuki> 5 years apart
15:58 < bridge> <MilkeeyCat> does ur sister use rust 🤨
15:58 < bridge> <ryozuki> no she draws porn and makes 10k
15:58 < bridge> <ryozuki> monthly
15:58 < bridge> <MilkeeyCat> not bad :justatest:
15:58 < bridge> <ryozuki> :justatest:
16:24 < bridge> <heinrich5991> https://notes.valdikss.org.ru/jabber.ru-mitm/
16:24 < bridge> <heinrich5991> state interception on hetzner, linode
16:31 < bridge> <Jupstar ✪> May kids are best
16:33 < bridge> <ryozuki> big
16:34 < bridge> <ryozuki> > We tend to assume this is lawful interception Hetzner and Linode were forced to setup based on German police request.
16:36 < bridge> <_voxeldoesart> because chillerdragon
17:06 < bridge> <heinrich5991> no, not only
17:06 < bridge> <heinrich5991> I think a couple of other people built the 0.7 client support in our servers
17:07 < bridge> <_voxeldoesart> hm
17:07 < bridge> <_voxeldoesart> well im testing the 0.6/0.7 bridge server
17:54 < ChillerDragon> ryo sis rich pog
17:54 < ChillerDragon> does she pay taxes?
17:55 < bridge> <ryozuki> she pays taxes for the 10k
17:55 < bridge> <ryozuki> but she earns more kek
17:56 < bridge> <ryozuki> well thats what i heard last time idk
17:56 < bridge> <ryozuki> its insane, cuz if u succeed in a subscription based platform, u can rly get lot of money
18:04 < bridge> <MilkeeyCat> i would buy twerking twibop to support ddnet :feelsbadman:
18:06 < bridge> <ryozuki> https://marcos.unsafe.rs/trying-to-invent-a-better-substring-search-algorithm/
18:06 < bridge> <ryozuki> @heinrich5991
18:13 < bridge> <heinrich5991> nice 🙂
19:37 < bridge> <louis> 🔗?
19:38 < bridge> <louis> :justatest:
23:23 < bridge> <arrowastaken> Hey! I’ve been having performance issues recently with the ¿last update maybe?  But I have 3080, ryzen 7 5800x3d and 32 gb of ram, is the only game that is giving me trouble, like idk how but the game just drop from 144 to 130 and ye sounds ridiculous xD but it’s very noticiable because are like micro stutters
