07:54 < bridge> <ZombieToad> https://cdn.discordapp.com/attachments/464511043654123541/1094499999980736652/image.png
07:54 < bridge> <ZombieToad> Hello again @deen @Learath2 @snail @murpi @bencie i have been banned again for "constant racism" while i have not said anything racist in the past 2 weeks
07:55 < bridge> <ZombieToad> i ask once more for you to look into this error it is very upsetting for me not being able to play my favourite game
07:55 < bridge> <murpi> That's not how bans work, you're not allowed to play until the date shown in the ban reason
07:56 < bridge> <ZombieToad> but i have been banned in error?
07:56 < bridge> <ZombieToad> i thougt an admin had removed the previous ban since i was able to connect again
07:59 < bridge> <murpi> I can assure you no admin or moderator removed your ban and your ban hasn't reset either, so unless you can proof you're innocent, refrain from playing on our servers.
08:01 < bridge> <ZombieToad> is this a joke? prove my innocence?
08:01 < bridge> <ZombieToad> provide me teehistorian then i will
08:03 < bridge> <ZombieToad> this seems like a personal hatred against me from vy0x and murpi
08:04 < bridge> <murpi> feel free to complain to any other admin, preferably in a DM on your alt
08:05 < bridge> <ZombieToad> hating others will only make your live more negative. you should respect everyone
08:05 < bridge> <ZombieToad> hating others will only make your life more negative. you should respect everyone
08:06 < bridge> <murpi> I have not shown any disrespect towards you.
08:07 < bridge> <ZombieToad> saying im guilty until proven innocent is disrespect
08:28 < bridge> <Ewan> at least show him where he was racist
08:36 < bridge> <chillerdragon> #freesomeone
08:36 < bridge> <chillerdragon> Or send proof!
08:38 < bridge> <Ewan> agree
08:38 < bridge> <Vy0x2> https://cdn.discordapp.com/attachments/293493549758939136/1094511581452304415/image.png
08:38 < bridge> <Ewan> is that not you
08:38 < bridge> <Vy0x2> no
08:38 < bridge> <Ewan> why u racist
08:38 < bridge> <Vy0x2> #off-topic
08:39 < bridge> <Ewan> sp cant talk there
08:39 < bridge> <Ewan> no bridge
08:39 < bridge> <Vy0x2> he doesnt need to
08:39 < bridge> <Ewan> 😂
09:25 < bridge> <Jupstar ✪> if someone needs "cheap" vps or domains, netcup has easter event running:
09:25 < bridge> <Jupstar ✪> if u dont want to search the eggs on their site
09:25 < bridge> <Jupstar ✪> https://camelus.eu/netcup/
09:26 < bridge> <Jupstar ✪> this year i dont find the offers very attractive
09:28 < bridge> <Ewan> handy
09:34 <+ChillerDragon> omg jopsti i just bought a vps w out discount there latley
09:34 <+ChillerDragon> GOTTA BUY A CUP!
09:39 < bridge> <Ewan> don't see any great deals here
09:39 < bridge> <Ewan> but the table is hard to make sense of
09:40 <+ChillerDragon> i assume 10% disciount on the vps 2000 is permanent https://www.netcup.de/vserver/vps.php
09:40 <+ChillerDragon> so 12 bucks a month for 8core 12gb ram 320ssd
09:41 < bridge> <Jupstar ✪> yep its permanent
09:41 <+ChillerDragon> im sure jopsi just has referal contract w netcuppo
09:42 < bridge> <Jupstar ✪> but has 12 months min contract time
09:42 <+ChillerDragon> ez
09:42 < bridge> <Jupstar ✪> u also have to buy it form the easter egg
09:42 <+ChillerDragon> not sure if i would buy it its still more expensive than my 6euro contract currently
09:43 < bridge> <Jupstar ✪> yeah its also rather overkill if u just want to host teeworlds xD
09:43 <+ChillerDragon> there is no such thing as overkill
09:43 <+ChillerDragon> my vpses always are at 100% cpu usage
09:43 <+ChillerDragon> if tw and all the other crap doesnt cut it i render blender images and mine bitcoin xd
09:43 < bridge> <Jupstar ✪> there was VPS 500 for 5€ smth with more SSD.. but storage is not really helpful xD
09:44 <+ChillerDragon> my mc server needs 2tb
09:44 <+ChillerDragon> but its full so it actually would need more
09:45 < bridge> <Jupstar ✪> eastern 2019 was nice, vps for under 2€
09:45 <+ChillerDragon> poggies
09:45 <+ChillerDragon> i assume vps 200 then
09:45 <+ChillerDragon> but still a nice contract
09:45 < bridge> <Jupstar ✪> yeah
09:46 < bridge> <Jupstar ✪> but the current generation has 1 more core , so its not comparable anymore
09:46 <+ChillerDragon> i mean inflation alone could justify a base price of 10ct for vps 200 in 2019
09:46 <+ChillerDragon> xd
09:46 < bridge> <Jupstar ✪> i'd like to have upgraded xD
09:46 < bridge> <Jupstar ✪> ez
09:47 <+ChillerDragon> jopsi wanna buy a datacenter together?
09:47 <+ChillerDragon> i got 10 bucks left this month
09:47 < bridge> <Jupstar ✪> sure
09:47 < bridge> <Ewan> lmfao
09:47 < bridge> <Ewan> do they have usa servers
09:48 < bridge> <Jupstar ✪> no
09:48 <+ChillerDragon> U 
09:48 < bridge> <Jupstar ✪> austria and germany
09:48 <+ChillerDragon> S
09:48 <+ChillerDragon> A
09:48 <+ChillerDragon> deutschlanddddddddd!!!!!!!!!!!!!
09:48 < bridge> <Jupstar ✪> united states of murica
09:48 <+ChillerDragon> :beer:
09:48 <+ChillerDragon> :de:
09:48 <+ChillerDragon> :prezel:
09:48 < bridge> <Jupstar ✪> USM
09:48 < bridge> <Ewan> i don't need another usa vps just curious
09:49 <+ChillerDragon> i just found a zero day
09:49 <+ChillerDragon> ... in my own code
09:49 <+ChillerDragon> xd
09:49 < bridge> <Jupstar ✪> if (is_zero_day(packet)) { send("nice try") }
09:50 <+ChillerDragon> ou nice patch!
09:50 <+ChillerDragon> is it forward compatible?
09:50 < bridge> <Jupstar ✪> yes it will work for eternity
09:50 <+ChillerDragon> good stuff
09:50 <+ChillerDragon> jopsti just solved cyber security
09:58 < bridge> <Ewan> fantastic
09:59 <+ChillerDragon> ay dj jopsti send your gaming and coding playlist or riot
10:00 < bridge> <Jupstar ✪> I mostly hear
10:00 < bridge> <Jupstar ✪> Anime Ost
10:00 < bridge> <Jupstar ✪> Game Ost
10:00 < bridge> <Jupstar ✪> Classic music
10:00 < bridge> <Jupstar ✪> And pretty much only instrumental
10:00 < bridge> <Ewan> 👁️
10:01 < bridge> <Jupstar ✪> But if u want a playlist i can create one later
10:01 < bridge> <Ewan> where is the chillerdragon playlist
10:02 <+ChillerDragon> i dont do music
10:03 <+ChillerDragon> @Ewan if i had one i wouldnt have to ask for other ppl playlists xd
10:03 < bridge> <Ewan> usually people do it to share music
10:03 < bridge> <Jupstar ✪> I'll create one later chillerdragores
10:03 < bridge> <Ewan> i have a few of my friends' playlists saved just to see what they are up to music-wise
10:03 <+ChillerDragon> i just always get stuck in the recommendation loop of 3 songs on yt and spotify
10:03 < bridge> <Jupstar ✪> Then u can hear most epic gamer coder music ever
10:04 <+ChillerDragon> nice
10:04 <+ChillerDragon> i enter "anime ost" on spotify in the meantime and get crackin
10:04 < bridge> <Ewan> oh jeez
10:51 <+ChillerDragon> @heinrich5991 any chance you could not abstract away the size fields for data fields in the dissector?
10:52 <+ChillerDragon> in front of the data field there is a size field which you also consume but you do so silently https://github.com/heinrich5991/libtw2/blob/7885c99974ee445ce13297b72ae3e7c6ea3b969d/gamenet/generate/spec/teeworlds-0.7.5.json#L957
10:53 <+ChillerDragon> this read_int seems to be not reflected in wireshark https://github.com/heinrich5991/libtw2/blob/7885c99974ee445ce13297b72ae3e7c6ea3b969d/packer/src/lib.rs#L223
10:53 <+ChillerDragon> https://zillyhuhn.com/cs/.1681030404.png
10:54 <+ChillerDragon> when looking at this to understand the protocol one could think parsing a snap is just 3 times get_int followed by 1 time get_raw while in reality its 4 times get_int
10:55 <+ChillerDragon> when clicking on the annotations you basically hide the size field in the data field
10:57 <+ChillerDragon> also heinrich do i ping you too often with annoying stuff? xd lemme know if i should stop 
11:27 < bridge> <Jupstar ✪> chillerdragon\: man i heard so much stuff i liked i really cannot tell how much i forgot in my list xD
11:27 < bridge> <Jupstar ✪> this might be a rough estimate
11:27 < bridge> <Jupstar ✪> https://youtube.com/playlist?list=PLhqoIajVY0z1jBjfZgFmuFgdKaewmM5cV
11:36 <+ChillerDragon> thanks dj mc jupjapjappinger
11:37 <+ChillerDragon> >  Rainbow Road - Mario Kart: Double Dash!! 
11:37 <+ChillerDragon> trol
11:37 < bridge> <Jupstar ✪> bro i love that theme xD
11:38 <+ChillerDragon> yea i see i dont think our music taste is compatible .-.
11:38 < bridge> <Jupstar ✪> my music taste is not compatible to anyone.. believe me xD
11:39 <+ChillerDragon> >  GALA - Freed from desire [Official Video] 
11:39 < bridge> <Jupstar ✪> epic
11:39 <+ChillerDragon> to be fair that i was pumping for 4 days straight cuz spotify kept pushing it to me
11:39 <+ChillerDragon> now i can not hear it anymore
11:40 < bridge> <Jupstar ✪> well i'm biased bcs football fan
11:40 < bridge> <Jupstar ✪> u know
11:40 <+ChillerDragon> no i do not know
11:40 < bridge> <Jupstar ✪> https://www.youtube.com/watch?v=boztP-ulGrs
11:40 <+ChillerDragon> xd
11:41 <+ChillerDragon> better than original
11:41 < bridge> <Jupstar ✪> tru xd
11:41 < bridge> <Jupstar ✪> but i also kinda like the songtext of the original one
11:41 <+ChillerDragon> i can speak english so idk text
11:41 <+ChillerDragon> cant'
11:41 <+ChillerDragon> as u can se
11:41 < bridge> <Jupstar ✪> xddd
11:42 <+ChillerDragon> i using google trans for chat here
11:42 < bridge> <Jupstar ✪> yeah i translate english to english
11:54 < bridge> <Jupstar ✪> but if i sort by music i like most, the stuff with humans singing would move down anyway.. i really mostly hear instrumental stuff xDD
12:02 <+ChillerDragon> srupid hoomans
12:22 < bridge> <Ewan> > i using google trans for chat here
12:22 < bridge> <Ewan> damn actually
12:22 < bridge> <Ewan> i think u lie
12:26 < bridge> <Jupstar ✪> nah, even his name is translated badly
12:26 < bridge> <Jupstar ✪> 
12:26 < bridge> <Jupstar ✪> he put in "Eisiger Drache"
12:26 < bridge> <Jupstar ✪> 
12:26 < bridge> <Jupstar ✪> And now his name is Chiller Dragon
12:26 < bridge> <gerdoe> don't try to xd
12:27 < bridge> <Ewan> ok i will try not to think
12:27 < bridge> <Ewan> it didn't work
12:27 < bridge> <Jupstar ✪> chillerdragons personal meme:
12:27 < bridge> <Jupstar ✪> https://www.youtube.com/watch?v=xrbLA0BOwgs
12:27 < bridge> <Ewan> LOL
12:27 < bridge> <Ewan> i remember that movie
12:27 < bridge> <Ewan> it was so bad
12:28 < bridge> <Jupstar ✪> bad movies make the best memes xd
12:31 <+ChillerDragon> > he put in "Eisiger Drache"
12:31 <+ChillerDragon> xd
12:31 <+ChillerDragon> good meme
12:31 <+ChillerDragon> also snails personal meme:
12:32 <+ChillerDragon> https://www.youtube.com/watch?v=IWA89aZ_qtg
12:32 <+ChillerDragon> sp someones make the best memes xd
12:32 <+ChillerDragon> #freesomeone
12:33 < bridge> <Jupstar ✪> de fak
12:33 <+ChillerDragon> xd
12:35 < bridge> <Jupstar ✪> from my est. 86 billion neurons in my brain, at least 20 will be wasted for this. Thanks
12:35 <+ChillerDragon> ez
12:35 <+ChillerDragon> its not waste tbh
12:35 <+ChillerDragon> this is what i live for
12:36 <+ChillerDragon> #freesomeone
12:36 <+ChillerDragon> he is top 10 og tw geniuses
12:37 < bridge> <Jupstar ✪> before you free others, free yourself
12:37 <+ChillerDragon> i trapped in a bot
12:37 <+ChillerDragon> sos
12:38 < bridge> <Jupstar ✪> philosopher
12:48 < bridge> <gerdoe> :troll:
12:50 < bridge> <Ryozuki> https://cdn.discordapp.com/attachments/293493549758939136/1094575179121832056/nij2qwfinusa1.webp
13:06 < bridge> <Robyt3> You can add `?w=1` to a GitHub comparison URL to ignore whitespaces in the diff. Very useful for example if a lot of indentation is changed. https://github.blog/2011-10-21-github-secrets/#whitespace
13:10 < bridge> <chillerdragon> Amazing
13:12 < bridge> <murpi> F Zippyshare
13:12 < bridge> <chillerdragon> Omg GitHub has TikTok in their footerhttps://www.tiktok.com/@github
13:12 < bridge> <chillerdragon> ?
13:12 < bridge> <chillerdragon> (@murpi)
13:13 < bridge> <Jupstar ✪> no more illegal downloads for murpi
13:13 < bridge> <Jupstar ✪> F
13:13 < bridge> <murpi> They shut down
13:13 < bridge> <chillerdragon> Axaxxa
13:13 < bridge> <chillerdragon> Just selfhost
13:13 < bridge> <chillerdragon> Selfhost everything
13:18 < bridge> <murpi> It's sad that one of the few remaining treasures from the internet's teenage years has disappeared
13:19 < bridge> <murpi> No speed-limits, no popup fest, no redirects, and had the most satisfying download button
13:22 < bridge> <Ewan> Sad
13:31 < bridge> <chillerdragon> Nostalgic murpi
13:45 < bridge> <shit> Стим дарит Дискорд нитро!😲
13:45 < bridge> <shit> https://cli.co/gift-discord
13:45 < bridge> <Phish Bot> **#### 🚨 Phishing Link Detected 🚨**
13:45 < bridge> <Phish Bot> **##### A message has been detected to contain a problematic link. We recommend not pressing any links within the message.**
13:45 < bridge> <Phish Bot> **###### If this is a false positive, please let us know by joining our support server through the command `!phish support`**
13:46 < bridge> <Patiga> TIL that
13:46 < bridge> <Patiga> ```rs
13:46 < bridge> <Patiga> fn calc(a: bool) -> i32 {
13:46 < bridge> <Patiga>     match a {
13:46 < bridge> <Patiga>         true => 1,
13:46 < bridge> <Patiga>         false => -1,
13:46 < bridge> <Patiga>     }  * 5
13:46 < bridge> <Patiga> }
13:46 < bridge> <Patiga> 
13:46 < bridge> <Patiga> fn main() {}
13:46 < bridge> <Patiga> ```
13:46 < bridge> <Patiga> is not valid rust code o.o
13:46 < bridge> <Patiga> and it has a super confusing error message
13:46 < bridge> <Patiga> I was able to reduce it down to https://godbolt.org/z/31EPcsWsM
13:47 < bridge> <Patiga> apparently it is a known limitation
13:47 < bridge> <k2d222> wth
13:48 < bridge> <k2d222> what is the known limitation?
13:48 < bridge> <Patiga> https://github.com/rust-lang/rust/issues/72783
13:49 < bridge> <Patiga> eh you can hop between multiple issues, it goes way back to 2013
13:49 < bridge> <k2d222> eh I guess its a bug of the compiler but not the spec ?
13:50 < bridge> <k2d222> it looks very simple and reasonable to do so, crazy
13:51 < bridge> <Patiga> https://github.com/rust-lang/rust/issues/7909
13:51 < bridge> <Patiga> yea the code feels super natural
13:52 < bridge> <Patiga> the suggestion of the compiler on the second error message does indeed fix it, putting parentheses around the `match` expression
13:58 < bridge> <Ryozuki> ohh its a syntax error
13:58 < bridge> <Ryozuki> dereference operator
14:00 < bridge> <k2d222> well to me it looks like the syntax tree would be correctly defined as `binop_expr = (expr) * (expr) = (block_exp) * (num_literal)`
14:00 < bridge> <k2d222> I don't see what's difficult to parse here, but obviously the rust team is more clever and knowledgeable than me XD
14:02 < bridge> <Patiga> ah and ´let a = { 1 } * 1;` works
14:03 < bridge> <k2d222> to me it's even weirder that it doesn't work with the match, as the parser should immediately 'know' that it's an expression when it sees the match kw
14:03 <+ChillerDragon> rust moment
14:04 < bridge> <k2d222> none of your python trivia beat this XD
14:04 <+ChillerDragon> xd
14:04 < bridge> <gerdoe> yeah better make rust trivia based on rust templating xd
14:04 <+ChillerDragon> soon soon
14:04 <+ChillerDragon> currently im fulltime python dev
14:05 < bridge> <Patiga> https://dtolnay.github.io/rust-quiz gl ^^
14:05 < bridge> <gerdoe> wafflelapkin found thousands of such things while playing with rust syntax
14:05 <+ChillerDragon> nice design
14:05 < bridge> <gerdoe> great rustc contributor indeed
14:05 < bridge> <Ryozuki> dtolnay is rust god
14:05 < bridge> <Ryozuki> itself
14:05 < bridge> <Ryozuki> syn serde quote anyhow
14:05 < bridge> <Patiga> yeah dtolnay is crazy
14:05 < bridge> <Ryozuki> serde itself is black magick
14:05 <+ChillerDragon> ryo be like "did someone say rust?"
14:06 < bridge> <k2d222> bro has a summoning magic spell
14:06 < bridge> <Patiga> https://crates.io/users/dtolnay?sort=downloads
14:06 <+ChillerDragon> all bots who download this
14:07 <+ChillerDragon> also people buy downloads like 12yo buy clicks on snapchat
14:07 <+ChillerDragon> jk jk its impressive :D 
14:12 < bridge> <Patiga> yea its not even about the downloads. you can go down that list and find so many crates you have used yourself directly or indirectly
15:57 < bridge> <Jupstar ✪> wtf is that xD
15:57 < bridge> <Jupstar ✪> i thought rust is clear af for nobo like me
15:59 < bridge> <Patiga> honestly same until I learned of the quiz :d
16:04 < bridge> <Ryozuki> its made for obscure stuff
16:04 < bridge> <Ryozuki> its normal to not know
16:20 < bridge> <Jupstar ✪> its still questionable if its so unintuitive lol
16:36 < bridge> <Ryozuki> given a sufficiently complex lang this is bound to happen
16:36 < bridge> <Ryozuki> its nice they explain is so detailed lol
16:43 < bridge> <Jupstar ✪> i feel stupid now
19:20 < bridge> <Ryozuki> thats good
19:20 < bridge> <Ryozuki> knowing everything is boring
19:26 < bridge> <Ryozuki> @Jupeyy_Keks another thing i found if i recall correctly and std does it a lot
19:26 < bridge> <Ryozuki> since inlining generic functions needs to preserve the body function
19:26 < bridge> <Ryozuki> that can take more compile time
19:27 < bridge> <Ryozuki> so a optimization is to make a generic function that wraps a non generic one
19:27 < bridge> <Ryozuki> so the body is the smallest possible
19:27 < bridge> <Ryozuki> the std does this extensively
19:27 < bridge> <Ryozuki> https://matklad.github.io/2021/07/09/inline-in-rust.html
19:27 < bridge> <Ryozuki> btw good psot
19:27 < bridge> <Ryozuki> post
21:44 < bridge> <El Yek> It's legal this seems not to be real players
21:44 < bridge> <El Yek> https://cdn.discordapp.com/attachments/293493549758939136/1094709319460720821/unknown_2023.04.09-15.41_clip_1.mp4
21:44 < bridge> <El Yek> It's legal? this seems not to be real players
21:44 < bridge> <El Yek> https://cdn.discordapp.com/attachments/293493549758939136/1094709319460720821/unknown_2023.04.09-15.41_clip_1.mp4
21:45 < bridge> <Devinci> Those aren't official servers. So i guess they can do whatever they want.
21:45 < bridge> <Devinci> Officials are the ones with a blue check (or the ddnet / kog tab)
21:47 < bridge> <El Yek> There are cases of servers for faking players on the server are banned in the masterserver
21:47 < bridge> <El Yek> Look
21:47 < bridge> <El Yek> https://status.tw/master/bans/
21:47 < bridge> <Vy0x2> Also community servers have to follow some rules
21:49 < bridge> <Vy0x2> https://www.teeworlds.com/forum/viewtopic.php?id=10442
21:49 < bridge> <Devinci> O rly? Can I find them somewhere?
21:49 < bridge> <Devinci> Ah, thanks
21:49 < bridge> <Devinci> Makes sense
21:50 < bridge> <El Yek> It seems that the hoster saw this channel because they automatically stopped faking and now the server is empty
21:50 < bridge> <El Yek> https://cdn.discordapp.com/attachments/293493549758939136/1094710951741227100/screenshot_2023-04-09_15-49-16.png
21:50 < bridge> <El Yek> :greenthing:
21:50 < bridge> <Devinci> :monkalaugh:
21:51 < bridge> <Mr.Gh0s7> :justatest:
21:55 < bridge> <DefaultO> definetly not me
21:55 < bridge> <DefaultO> I asked if I am allowed to run NPC's on DDNet servers and they didn't want that :P
22:21 < bridge> <Patiga> you can have 'fake' players but those mustn't count towards the player count reported to the master server
23:15 < bridge> <Mʎɹ シ> Finnaly I do this in my client, is it good feature for ddnet client?
23:15 < bridge> <Mʎɹ シ> (this arrow is example emoji. Works as in discord, like \:arrow\: -> small arrow image)
23:15 < bridge> <Mʎɹ シ> https://cdn.discordapp.com/attachments/293493549758939136/1094732367597404331/image.png
23:18 < bridge> <bencie> can you still type :arrow: like this?
23:18 < bridge> <bencie> can you still type :arrow: like this? :D
23:19 < bridge> <bencie> can you still type :arrow: like this, so that it doesnt replace? :D
23:20 < bridge> <Mʎɹ シ> Wdym? xd
23:50 < bridge> <Ewan> he just means it uses the emoji
23:59 < bridge> <Devinci> Yeah, but can you still write :arrow: witouth transforming it into the emoji?
