00:26 <+bridge> <Unreal> Now what
00:26 <+bridge> <Unreal> https://cdn.discordapp.com/attachments/293493549758939136/1118305313876090900/image.png
00:30 <+bridge> <deen> Remove the custom skins you have
00:30 <+bridge> <Voxel> ^ or archive them in a seperate folder
00:30 <+bridge> <Voxel> just not in the folder ddnet reads from
00:50 <+bridge> <cellegenrih> Remove some Skins or Mapres, whatever part is bigger. I recommend getting rid of 4k Assets as priority
00:51 <+bridge> <cellegenrih> Also main reason why I don't wanna include a "download all" button on skins.tw
01:19 <+bridge> <Ewan> since when was it EEnumName instead of ENUM_NAME? i feel like i read on the wiki it was the latter
03:24 <+bridge> <Voxel> are emotes still rate limited
03:28 <+bridge> <Ewan> no afaict
03:44 <+bridge> <novo442> Okay wir müssen reden.,
03:45 <+bridge> <Chrona> Worüber?
03:48 <+bridge> <novo442> Hier müssen wir drüber reden
07:19 <+bridge> <ryozuki> english only
08:21 <+bridge> <myrkotov> :banhammer:
08:34 <+bridge> <tsfreddie> ChillerDragon's cults
08:34 <+bridge> <tsfreddie> https://cdn.discordapp.com/attachments/293493549758939136/1118428258644545586/image.png
08:41 < ws-client> <ChillerDragon> axaxaxax
08:48 <+bridge> <animepdf> Maybe chillerdragon is a hidden artist, creating new org is just an excuse for drawing new logo
10:40 <+bridge> <deen> yes, one per tick
11:04 <+bridge> <deen> This one is scary, if anyone has an idea: https://github.com/ddnet/ddnet/issues/6738
11:05 < ws-client> <ChillerDragon> yikes
11:05 < ws-client> <ChillerDragon> quality bug report deen :)
11:06 < ws-client> <ChillerDragon> is the RUS server running with ubsan? maybe its some undefined behavior or some other c++ weirdness
11:21 <+bridge> <deen> It's happening on all locations, so I could enable ubsan/asan on GER2 again
13:46 <+bridge> <hus3h> Hello, https://info.ddnet.tw/info has been down for a bit
13:51 <+bridge> <deen> sorry, fixed
17:27 <+bridge> <tsfreddie> https://cdn.discordapp.com/attachments/293493549758939136/1118562476846489630/mmexport1686756019280.jpg
17:28 <+bridge> <tsfreddie> I'm definitely dying next month
17:28 <+bridge> <gerdoe> debt?
17:28 <+bridge> <tsfreddie> work hours
17:28 <+bridge> <gerdoe> wtf is that
17:28 <+bridge> <gerdoe> oh
17:34 <+bridge> <heinrich5991> 😦
17:34 <+bridge> <heinrich5991> don't do that
22:44 <+bridge> <ryozuki> debian 12
22:44 <+bridge> <ryozuki> :poggers2:
22:44 <+bridge> <ryozuki> <a:POGGERS2:882364244065157210>
