01:03 < bridge> <chillerdragon> xd
02:13 < bridge> <Ewan> volume warning
02:13 < bridge> <Ewan> https://cdn.discordapp.com/attachments/293493549758939136/1207132358067757098/Base_Profile_2024.02.13_-_18.07.25.24.DVR-24.mp4?ex=65de889d&is=65cc139d&hm=d8e5027a6505a8f7cd13f53dbf835188db387bed65fcb39e04e5e6460cf4644f&
02:13 < bridge> <Ewan> sea of spiders
03:06 < bridge> <teero777> Insane 3 fps xddd
03:45 < bridge> <teero777> https://cdn.discordapp.com/attachments/293493549758939136/1207155731833290792/GFthcYRbsAAVRc0.png?ex=65de9e62&is=65cc2962&hm=d85e0ee1b9cae2daca1f23a70071fe77fb6145096a0ba7f43dce6da1a0bc55cf&
05:20 < ws-client> <ChillerDragon> dude wtf i just spend 4 hours to get inotify to almost work half of the time and then achieved to solve my problem in 5mins unsing stat(2) instead lmao
05:21 < ws-client> <ChillerDragon> time spend is totally worth it it saves me like 10s recompile time poggies
05:26 < bridge> <miguilim> is there any source so I can learn how to construct and encode snapshots?
05:34 < bridge> <miguilim> just found here XD https://github.com/heinrich5991/libtw2/blob/master/doc/snapshot.md
05:34 < ws-client> <ChillerDragon> @miguilim https://chillerdragon.github.io/teeworlds-protocol/07/snap_items.html
05:35 < bridge> <remakepower> There seemed no any doc about snap ex
05:35 < ws-client> <ChillerDragon> ddnets snap? no dont think so
05:35 < ws-client> <ChillerDragon> its basically registering it self with a high id
05:36 < ws-client> <ChillerDragon> what are you working on @miguilim ?
05:36 < bridge> <remakepower> I read the code many times then i finish my work to do it
05:37 < ws-client> <ChillerDragon> @miguilim there is code for that in rust, javascript and ruby already in case you need that
05:41 < bridge> <remakepower> If it's really that simple, then porting it doesn't require much judgment
05:45 < ws-client> <ChillerDragon> @remakepower i do not understand what you mean
05:46 < ws-client> <ChillerDragon> @miguilim ?
05:48 < bridge> <remakepower> I'm just amazed at how DDNet Snap is implemented (If you couldn't understand, that's right, sorry my bad English)
06:39 < bridge> <ukrf314> whats os r u use
06:41 < bridge> <chillerdragon> linux
06:42 < bridge> <chillerdragon> @miguilim: ?
07:33 < bridge> <miguilim> Hey man, it would be for 0.6 version. Is there a difference between both versions? Your documentation seems solid
07:34 < bridge> <miguilim> I'm currently working on teeframe
07:35 < bridge> <ryozuki> morning
07:38 < bridge> <milkeeycat> LGTM
07:47 < bridge> <Ewan> morning
07:51 < ws-client> <ChillerDragon> what is teeframe o.O
07:52 < bridge> <Ewan> me
07:52 < ws-client> <ChillerDragon> @miguilim conceptually no. Just different snap items.
07:53 < ws-client> <ChillerDragon> i see nothing here but i assume you mean this https://github.com/teeframe
07:53 < ws-client> <ChillerDragon> why does teeframe need snaps?
07:54 < bridge> <remakepower> What
07:54 < ws-client> <ChillerDragon> is it a documentation? or code? what does it do @miguilim 
07:54 < bridge> <remakepower> I remember the TeeFrame had some project
07:54 < bridge> <remakepower> but why now there's nothing
07:56 < bridge> <remakepower> Oops, they moved to https://github.com/teemods
07:56 < bridge> <remakepower> @miguilim Did you working on OpenGores?
07:57 < ws-client> <ChillerDragon> i still have no idea how that relates to snaps
08:32 < bridge> <ryozuki> epyc
08:32 < bridge> <ryozuki> https://cdn.discordapp.com/attachments/293493549758939136/1207227877263937547/image.png?ex=65dee193&is=65cc6c93&hm=9eb2fd0e21a37636be7fbec8ed542bcd5e6ec501fdd7a5b853deeece75cbd7aa&
08:40 < bridge> <teero777> Morning 🌄
09:43 < bridge> <kekomonter> Gm
10:13 < bridge> <milkeeycat> hey, i was trying to do issue #7971  and came up with this https://github.com/ddnet/ddnet/commit/9a594112d304ce38f931110e1a15d70434a82542 what do you think about it(i had to move `m_CapType` in public)
10:13 < bridge> <DDNet> https://github.com/ddnet/ddnet/issues/7971
10:37 < bridge> <chillerdragon> @milkeeycat: Hope you have your GitHub Smurf account ready. Because if they see your profile pic it’s straight decline.
10:38 < bridge> <milkeeycat> :feelsbadman:
10:38 < bridge> <milkeeycat> i didnt pull request anything yet
10:38 < bridge> <milkeeycat> i dont want anyone get pinged if it's absolute garbage
10:38 < bridge> <chillerdragon> xd sure
10:39 < bridge> <chillerdragon> \#7908
10:39 < bridge> <milkeeycat> sh
10:39 < bridge> <chillerdragon> even SP \| Someone's first pr got merged axaxaxax
10:39 < bridge> <milkeeycat> https://tenor.com/view/cat-cats-orange-cat-orange-cats-cat-weird-gif-17010424884748616697
10:46 < bridge> <va_ll> Hello, can you answer the question in PM?
10:56 < bridge> <diariesvexar> mine 😛
10:57 < bridge> <diariesvexar> #7937
10:57 < bridge> <DDNet> https://github.com/ddnet/ddnet/pull/7937
11:05 < bridge> <chillerdragon> I where did you pm me
11:10 < bridge> <ukrf314> ik but what distro
11:11 < bridge> <4ipset> i think debian
11:11 < bridge> <va_ll> @chillerdragon
11:11 < bridge> <Ewan> gm
11:11 < bridge> <Ewan> p sure chiller is debian
11:12 < bridge> <chillerdragon> Debian on laptop and arch on desktop
11:12 < bridge> <chillerdragon> ? Which platform did you pm me on
11:12 < bridge> <chillerdragon> Is that a discord account link?
11:12 < bridge> <va_ll> discord
11:12 < bridge> <Ewan> yeah
11:12 < bridge> <ukrf314> omg
11:12 < bridge> <chillerdragon> Very troll of you
11:13 < bridge> <chillerdragon> wot
11:14 < bridge> <milkeeycat> he's disgusted that it's not gentoo
11:14 < bridge> <4ipset> what laptop are you use
11:14 < bridge> <chillerdragon> I might have a look within the next 3 years :) @va_ll
11:14 < bridge> <chillerdragon> Some razer mostly
11:14 < bridge> <ukrf314> where u r live
11:14 < bridge> <chillerdragon> In Germany mostly
11:15 < bridge> <milkeeycat> what city
11:15 < bridge> <milkeeycat> street?
11:15 < bridge> <chillerdragon> Munich
11:15 < bridge> <chillerdragon> Private
11:15 < bridge> <4ipset> so fast
11:15 < bridge> <ukrf314> where your lapto
11:15 < bridge> <ukrf314> where your laptop
11:15 < bridge> <chillerdragon> On my desk
11:15 < bridge> <va_ll> мой вопрос в лс:  how can I send messages to the chat via a bot on twnet-parser and how do I get the nickname of the person who sent messages to the chat with his ID?
11:15 < bridge> <chillerdragon> Wtd is happening
11:15 < bridge> <va_ll> great
11:15 < bridge> <va_ll> Ouch
11:15 < bridge> <ukrf314> give me screen from google maps pls
11:15 < bridge> <milkeeycat> chillerdragon: i though you were in Asia ;-;
11:15 < bridge> <Ewan> indonesia
11:15 < bridge> <chillerdragon> Yes thus the mostly
11:16 < bridge> <chillerdragon> I am not in Germany right now
11:16 < bridge> <Ewan> he's mixing it up i guess
11:16 < bridge> <zhn> why do you need it though
11:16 < bridge> <zhn> another chat-bot spreading
11:16 < bridge> <va_ll> for the server
11:16 < ws-client> <ChillerDragon> @va_ll yea asking me such questions here is totally fine
11:16 < bridge> <ukrf314> сазать член
11:16 < ws-client> <ChillerDragon> uhm how far did you get?
11:16 < ws-client> <ChillerDragon> what do you need?
11:17 < bridge> <zhn> you can make fake player to interact via chat
11:17 < ws-client> <ChillerDragon> a server or a client?
11:17 < bridge> <zhn> on server-side
11:17 < bridge> <zhn> there's no need to use bot-player/client-player
11:17 < ws-client> <ChillerDragon> @ukrf314 did you get any of the examples running?
11:17 < ws-client> <ChillerDragon> https://gitlab.com/teeworlds-network/twnet_parser/-/tree/master/examples/07?ref_type=heads
11:18 < ws-client> <ChillerDragon> The whole thing is a bit immature still. If you leak more details about your use case I can give you some more hints
11:18 < bridge> <ukrf314> this is so easy
11:18 < bridge> <ukrf314> on js
11:18 < ws-client> <ChillerDragon> then use js?
11:19 < bridge> <ukrf314> a friend of mine wrote such a bot on ws and it works fine idk
11:19 < bridge> <Ewan> cool
11:19 < bridge> <ukrf314> maximum 30 lines
11:19 < bridge> <Ewan> why are u saying it tho
11:19 < bridge> <ukrf314> xd
11:19 < bridge> <Ewan> like you can't also use js?
11:19 < ws-client> <ChillerDragon> i still do not have enough information to help you. You left too many questions unanswered @ukrf314
11:20 < bridge> <ar1gin> hi guys, discord personally notified me that you are discussing clients here 💀
11:20 < ws-client> <ChillerDragon> <:justatest:572499997178986510>
11:20 < bridge> <ukrf314> I didn't ask you any questions.
11:20 < bridge> <ukrf314> where bro
11:20 < bridge> <ukrf314> maybe @va_ll
11:20 < ws-client> <ChillerDragon> ah my bad
11:21 < ws-client> <ChillerDragon> yes i confused u with the other dude xd
11:21 < bridge> <ukrf314> np
11:22 < ws-client> <ChillerDragon> @va_ll pls read all pings to ukrf as pings for you -,- my bad
11:22 < bridge> <Ewan> chiller u ever play with mcmmo
11:22 < ws-client> <ChillerDragon> wat
11:22 < bridge> <Ewan> minecraft
11:22 < bridge> <Ewan> plugin
11:22 < ws-client> <ChillerDragon> no
11:22 < ws-client> <ChillerDragon> i only play vanilla 0.7 minecraft
11:22 < bridge> <Ewan> wewtf
11:23 < ws-client> <ChillerDragon> oke i think he gone
11:23 < bridge> <Ewan> only vanilla
11:23 < bridge> <Ewan> i thought u had beast computer
11:24 < bridge> <Ewan> u never play modded
11:24 < ws-client> <ChillerDragon> no
11:24 < ws-client> <ChillerDragon> @miguilim still curious about what you are working on :p
11:24 < ws-client> <ChillerDragon> @Ewan i use open source hacks such as lambda
11:24 < ws-client> <ChillerDragon> thats about it
11:24 < bridge> <Ewan> most good plugins are source-available
11:24 < bridge> <Ewan> good ones are switching to a donationware model tho
11:25 < bridge> <Ewan> u now need to pay for builds of both coreprotect and mcmmo
11:25 < bridge> <Ewan> u can build it urself still tho
11:25 < ws-client> <ChillerDragon> single player or self hosted does not really peek my interest
11:25 < bridge> <Ewan> wdym
11:25 < ws-client> <ChillerDragon> and mods are usually bloat the base game is good already
11:25 < ws-client> <ChillerDragon> was good*
11:25 < ws-client> <ChillerDragon> the new stuff is ugly af
11:26 < ws-client> <ChillerDragon> have you seen dirt?!
11:26 < ws-client> <ChillerDragon> or what they did to stones
11:26 < bridge> <cyberFighter> 4000 dollar pc and all he runs is fucking teeworlds and vanilla minecraft
11:26 < ws-client> <ChillerDragon> unplayable
11:26 < bridge> <cyberFighter> what a waste
11:26 < bridge> <Ewan> yea they messed some stuff up
11:26 < ws-client> <ChillerDragon> eh not dirt i meant gravel*
11:26 < ws-client> <ChillerDragon> dirt is fine
11:26 < bridge> <Ewan> they fixed netherrack tho
11:27 < ws-client> <ChillerDragon> https://external-content.duckduckgo.com/iu/?u=https%3A%2F%2Fgamepedia.cursecdn.com%2Fminecraft_gamepedia%2F7%2F73%2FGravel_JE5_BE3.png&f=1&nofb=1&ipt=8ec1cf668420d2c51e446a0739bc6f882e48de01fcc7c622b55183416bb4cfdf&ipo=images
11:27 < ws-client> <ChillerDragon> xxxxxxxD
11:27 < bridge> <cyberFighter> chiller my 11 year old pc my father got for free can run tw in 60 fps in like 800x600 i dont see the point in u getting a 4k dollar pc
11:27 < ws-client> <ChillerDragon> it runs faster
11:28 < bridge> <Ewan> yea new minecraft is very well optimized
11:28 < ws-client> <ChillerDragon> and i like more than 800x600 
11:28 < ws-client> <ChillerDragon> lmao @Ewan 
11:28 < bridge> <cyberFighter> no point?
11:28 < bridge> <zhn> https://media.discordapp.net/attachments/1160708651296763955/1184599415281946654/sticker.gif?ex=658c8f2d&is=657a1a2d&hm=bc5cb77aca7b3aa832134b76a3f4f47cc17df734d00b5b6a4f20e73bab8175c9&
11:29 < ws-client> <ChillerDragon> my old pc had some glitches idk and screen recording was never smooth @cyberFighter 
11:29 < bridge> <cyberFighter> screen recordings were never meant to be more than 15 fps
11:29 < ws-client> <ChillerDragon> well i guess we have different standards then
11:29 < ws-client> <ChillerDragon> im spoiled. Enjoy your simple desires they make your richer.
11:30 < bridge> <cyberFighter> dont even get me started on your mapping standards
11:30 < bridge> <Ewan> god
11:31 < ws-client> <ChillerDragon> dude i opened ma laptop to talk pyson protocol and now it was just a bunch of bs xd
11:31 < bridge> <ryozuki> doesnt exist
11:31 < ws-client> <ChillerDragon> ok rq
11:31 < bridge> <cyberFighter> Get rekt
11:32 < bridge> <zhn> чв
11:32 < bridge> <zhn> xd
11:32 < bridge> <Ewan> what mapping standards
11:34 < bridge> <cyberFighter> im assuming its 5x5 brush and spraying it all over the map
11:37 < bridge> <ryozuki> is it too unholy if i represent a pointer in edlang like `ptr<T>`
11:37 < bridge> <chillerdragon> use $ for pointers
11:37 < bridge> <ryozuki> gigachad
11:37 < bridge> <ryozuki> no
11:37 < bridge> <ryozuki> we eurocentric
11:38 < bridge> <ryozuki> ill use €
11:38 < bridge> <chillerdragon> lmao pls do
11:38 < bridge> <ryozuki> €u8
11:38 < bridge> <ryozuki> xddd
11:38 < bridge> <chillerdragon> xxxxxxxxxD
11:38 < bridge> <ryozuki> actually
11:38 < bridge> <ryozuki> @ would make sense
11:38 < bridge> <ryozuki> @u8
11:38 < bridge> <Ewan> what's wrong with & syntax
11:38 < bridge> <ryozuki> & is for refs
11:38 < bridge> <chillerdragon> oh @ is cool
11:39 < bridge> <ryozuki> im talking about pointer
11:39 < bridge> <ryozuki> *char
11:39 < bridge> <ryozuki> char*
11:39 < bridge> <Ewan> oh real pointers
11:39 < bridge> <Ewan> abolish pointers
11:39 < bridge> <chillerdragon> there is a char @ 0x0a912f938
11:39 < bridge> <ryozuki> im with ptr<T> for now
11:39 < bridge> <ryozuki> xd
11:39 < bridge> <Ewan> use []
11:39 < bridge> <ryozuki> ?
11:40 < bridge> <Ewan> use [] for pointer
11:40 < bridge> <ryozuki> ptr<T> works nicelywith how i did the ast
11:40 < bridge> <Ewan> unnecessary keywords ba
11:40 < bridge> <Ewan> d
11:40 < bridge> <ryozuki> ```rust
11:40 < bridge> <ryozuki> mod Main {
11:40 < bridge> <ryozuki> 
11:40 < bridge> <ryozuki>     pub fn main(argc: i64, argv: ptr<char>) -> i64 {
11:40 < bridge> <ryozuki>         let mut a: i64 = 0;
11:40 < bridge> <ryozuki> 
11:40 < bridge> <ryozuki>         if argc > 2 {
11:40 < bridge> <ryozuki>             a = 1;
11:40 < bridge> <ryozuki>         }
11:40 < bridge> <ryozuki> 
11:40 < bridge> <ryozuki>         return a;
11:40 < bridge> <ryozuki>     }
11:41 < bridge> <ryozuki> }
11:41 < bridge> <ryozuki> 
11:41 < bridge> <ryozuki> ```
11:41 < bridge> <ryozuki> syntax of most stuff is subject to change anyway
11:41 < bridge> <ryozuki> ill probs remove the outer mod
11:41 < bridge> <ryozuki> wait argv would be ptr<ptr<char>>
11:41 < bridge> <ryozuki> kek
11:41 < bridge> <Ewan> gross
11:41 < bridge> <Ewan> keywords bad
11:42 < bridge> <Ewan> unless needed
11:42 < bridge> <ryozuki> its not rly a keyword
11:42 < bridge> <ryozuki> its a type
11:42 < bridge> <Ewan> i think if u are implementing it at compiler level it's a keyword
11:42 < bridge> <ryozuki> no
11:42 < bridge> <ryozuki> a keyword would be fn
11:42 < bridge> <Ewan> that's just my opinion
11:42 < bridge> <ryozuki> ok
11:43 < bridge> <Ewan> not really different since they are both hardcoded and used to represent one thing
11:43 < bridge> <Ewan> even if the syntax differs
11:43 < bridge> <ryozuki> technically there is nothing hardcoded, the ast recognizes the type because after : it expects a type
11:44 < bridge> <ryozuki> and the ast supports types with generics
11:44 < bridge> <ryozuki> im just making use of that
11:44 < bridge> <reitw> https://www.youtube.com/watch?v=aolI_Rz0ZqY
11:44 < bridge> <ryozuki> its just at codegen that if i the type name is ptr ill handle it as a pointer
11:45 < bridge> <ryozuki> i guess u could call that hardcoded, but not where u think it is i guess
11:45 < bridge> <ryozuki> idk
11:45 < bridge> <ryozuki> useless
11:45 < bridge> <ryozuki> xd
11:45 < bridge> <Ewan> i think it would be cool if do like c does * but instead do [ptr] like some assemblies
11:45 < bridge> <Ewan> so [ptr] as a type is a declaration like `ptr_t *ptr` in c
11:45 < bridge> <Ewan> and [ptr] like as in `*ptr_instance` for dereference
11:45 < bridge> <Ewan> maybe it should be hard to make real pointers
11:45 < bridge> <ryozuki> @mpft when making syntax choices u need to think about the rest
11:45 < bridge> <ryozuki> [] can be used probs ambiguously
11:45 < bridge> <ryozuki> because its also for indexing
11:45 < bridge> <ryozuki> or to represent array types
11:45 < bridge> <Ewan> no because you're indexing as type[] to declare and x[y] to access
11:46 < bridge> <Ewan> always attached to another word
11:46 < bridge> <Ewan> whitespace
11:46 < bridge> <ryozuki> what about
11:46 < bridge> <ryozuki> `fn(a: &[T])`
11:46 < bridge> <ryozuki> it this a reference to a ptr?
11:46 < bridge> <ryozuki> or a array slice
11:46 < bridge> <ryozuki> which is handled diferently
11:46 < bridge> <ryozuki> because i store the slice length
11:46 < bridge> <Ewan> idk about slices
11:46 < bridge> <ryozuki> like rust
11:46 < bridge> <Ewan> cuz idk how slices work
11:46 < bridge> <Ewan> so u got me there i guess
11:47 < bridge> <ryozuki> a slice is a struct (ptr, u32, u32)
11:47 < bridge> <ryozuki> idk if its u32 but u get the sense
11:47 < bridge> <ryozuki> ptr is where the data is stored
11:47 < bridge> <ryozuki> the 2 u32 are length and capacity
11:47 < bridge> <ryozuki> ok wait
11:47 < bridge> <ryozuki> a slice is just (ptr, u64)
11:47 < bridge> <milkeeycat> @ryozuki make compiler for https://github.com/TodePond/DreamBerd
11:47 < bridge> <ryozuki> the capacity is only needed for vecs xd
11:53 < bridge> <chillerdragon> Branches have descriptions wot
11:53 < bridge> <chillerdragon> ReiTW: also I do not understand what you were saying in dms xd
11:54 < bridge> <teero777> TIL i dont know git
11:56 < bridge> <reitw> chillerdragon: #5662
11:56 < bridge> <DDNet> https://github.com/ddnet/ddnet/issues/5662
11:58 < bridge> <reitw> lmao git maintenance
11:58 < bridge> <chillerdragon> ikr
12:03 < bridge> <ryozuki> git gc
12:03 < bridge> <ryozuki> git fsck
12:04 < bridge> <ryozuki> can make git go faster
12:04 < bridge> <ryozuki> after long time use on a repo
12:13 < bridge> <ryozuki> @reitw this one is epic
12:13 < bridge> <ryozuki> > The git rerere functionality is a bit of a hidden feature. The name stands for “reuse recorded resolution” and, as the name implies, it allows you to ask Git to remember how you’ve resolved a hunk conflict so that the next time it sees the same conflict, Git can resolve it for you automatically.
12:13 < bridge> <ryozuki> https://git-scm.com/book/en/v2/Git-Tools-Rerere
12:15 < bridge> <ryozuki> this talk is gold
12:22 < bridge> <ryozuki> > git maintenance start
13:53 < bridge> <Ewan> what should i eat
14:15 < bridge> <ryozuki> i ate rice with chicken
14:24 < bridge> <Ewan> im out of chicnen
15:13 < bridge> <teero777> chicnen
15:13 < bridge> <Ewan> i ate it all
16:05 < bridge> <ryozuki> https://twitter.com/rowancheung/status/1757429733837418610
16:07 < bridge> <teero777> sounds cool
16:08 < bridge> <teero777> lets read the post and after that if its still cool its cool
16:08 < bridge> <ryozuki> https://cdn.discordapp.com/attachments/293493549758939136/1207342562906476564/GGPSmfTWEAANCUF.png?ex=65df4c62&is=65ccd762&hm=4e6e1ab15e508e6c061db6df1be6c5f19c5125150f1212c8d69a064d494c39e1&
16:08 < bridge> <teero777> make framework first xD
16:27 < bridge> <teero777> btw if you unplug your system while DDNet is running and DDNet does some storage action it freezes
16:31 < bridge> <Jupstar ✪> Unplug your electricity?
16:34 < bridge> <ryozuki> we dont do testing like sqlite
16:46 < bridge> <teero777> cool smooth pathfinding with flowfields
16:46 < bridge> <teero777> https://cdn.discordapp.com/attachments/293493549758939136/1207352086069776464/2024-02-14_16-44-32.mp4?ex=65df5540&is=65cce040&hm=99831287f80a3e4df663ff64733453983879a16d908d8d7b0c9a636a3330e261&
16:47 < bridge> <teero777> how bad can the quality get? 
16:47 < bridge> <teero777> obs: yes
16:51 < bridge> <teero777> @furo321 maybe later
16:51 < bridge> <furo321> 😏
16:52 < bridge> <teero777> its not that efficient yet tho... gotta improve my astar
16:52 < bridge> <teero777> its like 300ms for 10k searches
17:03 < bridge> <zhn> :justatest:
17:23 < bridge> <ryozuki> https://blog.stenmans.org/theBeamBook/
17:23 < bridge> <ryozuki> The Erlang Runtime System
17:23 < bridge> <bencie.> thats so cool
17:25 < bridge> <milkeeycat> why is your client in chinese? :justatest:
17:25 < bridge> <ryozuki> that looks rly cool
17:26 < bridge> <ryozuki> by flow field u mean this https://en.wikipedia.org/wiki/Vector_field ?
17:27 < bridge> <teero777> yep
17:27 < bridge> <teero777> its called flow field pathfinding thats why i said it
17:28 < bridge> <teero777> @totar taught me
17:29 < bridge> <ryozuki> https://www.roguebasin.com/index.php?title=The_Incredible_Power_of_Dijkstra_Maps
17:29 < bridge> <ryozuki> @teero777
17:29 < bridge> <ryozuki> https://www.roguebasin.com/index.php?title=Dijkstra_Maps_Visualized
17:35 < bridge> <kekomonter> Looks like wind or smth like this xdd
17:38 < bridge> <ryozuki> https://github.com/R-O-C-K-E-T/Factorio-SAT
17:44 < bridge> <robyt3> My old flow prototype had a few issues
17:44 < bridge> <robyt3> https://cdn.discordapp.com/attachments/293493549758939136/1207366787046576178/Teeworlds_Flow-1.mp4?ex=65df62f1&is=65ccedf1&hm=5bb35a07a492543597a8c1ff7b53fa58c36646504951e8a86a67e5e032ca2258&
17:46 < bridge> <patiga> looks really cool tho
17:47 < bridge> <robyt3> at some point it looks like the particles are somewhat evenly distributed
17:54 < bridge> <Jupstar ✪> epic physics moment
17:54 < bridge> <ryozuki> xd
17:55 < bridge> <bencie.> 19.0 changelog
17:55 < bridge> <bencie.> [Client] Added schizophrenia [Robyt3]
18:01 < bridge> <ryozuki> https://tenor.com/view/burger-eating-frieren-frieren-beyond-journey%27s-end-sousou-no-frieren-gif-13425073513713719938
18:13 < bridge> <meloƞ> Ger10 just did
18:13 < bridge> <meloƞ> Ger10 just died
18:43 < bridge> <teero777> Random AI tees in your prediction that don't exist and disappear when you touch them
18:43 < bridge> <teero777> Funny idea for troll client
19:16 < bridge> <kekomonter> Looks like good feature for yonking into my client :)
19:18 < bridge> <zhn> does anyone have that old gore client?
19:20 < bridge> <kekomonter> https://github.com/black-roland/Goreworlds
19:20 < bridge> <kekomonter> Maybe?
19:50 < bridge> <ryozuki> https://mailman.nginx.org/pipermail/nginx-devel/2024-February/K5IC6VYO2PB7N4HRP2FUQIBIBCGP4WAU.html
19:59 < bridge> <zhn> woah i thought siile deleted it and like no one had the sources or even binaries
19:59 < bridge> <zhn> thank you a lot
20:10 < bridge> <learath2> me
20:12 < bridge> <learath2> something something unstable system something something
20:14 < bridge> <kekomonter> Something
21:53 < bridge> <patiga> @murpi feature idea for the ticket system of the ddnet bot: add a discord-report button to alert discord moderators
21:54 < bridge> <patiga> to report, people would need to tag a user and link a message or something along those lines
22:50 < bridge> <zenopeer> do u guys know how to make fng2 server without this ugly text in front of my server name
22:50 < bridge> <zenopeer> https://cdn.discordapp.com/attachments/293493549758939136/1207443745226887248/image.png?ex=65dfaa9e&is=65cd359e&hm=864ff8965612b883055d14646d6ad8b16d8d0c93ae39d7a4076471d1bc0b55a7&
22:50 < bridge> <zenopeer> https://cdn.discordapp.com/attachments/293493549758939136/1207443770367549530/Ekran_goruntusu_2024-01-28_130324.png?ex=65dfaaa4&is=65cd35a4&hm=007da11ba71d383f4cc87c0aea869e74340c693e830992322788515fc729bcd0&
22:51 < bridge> <reitw> what ugly text
22:51 < bridge> <reitw> the 64+ ?
22:55 < bridge> <zenopeer> ye
22:55 < bridge> <zenopeer> and its writing current player number in there too
22:56 < bridge> <zenopeer> i wanna write it to here
22:56 < bridge> <zenopeer> https://cdn.discordapp.com/attachments/293493549758939136/1207445273190596728/image.png?ex=65dfac0a&is=65cd370a&hm=0d82deb4ce6e21ad897d14066dae744142a335996b2c55babf898219d3b2d21c&
22:57 < bridge> <zenopeer> its doesnt go more than 16 max players even if i make it 32 max players
22:57 < bridge> <zenopeer> but 32 player can play in it
23:21 < bridge> <Jupstar ✪> Without that the ddnet client will not load more than 16 player info
23:22 < bridge> <Jupstar ✪> Normally the client should replace that tho, weird
23:23 < bridge> <zenopeer> idk what to do just wanna do it like nobys fng
23:25 < bridge> <learath2> Really?
