00:37 < bridge> <Ewan> awesome
00:44 < bridge> <teero777> send link!
00:55 < bridge> <reitw> @ryozuki https://isovalent.com/blog/post/ebpf-tetragon-xz-utils-cve-policy/
01:13 < bridge> <teero777> yo who busted my client-side tele layer???
01:13 < bridge> <teero777> these are values of 
01:13 < bridge> <teero777> ```cpp
01:13 < bridge> <teero777> static_cast<CTeleTile *>(m_pGameClient->Collision()->m_pLayers->Map()->GetData(m_pGameClient->Collision()->m_pLayers->TeleLayer()->m_Tele))[Index].m_Type
01:13 < bridge> <teero777> ```
01:13 < bridge> <teero777> https://cdn.discordapp.com/attachments/293493549758939136/1225584112631287838/image.png?ex=6621a926&is=660f3426&hm=cef7e20ae422ed4747f8fd3a14fd3d5f23b8b349c2c235b34670eea59f41d6e8&
01:14 < bridge> <teero777> yo who busted my client-side tele layer???
01:14 < bridge> <teero777> these are values of 
01:14 < bridge> <teero777> ```cpp
01:14 < bridge> <teero777> static_cast<CTeleTile *>(Collision()->m_pLayers->Map()->GetData(Collision()->m_pLayers->TeleLayer()->m_Tele))[Index].m_Type
01:14 < bridge> <teero777> ```
01:14 < bridge> <teero777> https://cdn.discordapp.com/attachments/293493549758939136/1225584112631287838/image.png?ex=6621a926&is=660f3426&hm=cef7e20ae422ed4747f8fd3a14fd3d5f23b8b349c2c235b34670eea59f41d6e8&
01:17 < bridge> <teero777> on some maps it works. on others it does not. i have no idea why
01:18 < bridge> <teero777> this is latest version. no changes from my side
01:18 < bridge> <teero777> (except the drawing)
01:25 < bridge> <teero777> someone somewhere swapped x y
01:28 < bridge> <teero777> im retarded
01:58 < bridge> <Ewan> same
02:12 < bridge> <murpi> People wouldn't enjoy the spam (I don't either ^^)
09:32 < bridge> <ryozuki> oh no a grub update
09:32 < bridge> <ryozuki> everytime i fear it breaking xd
10:11 < jtbx> you're not on arch are you? o.O
10:21 < bridge> <ryozuki> gentoo
10:22 < bridge> <ryozuki> last time it broke for me cuz they enabled shim verification or smth
10:22 < bridge> <ryozuki> and i have secure boot off
11:45 < bridge> <zhn> https://spqrlab1.github.io/papers/Kwong-HDDphone-IEEE-SP-2019.pdf
11:45 < bridge> <zhn> alao
11:45 < bridge> <zhn> also*
11:58 < bridge> <zhn> https://www.youtube.com/watch?v=tDacjrSCeq4
12:52 < bridge> <learath2> upgrade to refind today, worry not about upgrades ever again 😛
17:22 < bridge> <ryozuki> omg
17:22 < bridge> <ryozuki> i hate endless loop redirects
17:22 < bridge> <Jupstar ✪> lmao
17:22 < bridge> <Jupstar ✪> what are u downloading illegal
17:23 < bridge> <ryozuki> im trying this
17:23 < bridge> <ryozuki> https://medusajs.com/
17:23 < bridge> <ryozuki> putting behind a reverse nginx
17:23 < bridge> <ryozuki> im making my sister store xd
17:23 < bridge> <Jupstar ✪> ez
17:23 < bridge> <Jupstar ✪> money stays in family
17:24 < bridge> <Jupstar ✪> clever
17:24 < bridge> <ryozuki> ye
17:24 < bridge> <Jupstar ✪> and unfair 😏
17:24 < bridge> <ryozuki> i offered to get
17:24 < bridge> <ryozuki> 2% on each sale
17:24 < bridge> <ryozuki> idk if its abusive or not xd
17:24 < bridge> <Jupstar ✪> u'll be so rich dude
17:24 < bridge> <Jupstar ✪> ppl buy shit that like so much
17:25 < bridge> <ryozuki> she told me the other stores she had sell 40k€ year
17:25 < bridge> <ryozuki> on gumroad
17:25 < bridge> <ryozuki> gumroad has a 10% fee
17:26 < bridge> <Jupstar ✪> mh 10% sounds okish tbh.. if they do the RMA etc.
17:27 < bridge> <Jupstar ✪> @ryozuki will the backend be in rust? xdd
17:27 < bridge> <ryozuki> for now im using the thing i sent
17:28 < bridge> <ryozuki> it has a backend and all
21:46 < bridge> <chairn> i think that's pretty old. You can also leak data through disk led activity
23:12 < bridge> <teero777> wtf
23:12 < bridge> <teero777> found a map that has multiple tele, switch and speedup layers
23:12 < bridge> <teero777> how
23:12 < bridge> <teero777> wtf
